                                     | Core 0     | Core 1     | Core 2     | Core 3     | Core 4     | Core 5     | Core 6     | Core 7     | Core 8     | Core 9     | Core 10    | Core 11    | Core 12    | Core 13    | Core 14    | Core 15   
  Instructions                       |     124082 |     141858 |     129425 |     154206 |     105920 |     128903 |     137161 |      92922 |     132530 |     148853 |     132195 |     114981 |     146848 |     137025 |     131224 |     107252
  Cycles                             |    1135840 |    1135840 |    1135840 |    1135840 |    1135840 |    1135840 |    1135840 |    1135840 |    1135840 |    1135840 |    1135840 |    1135840 |    1135840 |    1135840 |    1135840 |    1135840
  IPC                                |       0.11 |       0.12 |       0.11 |       0.14 |       0.09 |       0.11 |       0.12 |       0.08 |       0.12 |       0.13 |       0.12 |       0.10 |       0.13 |       0.12 |       0.12 |       0.09
  Time (ns)                          |     427008 |     427008 |     427008 |     427008 |     427008 |     427008 |     427008 |     427008 |     427008 |     427008 |     427008 |     427008 |     427008 |     427008 |     427008 |     427008
  Idle time (ns)                     |     155367 |     125558 |     148491 |     103929 |     233381 |     147446 |     129267 |     281965 |     115005 |     100954 |     143728 |     198629 |     103193 |     110609 |     127174 |     234279
  Idle time (%)                      |      36.4% |      29.4% |      34.8% |      24.3% |      54.7% |      34.5% |      30.3% |      66.0% |      26.9% |      23.6% |      33.7% |      46.5% |      24.2% |      25.9% |      29.8% |      54.9%
Branch predictor stats               |            |            |            |            |            |            |            |            |            |            |            |            |            |            |            |           
  num correct                        |      13398 |      16347 |      14269 |      18380 |      10406 |      14207 |      15565 |       8256 |      14777 |      17502 |      14733 |      11875 |      17171 |      15536 |      14572 |      10617
  num incorrect                      |        124 |        139 |        145 |        164 |         95 |        120 |        138 |         74 |        154 |        150 |        143 |        132 |        148 |        145 |        144 |        101
  misprediction rate                 |      0.92% |      0.84% |      1.01% |      0.88% |      0.90% |      0.84% |      0.88% |      0.89% |      1.03% |      0.85% |      0.96% |      1.10% |      0.85% |      0.92% |      0.98% |      0.94%
  mpki                               |       1.00 |       0.98 |       1.12 |       1.06 |       0.90 |       0.93 |       1.01 |       0.80 |       1.16 |       1.01 |       1.08 |       1.15 |       1.01 |       1.06 |       1.10 |       0.94
TLB Summary                          |            |            |            |            |            |            |            |            |            |            |            |            |            |            |            |           
Cache Summary                        |            |            |            |            |            |            |            |            |            |            |            |            |            |            |            |           
  Cache L1-I                         |            |            |            |            |            |            |            |            |            |            |            |            |            |            |            |           
    num cache accesses               |      33039 |      38974 |      34830 |      43090 |      27000 |      34656 |      37408 |      22662 |      35862 |      41295 |      35746 |      30008 |      40639 |      37356 |      35431 |      27436
    num cache misses                 |         17 |         18 |         18 |         18 |         17 |         18 |         18 |         18 |         18 |         18 |         18 |         18 |         18 |         18 |         18 |         18
    miss rate                        |      0.05% |      0.05% |      0.05% |      0.04% |      0.06% |      0.05% |      0.05% |      0.08% |      0.05% |      0.04% |      0.05% |      0.06% |      0.04% |      0.05% |      0.05% |      0.07%
    mpki                             |       0.14 |       0.13 |       0.14 |       0.12 |       0.16 |       0.14 |       0.13 |       0.19 |       0.14 |       0.12 |       0.14 |       0.16 |       0.12 |       0.13 |       0.14 |       0.17
  Cache L1-D                         |            |            |            |            |            |            |            |            |            |            |            |            |            |            |            |           
    num cache accesses               |      71572 |      80469 |      74253 |      86643 |      62500 |      73992 |      78120 |      56001 |      75798 |      83956 |      75627 |      67020 |      82964 |      78042 |      75151 |      63159
    num cache misses                 |       6787 |       7301 |       6713 |       7572 |       4774 |       6477 |       6944 |       3637 |       7967 |       7823 |       6871 |       5521 |       7739 |       7322 |       7006 |       4591
    miss rate                        |      9.48% |      9.07% |      9.04% |      8.74% |      7.64% |      8.75% |      8.89% |      6.49% |     10.51% |      9.32% |      9.09% |      8.24% |      9.33% |      9.38% |      9.32% |      7.27%
    mpki                             |      54.70 |      51.47 |      51.87 |      49.10 |      45.07 |      50.25 |      50.63 |      39.14 |      60.11 |      52.56 |      51.98 |      48.02 |      52.70 |      53.44 |      53.39 |      42.81
  Cache L2                           |            |            |            |            |            |            |            |            |            |            |            |            |            |            |            |           
    num cache accesses               |       7197 |       7798 |       7131 |       8067 |       5086 |       6871 |       7365 |       3925 |       8410 |       8354 |       7265 |       5847 |       8251 |       7774 |       7457 |       4901
    num cache misses                 |       6805 |       7329 |       6742 |       7603 |       4798 |       6509 |       6976 |       3661 |       7988 |       7851 |       6899 |       5544 |       7770 |       7350 |       7039 |       4614
    miss rate                        |     94.55% |     93.99% |     94.54% |     94.25% |     94.34% |     94.73% |     94.72% |     93.27% |     94.98% |     93.98% |     94.96% |     94.82% |     94.17% |     94.55% |     94.39% |     94.14%
    mpki                             |      54.84 |      51.66 |      52.09 |      49.30 |      45.30 |      50.50 |      50.86 |      39.40 |      60.27 |      52.74 |      52.19 |      48.22 |      52.91 |      53.64 |      53.64 |      43.02
  Cache L3                           |            |            |            |            |            |            |            |            |            |            |            |            |            |            |            |           
    num cache accesses               |       7197 |       7798 |       7131 |       8067 |       5086 |       6871 |       7365 |       3925 |       8410 |       8354 |       7265 |       5847 |       8251 |       7774 |       7457 |       4901
    num cache misses                 |       3735 |       4116 |       3838 |       4514 |       2851 |       3826 |       4122 |       2245 |       4001 |       4175 |       3649 |       3028 |       4249 |       4085 |       3986 |       2649
    miss rate                        |     51.90% |     52.78% |     53.82% |     55.96% |     56.06% |     55.68% |     55.97% |     57.20% |     47.57% |     49.98% |     50.23% |     51.79% |     51.50% |     52.55% |     53.45% |     54.05%
    mpki                             |      30.10 |      29.01 |      29.65 |      29.27 |      26.92 |      29.68 |      30.05 |      24.16 |      30.19 |      28.05 |      27.60 |      26.33 |      28.93 |      29.81 |      30.38 |      24.70
DRAM summary                         |            |            |            |            |            |            |            |            |            |            |            |            |            |            |            |           
  num dram accesses                  |         73 |          0 |          0 |          0 |          0 |          0 |          0 |          0 |          0 |          0 |          0 |          0 |          0 |          0 |          0 |          0
  average dram access latency (ns)   |     130.33 |        inf |        inf |        inf |        inf |        inf |        inf |        inf |        inf |        inf |        inf |        inf |        inf |        inf |        inf |        inf
  average dram queueing delay        |      76.90 |       0.00 |       0.00 |       0.00 |       0.00 |       0.00 |       0.00 |       0.00 |       0.00 |       0.00 |       0.00 |       0.00 |       0.00 |       0.00 |       0.00 |       0.00
  average dram bandwidth utilization |      0.00% |      0.00% |      0.00% |      0.00% |      0.00% |      0.00% |      0.00% |      0.00% |      0.00% |      0.00% |      0.00% |      0.00% |      0.00% |      0.00% |      0.00% |      0.00%
Coherency Traffic                    |            |            |            |            |            |            |            |            |            |            |            |            |            |            |            |           
  num loads from dram                |          2 |          3 |          4 |          3 |          2 |          2 |          2 |          2 |          2 |          3 |          3 |          2 |          2 |          4 |          5 |          3
  num loads from dram cache          |          0 |          0 |          0 |          0 |          0 |          0 |          0 |          0 |          0 |          0 |          0 |          0 |          0 |          0 |          0 |          0
  num loads from remote cache        |       2361 |       2734 |       2512 |       2793 |       1730 |       2504 |       2695 |       1285 |       2593 |       2770 |       2402 |       1922 |       2814 |       2772 |       2639 |       1648
