--------
Total Statistics
--------
Total Instructions: 2151811134
Total Cycles: 8649593338
IPC: 0.248776

--------
Single level Tlb hierarchy
--------
  Data Tlb:
    Entries:          64
    Page Size(B):   4096
    Associativity:      2

Latencies:    0  150
Tlb-Sets:   32 - LRU - assoc:   2

Tlb Stats:
Tlb-Load-Hits:         523281454   93.70%
Tlb-Load-Misses:        35199228    6.30%
Tlb-Load-Accesses:     558480682  100.00%

Tlb-Store-Hits:         105935160   99.06%
Tlb-Store-Misses:         1005002    0.94%
Tlb-Store-Accesses:     106940162  100.00%

Tlb-Total-Hits:         629216614   94.56%
Tlb-Total-Misses:        36204230    5.44%
Tlb-Total-Accesses:     665420844  100.00%



--------
Two level Cache hierarchy
--------
  L1-Data Cache:
    Size(KB):          32
    Block Size(B):     64
    Associativity:      8

  L2-Data Cache:
    Size(KB):        1024
    Block Size(B):    128
    Associativity:      8

Latencies:    1   10  250
L1-Sets:   64 - LRU - assoc:   8
L2-Sets: 1024 - LRU - assoc:   8
Store_allocation: Yes
L2_inclusive: Yes
L2_prefetching: No

L1 Cache Stats:
L1-Load-Hits:         554779681   99.34%
L1-Load-Misses:         3701001    0.66%
L1-Load-Accesses:     558480682  100.00%

L1-Store-Hits:         106320202   99.42%
L1-Store-Misses:          619960    0.58%
L1-Store-Accesses:     106940162  100.00%

L1-Total-Hits:         661099883   99.35%
L1-Total-Misses:         4320961    0.65%
L1-Total-Accesses:     665420844  100.00%

L2 Cache Stats:
L2-Load-Hits:           2471844   66.79%
L2-Load-Misses:         1229157   33.21%
L2-Load-Accesses:       3701001  100.00%

L2-Store-Hits:            415048   66.95%
L2-Store-Misses:          204912   33.05%
L2-Store-Accesses:        619960  100.00%

L2-Total-Hits:           2886892   66.81%
L2-Total-Misses:         1434069   33.19%
L2-Total-Accesses:       4320961  100.00%

