--------
Total Statistics
--------
Total Instructions: 10802935227
Total Cycles: 17032200324
IPC: 0.634265

--------
Single level Tlb hierarchy
--------
  Data Tlb:
    Entries:          64
    Page Size(B):   4096
    Associativity:     64

Latencies:    0  150
Tlb-Sets:    1 - LRU - assoc:  64

Tlb Stats:
Tlb-Load-Hits:        2162458577   99.38%
Tlb-Load-Misses:        13501749    0.62%
Tlb-Load-Accesses:    2175960326  100.00%

Tlb-Store-Hits:         557104203   99.97%
Tlb-Store-Misses:          185768    0.03%
Tlb-Store-Accesses:     557289971  100.00%

Tlb-Total-Hits:        2719562780   99.50%
Tlb-Total-Misses:        13687517    0.50%
Tlb-Total-Accesses:    2733250297  100.00%



--------
Two level Cache hierarchy
--------
  L1-Data Cache:
    Size(KB):          32
    Block Size(B):     64
    Associativity:      8

  L2-Data Cache:
    Size(KB):        1024
    Block Size(B):    128
    Associativity:      8

Latencies:    1   10  250
L1-Sets:   64 - LRU - assoc:   8
L2-Sets: 1024 - LRU - assoc:   8
Store_allocation: Yes
L2_inclusive: Yes
L2_prefetching: No

L1 Cache Stats:
L1-Load-Hits:        2064943058   94.90%
L1-Load-Misses:       111017268    5.10%
L1-Load-Accesses:    2175960326  100.00%

L1-Store-Hits:         550999764   98.87%
L1-Store-Misses:         6290207    1.13%
L1-Store-Accesses:     557289971  100.00%

L1-Total-Hits:        2615942822   95.71%
L1-Total-Misses:       117307475    4.29%
L1-Total-Accesses:    2733250297  100.00%

L2 Cache Stats:
L2-Load-Hits:         110432908   99.47%
L2-Load-Misses:          584360    0.53%
L2-Load-Accesses:     111017268  100.00%

L2-Store-Hits:           5795317   92.13%
L2-Store-Misses:          494890    7.87%
L2-Store-Accesses:       6290207  100.00%

L2-Total-Hits:         116228225   99.08%
L2-Total-Misses:         1079250    0.92%
L2-Total-Accesses:     117307475  100.00%

