--------
Total Statistics
--------
Total Instructions: 10802942391
Total Cycles: 17032434172
IPC: 0.634257

--------
Single level Tlb hierarchy
--------
  Data Tlb:
    Entries:          64
    Page Size(B):   4096
    Associativity:      8

Latencies:    0  150
Tlb-Sets:    8 - LRU - assoc:   8

Tlb Stats:
Tlb-Load-Hits:        2162459115   99.38%
Tlb-Load-Misses:        13501946    0.62%
Tlb-Load-Accesses:    2175961061  100.00%

Tlb-Store-Hits:         557104204   99.97%
Tlb-Store-Misses:          185766    0.03%
Tlb-Store-Accesses:     557289970  100.00%

Tlb-Total-Hits:        2719563319   99.50%
Tlb-Total-Misses:        13687712    0.50%
Tlb-Total-Accesses:    2733251031  100.00%



--------
Two level Cache hierarchy
--------
  L1-Data Cache:
    Size(KB):          32
    Block Size(B):     64
    Associativity:      8

  L2-Data Cache:
    Size(KB):        1024
    Block Size(B):    128
    Associativity:      8

Latencies:    1   10  250
L1-Sets:   64 - LRU - assoc:   8
L2-Sets: 1024 - LRU - assoc:   8
Store_allocation: Yes
L2_inclusive: Yes
L2_prefetching: No

L1 Cache Stats:
L1-Load-Hits:        2064948798   94.90%
L1-Load-Misses:       111012263    5.10%
L1-Load-Accesses:    2175961061  100.00%

L1-Store-Hits:         551004338   98.87%
L1-Store-Misses:         6285632    1.13%
L1-Store-Accesses:     557289970  100.00%

L1-Total-Hits:        2615953136   95.71%
L1-Total-Misses:       117297895    4.29%
L1-Total-Accesses:    2733251031  100.00%

L2 Cache Stats:
L2-Load-Hits:         110426962   99.47%
L2-Load-Misses:          585301    0.53%
L2-Load-Accesses:     111012263  100.00%

L2-Store-Hits:           5790513   92.12%
L2-Store-Misses:          495119    7.88%
L2-Store-Accesses:       6285632  100.00%

L2-Total-Hits:         116217475   99.08%
L2-Total-Misses:         1080420    0.92%
L2-Total-Accesses:     117297895  100.00%

