--------
Total Statistics
--------
Total Instructions: 10802935227
Total Cycles: 16653672534
IPC: 0.648682

--------
Single level Tlb hierarchy
--------
  Data Tlb:
    Entries:         128
    Page Size(B):   4096
    Associativity:      4

Latencies:    0  150
Tlb-Sets:   32 - LRU - assoc:   4

Tlb Stats:
Tlb-Load-Hits:        2165056560   99.50%
Tlb-Load-Misses:        10903766    0.50%
Tlb-Load-Accesses:    2175960326  100.00%

Tlb-Store-Hits:         557033199   99.95%
Tlb-Store-Misses:          256772    0.05%
Tlb-Store-Accesses:     557289971  100.00%

Tlb-Total-Hits:        2722089759   99.59%
Tlb-Total-Misses:        11160538    0.41%
Tlb-Total-Accesses:    2733250297  100.00%



--------
Two level Cache hierarchy
--------
  L1-Data Cache:
    Size(KB):          32
    Block Size(B):     64
    Associativity:      8

  L2-Data Cache:
    Size(KB):        1024
    Block Size(B):    128
    Associativity:      8

Latencies:    1   10  250
L1-Sets:   64 - LRU - assoc:   8
L2-Sets: 1024 - LRU - assoc:   8
Store_allocation: Yes
L2_inclusive: Yes
L2_prefetching: No

L1 Cache Stats:
L1-Load-Hits:        2065005079   94.90%
L1-Load-Misses:       110955247    5.10%
L1-Load-Accesses:    2175960326  100.00%

L1-Store-Hits:         550940487   98.86%
L1-Store-Misses:         6349484    1.14%
L1-Store-Accesses:     557289971  100.00%

L1-Total-Hits:        2615945566   95.71%
L1-Total-Misses:       117304731    4.29%
L1-Total-Accesses:    2733250297  100.00%

L2 Cache Stats:
L2-Load-Hits:         110368816   99.47%
L2-Load-Misses:          586431    0.53%
L2-Load-Accesses:     110955247  100.00%

L2-Store-Hits:           5854479   92.20%
L2-Store-Misses:          495005    7.80%
L2-Store-Accesses:       6349484  100.00%

L2-Total-Hits:         116223295   99.08%
L2-Total-Misses:         1081436    0.92%
L2-Total-Accesses:     117304731  100.00%

