--------
Total Statistics
--------
Total Instructions: 1520711613
Total Cycles: 15681862414
IPC: 0.0969726

--------
Single level Tlb hierarchy
--------
  Data Tlb:
    Entries:          64
    Page Size(B):   4096
    Associativity:     16

Latencies:    0  150
Tlb-Sets:    4 - LRU - assoc:  16

Tlb Stats:
Tlb-Load-Hits:         246511373   87.97%
Tlb-Load-Misses:        33726017   12.03%
Tlb-Load-Accesses:     280237390  100.00%

Tlb-Store-Hits:          74241910   99.57%
Tlb-Store-Misses:          321631    0.43%
Tlb-Store-Accesses:      74563541  100.00%

Tlb-Total-Hits:         320753283   90.40%
Tlb-Total-Misses:        34047648    9.60%
Tlb-Total-Accesses:     354800931  100.00%



--------
Two level Cache hierarchy
--------
  L1-Data Cache:
    Size(KB):          32
    Block Size(B):     64
    Associativity:      8

  L2-Data Cache:
    Size(KB):        1024
    Block Size(B):    128
    Associativity:      8

Latencies:    1   10  250
L1-Sets:   64 - LRU - assoc:   8
L2-Sets: 1024 - LRU - assoc:   8
Store_allocation: Yes
L2_inclusive: Yes
L2_prefetching: No

L1 Cache Stats:
L1-Load-Hits:         208106286   74.26%
L1-Load-Misses:        72131104   25.74%
L1-Load-Accesses:     280237390  100.00%

L1-Store-Hits:          74554428   99.99%
L1-Store-Misses:            9113    0.01%
L1-Store-Accesses:      74563541  100.00%

L1-Total-Hits:         282660714   79.67%
L1-Total-Misses:        72140217   20.33%
L1-Total-Accesses:     354800931  100.00%

L2 Cache Stats:
L2-Load-Hits:          40221957   55.76%
L2-Load-Misses:        31909147   44.24%
L2-Load-Accesses:      72131104  100.00%

L2-Store-Hits:              7058   77.45%
L2-Store-Misses:            2055   22.55%
L2-Store-Accesses:          9113  100.00%

L2-Total-Hits:          40229015   55.77%
L2-Total-Misses:        31911202   44.23%
L2-Total-Accesses:      72140217  100.00%

