--------
Total Statistics
--------
Total Instructions: 1520711641
Total Cycles: 15025278012
IPC: 0.10121

--------
Single level Tlb hierarchy
--------
  Data Tlb:
    Entries:         256
    Page Size(B):   4096
    Associativity:      4

Latencies:    0  150
Tlb-Sets:   64 - LRU - assoc:   4

Tlb Stats:
Tlb-Load-Hits:         250577443   89.42%
Tlb-Load-Misses:        29659956   10.58%
Tlb-Load-Accesses:     280237399  100.00%

Tlb-Store-Hits:          74556745   99.99%
Tlb-Store-Misses:            6797    0.01%
Tlb-Store-Accesses:      74563542  100.00%

Tlb-Total-Hits:         325134188   91.64%
Tlb-Total-Misses:        29666753    8.36%
Tlb-Total-Accesses:     354800941  100.00%



--------
Two level Cache hierarchy
--------
  L1-Data Cache:
    Size(KB):          32
    Block Size(B):     64
    Associativity:      8

  L2-Data Cache:
    Size(KB):        1024
    Block Size(B):    128
    Associativity:      8

Latencies:    1   10  250
L1-Sets:   64 - LRU - assoc:   8
L2-Sets: 1024 - LRU - assoc:   8
Store_allocation: Yes
L2_inclusive: Yes
L2_prefetching: No

L1 Cache Stats:
L1-Load-Hits:         208133834   74.27%
L1-Load-Misses:        72103565   25.73%
L1-Load-Accesses:     280237399  100.00%

L1-Store-Hits:          74554759   99.99%
L1-Store-Misses:            8783    0.01%
L1-Store-Accesses:      74563542  100.00%

L1-Total-Hits:         282688593   79.68%
L1-Total-Misses:        72112348   20.32%
L1-Total-Accesses:     354800941  100.00%

L2 Cache Stats:
L2-Load-Hits:          40190930   55.74%
L2-Load-Misses:        31912635   44.26%
L2-Load-Accesses:      72103565  100.00%

L2-Store-Hits:              6902   78.58%
L2-Store-Misses:            1881   21.42%
L2-Store-Accesses:          8783  100.00%

L2-Total-Hits:          40197832   55.74%
L2-Total-Misses:        31914516   44.26%
L2-Total-Accesses:      72112348  100.00%

