--------
Total Statistics
--------
Total Instructions: 1520711641
Total Cycles: 15370074572
IPC: 0.0989398

--------
Single level Tlb hierarchy
--------
  Data Tlb:
    Entries:         128
    Page Size(B):   4096
    Associativity:      4

Latencies:    0  150
Tlb-Sets:   32 - LRU - assoc:   4

Tlb Stats:
Tlb-Load-Hits:         248438645   88.65%
Tlb-Load-Misses:        31798754   11.35%
Tlb-Load-Accesses:     280237399  100.00%

Tlb-Store-Hits:          74392598   99.77%
Tlb-Store-Misses:          170944    0.23%
Tlb-Store-Accesses:      74563542  100.00%

Tlb-Total-Hits:         322831243   90.99%
Tlb-Total-Misses:        31969698    9.01%
Tlb-Total-Accesses:     354800941  100.00%



--------
Two level Cache hierarchy
--------
  L1-Data Cache:
    Size(KB):          32
    Block Size(B):     64
    Associativity:      8

  L2-Data Cache:
    Size(KB):        1024
    Block Size(B):    128
    Associativity:      8

Latencies:    1   10  250
L1-Sets:   64 - LRU - assoc:   8
L2-Sets: 1024 - LRU - assoc:   8
Store_allocation: Yes
L2_inclusive: Yes
L2_prefetching: No

L1 Cache Stats:
L1-Load-Hits:         208145105   74.27%
L1-Load-Misses:        72092294   25.73%
L1-Load-Accesses:     280237399  100.00%

L1-Store-Hits:          74554732   99.99%
L1-Store-Misses:            8810    0.01%
L1-Store-Accesses:      74563542  100.00%

L1-Total-Hits:         282699837   79.68%
L1-Total-Misses:        72101104   20.32%
L1-Total-Accesses:     354800941  100.00%

L2 Cache Stats:
L2-Load-Hits:          40181884   55.74%
L2-Load-Misses:        31910410   44.26%
L2-Load-Accesses:      72092294  100.00%

L2-Store-Hits:              6835   77.58%
L2-Store-Misses:            1975   22.42%
L2-Store-Accesses:          8810  100.00%

L2-Total-Hits:          40188719   55.74%
L2-Total-Misses:        31912385   44.26%
L2-Total-Accesses:      72101104  100.00%

