--------
Total Statistics
--------
Total Instructions: 7983656642
Total Cycles: 12255142449
IPC: 0.651454

--------
Single level Tlb hierarchy
--------
  Data Tlb:
    Entries:          64
    Page Size(B):   4096
    Associativity:      2

Latencies:    0  150
Tlb-Sets:   32 - LRU - assoc:   2

Tlb Stats:
Tlb-Load-Hits:        1472700947   99.93%
Tlb-Load-Misses:         1036285    0.07%
Tlb-Load-Accesses:    1473737232  100.00%

Tlb-Store-Hits:         153674756   99.81%
Tlb-Store-Misses:          287309    0.19%
Tlb-Store-Accesses:     153962065  100.00%

Tlb-Total-Hits:        1626375703   99.92%
Tlb-Total-Misses:         1323594    0.08%
Tlb-Total-Accesses:    1627699297  100.00%



--------
Two level Cache hierarchy
--------
  L1-Data Cache:
    Size(KB):          32
    Block Size(B):     64
    Associativity:      8

  L2-Data Cache:
    Size(KB):        1024
    Block Size(B):    128
    Associativity:      8

Latencies:    1   10  250
L1-Sets:   64 - LRU - assoc:   8
L2-Sets: 1024 - LRU - assoc:   8
Store_allocation: Yes
L2_inclusive: Yes
L2_prefetching: No

L1 Cache Stats:
L1-Load-Hits:        1452734998   98.57%
L1-Load-Misses:        21002234    1.43%
L1-Load-Accesses:    1473737232  100.00%

L1-Store-Hits:         147546558   95.83%
L1-Store-Misses:         6415507    4.17%
L1-Store-Accesses:     153962065  100.00%

L1-Total-Hits:        1600281556   98.32%
L1-Total-Misses:        27417741    1.68%
L1-Total-Accesses:    1627699297  100.00%

L2 Cache Stats:
L2-Load-Hits:          15036818   71.60%
L2-Load-Misses:         5965416   28.40%
L2-Load-Accesses:      21002234  100.00%

L2-Store-Hits:           3696643   57.62%
L2-Store-Misses:         2718864   42.38%
L2-Store-Accesses:       6415507  100.00%

L2-Total-Hits:          18733461   68.33%
L2-Total-Misses:         8684280   31.67%
L2-Total-Accesses:      27417741  100.00%

