--------
Total Statistics
--------
Total Instructions: 7983656642
Total Cycles: 12179806249
IPC: 0.655483

--------
Single level Tlb hierarchy
--------
  Data Tlb:
    Entries:          64
    Page Size(B):   4096
    Associativity:     16

Latencies:    0  150
Tlb-Sets:    4 - LRU - assoc:  16

Tlb Stats:
Tlb-Load-Hits:        1473196809   99.96%
Tlb-Load-Misses:          540423    0.04%
Tlb-Load-Accesses:    1473737232  100.00%

Tlb-Store-Hits:         153682225   99.82%
Tlb-Store-Misses:          279840    0.18%
Tlb-Store-Accesses:     153962065  100.00%

Tlb-Total-Hits:        1626879034   99.95%
Tlb-Total-Misses:          820263    0.05%
Tlb-Total-Accesses:    1627699297  100.00%



--------
Two level Cache hierarchy
--------
  L1-Data Cache:
    Size(KB):          32
    Block Size(B):     64
    Associativity:      8

  L2-Data Cache:
    Size(KB):        1024
    Block Size(B):    128
    Associativity:      8

Latencies:    1   10  250
L1-Sets:   64 - LRU - assoc:   8
L2-Sets: 1024 - LRU - assoc:   8
Store_allocation: Yes
L2_inclusive: Yes
L2_prefetching: No

L1 Cache Stats:
L1-Load-Hits:        1452712374   98.57%
L1-Load-Misses:        21024858    1.43%
L1-Load-Accesses:    1473737232  100.00%

L1-Store-Hits:         147545737   95.83%
L1-Store-Misses:         6416328    4.17%
L1-Store-Accesses:     153962065  100.00%

L1-Total-Hits:        1600258111   98.31%
L1-Total-Misses:        27441186    1.69%
L1-Total-Accesses:    1627699297  100.00%

L2 Cache Stats:
L2-Load-Hits:          15059788   71.63%
L2-Load-Misses:         5965070   28.37%
L2-Load-Accesses:      21024858  100.00%

L2-Store-Hits:           3697402   57.62%
L2-Store-Misses:         2718926   42.38%
L2-Store-Accesses:       6416328  100.00%

L2-Total-Hits:          18757190   68.35%
L2-Total-Misses:         8683996   31.65%
L2-Total-Accesses:      27441186  100.00%

