--------
Total Statistics
--------
Total Instructions: 32385411414
Total Cycles: 51531289002
IPC: 0.628461

--------
Single level Tlb hierarchy
--------
  Data Tlb:
    Entries:          64
    Page Size(B):   4096
    Associativity:     64

Latencies:    0  150
Tlb-Sets:    1 - LRU - assoc:  64

Tlb Stats:
Tlb-Load-Hits:        9298468367   99.87%
Tlb-Load-Misses:        11664288    0.13%
Tlb-Load-Accesses:    9310132655  100.00%

Tlb-Store-Hits:        4881233826   99.93%
Tlb-Store-Misses:         3350137    0.07%
Tlb-Store-Accesses:    4884583963  100.00%

Tlb-Total-Hits:       14179702193   99.89%
Tlb-Total-Misses:        15014425    0.11%
Tlb-Total-Accesses:   14194716618  100.00%



--------
Two level Cache hierarchy
--------
  L1-Data Cache:
    Size(KB):          32
    Block Size(B):     64
    Associativity:      8

  L2-Data Cache:
    Size(KB):        1024
    Block Size(B):    128
    Associativity:      8

Latencies:    1   10  250
L1-Sets:   64 - LRU - assoc:   8
L2-Sets: 1024 - LRU - assoc:   8
Store_allocation: Yes
L2_inclusive: Yes
L2_prefetching: No

L1 Cache Stats:
L1-Load-Hits:        9260094600   99.46%
L1-Load-Misses:        50038055    0.54%
L1-Load-Accesses:    9310132655  100.00%

L1-Store-Hits:        4874345971   99.79%
L1-Store-Misses:        10237992    0.21%
L1-Store-Accesses:    4884583963  100.00%

L1-Total-Hits:       14134440571   99.58%
L1-Total-Misses:        60276047    0.42%
L1-Total-Accesses:   14194716618  100.00%

L2 Cache Stats:
L2-Load-Hits:          43933184   87.80%
L2-Load-Misses:         6104871   12.20%
L2-Load-Accesses:      50038055  100.00%

L2-Store-Hits:           7957916   77.73%
L2-Store-Misses:         2280076   22.27%
L2-Store-Accesses:      10237992  100.00%

L2-Total-Hits:          51891100   86.09%
L2-Total-Misses:         8384947   13.91%
L2-Total-Accesses:      60276047  100.00%

