--------
Total Statistics
--------
Total Instructions: 32385411442
Total Cycles: 176860190480
IPC: 0.183113

--------
Single level Tlb hierarchy
--------
  Data Tlb:
    Entries:          64
    Page Size(B):   4096
    Associativity:      1

Latencies:    0  150
Tlb-Sets:   64 - LRU - assoc:   1

Tlb Stats:
Tlb-Load-Hits:        8591313030   92.28%
Tlb-Load-Misses:       718819634    7.72%
Tlb-Load-Accesses:    9310132664  100.00%

Tlb-Store-Hits:        4752887765   97.30%
Tlb-Store-Misses:       131696199    2.70%
Tlb-Store-Accesses:    4884583964  100.00%

Tlb-Total-Hits:       13344200795   94.01%
Tlb-Total-Misses:       850515833    5.99%
Tlb-Total-Accesses:   14194716628  100.00%



--------
Two level Cache hierarchy
--------
  L1-Data Cache:
    Size(KB):          32
    Block Size(B):     64
    Associativity:      8

  L2-Data Cache:
    Size(KB):        1024
    Block Size(B):    128
    Associativity:      8

Latencies:    1   10  250
L1-Sets:   64 - LRU - assoc:   8
L2-Sets: 1024 - LRU - assoc:   8
Store_allocation: Yes
L2_inclusive: Yes
L2_prefetching: No

L1 Cache Stats:
L1-Load-Hits:        9260069482   99.46%
L1-Load-Misses:        50063182    0.54%
L1-Load-Accesses:    9310132664  100.00%

L1-Store-Hits:        4874324625   99.79%
L1-Store-Misses:        10259339    0.21%
L1-Store-Accesses:    4884583964  100.00%

L1-Total-Hits:       14134394107   99.58%
L1-Total-Misses:        60322521    0.42%
L1-Total-Accesses:   14194716628  100.00%

L2 Cache Stats:
L2-Load-Hits:          43946249   87.78%
L2-Load-Misses:         6116933   12.22%
L2-Load-Accesses:      50063182  100.00%

L2-Store-Hits:           7978423   77.77%
L2-Store-Misses:         2280916   22.23%
L2-Store-Accesses:      10259339  100.00%

L2-Total-Hits:          51924672   86.08%
L2-Total-Misses:         8397849   13.92%
L2-Total-Accesses:      60322521  100.00%

