--------
Total Statistics
--------
Total Instructions: 16205573206
Total Cycles: 74155369572
IPC: 0.218535

--------
Single level Tlb hierarchy
--------
  Data Tlb:
    Entries:          64
    Page Size(B):   4096
    Associativity:     64

Latencies:    0  150
Tlb-Sets:    1 - LRU - assoc:  64

Tlb Stats:
Tlb-Load-Hits:        2883778849   98.86%
Tlb-Load-Misses:        33136201    1.14%
Tlb-Load-Accesses:    2916915050  100.00%

Tlb-Store-Hits:          56485368   99.82%
Tlb-Store-Misses:           99748    0.18%
Tlb-Store-Accesses:      56585116  100.00%

Tlb-Total-Hits:        2940264217   98.88%
Tlb-Total-Misses:        33235949    1.12%
Tlb-Total-Accesses:    2973500166  100.00%



--------
Two level Cache hierarchy
--------
  L1-Data Cache:
    Size(KB):          32
    Block Size(B):     64
    Associativity:      8

  L2-Data Cache:
    Size(KB):        1024
    Block Size(B):    128
    Associativity:      8

Latencies:    1   10  250
L1-Sets:   64 - LRU - assoc:   8
L2-Sets: 1024 - LRU - assoc:   8
Store_allocation: Yes
L2_inclusive: Yes
L2_prefetching: No

L1 Cache Stats:
L1-Load-Hits:        2407532579   82.54%
L1-Load-Misses:       509382471   17.46%
L1-Load-Accesses:    2916915050  100.00%

L1-Store-Hits:          54563102   96.43%
L1-Store-Misses:         2022014    3.57%
L1-Store-Accesses:      56585116  100.00%

L1-Total-Hits:        2462095681   82.80%
L1-Total-Misses:       511404485   17.20%
L1-Total-Accesses:    2973500166  100.00%

L2 Cache Stats:
L2-Load-Hits:         330345412   64.85%
L2-Load-Misses:       179037059   35.15%
L2-Load-Accesses:     509382471  100.00%

L2-Store-Hits:           1551637   76.74%
L2-Store-Misses:          470377   23.26%
L2-Store-Accesses:       2022014  100.00%

L2-Total-Hits:         331897049   64.90%
L2-Total-Misses:       179507436   35.10%
L2-Total-Accesses:     511404485  100.00%

