--------
Total Statistics
--------
Total Instructions: 16205573234
Total Cycles: 74206365200
IPC: 0.218385

--------
Single level Tlb hierarchy
--------
  Data Tlb:
    Entries:          64
    Page Size(B):   4096
    Associativity:      4

Latencies:    0  150
Tlb-Sets:   16 - LRU - assoc:   4

Tlb Stats:
Tlb-Load-Hits:        2883523663   98.86%
Tlb-Load-Misses:        33391396    1.14%
Tlb-Load-Accesses:    2916915059  100.00%

Tlb-Store-Hits:          56420140   99.71%
Tlb-Store-Misses:          164977    0.29%
Tlb-Store-Accesses:      56585117  100.00%

Tlb-Total-Hits:        2939943803   98.87%
Tlb-Total-Misses:        33556373    1.13%
Tlb-Total-Accesses:    2973500176  100.00%



--------
Two level Cache hierarchy
--------
  L1-Data Cache:
    Size(KB):          32
    Block Size(B):     64
    Associativity:      8

  L2-Data Cache:
    Size(KB):        1024
    Block Size(B):    128
    Associativity:      8

Latencies:    1   10  250
L1-Sets:   64 - LRU - assoc:   8
L2-Sets: 1024 - LRU - assoc:   8
Store_allocation: Yes
L2_inclusive: Yes
L2_prefetching: No

L1 Cache Stats:
L1-Load-Hits:        2407559679   82.54%
L1-Load-Misses:       509355380   17.46%
L1-Load-Accesses:    2916915059  100.00%

L1-Store-Hits:          54559538   96.42%
L1-Store-Misses:         2025579    3.58%
L1-Store-Accesses:      56585117  100.00%

L1-Total-Hits:        2462119217   82.80%
L1-Total-Misses:       511380959   17.20%
L1-Total-Accesses:    2973500176  100.00%

L2 Cache Stats:
L2-Load-Hits:         330310141   64.85%
L2-Load-Misses:       179045239   35.15%
L2-Load-Accesses:     509355380  100.00%

L2-Store-Hits:           1550713   76.56%
L2-Store-Misses:          474866   23.44%
L2-Store-Accesses:       2025579  100.00%

L2-Total-Hits:         331860854   64.90%
L2-Total-Misses:       179520105   35.10%
L2-Total-Accesses:     511380959  100.00%

