--------
Total Statistics
--------
Total Instructions: 23632511291
Total Cycles: 32740183368
IPC: 0.72182

--------
Single level Tlb hierarchy
--------
  Data Tlb:
    Entries:          64
    Page Size(B):   4096
    Associativity:      4

Latencies:    0  150
Tlb-Sets:   16 - LRU - assoc:   4

Tlb Stats:
Tlb-Load-Hits:        6840315972  100.00%
Tlb-Load-Misses:           50083    0.00%
Tlb-Load-Accesses:    6840366055  100.00%

Tlb-Store-Hits:        1743491446  100.00%
Tlb-Store-Misses:             346    0.00%
Tlb-Store-Accesses:    1743491792  100.00%

Tlb-Total-Hits:        8583807418  100.00%
Tlb-Total-Misses:           50429    0.00%
Tlb-Total-Accesses:    8583857847  100.00%



--------
Two level Cache hierarchy
--------
  L1-Data Cache:
    Size(KB):          32
    Block Size(B):     64
    Associativity:      8

  L2-Data Cache:
    Size(KB):        1024
    Block Size(B):    128
    Associativity:      8

Latencies:    1   10  250
L1-Sets:   64 - LRU - assoc:   8
L2-Sets: 1024 - LRU - assoc:   8
Store_allocation: Yes
L2_inclusive: Yes
L2_prefetching: No

L1 Cache Stats:
L1-Load-Hits:        6821650885   99.73%
L1-Load-Misses:        18715170    0.27%
L1-Load-Accesses:    6840366055  100.00%

L1-Store-Hits:        1710864349   98.13%
L1-Store-Misses:        32627443    1.87%
L1-Store-Accesses:    1743491792  100.00%

L1-Total-Hits:        8532515234   99.40%
L1-Total-Misses:        51342613    0.60%
L1-Total-Accesses:    8583857847  100.00%

L2 Cache Stats:
L2-Load-Hits:          18714167   99.99%
L2-Load-Misses:            1003    0.01%
L2-Load-Accesses:      18715170  100.00%

L2-Store-Hits:          32617151   99.97%
L2-Store-Misses:           10292    0.03%
L2-Store-Accesses:      32627443  100.00%

L2-Total-Hits:          51331318   99.98%
L2-Total-Misses:           11295    0.02%
L2-Total-Accesses:      51342613  100.00%

