--------
Total Statistics
--------
Total Instructions: 23632511291
Total Cycles: 32723688158
IPC: 0.722184

--------
Single level Tlb hierarchy
--------
  Data Tlb:
    Entries:         256
    Page Size(B):   4096
    Associativity:      4

Latencies:    0  150
Tlb-Sets:   64 - LRU - assoc:   4

Tlb Stats:
Tlb-Load-Hits:        6840366014  100.00%
Tlb-Load-Misses:              41    0.00%
Tlb-Load-Accesses:    6840366055  100.00%

Tlb-Store-Hits:        1743491450  100.00%
Tlb-Store-Misses:             342    0.00%
Tlb-Store-Accesses:    1743491792  100.00%

Tlb-Total-Hits:        8583857464  100.00%
Tlb-Total-Misses:             383    0.00%
Tlb-Total-Accesses:    8583857847  100.00%



--------
Two level Cache hierarchy
--------
  L1-Data Cache:
    Size(KB):          32
    Block Size(B):     64
    Associativity:      8

  L2-Data Cache:
    Size(KB):        1024
    Block Size(B):    128
    Associativity:      8

Latencies:    1   10  250
L1-Sets:   64 - LRU - assoc:   8
L2-Sets: 1024 - LRU - assoc:   8
Store_allocation: Yes
L2_inclusive: Yes
L2_prefetching: No

L1 Cache Stats:
L1-Load-Hits:        6821759661   99.73%
L1-Load-Misses:        18606394    0.27%
L1-Load-Accesses:    6840366055  100.00%

L1-Store-Hits:        1711654404   98.17%
L1-Store-Misses:        31837388    1.83%
L1-Store-Accesses:    1743491792  100.00%

L1-Total-Hits:        8533414065   99.41%
L1-Total-Misses:        50443782    0.59%
L1-Total-Accesses:    8583857847  100.00%

L2 Cache Stats:
L2-Load-Hits:          18605391   99.99%
L2-Load-Misses:            1003    0.01%
L2-Load-Accesses:      18606394  100.00%

L2-Store-Hits:          31827096   99.97%
L2-Store-Misses:           10292    0.03%
L2-Store-Accesses:      31837388  100.00%

L2-Total-Hits:          50432487   99.98%
L2-Total-Misses:           11295    0.02%
L2-Total-Accesses:      50443782  100.00%

