--------
Total Statistics
--------
Total Instructions: 23632511291
Total Cycles: 53335653498
IPC: 0.44309

--------
Single level Tlb hierarchy
--------
  Data Tlb:
    Entries:          64
    Page Size(B):   4096
    Associativity:      1

Latencies:    0  150
Tlb-Sets:   64 - LRU - assoc:   1

Tlb Stats:
Tlb-Load-Hits:        6724673816   98.31%
Tlb-Load-Misses:       115692239    1.69%
Tlb-Load-Accesses:    6840366055  100.00%

Tlb-Store-Hits:        1721807953   98.76%
Tlb-Store-Misses:        21683839    1.24%
Tlb-Store-Accesses:    1743491792  100.00%

Tlb-Total-Hits:        8446481769   98.40%
Tlb-Total-Misses:       137376078    1.60%
Tlb-Total-Accesses:    8583857847  100.00%



--------
Two level Cache hierarchy
--------
  L1-Data Cache:
    Size(KB):          32
    Block Size(B):     64
    Associativity:      8

  L2-Data Cache:
    Size(KB):        1024
    Block Size(B):    128
    Associativity:      8

Latencies:    1   10  250
L1-Sets:   64 - LRU - assoc:   8
L2-Sets: 1024 - LRU - assoc:   8
Store_allocation: Yes
L2_inclusive: Yes
L2_prefetching: No

L1 Cache Stats:
L1-Load-Hits:        6822099464   99.73%
L1-Load-Misses:        18266591    0.27%
L1-Load-Accesses:    6840366055  100.00%

L1-Store-Hits:        1710753517   98.12%
L1-Store-Misses:        32738275    1.88%
L1-Store-Accesses:    1743491792  100.00%

L1-Total-Hits:        8532852981   99.41%
L1-Total-Misses:        51004866    0.59%
L1-Total-Accesses:    8583857847  100.00%

L2 Cache Stats:
L2-Load-Hits:          18265587   99.99%
L2-Load-Misses:            1004    0.01%
L2-Load-Accesses:      18266591  100.00%

L2-Store-Hits:          32727983   99.97%
L2-Store-Misses:           10292    0.03%
L2-Store-Accesses:      32738275  100.00%

L2-Total-Hits:          50993570   99.98%
L2-Total-Misses:           11296    0.02%
L2-Total-Accesses:      51004866  100.00%

