                                     | Core 0     | Core 1     | Core 2     | Core 3     | Core 4     | Core 5     | Core 6     | Core 7     | Core 8     | Core 9     | Core 10    | Core 11    | Core 12    | Core 13    | Core 14    | Core 15   
  Instructions                       |    8629983 |    6619294 |    7430809 |    6634800 |    7289290 |    8899632 |    7230550 |    7580185 |    7071922 |    8394227 |    7986168 |    8105297 |    7853507 |    8345184 |    7772253 |    8404162
  Cycles                             |   58667987 |   58667987 |   58667987 |   58667987 |   58667987 |   58667987 |   58667987 |   58667987 |   58667987 |   58667987 |   58667987 |   58667987 |   58667987 |   58667987 |   58667987 |   58667987
  IPC                                |       0.15 |       0.11 |       0.13 |       0.11 |       0.12 |       0.15 |       0.12 |       0.13 |       0.12 |       0.14 |       0.14 |       0.14 |       0.13 |       0.14 |       0.13 |       0.14
  Time (ns)                          |   22055634 |   22055634 |   22055634 |   22055634 |   22055634 |   22055634 |   22055634 |   22055634 |   22055634 |   22055634 |   22055634 |   22055634 |   22055634 |   22055634 |   22055634 |   22055634
  Idle time (ns)                     |     388749 |    5359942 |    2518663 |    4792541 |    2628582 |     465844 |    2856454 |    2093552 |    2745205 |     747040 |    1062891 |     762124 |    1032919 |     369075 |     996252 |     101885
  Idle time (%)                      |       1.8% |      24.3% |      11.4% |      21.7% |      11.9% |       2.1% |      13.0% |       9.5% |      12.4% |       3.4% |       4.8% |       3.5% |       4.7% |       1.7% |       4.5% |       0.5%
Branch predictor stats               |            |            |            |            |            |            |            |            |            |            |            |            |            |            |            |           
  num correct                        |    1558219 |    1156156 |    1318435 |    1159209 |    1290138 |    1612141 |    1278348 |    1348267 |    1246641 |    1511071 |    1429453 |    1453296 |    1402940 |    1501317 |    1386670 |    1513074
  num incorrect                      |        185 |        118 |        142 |        164 |        133 |        200 |        175 |        183 |        158 |        184 |        189 |        178 |        176 |        135 |        189 |        167
  misprediction rate                 |      0.01% |      0.01% |      0.01% |      0.01% |      0.01% |      0.01% |      0.01% |      0.01% |      0.01% |      0.01% |      0.01% |      0.01% |      0.01% |      0.01% |      0.01% |      0.01%
  mpki                               |       0.02 |       0.02 |       0.02 |       0.02 |       0.02 |       0.02 |       0.02 |       0.02 |       0.02 |       0.02 |       0.02 |       0.02 |       0.02 |       0.02 |       0.02 |       0.02
TLB Summary                          |            |            |            |            |            |            |            |            |            |            |            |            |            |            |            |           
Cache Summary                        |            |            |            |            |            |            |            |            |            |            |            |            |            |            |            |           
  Cache L1-I                         |            |            |            |            |            |            |            |            |            |            |            |            |            |            |            |           
    num cache accesses               |    3122803 |    2318543 |    2643149 |    2324745 |    2586536 |    3230683 |    2563045 |    2702899 |    2499599 |    3028512 |    2865284 |    2912949 |    2812233 |    3008899 |    2779718 |    3032481
    num cache misses                 |         17 |         17 |         17 |         18 |         17 |         17 |         18 |         18 |         17 |         18 |         18 |         17 |         17 |         17 |         18 |         17
    miss rate                        |      0.00% |      0.00% |      0.00% |      0.00% |      0.00% |      0.00% |      0.00% |      0.00% |      0.00% |      0.00% |      0.00% |      0.00% |      0.00% |      0.00% |      0.00% |      0.00%
    mpki                             |       0.00 |       0.00 |       0.00 |       0.00 |       0.00 |       0.00 |       0.00 |       0.00 |       0.00 |       0.00 |       0.00 |       0.00 |       0.00 |       0.00 |       0.00 |       0.00
  Cache L1-D                         |            |            |            |            |            |            |            |            |            |            |            |            |            |            |            |           
    num cache accesses               |    5300218 |    4093819 |    4580728 |    4103121 |    4495812 |    5462026 |    4460571 |    4670352 |    4365400 |    5158776 |    4913931 |    4985425 |    4834351 |    5129353 |    4785582 |    5164736
    num cache misses                 |     479257 |     334040 |     391812 |     335575 |     379518 |     423068 |     366155 |     376469 |     432299 |     450507 |     431165 |     430273 |     417339 |     428052 |     409421 |     422550
    miss rate                        |      9.04% |      8.16% |      8.55% |      8.18% |      8.44% |      7.75% |      8.21% |      8.06% |      9.90% |      8.73% |      8.77% |      8.63% |      8.63% |      8.35% |      8.56% |      8.18%
    mpki                             |      55.53 |      50.46 |      52.73 |      50.58 |      52.07 |      47.54 |      50.64 |      49.66 |      61.13 |      53.67 |      53.99 |      53.09 |      53.14 |      51.29 |      52.68 |      50.28
  Cache L2                           |            |            |            |            |            |            |            |            |            |            |            |            |            |            |            |           
    num cache accesses               |     479321 |     334099 |     391883 |     335639 |     379581 |     423139 |     366218 |     376535 |     432362 |     450571 |     431230 |     430333 |     417405 |     428114 |     409492 |     422607
    num cache misses                 |     479274 |     334057 |     391829 |     335593 |     379535 |     423085 |     366173 |     376487 |     432316 |     450525 |     431183 |     430290 |     417356 |     428069 |     409439 |     422567
    miss rate                        |     99.99% |     99.99% |     99.99% |     99.99% |     99.99% |     99.99% |     99.99% |     99.99% |     99.99% |     99.99% |     99.99% |     99.99% |     99.99% |     99.99% |     99.99% |     99.99%
    mpki                             |      55.54 |      50.47 |      52.73 |      50.58 |      52.07 |      47.54 |      50.64 |      49.67 |      61.13 |      53.67 |      53.99 |      53.09 |      53.14 |      51.30 |      52.68 |      50.28
  Cache L3                           |            |            |            |            |            |            |            |            |            |            |            |            |            |            |            |           
    num cache accesses               |     479321 |     334099 |     391883 |     335639 |     379581 |     423139 |     366218 |     376535 |     432362 |     450571 |     431230 |     430333 |     417405 |     428114 |     409492 |     422607
    num cache misses                 |     277009 |     190822 |     230584 |     197095 |     227047 |     264220 |     225628 |     235252 |     229295 |     244744 |     239159 |     241792 |     238350 |     247878 |     239048 |     250654
    miss rate                        |     57.79% |     57.12% |     58.84% |     58.72% |     59.82% |     62.44% |     61.61% |     62.48% |     53.03% |     54.32% |     55.46% |     56.19% |     57.10% |     57.90% |     58.38% |     59.31%
    mpki                             |      32.10 |      28.83 |      31.03 |      29.71 |      31.15 |      29.69 |      31.20 |      31.04 |      32.42 |      29.16 |      29.95 |      29.83 |      30.35 |      29.70 |      30.76 |      29.82
DRAM summary                         |            |            |            |            |            |            |            |            |            |            |            |            |            |            |            |           
  num dram accesses                  |         73 |          0 |          0 |          0 |          0 |          0 |          0 |          0 |          0 |          0 |          0 |          0 |          0 |          0 |          0 |          0
  average dram access latency (ns)   |     123.13 |        inf |        inf |        inf |        inf |        inf |        inf |        inf |        inf |        inf |        inf |        inf |        inf |        inf |        inf |        inf
  average dram queueing delay        |      69.70 |       0.00 |       0.00 |       0.00 |       0.00 |       0.00 |       0.00 |       0.00 |       0.00 |       0.00 |       0.00 |       0.00 |       0.00 |       0.00 |       0.00 |       0.00
  average dram bandwidth utilization |      0.00% |      0.00% |      0.00% |      0.00% |      0.00% |      0.00% |      0.00% |      0.00% |      0.00% |      0.00% |      0.00% |      0.00% |      0.00% |      0.00% |      0.00% |      0.00%
Coherency Traffic                    |            |            |            |            |            |            |            |            |            |            |            |            |            |            |            |           
  num loads from dram                |          5 |          3 |          2 |          3 |          2 |          2 |          2 |          2 |          2 |          2 |          3 |          2 |          2 |          2 |          2 |          3
  num loads from dram cache          |          0 |          0 |          0 |          0 |          0 |          0 |          0 |          0 |          0 |          0 |          0 |          0 |          0 |          0 |          0 |          0
  num loads from remote cache        |     184236 |     145548 |     175574 |     152650 |     174299 |     191473 |     174578 |     181781 |     164181 |     186255 |     184407 |     188043 |     186776 |     192308 |     188971 |     196816
