--------
Total Statistics
--------
Total Instructions: 2151811134
Total Cycles: 8017663038
IPC: 0.268384

--------
Single level Tlb hierarchy
--------
  Data Tlb:
    Entries:          64
    Page Size(B):   4096
    Associativity:      4

Latencies:    0  150
Tlb-Sets:   16 - LRU - assoc:   4

Tlb Stats:
Tlb-Load-Hits:         524047653   93.83%
Tlb-Load-Misses:        34433029    6.17%
Tlb-Load-Accesses:     558480682  100.00%

Tlb-Store-Hits:         106918860   99.98%
Tlb-Store-Misses:           21302    0.02%
Tlb-Store-Accesses:     106940162  100.00%

Tlb-Total-Hits:         630966513   94.82%
Tlb-Total-Misses:        34454331    5.18%
Tlb-Total-Accesses:     665420844  100.00%



--------
Two level Cache hierarchy
--------
  L1-Data Cache:
    Size(KB):          32
    Block Size(B):     64
    Associativity:      8

  L2-Data Cache:
    Size(KB):        2048
    Block Size(B):    128
    Associativity:     16

Latencies:    1   10  250
L1-Sets:   64 - LRU - assoc:   8
L2-Sets: 1024 - LRU - assoc:  16
Store_allocation: Yes
L2_inclusive: Yes
L2_prefetching: No

L1 Cache Stats:
L1-Load-Hits:         556022406   99.56%
L1-Load-Misses:         2458276    0.44%
L1-Load-Accesses:     558480682  100.00%

L1-Store-Hits:         106530447   99.62%
L1-Store-Misses:          409715    0.38%
L1-Store-Accesses:     106940162  100.00%

L1-Total-Hits:         662552853   99.57%
L1-Total-Misses:         2867991    0.43%
L1-Total-Accesses:     665420844  100.00%

L2 Cache Stats:
L2-Load-Hits:           2445928   99.50%
L2-Load-Misses:           12348    0.50%
L2-Load-Accesses:       2458276  100.00%

L2-Store-Hits:            407657   99.50%
L2-Store-Misses:            2058    0.50%
L2-Store-Accesses:        409715  100.00%

L2-Total-Hits:           2853585   99.50%
L2-Total-Misses:           14406    0.50%
L2-Total-Accesses:       2867991  100.00%

