--------
Total Statistics
--------
Total Instructions: 10802935199
Total Cycles: 16902132936
IPC: 0.639146

--------
Single level Tlb hierarchy
--------
  Data Tlb:
    Entries:          64
    Page Size(B):   4096
    Associativity:      4

Latencies:    0  150
Tlb-Sets:   16 - LRU - assoc:   4

Tlb Stats:
Tlb-Load-Hits:        2162537064   99.38%
Tlb-Load-Misses:        13423253    0.62%
Tlb-Load-Accesses:    2175960317  100.00%

Tlb-Store-Hits:         557024225   99.95%
Tlb-Store-Misses:          265745    0.05%
Tlb-Store-Accesses:     557289970  100.00%

Tlb-Total-Hits:        2719561289   99.50%
Tlb-Total-Misses:        13688998    0.50%
Tlb-Total-Accesses:    2733250287  100.00%



--------
Two level Cache hierarchy
--------
  L1-Data Cache:
    Size(KB):          32
    Block Size(B):     64
    Associativity:      8

  L2-Data Cache:
    Size(KB):        1024
    Block Size(B):    256
    Associativity:     16

Latencies:    1   10  250
L1-Sets:   64 - LRU - assoc:   8
L2-Sets:  256 - LRU - assoc:  16
Store_allocation: Yes
L2_inclusive: Yes
L2_prefetching: No

L1 Cache Stats:
L1-Load-Hits:        2065036783   94.90%
L1-Load-Misses:       110923534    5.10%
L1-Load-Accesses:    2175960317  100.00%

L1-Store-Hits:         551364804   98.94%
L1-Store-Misses:         5925166    1.06%
L1-Store-Accesses:     557289970  100.00%

L1-Total-Hits:        2616401587   95.72%
L1-Total-Misses:       116848700    4.28%
L1-Total-Accesses:    2733250287  100.00%

L2 Cache Stats:
L2-Load-Hits:         110599102   99.71%
L2-Load-Misses:          324432    0.29%
L2-Load-Accesses:     110923534  100.00%

L2-Store-Hits:           5673155   95.75%
L2-Store-Misses:          252011    4.25%
L2-Store-Accesses:       5925166  100.00%

L2-Total-Hits:         116272257   99.51%
L2-Total-Misses:          576443    0.49%
L2-Total-Accesses:     116848700  100.00%

