--------
Total Statistics
--------
Total Instructions: 10802935199
Total Cycles: 17272610666
IPC: 0.625437

--------
Single level Tlb hierarchy
--------
  Data Tlb:
    Entries:          64
    Page Size(B):   4096
    Associativity:      4

Latencies:    0  150
Tlb-Sets:   16 - LRU - assoc:   4

Tlb Stats:
Tlb-Load-Hits:        2162522452   99.38%
Tlb-Load-Misses:        13437865    0.62%
Tlb-Load-Accesses:    2175960317  100.00%

Tlb-Store-Hits:         557024356   99.95%
Tlb-Store-Misses:          265614    0.05%
Tlb-Store-Accesses:     557289970  100.00%

Tlb-Total-Hits:        2719546808   99.50%
Tlb-Total-Misses:        13703479    0.50%
Tlb-Total-Accesses:    2733250287  100.00%



--------
Two level Cache hierarchy
--------
  L1-Data Cache:
    Size(KB):          32
    Block Size(B):     64
    Associativity:      8

  L2-Data Cache:
    Size(KB):        1024
    Block Size(B):     64
    Associativity:      8

Latencies:    1   10  250
L1-Sets:   64 - LRU - assoc:   8
L2-Sets: 2048 - LRU - assoc:   8
Store_allocation: Yes
L2_inclusive: Yes
L2_prefetching: No

L1 Cache Stats:
L1-Load-Hits:        2065407172   94.92%
L1-Load-Misses:       110553145    5.08%
L1-Load-Accesses:    2175960317  100.00%

L1-Store-Hits:         551648307   98.99%
L1-Store-Misses:         5641663    1.01%
L1-Store-Accesses:     557289970  100.00%

L1-Total-Hits:        2617055479   95.75%
L1-Total-Misses:       116194808    4.25%
L1-Total-Accesses:    2733250287  100.00%

L2 Cache Stats:
L2-Load-Hits:         109464261   99.02%
L2-Load-Misses:         1088884    0.98%
L2-Load-Accesses:     110553145  100.00%

L2-Store-Hits:           4654726   82.51%
L2-Store-Misses:          986937   17.49%
L2-Store-Accesses:       5641663  100.00%

L2-Total-Hits:         114118987   98.21%
L2-Total-Misses:         2075821    1.79%
L2-Total-Accesses:     116194808  100.00%

