--------
Total Statistics
--------
Total Instructions: 10802935199
Total Cycles: 17032758296
IPC: 0.634245

--------
Single level Tlb hierarchy
--------
  Data Tlb:
    Entries:          64
    Page Size(B):   4096
    Associativity:      4

Latencies:    0  150
Tlb-Sets:   16 - LRU - assoc:   4

Tlb Stats:
Tlb-Load-Hits:        2162537480   99.38%
Tlb-Load-Misses:        13422837    0.62%
Tlb-Load-Accesses:    2175960317  100.00%

Tlb-Store-Hits:         557024219   99.95%
Tlb-Store-Misses:          265751    0.05%
Tlb-Store-Accesses:     557289970  100.00%

Tlb-Total-Hits:        2719561699   99.50%
Tlb-Total-Misses:        13688588    0.50%
Tlb-Total-Accesses:    2733250287  100.00%



--------
Two level Cache hierarchy
--------
  L1-Data Cache:
    Size(KB):          32
    Block Size(B):     64
    Associativity:      8

  L2-Data Cache:
    Size(KB):        1024
    Block Size(B):    128
    Associativity:      8

Latencies:    1   10  250
L1-Sets:   64 - LRU - assoc:   8
L2-Sets: 1024 - LRU - assoc:   8
Store_allocation: Yes
L2_inclusive: Yes
L2_prefetching: No

L1 Cache Stats:
L1-Load-Hits:        2065032206   94.90%
L1-Load-Misses:       110928111    5.10%
L1-Load-Accesses:    2175960317  100.00%

L1-Store-Hits:         550947070   98.86%
L1-Store-Misses:         6342900    1.14%
L1-Store-Accesses:     557289970  100.00%

L1-Total-Hits:        2615979276   95.71%
L1-Total-Misses:       117271011    4.29%
L1-Total-Accesses:    2733250287  100.00%

L2 Cache Stats:
L2-Load-Hits:         110340881   99.47%
L2-Load-Misses:          587230    0.53%
L2-Load-Accesses:     110928111  100.00%

L2-Store-Hits:           5847832   92.19%
L2-Store-Misses:          495068    7.81%
L2-Store-Accesses:       6342900  100.00%

L2-Total-Hits:         116188713   99.08%
L2-Total-Misses:         1082298    0.92%
L2-Total-Accesses:     117271011  100.00%

