--------
Total Statistics
--------
Total Instructions: 1520711613
Total Cycles: 16682850434
IPC: 0.0911542

--------
Single level Tlb hierarchy
--------
  Data Tlb:
    Entries:          64
    Page Size(B):   4096
    Associativity:      4

Latencies:    0  150
Tlb-Sets:   16 - LRU - assoc:   4

Tlb Stats:
Tlb-Load-Hits:         240889276   85.96%
Tlb-Load-Misses:        39348114   14.04%
Tlb-Load-Accesses:     280237390  100.00%

Tlb-Store-Hits:          73813928   98.99%
Tlb-Store-Misses:          749613    1.01%
Tlb-Store-Accesses:      74563541  100.00%

Tlb-Total-Hits:         314703204   88.70%
Tlb-Total-Misses:        40097727   11.30%
Tlb-Total-Accesses:     354800931  100.00%



--------
Two level Cache hierarchy
--------
  L1-Data Cache:
    Size(KB):          32
    Block Size(B):     64
    Associativity:      8

  L2-Data Cache:
    Size(KB):        1024
    Block Size(B):     64
    Associativity:     16

Latencies:    1   10  250
L1-Sets:   64 - LRU - assoc:   8
L2-Sets: 1024 - LRU - assoc:  16
Store_allocation: Yes
L2_inclusive: Yes
L2_prefetching: No

L1 Cache Stats:
L1-Load-Hits:         243199452   86.78%
L1-Load-Misses:        37037938   13.22%
L1-Load-Accesses:     280237390  100.00%

L1-Store-Hits:          74560845  100.00%
L1-Store-Misses:            2696    0.00%
L1-Store-Accesses:      74563541  100.00%

L1-Total-Hits:         317760297   89.56%
L1-Total-Misses:        37040634   10.44%
L1-Total-Accesses:     354800931  100.00%

L2 Cache Stats:
L2-Load-Hits:           3351115    9.05%
L2-Load-Misses:        33686823   90.95%
L2-Load-Accesses:      37037938  100.00%

L2-Store-Hits:               429   15.91%
L2-Store-Misses:            2267   84.09%
L2-Store-Accesses:          2696  100.00%

L2-Total-Hits:           3351544    9.05%
L2-Total-Misses:        33689090   90.95%
L2-Total-Accesses:      37040634  100.00%

