--------
Total Statistics
--------
Total Instructions: 1520711613
Total Cycles: 16489075554
IPC: 0.0922254

--------
Single level Tlb hierarchy
--------
  Data Tlb:
    Entries:          64
    Page Size(B):   4096
    Associativity:      4

Latencies:    0  150
Tlb-Sets:   16 - LRU - assoc:   4

Tlb Stats:
Tlb-Load-Hits:         241361535   86.13%
Tlb-Load-Misses:        38875855   13.87%
Tlb-Load-Accesses:     280237390  100.00%

Tlb-Store-Hits:          74008201   99.26%
Tlb-Store-Misses:          555340    0.74%
Tlb-Store-Accesses:      74563541  100.00%

Tlb-Total-Hits:         315369736   88.89%
Tlb-Total-Misses:        39431195   11.11%
Tlb-Total-Accesses:     354800931  100.00%



--------
Two level Cache hierarchy
--------
  L1-Data Cache:
    Size(KB):          32
    Block Size(B):     64
    Associativity:      8

  L2-Data Cache:
    Size(KB):        1024
    Block Size(B):    128
    Associativity:     16

Latencies:    1   10  250
L1-Sets:   64 - LRU - assoc:   8
L2-Sets:  512 - LRU - assoc:  16
Store_allocation: Yes
L2_inclusive: Yes
L2_prefetching: No

L1 Cache Stats:
L1-Load-Hits:         208151474   74.28%
L1-Load-Misses:        72085916   25.72%
L1-Load-Accesses:     280237390  100.00%

L1-Store-Hits:          74554831   99.99%
L1-Store-Misses:            8710    0.01%
L1-Store-Accesses:      74563541  100.00%

L1-Total-Hits:         282706305   79.68%
L1-Total-Misses:        72094626   20.32%
L1-Total-Accesses:     354800931  100.00%

L2 Cache Stats:
L2-Load-Hits:          40176076   55.73%
L2-Load-Misses:        31909840   44.27%
L2-Load-Accesses:      72085916  100.00%

L2-Store-Hits:              6800   78.07%
L2-Store-Misses:            1910   21.93%
L2-Store-Accesses:          8710  100.00%

L2-Total-Hits:          40182876   55.74%
L2-Total-Misses:        31911750   44.26%
L2-Total-Accesses:      72094626  100.00%

