--------
Total Statistics
--------
Total Instructions: 1520711641
Total Cycles: 16591379842
IPC: 0.0916567

--------
Single level Tlb hierarchy
--------
  Data Tlb:
    Entries:          64
    Page Size(B):   4096
    Associativity:      4

Latencies:    0  150
Tlb-Sets:   16 - LRU - assoc:   4

Tlb Stats:
Tlb-Load-Hits:         241301637   86.11%
Tlb-Load-Misses:        38935762   13.89%
Tlb-Load-Accesses:     280237399  100.00%

Tlb-Store-Hits:          74006374   99.25%
Tlb-Store-Misses:          557168    0.75%
Tlb-Store-Accesses:      74563542  100.00%

Tlb-Total-Hits:         315308011   88.87%
Tlb-Total-Misses:        39492930   11.13%
Tlb-Total-Accesses:     354800941  100.00%



--------
Two level Cache hierarchy
--------
  L1-Data Cache:
    Size(KB):          32
    Block Size(B):     64
    Associativity:      8

  L2-Data Cache:
    Size(KB):        1024
    Block Size(B):     64
    Associativity:      8

Latencies:    1   10  250
L1-Sets:   64 - LRU - assoc:   8
L2-Sets: 2048 - LRU - assoc:   8
Store_allocation: Yes
L2_inclusive: Yes
L2_prefetching: No

L1 Cache Stats:
L1-Load-Hits:         243199644   86.78%
L1-Load-Misses:        37037755   13.22%
L1-Load-Accesses:     280237399  100.00%

L1-Store-Hits:          74560946  100.00%
L1-Store-Misses:            2596    0.00%
L1-Store-Accesses:      74563542  100.00%

L1-Total-Hits:         317760590   89.56%
L1-Total-Misses:        37040351   10.44%
L1-Total-Accesses:     354800941  100.00%

L2 Cache Stats:
L2-Load-Hits:           3353824    9.06%
L2-Load-Misses:        33683931   90.94%
L2-Load-Accesses:      37037755  100.00%

L2-Store-Hits:               430   16.56%
L2-Store-Misses:            2166   83.44%
L2-Store-Accesses:          2596  100.00%

L2-Total-Hits:           3354254    9.06%
L2-Total-Misses:        33686097   90.94%
L2-Total-Accesses:      37040351  100.00%

