--------
Total Statistics
--------
Total Instructions: 1520711641
Total Cycles: 16169897682
IPC: 0.0940458

--------
Single level Tlb hierarchy
--------
  Data Tlb:
    Entries:          64
    Page Size(B):   4096
    Associativity:      4

Latencies:    0  150
Tlb-Sets:   16 - LRU - assoc:   4

Tlb Stats:
Tlb-Load-Hits:         241500255   86.18%
Tlb-Load-Misses:        38737144   13.82%
Tlb-Load-Accesses:     280237399  100.00%

Tlb-Store-Hits:          74255464   99.59%
Tlb-Store-Misses:          308078    0.41%
Tlb-Store-Accesses:      74563542  100.00%

Tlb-Total-Hits:         315755719   89.00%
Tlb-Total-Misses:        39045222   11.00%
Tlb-Total-Accesses:     354800941  100.00%



--------
Two level Cache hierarchy
--------
  L1-Data Cache:
    Size(KB):          32
    Block Size(B):     64
    Associativity:      8

  L2-Data Cache:
    Size(KB):        1024
    Block Size(B):    256
    Associativity:     16

Latencies:    1   10  250
L1-Sets:   64 - LRU - assoc:   8
L2-Sets:  256 - LRU - assoc:  16
Store_allocation: Yes
L2_inclusive: Yes
L2_prefetching: No

L1 Cache Stats:
L1-Load-Hits:         206138378   73.56%
L1-Load-Misses:        74099021   26.44%
L1-Load-Accesses:     280237399  100.00%

L1-Store-Hits:          74555033   99.99%
L1-Store-Misses:            8509    0.01%
L1-Store-Accesses:      74563542  100.00%

L1-Total-Hits:         280693411   79.11%
L1-Total-Misses:        74107530   20.89%
L1-Total-Accesses:     354800941  100.00%

L2 Cache Stats:
L2-Load-Hits:          43315376   58.46%
L2-Load-Misses:        30783645   41.54%
L2-Load-Accesses:      74099021  100.00%

L2-Store-Hits:              6048   71.08%
L2-Store-Misses:            2461   28.92%
L2-Store-Accesses:          8509  100.00%

L2-Total-Hits:          43321424   58.46%
L2-Total-Misses:        30786106   41.54%
L2-Total-Accesses:      74107530  100.00%

