--------
Total Statistics
--------
Total Instructions: 7983656642
Total Cycles: 12246887799
IPC: 0.651893

--------
Single level Tlb hierarchy
--------
  Data Tlb:
    Entries:          64
    Page Size(B):   4096
    Associativity:      4

Latencies:    0  150
Tlb-Sets:   16 - LRU - assoc:   4

Tlb Stats:
Tlb-Load-Hits:        1473170519   99.96%
Tlb-Load-Misses:          566713    0.04%
Tlb-Load-Accesses:    1473737232  100.00%

Tlb-Store-Hits:         153682224   99.82%
Tlb-Store-Misses:          279841    0.18%
Tlb-Store-Accesses:     153962065  100.00%

Tlb-Total-Hits:        1626852743   99.95%
Tlb-Total-Misses:          846554    0.05%
Tlb-Total-Accesses:    1627699297  100.00%



--------
Two level Cache hierarchy
--------
  L1-Data Cache:
    Size(KB):          32
    Block Size(B):     64
    Associativity:      8

  L2-Data Cache:
    Size(KB):        1024
    Block Size(B):     64
    Associativity:     16

Latencies:    1   10  250
L1-Sets:   64 - LRU - assoc:   8
L2-Sets: 1024 - LRU - assoc:  16
Store_allocation: Yes
L2_inclusive: Yes
L2_prefetching: No

L1 Cache Stats:
L1-Load-Hits:        1459820631   99.06%
L1-Load-Misses:        13916601    0.94%
L1-Load-Accesses:    1473737232  100.00%

L1-Store-Hits:         150873965   97.99%
L1-Store-Misses:         3088100    2.01%
L1-Store-Accesses:     153962065  100.00%

L1-Total-Hits:        1610694596   98.96%
L1-Total-Misses:        17004701    1.04%
L1-Total-Accesses:    1627699297  100.00%

L2 Cache Stats:
L2-Load-Hits:           7643552   54.92%
L2-Load-Misses:         6273049   45.08%
L2-Load-Accesses:      13916601  100.00%

L2-Store-Hits:              7142    0.23%
L2-Store-Misses:         3080958   99.77%
L2-Store-Accesses:       3088100  100.00%

L2-Total-Hits:           7650694   44.99%
L2-Total-Misses:         9354007   55.01%
L2-Total-Accesses:      17004701  100.00%

