--------
Total Statistics
--------
Total Instructions: 7983656670
Total Cycles: 12183596157
IPC: 0.655279

--------
Single level Tlb hierarchy
--------
  Data Tlb:
    Entries:          64
    Page Size(B):   4096
    Associativity:      4

Latencies:    0  150
Tlb-Sets:   16 - LRU - assoc:   4

Tlb Stats:
Tlb-Load-Hits:        1473170293   99.96%
Tlb-Load-Misses:          566948    0.04%
Tlb-Load-Accesses:    1473737241  100.00%

Tlb-Store-Hits:         153682226   99.82%
Tlb-Store-Misses:          279840    0.18%
Tlb-Store-Accesses:     153962066  100.00%

Tlb-Total-Hits:        1626852519   99.95%
Tlb-Total-Misses:          846788    0.05%
Tlb-Total-Accesses:    1627699307  100.00%



--------
Two level Cache hierarchy
--------
  L1-Data Cache:
    Size(KB):          32
    Block Size(B):     64
    Associativity:      8

  L2-Data Cache:
    Size(KB):        1024
    Block Size(B):    128
    Associativity:      8

Latencies:    1   10  250
L1-Sets:   64 - LRU - assoc:   8
L2-Sets: 1024 - LRU - assoc:   8
Store_allocation: Yes
L2_inclusive: Yes
L2_prefetching: No

L1 Cache Stats:
L1-Load-Hits:        1452734294   98.57%
L1-Load-Misses:        21002947    1.43%
L1-Load-Accesses:    1473737241  100.00%

L1-Store-Hits:         147546240   95.83%
L1-Store-Misses:         6415826    4.17%
L1-Store-Accesses:     153962066  100.00%

L1-Total-Hits:        1600280534   98.32%
L1-Total-Misses:        27418773    1.68%
L1-Total-Accesses:    1627699307  100.00%

L2 Cache Stats:
L2-Load-Hits:          15037752   71.60%
L2-Load-Misses:         5965195   28.40%
L2-Load-Accesses:      21002947  100.00%

L2-Store-Hits:           3696884   57.62%
L2-Store-Misses:         2718942   42.38%
L2-Store-Accesses:       6415826  100.00%

L2-Total-Hits:          18734636   68.33%
L2-Total-Misses:         8684137   31.67%
L2-Total-Accesses:      27418773  100.00%

