--------
Total Statistics
--------
Total Instructions: 7983656642
Total Cycles: 12186523129
IPC: 0.655122

--------
Single level Tlb hierarchy
--------
  Data Tlb:
    Entries:          64
    Page Size(B):   4096
    Associativity:      4

Latencies:    0  150
Tlb-Sets:   16 - LRU - assoc:   4

Tlb Stats:
Tlb-Load-Hits:        1473170647   99.96%
Tlb-Load-Misses:          566585    0.04%
Tlb-Load-Accesses:    1473737232  100.00%

Tlb-Store-Hits:         153682225   99.82%
Tlb-Store-Misses:          279840    0.18%
Tlb-Store-Accesses:     153962065  100.00%

Tlb-Total-Hits:        1626852872   99.95%
Tlb-Total-Misses:          846425    0.05%
Tlb-Total-Accesses:    1627699297  100.00%



--------
Two level Cache hierarchy
--------
  L1-Data Cache:
    Size(KB):          32
    Block Size(B):     64
    Associativity:      8

  L2-Data Cache:
    Size(KB):        1024
    Block Size(B):    128
    Associativity:     16

Latencies:    1   10  250
L1-Sets:   64 - LRU - assoc:   8
L2-Sets:  512 - LRU - assoc:  16
Store_allocation: Yes
L2_inclusive: Yes
L2_prefetching: No

L1 Cache Stats:
L1-Load-Hits:        1452722800   98.57%
L1-Load-Misses:        21014432    1.43%
L1-Load-Accesses:    1473737232  100.00%

L1-Store-Hits:         147546478   95.83%
L1-Store-Misses:         6415587    4.17%
L1-Store-Accesses:     153962065  100.00%

L1-Total-Hits:        1600269278   98.31%
L1-Total-Misses:        27430019    1.69%
L1-Total-Accesses:    1627699297  100.00%

L2 Cache Stats:
L2-Load-Hits:          15037697   71.56%
L2-Load-Misses:         5976735   28.44%
L2-Load-Accesses:      21014432  100.00%

L2-Store-Hits:           3696709   57.62%
L2-Store-Misses:         2718878   42.38%
L2-Store-Accesses:       6415587  100.00%

L2-Total-Hits:          18734406   68.30%
L2-Total-Misses:         8695613   31.70%
L2-Total-Accesses:      27430019  100.00%

