--------
Total Statistics
--------
Total Instructions: 7983656670
Total Cycles: 11391471337
IPC: 0.700845

--------
Single level Tlb hierarchy
--------
  Data Tlb:
    Entries:          64
    Page Size(B):   4096
    Associativity:      4

Latencies:    0  150
Tlb-Sets:   16 - LRU - assoc:   4

Tlb Stats:
Tlb-Load-Hits:        1473170170   99.96%
Tlb-Load-Misses:          567071    0.04%
Tlb-Load-Accesses:    1473737241  100.00%

Tlb-Store-Hits:         153682225   99.82%
Tlb-Store-Misses:          279841    0.18%
Tlb-Store-Accesses:     153962066  100.00%

Tlb-Total-Hits:        1626852395   99.95%
Tlb-Total-Misses:          846912    0.05%
Tlb-Total-Accesses:    1627699307  100.00%



--------
Two level Cache hierarchy
--------
  L1-Data Cache:
    Size(KB):          32
    Block Size(B):     64
    Associativity:      8

  L2-Data Cache:
    Size(KB):        2048
    Block Size(B):    256
    Associativity:     16

Latencies:    1   10  250
L1-Sets:   64 - LRU - assoc:   8
L2-Sets:  512 - LRU - assoc:  16
Store_allocation: Yes
L2_inclusive: Yes
L2_prefetching: No

L1 Cache Stats:
L1-Load-Hits:        1455289608   98.75%
L1-Load-Misses:        18447633    1.25%
L1-Load-Accesses:    1473737241  100.00%

L1-Store-Hits:         148868593   96.69%
L1-Store-Misses:         5093473    3.31%
L1-Store-Accesses:     153962066  100.00%

L1-Total-Hits:        1604158201   98.55%
L1-Total-Misses:        23541106    1.45%
L1-Total-Accesses:    1627699307  100.00%

L2 Cache Stats:
L2-Load-Hits:          14957445   81.08%
L2-Load-Misses:         3490188   18.92%
L2-Load-Accesses:      18447633  100.00%

L2-Store-Hits:           2912991   57.19%
L2-Store-Misses:         2180482   42.81%
L2-Store-Accesses:       5093473  100.00%

L2-Total-Hits:          17870436   75.91%
L2-Total-Misses:         5670670   24.09%
L2-Total-Accesses:      23541106  100.00%

