--------
Total Statistics
--------
Total Instructions: 7983656642
Total Cycles: 11845381439
IPC: 0.673989

--------
Single level Tlb hierarchy
--------
  Data Tlb:
    Entries:          64
    Page Size(B):   4096
    Associativity:      4

Latencies:    0  150
Tlb-Sets:   16 - LRU - assoc:   4

Tlb Stats:
Tlb-Load-Hits:        1473168374   99.96%
Tlb-Load-Misses:          568858    0.04%
Tlb-Load-Accesses:    1473737232  100.00%

Tlb-Store-Hits:         153682180   99.82%
Tlb-Store-Misses:          279885    0.18%
Tlb-Store-Accesses:     153962065  100.00%

Tlb-Total-Hits:        1626850554   99.95%
Tlb-Total-Misses:          848743    0.05%
Tlb-Total-Accesses:    1627699297  100.00%



--------
Two level Cache hierarchy
--------
  L1-Data Cache:
    Size(KB):          32
    Block Size(B):     64
    Associativity:      8

  L2-Data Cache:
    Size(KB):        2048
    Block Size(B):    128
    Associativity:     16

Latencies:    1   10  250
L1-Sets:   64 - LRU - assoc:   8
L2-Sets: 1024 - LRU - assoc:  16
Store_allocation: Yes
L2_inclusive: Yes
L2_prefetching: No

L1 Cache Stats:
L1-Load-Hits:        1453971130   98.66%
L1-Load-Misses:        19766102    1.34%
L1-Load-Accesses:    1473737232  100.00%

L1-Store-Hits:         147945762   96.09%
L1-Store-Misses:         6016303    3.91%
L1-Store-Accesses:     153962065  100.00%

L1-Total-Hits:        1601916892   98.42%
L1-Total-Misses:        25782405    1.58%
L1-Total-Accesses:    1627699297  100.00%

L2 Cache Stats:
L2-Load-Hits:          15089361   76.34%
L2-Load-Misses:         4676741   23.66%
L2-Load-Accesses:      19766102  100.00%

L2-Store-Hits:           3297484   54.81%
L2-Store-Misses:         2718819   45.19%
L2-Store-Accesses:       6016303  100.00%

L2-Total-Hits:          18386845   71.32%
L2-Total-Misses:         7395560   28.68%
L2-Total-Accesses:      25782405  100.00%

