--------
Total Statistics
--------
Total Instructions: 7983656642
Total Cycles: 12067682199
IPC: 0.661573

--------
Single level Tlb hierarchy
--------
  Data Tlb:
    Entries:          64
    Page Size(B):   4096
    Associativity:      4

Latencies:    0  150
Tlb-Sets:   16 - LRU - assoc:   4

Tlb Stats:
Tlb-Load-Hits:        1473170167   99.96%
Tlb-Load-Misses:          567065    0.04%
Tlb-Load-Accesses:    1473737232  100.00%

Tlb-Store-Hits:         153682225   99.82%
Tlb-Store-Misses:          279840    0.18%
Tlb-Store-Accesses:     153962065  100.00%

Tlb-Total-Hits:        1626852392   99.95%
Tlb-Total-Misses:          846905    0.05%
Tlb-Total-Accesses:    1627699297  100.00%



--------
Two level Cache hierarchy
--------
  L1-Data Cache:
    Size(KB):          32
    Block Size(B):     64
    Associativity:      8

  L2-Data Cache:
    Size(KB):        2048
    Block Size(B):     64
    Associativity:     16

Latencies:    1   10  250
L1-Sets:   64 - LRU - assoc:   8
L2-Sets: 2048 - LRU - assoc:  16
Store_allocation: Yes
L2_inclusive: Yes
L2_prefetching: No

L1 Cache Stats:
L1-Load-Hits:        1459818906   99.06%
L1-Load-Misses:        13918326    0.94%
L1-Load-Accesses:    1473737232  100.00%

L1-Store-Hits:         150873590   97.99%
L1-Store-Misses:         3088475    2.01%
L1-Store-Accesses:     153962065  100.00%

L1-Total-Hits:        1610692496   98.96%
L1-Total-Misses:        17006801    1.04%
L1-Total-Accesses:    1627699297  100.00%

L2 Cache Stats:
L2-Load-Hits:           8362076   60.08%
L2-Load-Misses:         5556250   39.92%
L2-Load-Accesses:      13918326  100.00%

L2-Store-Hits:              7835    0.25%
L2-Store-Misses:         3080640   99.75%
L2-Store-Accesses:       3088475  100.00%

L2-Total-Hits:           8369911   49.22%
L2-Total-Misses:         8636890   50.78%
L2-Total-Accesses:      17006801  100.00%

