--------
Total Statistics
--------
Total Instructions: 32385411414
Total Cycles: 52118578752
IPC: 0.621379

--------
Single level Tlb hierarchy
--------
  Data Tlb:
    Entries:          64
    Page Size(B):   4096
    Associativity:      4

Latencies:    0  150
Tlb-Sets:   16 - LRU - assoc:   4

Tlb Stats:
Tlb-Load-Hits:        9296743362   99.86%
Tlb-Load-Misses:        13389293    0.14%
Tlb-Load-Accesses:    9310132655  100.00%

Tlb-Store-Hits:        4880373326   99.91%
Tlb-Store-Misses:         4210637    0.09%
Tlb-Store-Accesses:    4884583963  100.00%

Tlb-Total-Hits:       14177116688   99.88%
Tlb-Total-Misses:        17599930    0.12%
Tlb-Total-Accesses:   14194716618  100.00%



--------
Two level Cache hierarchy
--------
  L1-Data Cache:
    Size(KB):          32
    Block Size(B):     64
    Associativity:      8

  L2-Data Cache:
    Size(KB):        2048
    Block Size(B):     64
    Associativity:     16

Latencies:    1   10  250
L1-Sets:   64 - LRU - assoc:   8
L2-Sets: 2048 - LRU - assoc:  16
Store_allocation: Yes
L2_inclusive: Yes
L2_prefetching: No

L1 Cache Stats:
L1-Load-Hits:        9267368266   99.54%
L1-Load-Misses:        42764389    0.46%
L1-Load-Accesses:    9310132655  100.00%

L1-Store-Hits:        4877092680   99.85%
L1-Store-Misses:         7491283    0.15%
L1-Store-Accesses:    4884583963  100.00%

L1-Total-Hits:       14144460946   99.65%
L1-Total-Misses:        50255672    0.35%
L1-Total-Accesses:   14194716618  100.00%

L2 Cache Stats:
L2-Load-Hits:          36434369   85.20%
L2-Load-Misses:         6330020   14.80%
L2-Load-Accesses:      42764389  100.00%

L2-Store-Hits:           4237685   56.57%
L2-Store-Misses:         3253598   43.43%
L2-Store-Accesses:       7491283  100.00%

L2-Total-Hits:          40672054   80.93%
L2-Total-Misses:         9583618   19.07%
L2-Total-Accesses:      50255672  100.00%

