--------
Total Statistics
--------
Total Instructions: 32385411442
Total Cycles: 51298047330
IPC: 0.631319

--------
Single level Tlb hierarchy
--------
  Data Tlb:
    Entries:          64
    Page Size(B):   4096
    Associativity:      4

Latencies:    0  150
Tlb-Sets:   16 - LRU - assoc:   4

Tlb Stats:
Tlb-Load-Hits:        9297280068   99.86%
Tlb-Load-Misses:        12852596    0.14%
Tlb-Load-Accesses:    9310132664  100.00%

Tlb-Store-Hits:        4880537747   99.92%
Tlb-Store-Misses:         4046217    0.08%
Tlb-Store-Accesses:    4884583964  100.00%

Tlb-Total-Hits:       14177817815   99.88%
Tlb-Total-Misses:        16898813    0.12%
Tlb-Total-Accesses:   14194716628  100.00%



--------
Two level Cache hierarchy
--------
  L1-Data Cache:
    Size(KB):          32
    Block Size(B):     64
    Associativity:      8

  L2-Data Cache:
    Size(KB):        1024
    Block Size(B):    256
    Associativity:     16

Latencies:    1   10  250
L1-Sets:   64 - LRU - assoc:   8
L2-Sets:  256 - LRU - assoc:  16
Store_allocation: Yes
L2_inclusive: Yes
L2_prefetching: No

L1 Cache Stats:
L1-Load-Hits:        9260828704   99.47%
L1-Load-Misses:        49303960    0.53%
L1-Load-Accesses:    9310132664  100.00%

L1-Store-Hits:        4875463468   99.81%
L1-Store-Misses:         9120496    0.19%
L1-Store-Accesses:    4884583964  100.00%

L1-Total-Hits:       14136292172   99.59%
L1-Total-Misses:        58424456    0.41%
L1-Total-Accesses:   14194716628  100.00%

L2 Cache Stats:
L2-Load-Hits:          44144870   89.54%
L2-Load-Misses:         5159090   10.46%
L2-Load-Accesses:      49303960  100.00%

L2-Store-Hits:           7884175   86.44%
L2-Store-Misses:         1236321   13.56%
L2-Store-Accesses:       9120496  100.00%

L2-Total-Hits:          52029045   89.05%
L2-Total-Misses:         6395411   10.95%
L2-Total-Accesses:      58424456  100.00%

