--------
Total Statistics
--------
Total Instructions: 3916820473
Total Cycles: 5697775065
IPC: 0.68743

--------
Single level Tlb hierarchy
--------
  Data Tlb:
    Entries:          64
    Page Size(B):   4096
    Associativity:      4

Latencies:    0  150
Tlb-Sets:   16 - LRU - assoc:   4

Tlb Stats:
Tlb-Load-Hits:         996152839   99.95%
Tlb-Load-Misses:          534988    0.05%
Tlb-Load-Accesses:     996687827  100.00%

Tlb-Store-Hits:         218490082   99.98%
Tlb-Store-Misses:           50883    0.02%
Tlb-Store-Accesses:     218540965  100.00%

Tlb-Total-Hits:        1214642921   99.95%
Tlb-Total-Misses:          585871    0.05%
Tlb-Total-Accesses:    1215228792  100.00%



--------
Two level Cache hierarchy
--------
  L1-Data Cache:
    Size(KB):          32
    Block Size(B):     64
    Associativity:      8

  L2-Data Cache:
    Size(KB):        1024
    Block Size(B):     64
    Associativity:     16

Latencies:    1   10  250
L1-Sets:   64 - LRU - assoc:   8
L2-Sets: 1024 - LRU - assoc:  16
Store_allocation: Yes
L2_inclusive: Yes
L2_prefetching: No

L1 Cache Stats:
L1-Load-Hits:         994091357   99.74%
L1-Load-Misses:         2596470    0.26%
L1-Load-Accesses:     996687827  100.00%

L1-Store-Hits:         218127295   99.81%
L1-Store-Misses:          413670    0.19%
L1-Store-Accesses:     218540965  100.00%

L1-Total-Hits:        1212218652   99.75%
L1-Total-Misses:         3010140    0.25%
L1-Total-Accesses:    1215228792  100.00%

L2 Cache Stats:
L2-Load-Hits:           1196192   46.07%
L2-Load-Misses:         1400278   53.93%
L2-Load-Accesses:       2596470  100.00%

L2-Store-Hits:             22973    5.55%
L2-Store-Misses:          390697   94.45%
L2-Store-Accesses:        413670  100.00%

L2-Total-Hits:           1219165   40.50%
L2-Total-Misses:         1790975   59.50%
L2-Total-Accesses:       3010140  100.00%

