--------
Total Statistics
--------
Total Instructions: 3916820473
Total Cycles: 5558045165
IPC: 0.704712

--------
Single level Tlb hierarchy
--------
  Data Tlb:
    Entries:          64
    Page Size(B):   4096
    Associativity:      4

Latencies:    0  150
Tlb-Sets:   16 - LRU - assoc:   4

Tlb Stats:
Tlb-Load-Hits:         996131003   99.94%
Tlb-Load-Misses:          556824    0.06%
Tlb-Load-Accesses:     996687827  100.00%

Tlb-Store-Hits:         218482277   99.97%
Tlb-Store-Misses:           58688    0.03%
Tlb-Store-Accesses:     218540965  100.00%

Tlb-Total-Hits:        1214613280   99.95%
Tlb-Total-Misses:          615512    0.05%
Tlb-Total-Accesses:    1215228792  100.00%



--------
Two level Cache hierarchy
--------
  L1-Data Cache:
    Size(KB):          32
    Block Size(B):     64
    Associativity:      8

  L2-Data Cache:
    Size(KB):         512
    Block Size(B):    128
    Associativity:      8

Latencies:    1   10  250
L1-Sets:   64 - LRU - assoc:   8
L2-Sets:  512 - LRU - assoc:   8
Store_allocation: Yes
L2_inclusive: Yes
L2_prefetching: No

L1 Cache Stats:
L1-Load-Hits:         992924425   99.62%
L1-Load-Misses:         3763402    0.38%
L1-Load-Accesses:     996687827  100.00%

L1-Store-Hits:         217921207   99.72%
L1-Store-Misses:          619758    0.28%
L1-Store-Accesses:     218540965  100.00%

L1-Total-Hits:        1210845632   99.64%
L1-Total-Misses:         4383160    0.36%
L1-Total-Accesses:    1215228792  100.00%

L2 Cache Stats:
L2-Load-Hits:           2801304   74.44%
L2-Load-Misses:          962098   25.56%
L2-Load-Accesses:       3763402  100.00%

L2-Store-Hits:            422506   68.17%
L2-Store-Misses:          197252   31.83%
L2-Store-Accesses:        619758  100.00%

L2-Total-Hits:           3223810   73.55%
L2-Total-Misses:         1159350   26.45%
L2-Total-Accesses:       4383160  100.00%

