--------
Total Statistics
--------
Total Instructions: 3916820473
Total Cycles: 5504022075
IPC: 0.711629

--------
Single level Tlb hierarchy
--------
  Data Tlb:
    Entries:          64
    Page Size(B):   4096
    Associativity:      4

Latencies:    0  150
Tlb-Sets:   16 - LRU - assoc:   4

Tlb Stats:
Tlb-Load-Hits:         996126226   99.94%
Tlb-Load-Misses:          561601    0.06%
Tlb-Load-Accesses:     996687827  100.00%

Tlb-Store-Hits:         218488228   99.98%
Tlb-Store-Misses:           52737    0.02%
Tlb-Store-Accesses:     218540965  100.00%

Tlb-Total-Hits:        1214614454   99.95%
Tlb-Total-Misses:          614338    0.05%
Tlb-Total-Accesses:    1215228792  100.00%



--------
Two level Cache hierarchy
--------
  L1-Data Cache:
    Size(KB):          32
    Block Size(B):     64
    Associativity:      8

  L2-Data Cache:
    Size(KB):        1024
    Block Size(B):    128
    Associativity:     16

Latencies:    1   10  250
L1-Sets:   64 - LRU - assoc:   8
L2-Sets:  512 - LRU - assoc:  16
Store_allocation: Yes
L2_inclusive: Yes
L2_prefetching: No

L1 Cache Stats:
L1-Load-Hits:         993143456   99.64%
L1-Load-Misses:         3544371    0.36%
L1-Load-Accesses:     996687827  100.00%

L1-Store-Hits:         217919475   99.72%
L1-Store-Misses:          621490    0.28%
L1-Store-Accesses:     218540965  100.00%

L1-Total-Hits:        1211062931   99.66%
L1-Total-Misses:         4165861    0.34%
L1-Total-Accesses:    1215228792  100.00%

L2 Cache Stats:
L2-Load-Hits:           2786869   78.63%
L2-Load-Misses:          757502   21.37%
L2-Load-Accesses:       3544371  100.00%

L2-Store-Hits:            426338   68.60%
L2-Store-Misses:          195152   31.40%
L2-Store-Accesses:        621490  100.00%

L2-Total-Hits:           3213207   77.13%
L2-Total-Misses:          952654   22.87%
L2-Total-Accesses:       4165861  100.00%

