--------
Total Statistics
--------
Total Instructions: 3916820473
Total Cycles: 5754047525
IPC: 0.680707

--------
Single level Tlb hierarchy
--------
  Data Tlb:
    Entries:          64
    Page Size(B):   4096
    Associativity:      4

Latencies:    0  150
Tlb-Sets:   16 - LRU - assoc:   4

Tlb Stats:
Tlb-Load-Hits:         996150336   99.95%
Tlb-Load-Misses:          537491    0.05%
Tlb-Load-Accesses:     996687827  100.00%

Tlb-Store-Hits:         218489752   99.98%
Tlb-Store-Misses:           51213    0.02%
Tlb-Store-Accesses:     218540965  100.00%

Tlb-Total-Hits:        1214640088   99.95%
Tlb-Total-Misses:          588704    0.05%
Tlb-Total-Accesses:    1215228792  100.00%



--------
Two level Cache hierarchy
--------
  L1-Data Cache:
    Size(KB):          32
    Block Size(B):     64
    Associativity:      8

  L2-Data Cache:
    Size(KB):         512
    Block Size(B):     64
    Associativity:      8

Latencies:    1   10  250
L1-Sets:   64 - LRU - assoc:   8
L2-Sets: 1024 - LRU - assoc:   8
Store_allocation: Yes
L2_inclusive: Yes
L2_prefetching: No

L1 Cache Stats:
L1-Load-Hits:         994066938   99.74%
L1-Load-Misses:         2620889    0.26%
L1-Load-Accesses:     996687827  100.00%

L1-Store-Hits:         218122838   99.81%
L1-Store-Misses:          418127    0.19%
L1-Store-Accesses:     218540965  100.00%

L1-Total-Hits:        1212189776   99.75%
L1-Total-Misses:         3039016    0.25%
L1-Total-Accesses:    1215228792  100.00%

L2 Cache Stats:
L2-Load-Hits:           1000724   38.18%
L2-Load-Misses:         1620165   61.82%
L2-Load-Accesses:       2620889  100.00%

L2-Store-Hits:             25082    6.00%
L2-Store-Misses:          393045   94.00%
L2-Store-Accesses:        418127  100.00%

L2-Total-Hits:           1025806   33.75%
L2-Total-Misses:         2013210   66.25%
L2-Total-Accesses:       3039016  100.00%

