--------
Total Statistics
--------
Total Instructions: 16205573206
Total Cycles: 110925951522
IPC: 0.146094

--------
Single level Tlb hierarchy
--------
  Data Tlb:
    Entries:          64
    Page Size(B):   4096
    Associativity:      4

Latencies:    0  150
Tlb-Sets:   16 - LRU - assoc:   4

Tlb Stats:
Tlb-Load-Hits:        2883494388   98.85%
Tlb-Load-Misses:        33420662    1.15%
Tlb-Load-Accesses:    2916915050  100.00%

Tlb-Store-Hits:          56426984   99.72%
Tlb-Store-Misses:          158132    0.28%
Tlb-Store-Accesses:      56585116  100.00%

Tlb-Total-Hits:        2939921372   98.87%
Tlb-Total-Misses:        33578794    1.13%
Tlb-Total-Accesses:    2973500166  100.00%



--------
Two level Cache hierarchy
--------
  L1-Data Cache:
    Size(KB):          32
    Block Size(B):     64
    Associativity:      8

  L2-Data Cache:
    Size(KB):        1024
    Block Size(B):     64
    Associativity:      8

Latencies:    1   10  250
L1-Sets:   64 - LRU - assoc:   8
L2-Sets: 2048 - LRU - assoc:   8
Store_allocation: Yes
L2_inclusive: Yes
L2_prefetching: No

L1 Cache Stats:
L1-Load-Hits:        2572779037   88.20%
L1-Load-Misses:       344136013   11.80%
L1-Load-Accesses:    2916915050  100.00%

L1-Store-Hits:          55567849   98.20%
L1-Store-Misses:         1017267    1.80%
L1-Store-Accesses:      56585116  100.00%

L1-Total-Hits:        2628346886   88.39%
L1-Total-Misses:       345153280   11.61%
L1-Total-Accesses:    2973500166  100.00%

L2 Cache Stats:
L2-Load-Hits:          12015323    3.49%
L2-Load-Misses:       332120690   96.51%
L2-Load-Accesses:     344136013  100.00%

L2-Store-Hits:            103852   10.21%
L2-Store-Misses:          913415   89.79%
L2-Store-Accesses:       1017267  100.00%

L2-Total-Hits:          12119175    3.51%
L2-Total-Misses:       333034105   96.49%
L2-Total-Accesses:     345153280  100.00%

