--------
Total Statistics
--------
Total Instructions: 16205573206
Total Cycles: 51167603422
IPC: 0.316716

--------
Single level Tlb hierarchy
--------
  Data Tlb:
    Entries:          64
    Page Size(B):   4096
    Associativity:      4

Latencies:    0  150
Tlb-Sets:   16 - LRU - assoc:   4

Tlb Stats:
Tlb-Load-Hits:        2883561014   98.86%
Tlb-Load-Misses:        33354036    1.14%
Tlb-Load-Accesses:    2916915050  100.00%

Tlb-Store-Hits:          56441136   99.75%
Tlb-Store-Misses:          143980    0.25%
Tlb-Store-Accesses:      56585116  100.00%

Tlb-Total-Hits:        2940002150   98.87%
Tlb-Total-Misses:        33498016    1.13%
Tlb-Total-Accesses:    2973500166  100.00%



--------
Two level Cache hierarchy
--------
  L1-Data Cache:
    Size(KB):          32
    Block Size(B):     64
    Associativity:      8

  L2-Data Cache:
    Size(KB):        1024
    Block Size(B):    256
    Associativity:     16

Latencies:    1   10  250
L1-Sets:   64 - LRU - assoc:   8
L2-Sets:  256 - LRU - assoc:  16
Store_allocation: Yes
L2_inclusive: Yes
L2_prefetching: No

L1 Cache Stats:
L1-Load-Hits:        2467375998   84.59%
L1-Load-Misses:       449539052   15.41%
L1-Load-Accesses:    2916915050  100.00%

L1-Store-Hits:          55064853   97.31%
L1-Store-Misses:         1520263    2.69%
L1-Store-Accesses:      56585116  100.00%

L1-Total-Hits:        2522440851   84.83%
L1-Total-Misses:       451059315   15.17%
L1-Total-Accesses:    2973500166  100.00%

L2 Cache Stats:
L2-Load-Hits:         359963065   80.07%
L2-Load-Misses:        89575987   19.93%
L2-Load-Accesses:     449539052  100.00%

L2-Store-Hits:           1283312   84.41%
L2-Store-Misses:          236951   15.59%
L2-Store-Accesses:       1520263  100.00%

L2-Total-Hits:         361246377   80.09%
L2-Total-Misses:        89812938   19.91%
L2-Total-Accesses:     451059315  100.00%

