--------
Total Statistics
--------
Total Instructions: 16205573206
Total Cycles: 72207783482
IPC: 0.22443

--------
Single level Tlb hierarchy
--------
  Data Tlb:
    Entries:          64
    Page Size(B):   4096
    Associativity:      4

Latencies:    0  150
Tlb-Sets:   16 - LRU - assoc:   4

Tlb Stats:
Tlb-Load-Hits:        2883572461   98.86%
Tlb-Load-Misses:        33342589    1.14%
Tlb-Load-Accesses:    2916915050  100.00%

Tlb-Store-Hits:          56446324   99.75%
Tlb-Store-Misses:          138792    0.25%
Tlb-Store-Accesses:      56585116  100.00%

Tlb-Total-Hits:        2940018785   98.87%
Tlb-Total-Misses:        33481381    1.13%
Tlb-Total-Accesses:    2973500166  100.00%



--------
Two level Cache hierarchy
--------
  L1-Data Cache:
    Size(KB):          32
    Block Size(B):     64
    Associativity:      8

  L2-Data Cache:
    Size(KB):        2048
    Block Size(B):    128
    Associativity:     16

Latencies:    1   10  250
L1-Sets:   64 - LRU - assoc:   8
L2-Sets: 1024 - LRU - assoc:  16
Store_allocation: Yes
L2_inclusive: Yes
L2_prefetching: No

L1 Cache Stats:
L1-Load-Hits:        2407613196   82.54%
L1-Load-Misses:       509301854   17.46%
L1-Load-Accesses:    2916915050  100.00%

L1-Store-Hits:          54603849   96.50%
L1-Store-Misses:         1981267    3.50%
L1-Store-Accesses:      56585116  100.00%

L1-Total-Hits:        2462217045   82.81%
L1-Total-Misses:       511283121   17.19%
L1-Total-Accesses:    2973500166  100.00%

L2 Cache Stats:
L2-Load-Hits:         338167307   66.40%
L2-Load-Misses:       171134547   33.60%
L2-Load-Accesses:     509301854  100.00%

L2-Store-Hits:           1541127   77.78%
L2-Store-Misses:          440140   22.22%
L2-Store-Accesses:       1981267  100.00%

L2-Total-Hits:         339708434   66.44%
L2-Total-Misses:       171574687   33.56%
L2-Total-Accesses:     511283121  100.00%

