--------
Total Statistics
--------
Total Instructions: 16205573206
Total Cycles: 50118813212
IPC: 0.323343

--------
Single level Tlb hierarchy
--------
  Data Tlb:
    Entries:          64
    Page Size(B):   4096
    Associativity:      4

Latencies:    0  150
Tlb-Sets:   16 - LRU - assoc:   4

Tlb Stats:
Tlb-Load-Hits:        2883562811   98.86%
Tlb-Load-Misses:        33352239    1.14%
Tlb-Load-Accesses:    2916915050  100.00%

Tlb-Store-Hits:          56441159   99.75%
Tlb-Store-Misses:          143957    0.25%
Tlb-Store-Accesses:      56585116  100.00%

Tlb-Total-Hits:        2940003970   98.87%
Tlb-Total-Misses:        33496196    1.13%
Tlb-Total-Accesses:    2973500166  100.00%



--------
Two level Cache hierarchy
--------
  L1-Data Cache:
    Size(KB):          32
    Block Size(B):     64
    Associativity:      8

  L2-Data Cache:
    Size(KB):        2048
    Block Size(B):    256
    Associativity:     16

Latencies:    1   10  250
L1-Sets:   64 - LRU - assoc:   8
L2-Sets:  512 - LRU - assoc:  16
Store_allocation: Yes
L2_inclusive: Yes
L2_prefetching: No

L1 Cache Stats:
L1-Load-Hits:        2472083690   84.75%
L1-Load-Misses:       444831360   15.25%
L1-Load-Accesses:    2916915050  100.00%

L1-Store-Hits:          55085557   97.35%
L1-Store-Misses:         1499559    2.65%
L1-Store-Accesses:      56585116  100.00%

L1-Total-Hits:        2527169247   84.99%
L1-Total-Misses:       446330919   15.01%
L1-Total-Accesses:    2973500166  100.00%

L2 Cache Stats:
L2-Load-Hits:         359242432   80.76%
L2-Load-Misses:        85588928   19.24%
L2-Load-Accesses:     444831360  100.00%

L2-Store-Hits:           1280482   85.39%
L2-Store-Misses:          219077   14.61%
L2-Store-Accesses:       1499559  100.00%

L2-Total-Hits:         360522914   80.77%
L2-Total-Misses:        85808005   19.23%
L2-Total-Accesses:     446330919  100.00%

