--------
Total Statistics
--------
Total Instructions: 16205573234
Total Cycles: 51119050680
IPC: 0.317016

--------
Single level Tlb hierarchy
--------
  Data Tlb:
    Entries:          64
    Page Size(B):   4096
    Associativity:      4

Latencies:    0  150
Tlb-Sets:   16 - LRU - assoc:   4

Tlb Stats:
Tlb-Load-Hits:        2883561839   98.86%
Tlb-Load-Misses:        33353220    1.14%
Tlb-Load-Accesses:    2916915059  100.00%

Tlb-Store-Hits:          56439314   99.74%
Tlb-Store-Misses:          145803    0.26%
Tlb-Store-Accesses:      56585117  100.00%

Tlb-Total-Hits:        2940001153   98.87%
Tlb-Total-Misses:        33499023    1.13%
Tlb-Total-Accesses:    2973500176  100.00%



--------
Two level Cache hierarchy
--------
  L1-Data Cache:
    Size(KB):          32
    Block Size(B):     64
    Associativity:      8

  L2-Data Cache:
    Size(KB):        1024
    Block Size(B):    256
    Associativity:      8

Latencies:    1   10  250
L1-Sets:   64 - LRU - assoc:   8
L2-Sets:  512 - LRU - assoc:   8
Store_allocation: Yes
L2_inclusive: Yes
L2_prefetching: No

L1 Cache Stats:
L1-Load-Hits:        2471196386   84.72%
L1-Load-Misses:       445718673   15.28%
L1-Load-Accesses:    2916915059  100.00%

L1-Store-Hits:          55064608   97.31%
L1-Store-Misses:         1520509    2.69%
L1-Store-Accesses:      56585117  100.00%

L1-Total-Hits:        2526260994   84.96%
L1-Total-Misses:       447239182   15.04%
L1-Total-Accesses:    2973500176  100.00%

L2 Cache Stats:
L2-Load-Hits:         356186005   79.91%
L2-Load-Misses:        89532668   20.09%
L2-Load-Accesses:     445718673  100.00%

L2-Store-Hits:           1282249   84.33%
L2-Store-Misses:          238260   15.67%
L2-Store-Accesses:       1520509  100.00%

L2-Total-Hits:         357468254   79.93%
L2-Total-Misses:        89770928   20.07%
L2-Total-Accesses:     447239182  100.00%

