--------
Total Statistics
--------
Total Instructions: 16205573206
Total Cycles: 107911418292
IPC: 0.150175

--------
Single level Tlb hierarchy
--------
  Data Tlb:
    Entries:          64
    Page Size(B):   4096
    Associativity:      4

Latencies:    0  150
Tlb-Sets:   16 - LRU - assoc:   4

Tlb Stats:
Tlb-Load-Hits:        2883573219   98.86%
Tlb-Load-Misses:        33341831    1.14%
Tlb-Load-Accesses:    2916915050  100.00%

Tlb-Store-Hits:          56446673   99.76%
Tlb-Store-Misses:          138443    0.24%
Tlb-Store-Accesses:      56585116  100.00%

Tlb-Total-Hits:        2940019892   98.87%
Tlb-Total-Misses:        33480274    1.13%
Tlb-Total-Accesses:    2973500166  100.00%



--------
Two level Cache hierarchy
--------
  L1-Data Cache:
    Size(KB):          32
    Block Size(B):     64
    Associativity:      8

  L2-Data Cache:
    Size(KB):        2048
    Block Size(B):     64
    Associativity:     16

Latencies:    1   10  250
L1-Sets:   64 - LRU - assoc:   8
L2-Sets: 2048 - LRU - assoc:  16
Store_allocation: Yes
L2_inclusive: Yes
L2_prefetching: No

L1 Cache Stats:
L1-Load-Hits:        2572950180   88.21%
L1-Load-Misses:       343964870   11.79%
L1-Load-Accesses:    2916915050  100.00%

L1-Store-Hits:          55569629   98.21%
L1-Store-Misses:         1015487    1.79%
L1-Store-Accesses:      56585116  100.00%

L1-Total-Hits:        2628519809   88.40%
L1-Total-Misses:       344980357   11.60%
L1-Total-Accesses:    2973500166  100.00%

L2 Cache Stats:
L2-Load-Hits:          23777598    6.91%
L2-Load-Misses:       320187272   93.09%
L2-Load-Accesses:     343964870  100.00%

L2-Store-Hits:            160758   15.83%
L2-Store-Misses:          854729   84.17%
L2-Store-Accesses:       1015487  100.00%

L2-Total-Hits:          23938356    6.94%
L2-Total-Misses:       321042001   93.06%
L2-Total-Accesses:     344980357  100.00%

