--------
Total Statistics
--------
Total Instructions: 23632511291
Total Cycles: 32728654478
IPC: 0.722074

--------
Single level Tlb hierarchy
--------
  Data Tlb:
    Entries:          64
    Page Size(B):   4096
    Associativity:      4

Latencies:    0  150
Tlb-Sets:   16 - LRU - assoc:   4

Tlb Stats:
Tlb-Load-Hits:        6840365991  100.00%
Tlb-Load-Misses:              64    0.00%
Tlb-Load-Accesses:    6840366055  100.00%

Tlb-Store-Hits:        1743491450  100.00%
Tlb-Store-Misses:             342    0.00%
Tlb-Store-Accesses:    1743491792  100.00%

Tlb-Total-Hits:        8583857441  100.00%
Tlb-Total-Misses:             406    0.00%
Tlb-Total-Accesses:    8583857847  100.00%



--------
Two level Cache hierarchy
--------
  L1-Data Cache:
    Size(KB):          32
    Block Size(B):     64
    Associativity:      8

  L2-Data Cache:
    Size(KB):        2048
    Block Size(B):    256
    Associativity:     16

Latencies:    1   10  250
L1-Sets:   64 - LRU - assoc:   8
L2-Sets:  512 - LRU - assoc:  16
Store_allocation: Yes
L2_inclusive: Yes
L2_prefetching: No

L1 Cache Stats:
L1-Load-Hits:        6822149533   99.73%
L1-Load-Misses:        18216522    0.27%
L1-Load-Accesses:    6840366055  100.00%

L1-Store-Hits:        1710627620   98.12%
L1-Store-Misses:        32864172    1.88%
L1-Store-Accesses:    1743491792  100.00%

L1-Total-Hits:        8532777153   99.40%
L1-Total-Misses:        51080694    0.60%
L1-Total-Accesses:    8583857847  100.00%

L2 Cache Stats:
L2-Load-Hits:          18216001  100.00%
L2-Load-Misses:             521    0.00%
L2-Load-Accesses:      18216522  100.00%

L2-Store-Hits:          32859023   99.98%
L2-Store-Misses:            5149    0.02%
L2-Store-Accesses:      32864172  100.00%

L2-Total-Hits:          51075024   99.99%
L2-Total-Misses:            5670    0.01%
L2-Total-Accesses:      51080694  100.00%

