--------
Total Statistics
--------
Total Instructions: 23632511319
Total Cycles: 32732148866
IPC: 0.721997

--------
Single level Tlb hierarchy
--------
  Data Tlb:
    Entries:          64
    Page Size(B):   4096
    Associativity:      4

Latencies:    0  150
Tlb-Sets:   16 - LRU - assoc:   4

Tlb Stats:
Tlb-Load-Hits:        6840366008  100.00%
Tlb-Load-Misses:              56    0.00%
Tlb-Load-Accesses:    6840366064  100.00%

Tlb-Store-Hits:        1743491451  100.00%
Tlb-Store-Misses:             342    0.00%
Tlb-Store-Accesses:    1743491793  100.00%

Tlb-Total-Hits:        8583857459  100.00%
Tlb-Total-Misses:             398    0.00%
Tlb-Total-Accesses:    8583857857  100.00%



--------
Two level Cache hierarchy
--------
  L1-Data Cache:
    Size(KB):          32
    Block Size(B):     64
    Associativity:      8

  L2-Data Cache:
    Size(KB):        1024
    Block Size(B):     64
    Associativity:      8

Latencies:    1   10  250
L1-Sets:   64 - LRU - assoc:   8
L2-Sets: 2048 - LRU - assoc:   8
Store_allocation: Yes
L2_inclusive: Yes
L2_prefetching: No

L1 Cache Stats:
L1-Load-Hits:        6822204464   99.73%
L1-Load-Misses:        18161600    0.27%
L1-Load-Accesses:    6840366064  100.00%

L1-Store-Hits:        1710644619   98.12%
L1-Store-Misses:        32847174    1.88%
L1-Store-Accesses:    1743491793  100.00%

L1-Total-Hits:        8532849083   99.41%
L1-Total-Misses:        51008774    0.59%
L1-Total-Accesses:    8583857857  100.00%

L2 Cache Stats:
L2-Load-Hits:          18159620   99.99%
L2-Load-Misses:            1980    0.01%
L2-Load-Accesses:      18161600  100.00%

L2-Store-Hits:          32826625   99.94%
L2-Store-Misses:           20549    0.06%
L2-Store-Accesses:      32847174  100.00%

L2-Total-Hits:          50986245   99.96%
L2-Total-Misses:           22529    0.04%
L2-Total-Accesses:      51008774  100.00%

