--------
Total Statistics
--------
Total Instructions: 23632511291
Total Cycles: 32734465808
IPC: 0.721946

--------
Single level Tlb hierarchy
--------
  Data Tlb:
    Entries:          64
    Page Size(B):   4096
    Associativity:      4

Latencies:    0  150
Tlb-Sets:   16 - LRU - assoc:   4

Tlb Stats:
Tlb-Load-Hits:        6840365996  100.00%
Tlb-Load-Misses:              59    0.00%
Tlb-Load-Accesses:    6840366055  100.00%

Tlb-Store-Hits:        1743491450  100.00%
Tlb-Store-Misses:             342    0.00%
Tlb-Store-Accesses:    1743491792  100.00%

Tlb-Total-Hits:        8583857446  100.00%
Tlb-Total-Misses:             401    0.00%
Tlb-Total-Accesses:    8583857847  100.00%



--------
Two level Cache hierarchy
--------
  L1-Data Cache:
    Size(KB):          32
    Block Size(B):     64
    Associativity:      8

  L2-Data Cache:
    Size(KB):         512
    Block Size(B):     64
    Associativity:      8

Latencies:    1   10  250
L1-Sets:   64 - LRU - assoc:   8
L2-Sets: 1024 - LRU - assoc:   8
Store_allocation: Yes
L2_inclusive: Yes
L2_prefetching: No

L1 Cache Stats:
L1-Load-Hits:        6821628499   99.73%
L1-Load-Misses:        18737556    0.27%
L1-Load-Accesses:    6840366055  100.00%

L1-Store-Hits:        1710989246   98.14%
L1-Store-Misses:        32502546    1.86%
L1-Store-Accesses:    1743491792  100.00%

L1-Total-Hits:        8532617745   99.40%
L1-Total-Misses:        51240102    0.60%
L1-Total-Accesses:    8583857847  100.00%

L2 Cache Stats:
L2-Load-Hits:          18735569   99.99%
L2-Load-Misses:            1987    0.01%
L2-Load-Accesses:      18737556  100.00%

L2-Store-Hits:          32481991   99.94%
L2-Store-Misses:           20555    0.06%
L2-Store-Accesses:      32502546  100.00%

L2-Total-Hits:          51217560   99.96%
L2-Total-Misses:           22542    0.04%
L2-Total-Accesses:      51240102  100.00%

