--------
Total Statistics
--------
Total Instructions: 23632511291
Total Cycles: 32713482408
IPC: 0.722409

--------
Single level Tlb hierarchy
--------
  Data Tlb:
    Entries:          64
    Page Size(B):   4096
    Associativity:      4

Latencies:    0  150
Tlb-Sets:   16 - LRU - assoc:   4

Tlb Stats:
Tlb-Load-Hits:        6840365982  100.00%
Tlb-Load-Misses:              73    0.00%
Tlb-Load-Accesses:    6840366055  100.00%

Tlb-Store-Hits:        1743491447  100.00%
Tlb-Store-Misses:             345    0.00%
Tlb-Store-Accesses:    1743491792  100.00%

Tlb-Total-Hits:        8583857429  100.00%
Tlb-Total-Misses:             418    0.00%
Tlb-Total-Accesses:    8583857847  100.00%



--------
Two level Cache hierarchy
--------
  L1-Data Cache:
    Size(KB):          32
    Block Size(B):     64
    Associativity:      8

  L2-Data Cache:
    Size(KB):        2048
    Block Size(B):     64
    Associativity:     16

Latencies:    1   10  250
L1-Sets:   64 - LRU - assoc:   8
L2-Sets: 2048 - LRU - assoc:  16
Store_allocation: Yes
L2_inclusive: Yes
L2_prefetching: No

L1 Cache Stats:
L1-Load-Hits:        6821943088   99.73%
L1-Load-Misses:        18422967    0.27%
L1-Load-Accesses:    6840366055  100.00%

L1-Store-Hits:        1712772702   98.24%
L1-Store-Misses:        30719090    1.76%
L1-Store-Accesses:    1743491792  100.00%

L1-Total-Hits:        8534715790   99.43%
L1-Total-Misses:        49142057    0.57%
L1-Total-Accesses:    8583857847  100.00%

L2 Cache Stats:
L2-Load-Hits:          18420994   99.99%
L2-Load-Misses:            1973    0.01%
L2-Load-Accesses:      18422967  100.00%

L2-Store-Hits:          30698543   99.93%
L2-Store-Misses:           20547    0.07%
L2-Store-Accesses:      30719090  100.00%

L2-Total-Hits:          49119537   99.95%
L2-Total-Misses:           22520    0.05%
L2-Total-Accesses:      49142057  100.00%

