--------
Total Statistics
--------
Total Instructions: 10802935199
Total Cycles: 16812365156
IPC: 0.642559

--------
Single level Tlb hierarchy
--------
  Data Tlb:
    Entries:          64
    Page Size(B):   4096
    Associativity:      4

Latencies:    0  150
Tlb-Sets:   16 - LRU - assoc:   4

Tlb Stats:
Tlb-Load-Hits:        2162537536   99.38%
Tlb-Load-Misses:        13422781    0.62%
Tlb-Load-Accesses:    2175960317  100.00%

Tlb-Store-Hits:         557104036   99.97%
Tlb-Store-Misses:          185934    0.03%
Tlb-Store-Accesses:     557289970  100.00%

Tlb-Total-Hits:        2719641572   99.50%
Tlb-Total-Misses:        13608715    0.50%
Tlb-Total-Accesses:    2733250287  100.00%



--------
Two level Cache hierarchy
--------
  L1-Data Cache:
    Size(KB):          32
    Block Size(B):     64
    Associativity:      8

  L2-Data Cache:
    Size(KB):        1024
    Block Size(B):    128
    Associativity:      8

Latencies:    1   10  250
L1-Sets:   64 - LRU - assoc:   8
L2-Sets: 1024 - LRU - assoc:   8
Store_allocation: Yes
L2_inclusive: Yes
L2_prefetching: Yes (  4)

L1 Cache Stats:
L1-Load-Hits:        2065107063   94.91%
L1-Load-Misses:       110853254    5.09%
L1-Load-Accesses:    2175960317  100.00%

L1-Store-Hits:         551348882   98.93%
L1-Store-Misses:         5941088    1.07%
L1-Store-Accesses:     557289970  100.00%

L1-Total-Hits:        2616455945   95.73%
L1-Total-Misses:       116794342    4.27%
L1-Total-Accesses:    2733250287  100.00%

L2 Cache Stats:
L2-Load-Hits:         110689932   99.85%
L2-Load-Misses:          163322    0.15%
L2-Load-Accesses:     110853254  100.00%

L2-Store-Hits:           5836694   98.24%
L2-Store-Misses:          104394    1.76%
L2-Store-Accesses:       5941088  100.00%

L2-Total-Hits:         116526626   99.77%
L2-Total-Misses:          267716    0.23%
L2-Total-Accesses:     116794342  100.00%

