--------
Total Statistics
--------
Total Instructions: 10802935199
Total Cycles: 16894391666
IPC: 0.639439

--------
Single level Tlb hierarchy
--------
  Data Tlb:
    Entries:          64
    Page Size(B):   4096
    Associativity:      4

Latencies:    0  150
Tlb-Sets:   16 - LRU - assoc:   4

Tlb Stats:
Tlb-Load-Hits:        2162537762   99.38%
Tlb-Load-Misses:        13422555    0.62%
Tlb-Load-Accesses:    2175960317  100.00%

Tlb-Store-Hits:         557104281   99.97%
Tlb-Store-Misses:          185689    0.03%
Tlb-Store-Accesses:     557289970  100.00%

Tlb-Total-Hits:        2719642043   99.50%
Tlb-Total-Misses:        13608244    0.50%
Tlb-Total-Accesses:    2733250287  100.00%



--------
Two level Cache hierarchy
--------
  L1-Data Cache:
    Size(KB):          32
    Block Size(B):     64
    Associativity:      8

  L2-Data Cache:
    Size(KB):        1024
    Block Size(B):    128
    Associativity:      8

Latencies:    1   10  250
L1-Sets:   64 - LRU - assoc:   8
L2-Sets: 1024 - LRU - assoc:   8
Store_allocation: Yes
L2_inclusive: Yes
L2_prefetching: Yes (  1)

L1 Cache Stats:
L1-Load-Hits:        2065064555   94.90%
L1-Load-Misses:       110895762    5.10%
L1-Load-Accesses:    2175960317  100.00%

L1-Store-Hits:         551128224   98.89%
L1-Store-Misses:         6161746    1.11%
L1-Store-Accesses:     557289970  100.00%

L1-Total-Hits:        2616192779   95.72%
L1-Total-Misses:       117057508    4.28%
L1-Total-Accesses:    2733250287  100.00%

L2 Cache Stats:
L2-Load-Hits:         110565442   99.70%
L2-Load-Misses:          330320    0.30%
L2-Load-Accesses:     110895762  100.00%

L2-Store-Hits:           5906488   95.86%
L2-Store-Misses:          255258    4.14%
L2-Store-Accesses:       6161746  100.00%

L2-Total-Hits:         116471930   99.50%
L2-Total-Misses:          585578    0.50%
L2-Total-Accesses:     117057508  100.00%

