--------
Total Statistics
--------
Total Instructions: 32385411442
Total Cycles: 51970733430
IPC: 0.623147

--------
Single level Tlb hierarchy
--------
  Data Tlb:
    Entries:          64
    Page Size(B):   4096
    Associativity:      4

Latencies:    0  150
Tlb-Sets:   16 - LRU - assoc:   4

Tlb Stats:
Tlb-Load-Hits:        9296934036   99.86%
Tlb-Load-Misses:        13198628    0.14%
Tlb-Load-Accesses:    9310132664  100.00%

Tlb-Store-Hits:        4880465982   99.92%
Tlb-Store-Misses:         4117982    0.08%
Tlb-Store-Accesses:    4884583964  100.00%

Tlb-Total-Hits:       14177400018   99.88%
Tlb-Total-Misses:        17316610    0.12%
Tlb-Total-Accesses:   14194716628  100.00%



--------
Two level Cache hierarchy
--------
  L1-Data Cache:
    Size(KB):          32
    Block Size(B):     64
    Associativity:      8

  L2-Data Cache:
    Size(KB):        1024
    Block Size(B):    128
    Associativity:      8

Latencies:    1   10  250
L1-Sets:   64 - LRU - assoc:   8
L2-Sets: 1024 - LRU - assoc:   8
Store_allocation: Yes
L2_inclusive: Yes
L2_prefetching: Yes ( 16)

L1 Cache Stats:
L1-Load-Hits:        9258028062   99.44%
L1-Load-Misses:        52104602    0.56%
L1-Load-Accesses:    9310132664  100.00%

L1-Store-Hits:        4874842030   99.80%
L1-Store-Misses:         9741934    0.20%
L1-Store-Accesses:    4884583964  100.00%

L1-Total-Hits:       14132870092   99.56%
L1-Total-Misses:        61846536    0.44%
L1-Total-Accesses:   14194716628  100.00%

L2 Cache Stats:
L2-Load-Hits:          45006555   86.38%
L2-Load-Misses:         7098047   13.62%
L2-Load-Accesses:      52104602  100.00%

L2-Store-Hits:           8141387   83.57%
L2-Store-Misses:         1600547   16.43%
L2-Store-Accesses:       9741934  100.00%

L2-Total-Hits:          53147942   85.94%
L2-Total-Misses:         8698594   14.06%
L2-Total-Accesses:      61846536  100.00%

