--------
Total Statistics
--------
Total Instructions: 32385411414
Total Cycles: 51230295162
IPC: 0.632154

--------
Single level Tlb hierarchy
--------
  Data Tlb:
    Entries:          64
    Page Size(B):   4096
    Associativity:      4

Latencies:    0  150
Tlb-Sets:   16 - LRU - assoc:   4

Tlb Stats:
Tlb-Load-Hits:        9297841276   99.87%
Tlb-Load-Misses:        12291379    0.13%
Tlb-Load-Accesses:    9310132655  100.00%

Tlb-Store-Hits:        4880729700   99.92%
Tlb-Store-Misses:         3854263    0.08%
Tlb-Store-Accesses:    4884583963  100.00%

Tlb-Total-Hits:       14178570976   99.89%
Tlb-Total-Misses:        16145642    0.11%
Tlb-Total-Accesses:   14194716618  100.00%



--------
Two level Cache hierarchy
--------
  L1-Data Cache:
    Size(KB):          32
    Block Size(B):     64
    Associativity:      8

  L2-Data Cache:
    Size(KB):        1024
    Block Size(B):    128
    Associativity:      8

Latencies:    1   10  250
L1-Sets:   64 - LRU - assoc:   8
L2-Sets: 1024 - LRU - assoc:   8
Store_allocation: Yes
L2_inclusive: Yes
L2_prefetching: Yes (  4)

L1 Cache Stats:
L1-Load-Hits:        9259358351   99.45%
L1-Load-Misses:        50774304    0.55%
L1-Load-Accesses:    9310132655  100.00%

L1-Store-Hits:        4875873859   99.82%
L1-Store-Misses:         8710104    0.18%
L1-Store-Accesses:    4884583963  100.00%

L1-Total-Hits:       14135232210   99.58%
L1-Total-Misses:        59484408    0.42%
L1-Total-Accesses:   14194716618  100.00%

L2 Cache Stats:
L2-Load-Hits:          45054858   88.74%
L2-Load-Misses:         5719446   11.26%
L2-Load-Accesses:      50774304  100.00%

L2-Store-Hits:           7895643   90.65%
L2-Store-Misses:          814461    9.35%
L2-Store-Accesses:       8710104  100.00%

L2-Total-Hits:          52950501   89.02%
L2-Total-Misses:         6533907   10.98%
L2-Total-Accesses:      59484408  100.00%

