--------
Total Statistics
--------
Total Instructions: 16205573234
Total Cycles: 35076446730
IPC: 0.462007

--------
Single level Tlb hierarchy
--------
  Data Tlb:
    Entries:          64
    Page Size(B):   4096
    Associativity:      4

Latencies:    0  150
Tlb-Sets:   16 - LRU - assoc:   4

Tlb Stats:
Tlb-Load-Hits:        2883486104   98.85%
Tlb-Load-Misses:        33428955    1.15%
Tlb-Load-Accesses:    2916915059  100.00%

Tlb-Store-Hits:          56428549   99.72%
Tlb-Store-Misses:          156568    0.28%
Tlb-Store-Accesses:      56585117  100.00%

Tlb-Total-Hits:        2939914653   98.87%
Tlb-Total-Misses:        33585523    1.13%
Tlb-Total-Accesses:    2973500176  100.00%



--------
Two level Cache hierarchy
--------
  L1-Data Cache:
    Size(KB):          32
    Block Size(B):     64
    Associativity:      8

  L2-Data Cache:
    Size(KB):        1024
    Block Size(B):    128
    Associativity:      8

Latencies:    1   10  250
L1-Sets:   64 - LRU - assoc:   8
L2-Sets: 1024 - LRU - assoc:   8
Store_allocation: Yes
L2_inclusive: Yes
L2_prefetching: Yes ( 32)

L1 Cache Stats:
L1-Load-Hits:        2543177956   87.19%
L1-Load-Misses:       373737103   12.81%
L1-Load-Accesses:    2916915059  100.00%

L1-Store-Hits:          55359208   97.83%
L1-Store-Misses:         1225909    2.17%
L1-Store-Accesses:      56585117  100.00%

L1-Total-Hits:        2598537164   87.39%
L1-Total-Misses:       374963012   12.61%
L1-Total-Accesses:    2973500176  100.00%

L2 Cache Stats:
L2-Load-Hits:         345394843   92.42%
L2-Load-Misses:        28342260    7.58%
L2-Load-Accesses:     373737103  100.00%

L2-Store-Hits:           1128510   92.05%
L2-Store-Misses:           97399    7.95%
L2-Store-Accesses:       1225909  100.00%

L2-Total-Hits:         346523353   92.42%
L2-Total-Misses:        28439659    7.58%
L2-Total-Accesses:     374963012  100.00%

