--------
Total Statistics
--------
Total Instructions: 16205573231
Total Cycles: 42220317707
IPC: 0.383834

--------
Single level Tlb hierarchy
--------
  Data Tlb:
    Entries:          64
    Page Size(B):   4096
    Associativity:      4

Latencies:    0  150
Tlb-Sets:   16 - LRU - assoc:   4

Tlb Stats:
Tlb-Load-Hits:        2883512965   98.85%
Tlb-Load-Misses:        33402094    1.15%
Tlb-Load-Accesses:    2916915059  100.00%

Tlb-Store-Hits:          56433362   99.73%
Tlb-Store-Misses:          151755    0.27%
Tlb-Store-Accesses:      56585117  100.00%

Tlb-Total-Hits:        2939946327   98.87%
Tlb-Total-Misses:        33553849    1.13%
Tlb-Total-Accesses:    2973500176  100.00%



--------
Two level Cache hierarchy
--------
  L1-Data Cache:
    Size(KB):          32
    Block Size(B):     64
    Associativity:      8

  L2-Data Cache:
    Size(KB):        1024
    Block Size(B):    128
    Associativity:      8

Latencies:    1   10  250
L1-Sets:   64 - LRU - assoc:   8
L2-Sets: 1024 - LRU - assoc:   8
Store_allocation: Yes
L2_inclusive: Yes
L2_prefetching: Yes (  4)

L1 Cache Stats:
L1-Load-Hits:        2527901546   86.66%
L1-Load-Misses:       389013513   13.34%
L1-Load-Accesses:    2916915059  100.00%

L1-Store-Hits:          55235810   97.62%
L1-Store-Misses:         1349307    2.38%
L1-Store-Accesses:      56585117  100.00%

L1-Total-Hits:        2583137356   86.87%
L1-Total-Misses:       390362820   13.13%
L1-Total-Accesses:    2973500176  100.00%

L2 Cache Stats:
L2-Load-Hits:         332703165   85.52%
L2-Load-Misses:        56310348   14.48%
L2-Load-Accesses:     389013513  100.00%

L2-Store-Hits:           1241500   92.01%
L2-Store-Misses:          107807    7.99%
L2-Store-Accesses:       1349307  100.00%

L2-Total-Hits:         333944665   85.55%
L2-Total-Misses:        56418155   14.45%
L2-Total-Accesses:     390362820  100.00%

