--------
Total Statistics
--------
Total Instructions: 10802935199
Total Cycles: 17034217306
IPC: 0.63419

--------
Single level Tlb hierarchy
--------
  Data Tlb:
    Entries:          64
    Page Size(B):   4096
    Associativity:      4

Latencies:    0  150
Tlb-Sets:   16 - LRU - assoc:   4

Tlb Stats:
Tlb-Load-Hits:        2162537673   99.38%
Tlb-Load-Misses:        13422644    0.62%
Tlb-Load-Accesses:    2175960317  100.00%

Tlb-Store-Hits:         557024265   99.95%
Tlb-Store-Misses:          265705    0.05%
Tlb-Store-Accesses:     557289970  100.00%

Tlb-Total-Hits:        2719561938   99.50%
Tlb-Total-Misses:        13688349    0.50%
Tlb-Total-Accesses:    2733250287  100.00%



--------
Two level Cache hierarchy
--------
  L1-Data Cache:
    Size(KB):          32
    Block Size(B):     64
    Associativity:      8

  L2-Data Cache:
    Size(KB):        1024
    Block Size(B):    128
    Associativity:      8

Latencies:    1   10  250
L1-Sets:   64 - LRU - assoc:   8
L2-Sets: 1024 - LRU - assoc:   8
Store_allocation: Yes
L2_inclusive: Yes
L2_prefetching: No

L1 Cache Stats:
L1-Load-Hits:        2064906501   94.90%
L1-Load-Misses:       111053816    5.10%
L1-Load-Accesses:    2175960317  100.00%

L1-Store-Hits:         550914089   98.86%
L1-Store-Misses:         6375881    1.14%
L1-Store-Accesses:     557289970  100.00%

L1-Total-Hits:        2615820590   95.70%
L1-Total-Misses:       117429697    4.30%
L1-Total-Accesses:    2733250287  100.00%

L2 Cache Stats:
L2-Load-Hits:         110466988   99.47%
L2-Load-Misses:          586828    0.53%
L2-Load-Accesses:     111053816  100.00%

L2-Store-Hits:           5880779   92.23%
L2-Store-Misses:          495102    7.77%
L2-Store-Accesses:       6375881  100.00%

L2-Total-Hits:         116347767   99.08%
L2-Total-Misses:         1081930    0.92%
L2-Total-Accesses:     117429697  100.00%

