--------
Total Statistics
--------
Total Instructions: 1520711613
Total Cycles: 16185385994
IPC: 0.0939558

--------
Single level Tlb hierarchy
--------
  Data Tlb:
    Entries:          64
    Page Size(B):   4096
    Associativity:      4

Latencies:    0  150
Tlb-Sets:   16 - LRU - assoc:   4

Tlb Stats:
Tlb-Load-Hits:         240940893   85.98%
Tlb-Load-Misses:        39296497   14.02%
Tlb-Load-Accesses:     280237390  100.00%

Tlb-Store-Hits:          74008203   99.26%
Tlb-Store-Misses:          555338    0.74%
Tlb-Store-Accesses:      74563541  100.00%

Tlb-Total-Hits:         314949096   88.77%
Tlb-Total-Misses:        39851835   11.23%
Tlb-Total-Accesses:     354800931  100.00%



--------
Two level Cache hierarchy
--------
  L1-Data Cache:
    Size(KB):          64
    Block Size(B):    128
    Associativity:      8

  L2-Data Cache:
    Size(KB):        1024
    Block Size(B):    128
    Associativity:      8

Latencies:    1   10  250
L1-Sets:   64 - LRU - assoc:   8
L2-Sets: 1024 - LRU - assoc:   8
Store_allocation: Yes
L2_inclusive: Yes
L2_prefetching: No

L1 Cache Stats:
L1-Load-Hits:         245692162   87.67%
L1-Load-Misses:        34545228   12.33%
L1-Load-Accesses:     280237390  100.00%

L1-Store-Hits:          74559024   99.99%
L1-Store-Misses:            4517    0.01%
L1-Store-Accesses:      74563541  100.00%

L1-Total-Hits:         320251186   90.26%
L1-Total-Misses:        34549745    9.74%
L1-Total-Accesses:     354800931  100.00%

L2 Cache Stats:
L2-Load-Hits:           2602966    7.53%
L2-Load-Misses:        31942262   92.47%
L2-Load-Accesses:      34545228  100.00%

L2-Store-Hits:               376    8.32%
L2-Store-Misses:            4141   91.68%
L2-Store-Accesses:          4517  100.00%

L2-Total-Hits:           2603342    7.54%
L2-Total-Misses:        31946403   92.46%
L2-Total-Accesses:      34549745  100.00%

