--------
Total Statistics
--------
Total Instructions: 32385411414
Total Cycles: 65176697602
IPC: 0.496886

--------
Single level Tlb hierarchy
--------
  Data Tlb:
    Entries:          64
    Page Size(B):   4096
    Associativity:      4

Latencies:    0  150
Tlb-Sets:   16 - LRU - assoc:   4

Tlb Stats:
Tlb-Load-Hits:        9241134976   99.26%
Tlb-Load-Misses:        68997679    0.74%
Tlb-Load-Accesses:    9310132655  100.00%

Tlb-Store-Hits:        4847622940   99.24%
Tlb-Store-Misses:        36961023    0.76%
Tlb-Store-Accesses:    4884583963  100.00%

Tlb-Total-Hits:       14088757916   99.25%
Tlb-Total-Misses:       105958702    0.75%
Tlb-Total-Accesses:   14194716618  100.00%



--------
Two level Cache hierarchy
--------
  L1-Data Cache:
    Size(KB):          32
    Block Size(B):     64
    Associativity:      8

  L2-Data Cache:
    Size(KB):        1024
    Block Size(B):    128
    Associativity:      8

Latencies:    1   10  250
L1-Sets:   64 - LRU - assoc:   8
L2-Sets: 1024 - LRU - assoc:   8
Store_allocation: Yes
L2_inclusive: Yes
L2_prefetching: No

L1 Cache Stats:
L1-Load-Hits:        9259999188   99.46%
L1-Load-Misses:        50133467    0.54%
L1-Load-Accesses:    9310132655  100.00%

L1-Store-Hits:        4874328228   99.79%
L1-Store-Misses:        10255735    0.21%
L1-Store-Accesses:    4884583963  100.00%

L1-Total-Hits:       14134327416   99.57%
L1-Total-Misses:        60389202    0.43%
L1-Total-Accesses:   14194716618  100.00%

L2 Cache Stats:
L2-Load-Hits:          44020080   87.81%
L2-Load-Misses:         6113387   12.19%
L2-Load-Accesses:      50133467  100.00%

L2-Store-Hits:           7973633   77.75%
L2-Store-Misses:         2282102   22.25%
L2-Store-Accesses:      10255735  100.00%

L2-Total-Hits:          51993713   86.10%
L2-Total-Misses:         8395489   13.90%
L2-Total-Accesses:      60389202  100.00%

