--------
Total Statistics
--------
Total Instructions: 16205573206
Total Cycles: 74155928082
IPC: 0.218534

--------
Single level Tlb hierarchy
--------
  Data Tlb:
    Entries:          64
    Page Size(B):   4096
    Associativity:      4

Latencies:    0  150
Tlb-Sets:   16 - LRU - assoc:   4

Tlb Stats:
Tlb-Load-Hits:        2883538098   98.86%
Tlb-Load-Misses:        33376952    1.14%
Tlb-Load-Accesses:    2916915050  100.00%

Tlb-Store-Hits:          56446338   99.75%
Tlb-Store-Misses:          138778    0.25%
Tlb-Store-Accesses:      56585116  100.00%

Tlb-Total-Hits:        2939984436   98.87%
Tlb-Total-Misses:        33515730    1.13%
Tlb-Total-Accesses:    2973500166  100.00%



--------
Two level Cache hierarchy
--------
  L1-Data Cache:
    Size(KB):          32
    Block Size(B):     64
    Associativity:      4

  L2-Data Cache:
    Size(KB):        1024
    Block Size(B):    128
    Associativity:      8

Latencies:    1   10  250
L1-Sets:  128 - LRU - assoc:   4
L2-Sets: 1024 - LRU - assoc:   8
Store_allocation: Yes
L2_inclusive: Yes
L2_prefetching: No

L1 Cache Stats:
L1-Load-Hits:        2411581814   82.68%
L1-Load-Misses:       505333236   17.32%
L1-Load-Accesses:    2916915050  100.00%

L1-Store-Hits:          54759706   96.77%
L1-Store-Misses:         1825410    3.23%
L1-Store-Accesses:      56585116  100.00%

L1-Total-Hits:        2466341520   82.94%
L1-Total-Misses:       507158646   17.06%
L1-Total-Accesses:    2973500166  100.00%

L2 Cache Stats:
L2-Load-Hits:         326297411   64.57%
L2-Load-Misses:       179035825   35.43%
L2-Load-Accesses:     505333236  100.00%

L2-Store-Hits:           1349600   73.93%
L2-Store-Misses:          475810   26.07%
L2-Store-Accesses:       1825410  100.00%

L2-Total-Hits:         327647011   64.60%
L2-Total-Misses:       179511635   35.40%
L2-Total-Accesses:     507158646  100.00%

