--------
Total Statistics
--------
Total Instructions: 23632511319
Total Cycles: 32219533976
IPC: 0.733484

--------
Single level Tlb hierarchy
--------
  Data Tlb:
    Entries:          64
    Page Size(B):   4096
    Associativity:      4

Latencies:    0  150
Tlb-Sets:   16 - LRU - assoc:   4

Tlb Stats:
Tlb-Load-Hits:        6840365991  100.00%
Tlb-Load-Misses:              73    0.00%
Tlb-Load-Accesses:    6840366064  100.00%

Tlb-Store-Hits:        1743491441  100.00%
Tlb-Store-Misses:             352    0.00%
Tlb-Store-Accesses:    1743491793  100.00%

Tlb-Total-Hits:        8583857432  100.00%
Tlb-Total-Misses:             425    0.00%
Tlb-Total-Accesses:    8583857857  100.00%



--------
Two level Cache hierarchy
--------
  L1-Data Cache:
    Size(KB):          64
    Block Size(B):     64
    Associativity:      8

  L2-Data Cache:
    Size(KB):        1024
    Block Size(B):    128
    Associativity:      8

Latencies:    1   10  250
L1-Sets:  128 - LRU - assoc:   8
L2-Sets: 1024 - LRU - assoc:   8
Store_allocation: Yes
L2_inclusive: Yes
L2_prefetching: No

L1 Cache Stats:
L1-Load-Hits:        6840363069  100.00%
L1-Load-Misses:            2995    0.00%
L1-Load-Accesses:    6840366064  100.00%

L1-Store-Hits:        1743467983  100.00%
L1-Store-Misses:           23810    0.00%
L1-Store-Accesses:    1743491793  100.00%

L1-Total-Hits:        8583831052  100.00%
L1-Total-Misses:           26805    0.00%
L1-Total-Accesses:    8583857857  100.00%

L2 Cache Stats:
L2-Load-Hits:              1958   65.38%
L2-Load-Misses:            1037   34.62%
L2-Load-Accesses:          2995  100.00%

L2-Store-Hits:             13515   56.76%
L2-Store-Misses:           10295   43.24%
L2-Store-Accesses:         23810  100.00%

L2-Total-Hits:             15473   57.72%
L2-Total-Misses:           11332   42.28%
L2-Total-Accesses:         26805  100.00%

