--------
Total Statistics
--------
Total Instructions: 23632511291
Total Cycles: 32219759378
IPC: 0.733479

--------
Single level Tlb hierarchy
--------
  Data Tlb:
    Entries:          64
    Page Size(B):   4096
    Associativity:      4

Latencies:    0  150
Tlb-Sets:   16 - LRU - assoc:   4

Tlb Stats:
Tlb-Load-Hits:        6840365989  100.00%
Tlb-Load-Misses:              66    0.00%
Tlb-Load-Accesses:    6840366055  100.00%

Tlb-Store-Hits:        1743491450  100.00%
Tlb-Store-Misses:             342    0.00%
Tlb-Store-Accesses:    1743491792  100.00%

Tlb-Total-Hits:        8583857439  100.00%
Tlb-Total-Misses:             408    0.00%
Tlb-Total-Accesses:    8583857847  100.00%



--------
Two level Cache hierarchy
--------
  L1-Data Cache:
    Size(KB):          64
    Block Size(B):     32
    Associativity:      8

  L2-Data Cache:
    Size(KB):        1024
    Block Size(B):    128
    Associativity:      8

Latencies:    1   10  250
L1-Sets:  256 - LRU - assoc:   8
L2-Sets: 1024 - LRU - assoc:   8
Store_allocation: Yes
L2_inclusive: Yes
L2_prefetching: No

L1 Cache Stats:
L1-Load-Hits:        6840361861  100.00%
L1-Load-Misses:            4194    0.00%
L1-Load-Accesses:    6840366055  100.00%

L1-Store-Hits:        1743446157  100.00%
L1-Store-Misses:           45635    0.00%
L1-Store-Accesses:    1743491792  100.00%

L1-Total-Hits:        8583808018  100.00%
L1-Total-Misses:           49829    0.00%
L1-Total-Accesses:    8583857847  100.00%

L2 Cache Stats:
L2-Load-Hits:              3170   75.58%
L2-Load-Misses:            1024   24.42%
L2-Load-Accesses:          4194  100.00%

L2-Store-Hits:             35336   77.43%
L2-Store-Misses:           10299   22.57%
L2-Store-Accesses:         45635  100.00%

L2-Total-Hits:             38506   77.28%
L2-Total-Misses:           11323   22.72%
L2-Total-Accesses:         49829  100.00%

