--------
Total Statistics
--------
Total Instructions: 2151811134
Total Cycles: 8412944908
IPC: 0.255774

--------
Single level Tlb hierarchy
--------
  Data Tlb:
    Entries:          64
    Page Size(B):   4096
    Associativity:      4

Latencies:    0  150
Tlb-Sets:   16 - LRU - assoc:   4

Tlb Stats:
Tlb-Load-Hits:         524057253   93.84%
Tlb-Load-Misses:        34423429    6.16%
Tlb-Load-Accesses:     558480682  100.00%

Tlb-Store-Hits:         106928160   99.99%
Tlb-Store-Misses:           12002    0.01%
Tlb-Store-Accesses:     106940162  100.00%

Tlb-Total-Hits:         630985413   94.83%
Tlb-Total-Misses:        34435431    5.17%
Tlb-Total-Accesses:     665420844  100.00%



--------
Two level Cache hierarchy
--------
  L1-Data Cache:
    Size(KB):         128
    Block Size(B):     32
    Associativity:      8

  L2-Data Cache:
    Size(KB):        1024
    Block Size(B):    128
    Associativity:      8

Latencies:    1   10  250
L1-Sets:  512 - LRU - assoc:   8
L2-Sets: 1024 - LRU - assoc:   8
Store_allocation: Yes
L2_inclusive: Yes
L2_prefetching: No

L1 Cache Stats:
L1-Load-Hits:         552332099   98.90%
L1-Load-Misses:         6148583    1.10%
L1-Load-Accesses:     558480682  100.00%

L1-Store-Hits:         105910592   99.04%
L1-Store-Misses:         1029570    0.96%
L1-Store-Accesses:     106940162  100.00%

L1-Total-Hits:         658242691   98.92%
L1-Total-Misses:         7178153    1.08%
L1-Total-Accesses:     665420844  100.00%

L2 Cache Stats:
L2-Load-Hits:           4919025   80.00%
L2-Load-Misses:         1229558   20.00%
L2-Load-Accesses:       6148583  100.00%

L2-Store-Hits:            824661   80.10%
L2-Store-Misses:          204909   19.90%
L2-Store-Accesses:       1029570  100.00%

L2-Total-Hits:           5743686   80.02%
L2-Total-Misses:         1434467   19.98%
L2-Total-Accesses:       7178153  100.00%

