--------
Total Statistics
--------
Total Instructions: 2151811134
Total Cycles: 8683679218
IPC: 0.247799

--------
Single level Tlb hierarchy
--------
  Data Tlb:
    Entries:          64
    Page Size(B):   4096
    Associativity:      4

Latencies:    0  150
Tlb-Sets:   16 - LRU - assoc:   4

Tlb Stats:
Tlb-Load-Hits:         524057253   93.84%
Tlb-Load-Misses:        34423429    6.16%
Tlb-Load-Accesses:     558480682  100.00%

Tlb-Store-Hits:         106928460   99.99%
Tlb-Store-Misses:           11702    0.01%
Tlb-Store-Accesses:     106940162  100.00%

Tlb-Total-Hits:         630985713   94.83%
Tlb-Total-Misses:        34435131    5.17%
Tlb-Total-Accesses:     665420844  100.00%



--------
Two level Cache hierarchy
--------
  L1-Data Cache:
    Size(KB):          64
    Block Size(B):     64
    Associativity:      4

  L2-Data Cache:
    Size(KB):        1024
    Block Size(B):    128
    Associativity:      8

Latencies:    1   10  250
L1-Sets:  256 - LRU - assoc:   4
L2-Sets: 1024 - LRU - assoc:   8
Store_allocation: Yes
L2_inclusive: Yes
L2_prefetching: No

L1 Cache Stats:
L1-Load-Hits:         524825167   93.97%
L1-Load-Misses:        33655515    6.03%
L1-Load-Accesses:     558480682  100.00%

L1-Store-Hits:         106324668   99.42%
L1-Store-Misses:          615494    0.58%
L1-Store-Accesses:     106940162  100.00%

L1-Total-Hits:         631149835   94.85%
L1-Total-Misses:        34271009    5.15%
L1-Total-Accesses:     665420844  100.00%

L2 Cache Stats:
L2-Load-Hits:          32426557   96.35%
L2-Load-Misses:         1228958    3.65%
L2-Load-Accesses:      33655515  100.00%

L2-Store-Hits:            410582   66.71%
L2-Store-Misses:          204912   33.29%
L2-Store-Accesses:        615494  100.00%

L2-Total-Hits:          32837139   95.82%
L2-Total-Misses:         1433870    4.18%
L2-Total-Accesses:      34271009  100.00%

