--------
Total Statistics
--------
Total Instructions: 1520711613
Total Cycles: 16601056034
IPC: 0.0916033

--------
Single level Tlb hierarchy
--------
  Data Tlb:
    Entries:          64
    Page Size(B):   4096
    Associativity:      4

Latencies:    0  150
Tlb-Sets:   16 - LRU - assoc:   4

Tlb Stats:
Tlb-Load-Hits:         240621523   85.86%
Tlb-Load-Misses:        39615867   14.14%
Tlb-Load-Accesses:     280237390  100.00%

Tlb-Store-Hits:          74006377   99.25%
Tlb-Store-Misses:          557164    0.75%
Tlb-Store-Accesses:      74563541  100.00%

Tlb-Total-Hits:         314627900   88.68%
Tlb-Total-Misses:        40173031   11.32%
Tlb-Total-Accesses:     354800931  100.00%



--------
Two level Cache hierarchy
--------
  L1-Data Cache:
    Size(KB):          32
    Block Size(B):     64
    Associativity:      8

  L2-Data Cache:
    Size(KB):        1024
    Block Size(B):    128
    Associativity:      8

Latencies:    1   10  250
L1-Sets:   64 - LRU - assoc:   8
L2-Sets: 1024 - LRU - assoc:   8
Store_allocation: Yes
L2_inclusive: Yes
L2_prefetching: No

L1 Cache Stats:
L1-Load-Hits:         208140476   74.27%
L1-Load-Misses:        72096914   25.73%
L1-Load-Accesses:     280237390  100.00%

L1-Store-Hits:          74554546   99.99%
L1-Store-Misses:            8995    0.01%
L1-Store-Accesses:      74563541  100.00%

L1-Total-Hits:         282695022   79.68%
L1-Total-Misses:        72105909   20.32%
L1-Total-Accesses:     354800931  100.00%

L2 Cache Stats:
L2-Load-Hits:          40184769   55.74%
L2-Load-Misses:        31912145   44.26%
L2-Load-Accesses:      72096914  100.00%

L2-Store-Hits:              7021   78.05%
L2-Store-Misses:            1974   21.95%
L2-Store-Accesses:          8995  100.00%

L2-Total-Hits:          40191790   55.74%
L2-Total-Misses:        31914119   44.26%
L2-Total-Accesses:      72105909  100.00%

