--------
Total Statistics
--------
Total Instructions: 32385411442
Total Cycles: 51842331850
IPC: 0.62469

--------
Single level Tlb hierarchy
--------
  Data Tlb:
    Entries:          64
    Page Size(B):   4096
    Associativity:      4

Latencies:    0  150
Tlb-Sets:   16 - LRU - assoc:   4

Tlb Stats:
Tlb-Load-Hits:        9297677417   99.87%
Tlb-Load-Misses:        12455247    0.13%
Tlb-Load-Accesses:    9310132664  100.00%

Tlb-Store-Hits:        4880892950   99.92%
Tlb-Store-Misses:         3691014    0.08%
Tlb-Store-Accesses:    4884583964  100.00%

Tlb-Total-Hits:       14178570367   99.89%
Tlb-Total-Misses:        16146261    0.11%
Tlb-Total-Accesses:   14194716628  100.00%



--------
Two level Cache hierarchy
--------
  L1-Data Cache:
    Size(KB):          32
    Block Size(B):     32
    Associativity:      8

  L2-Data Cache:
    Size(KB):        1024
    Block Size(B):    128
    Associativity:      8

Latencies:    1   10  250
L1-Sets:  128 - LRU - assoc:   8
L2-Sets: 1024 - LRU - assoc:   8
Store_allocation: Yes
L2_inclusive: Yes
L2_prefetching: No

L1 Cache Stats:
L1-Load-Hits:        9250566209   99.36%
L1-Load-Misses:        59566455    0.64%
L1-Load-Accesses:    9310132664  100.00%

L1-Store-Hits:        4869839806   99.70%
L1-Store-Misses:        14744158    0.30%
L1-Store-Accesses:    4884583964  100.00%

L1-Total-Hits:       14120406015   99.48%
L1-Total-Misses:        74310613    0.52%
L1-Total-Accesses:   14194716628  100.00%

L2 Cache Stats:
L2-Load-Hits:          53459166   89.75%
L2-Load-Misses:         6107289   10.25%
L2-Load-Accesses:      59566455  100.00%

L2-Store-Hits:          12462813   84.53%
L2-Store-Misses:         2281345   15.47%
L2-Store-Accesses:      14744158  100.00%

L2-Total-Hits:          65921979   88.71%
L2-Total-Misses:         8388634   11.29%
L2-Total-Accesses:      74310613  100.00%

