--------
Total Statistics
--------
Total Instructions: 3916820501
Total Cycles: 5507304183
IPC: 0.711205

--------
Single level Tlb hierarchy
--------
  Data Tlb:
    Entries:          64
    Page Size(B):   4096
    Associativity:      4

Latencies:    0  150
Tlb-Sets:   16 - LRU - assoc:   4

Tlb Stats:
Tlb-Load-Hits:         996128941   99.94%
Tlb-Load-Misses:          558895    0.06%
Tlb-Load-Accesses:     996687836  100.00%

Tlb-Store-Hits:         218489678   99.98%
Tlb-Store-Misses:           51288    0.02%
Tlb-Store-Accesses:     218540966  100.00%

Tlb-Total-Hits:        1214618619   99.95%
Tlb-Total-Misses:          610183    0.05%
Tlb-Total-Accesses:    1215228802  100.00%



--------
Two level Cache hierarchy
--------
  L1-Data Cache:
    Size(KB):          32
    Block Size(B):     64
    Associativity:      4

  L2-Data Cache:
    Size(KB):        1024
    Block Size(B):    128
    Associativity:      8

Latencies:    1   10  250
L1-Sets:  128 - LRU - assoc:   4
L2-Sets: 1024 - LRU - assoc:   8
Store_allocation: Yes
L2_inclusive: Yes
L2_prefetching: No

L1 Cache Stats:
L1-Load-Hits:         993090274   99.64%
L1-Load-Misses:         3597562    0.36%
L1-Load-Accesses:     996687836  100.00%

L1-Store-Hits:         217913635   99.71%
L1-Store-Misses:          627331    0.29%
L1-Store-Accesses:     218540966  100.00%

L1-Total-Hits:        1211003909   99.65%
L1-Total-Misses:         4224893    0.35%
L1-Total-Accesses:    1215228802  100.00%

L2 Cache Stats:
L2-Load-Hits:           2826805   78.58%
L2-Load-Misses:          770757   21.42%
L2-Load-Accesses:       3597562  100.00%

L2-Store-Hits:            432174   68.89%
L2-Store-Misses:          195157   31.11%
L2-Store-Accesses:        627331  100.00%

L2-Total-Hits:           3258979   77.14%
L2-Total-Misses:          965914   22.86%
L2-Total-Accesses:       4224893  100.00%

