--------
Total Statistics
--------
Total Instructions: 16205573234
Total Cycles: 74089966090
IPC: 0.218728

--------
Single level Tlb hierarchy
--------
  Data Tlb:
    Entries:          64
    Page Size(B):   4096
    Associativity:      4

Latencies:    0  150
Tlb-Sets:   16 - LRU - assoc:   4

Tlb Stats:
Tlb-Load-Hits:        2883563110   98.86%
Tlb-Load-Misses:        33351949    1.14%
Tlb-Load-Accesses:    2916915059  100.00%

Tlb-Store-Hits:          56424431   99.72%
Tlb-Store-Misses:          160686    0.28%
Tlb-Store-Accesses:      56585117  100.00%

Tlb-Total-Hits:        2939987541   98.87%
Tlb-Total-Misses:        33512635    1.13%
Tlb-Total-Accesses:    2973500176  100.00%



--------
Two level Cache hierarchy
--------
  L1-Data Cache:
    Size(KB):          64
    Block Size(B):     64
    Associativity:      4

  L2-Data Cache:
    Size(KB):        1024
    Block Size(B):    128
    Associativity:      8

Latencies:    1   10  250
L1-Sets:  256 - LRU - assoc:   4
L2-Sets: 1024 - LRU - assoc:   8
Store_allocation: Yes
L2_inclusive: Yes
L2_prefetching: No

L1 Cache Stats:
L1-Load-Hits:        2418169379   82.90%
L1-Load-Misses:       498745680   17.10%
L1-Load-Accesses:    2916915059  100.00%

L1-Store-Hits:          54942804   97.10%
L1-Store-Misses:         1642313    2.90%
L1-Store-Accesses:      56585117  100.00%

L1-Total-Hits:        2473112183   83.17%
L1-Total-Misses:       500387993   16.83%
L1-Total-Accesses:    2973500176  100.00%

L2 Cache Stats:
L2-Load-Hits:         319695582   64.10%
L2-Load-Misses:       179050098   35.90%
L2-Load-Accesses:     498745680  100.00%

L2-Store-Hits:           1171941   71.36%
L2-Store-Misses:          470372   28.64%
L2-Store-Accesses:       1642313  100.00%

L2-Total-Hits:         320867523   64.12%
L2-Total-Misses:       179520470   35.88%
L2-Total-Accesses:     500387993  100.00%

