--------
Total Statistics
--------
Total Instructions: 23632511291
Total Cycles: 32219534538
IPC: 0.733484

--------
Single level Tlb hierarchy
--------
  Data Tlb:
    Entries:          64
    Page Size(B):   4096
    Associativity:      4

Latencies:    0  150
Tlb-Sets:   16 - LRU - assoc:   4

Tlb Stats:
Tlb-Load-Hits:        6840365966  100.00%
Tlb-Load-Misses:              89    0.00%
Tlb-Load-Accesses:    6840366055  100.00%

Tlb-Store-Hits:        1743491445  100.00%
Tlb-Store-Misses:             347    0.00%
Tlb-Store-Accesses:    1743491792  100.00%

Tlb-Total-Hits:        8583857411  100.00%
Tlb-Total-Misses:             436    0.00%
Tlb-Total-Accesses:    8583857847  100.00%



--------
Two level Cache hierarchy
--------
  L1-Data Cache:
    Size(KB):         128
    Block Size(B):     64
    Associativity:      8

  L2-Data Cache:
    Size(KB):        1024
    Block Size(B):    128
    Associativity:      8

Latencies:    1   10  250
L1-Sets:  256 - LRU - assoc:   8
L2-Sets: 1024 - LRU - assoc:   8
Store_allocation: Yes
L2_inclusive: Yes
L2_prefetching: No

L1 Cache Stats:
L1-Load-Hits:        6840363627  100.00%
L1-Load-Misses:            2428    0.00%
L1-Load-Accesses:    6840366055  100.00%

L1-Store-Hits:        1743468220  100.00%
L1-Store-Misses:           23572    0.00%
L1-Store-Accesses:    1743491792  100.00%

L1-Total-Hits:        8583831847  100.00%
L1-Total-Misses:           26000    0.00%
L1-Total-Accesses:    8583857847  100.00%

L2 Cache Stats:
L2-Load-Hits:              1364   56.18%
L2-Load-Misses:            1064   43.82%
L2-Load-Accesses:          2428  100.00%

L2-Store-Hits:             13276   56.32%
L2-Store-Misses:           10296   43.68%
L2-Store-Accesses:         23572  100.00%

L2-Total-Hits:             14640   56.31%
L2-Total-Misses:           11360   43.69%
L2-Total-Accesses:         26000  100.00%

