--------
Total Statistics
--------
Total Instructions: 23632511291
Total Cycles: 32681879148
IPC: 0.723107

--------
Single level Tlb hierarchy
--------
  Data Tlb:
    Entries:          64
    Page Size(B):   4096
    Associativity:      4

Latencies:    0  150
Tlb-Sets:   16 - LRU - assoc:   4

Tlb Stats:
Tlb-Load-Hits:        6840365983  100.00%
Tlb-Load-Misses:              72    0.00%
Tlb-Load-Accesses:    6840366055  100.00%

Tlb-Store-Hits:        1743491450  100.00%
Tlb-Store-Misses:             342    0.00%
Tlb-Store-Accesses:    1743491792  100.00%

Tlb-Total-Hits:        8583857433  100.00%
Tlb-Total-Misses:             414    0.00%
Tlb-Total-Accesses:    8583857847  100.00%



--------
Two level Cache hierarchy
--------
  L1-Data Cache:
    Size(KB):          32
    Block Size(B):     64
    Associativity:      4

  L2-Data Cache:
    Size(KB):        1024
    Block Size(B):    128
    Associativity:      8

Latencies:    1   10  250
L1-Sets:  128 - LRU - assoc:   4
L2-Sets: 1024 - LRU - assoc:   8
Store_allocation: Yes
L2_inclusive: Yes
L2_prefetching: No

L1 Cache Stats:
L1-Load-Hits:        6822485693   99.74%
L1-Load-Misses:        17880362    0.26%
L1-Load-Accesses:    6840366055  100.00%

L1-Store-Hits:        1715109713   98.37%
L1-Store-Misses:        28382079    1.63%
L1-Store-Accesses:    1743491792  100.00%

L1-Total-Hits:        8537595406   99.46%
L1-Total-Misses:        46262441    0.54%
L1-Total-Accesses:    8583857847  100.00%

L2 Cache Stats:
L2-Load-Hits:          17879359   99.99%
L2-Load-Misses:            1003    0.01%
L2-Load-Accesses:      17880362  100.00%

L2-Store-Hits:          28371788   99.96%
L2-Store-Misses:           10291    0.04%
L2-Store-Accesses:      28382079  100.00%

L2-Total-Hits:          46251147   99.98%
L2-Total-Misses:           11294    0.02%
L2-Total-Accesses:      46262441  100.00%

