                                     | Core 0     | Core 1     | Core 2     | Core 3     | Core 4     | Core 5     | Core 6     | Core 7     | Core 8     | Core 9     | Core 10    | Core 11    | Core 12    | Core 13    | Core 14    | Core 15   
  Instructions                       |   93338563 |   90858018 |   88074894 |   88672767 |   89071559 |   82886936 |   85679990 |   93104893 |   88850040 |   86827249 |   92190271 |   91888002 |   86816369 |   91078485 |   84996575 |   83615520
  Cycles                             |   52058685 |   52058685 |   52058685 |   52058685 |   52058685 |   52058685 |   52058685 |   52058685 |   52058685 |   52058685 |   52058685 |   52058685 |   52058685 |   52058685 |   52058685 |   52058685
  IPC                                |       1.79 |       1.75 |       1.69 |       1.70 |       1.71 |       1.59 |       1.65 |       1.79 |       1.71 |       1.67 |       1.77 |       1.77 |       1.67 |       1.75 |       1.63 |       1.61
  Time (ns)                          |   19570934 |   19570934 |   19570934 |   19570934 |   19570934 |   19570934 |   19570934 |   19570934 |   19570934 |   19570934 |   19570934 |   19570934 |   19570934 |   19570934 |   19570934 |   19570934
  Idle time (ns)                     |     101950 |     595886 |    1168298 |    1038835 |     959104 |    2188775 |    1632809 |     159863 |     997449 |    1394591 |     340175 |     411963 |    1430046 |     573675 |    1780407 |    2058072
  Idle time (%)                      |       0.5% |       3.0% |       6.0% |       5.3% |       4.9% |      11.2% |       8.3% |       0.8% |       5.1% |       7.1% |       1.7% |       2.1% |       7.3% |       2.9% |       9.1% |      10.5%
Branch predictor stats               |            |            |            |            |            |            |            |            |            |            |            |            |            |            |            |           
  num correct                        |   23098482 |   22478388 |   21782532 |   21932061 |   22031681 |   20485621 |   21183865 |   23040000 |   21976299 |   21470658 |   22811341 |   22735787 |   21467978 |   22533458 |   21013000 |   20667708
  num incorrect                      |        899 |        869 |        944 |        877 |        951 |        861 |        889 |        973 |        964 |        910 |        973 |        959 |        873 |        912 |        895 |        924
  misprediction rate                 |      0.00% |      0.00% |      0.00% |      0.00% |      0.00% |      0.00% |      0.00% |      0.00% |      0.00% |      0.00% |      0.00% |      0.00% |      0.00% |      0.00% |      0.00% |      0.00%
  mpki                               |       0.01 |       0.01 |       0.01 |       0.01 |       0.01 |       0.01 |       0.01 |       0.01 |       0.01 |       0.01 |       0.01 |       0.01 |       0.01 |       0.01 |       0.01 |       0.01
TLB Summary                          |            |            |            |            |            |            |            |            |            |            |            |            |            |            |            |           
Cache Summary                        |            |            |            |            |            |            |            |            |            |            |            |            |            |            |            |           
  Cache L1-I                         |            |            |            |            |            |            |            |            |            |            |            |            |            |            |            |           
    num cache accesses               |   46201696 |   44961472 |   43569897 |   43868826 |   44068198 |   40975918 |   42372469 |   46084873 |   43957474 |   42946087 |   45627554 |   45476422 |   42940665 |   45071676 |   42030736 |   41340220
    num cache misses                 |         15 |         16 |         16 |         17 |         17 |         17 |         16 |         16 |         16 |         16 |         16 |         16 |         16 |         16 |         16 |         16
    miss rate                        |      0.00% |      0.00% |      0.00% |      0.00% |      0.00% |      0.00% |      0.00% |      0.00% |      0.00% |      0.00% |      0.00% |      0.00% |      0.00% |      0.00% |      0.00% |      0.00%
    mpki                             |       0.00 |       0.00 |       0.00 |       0.00 |       0.00 |       0.00 |       0.00 |       0.00 |       0.00 |       0.00 |       0.00 |       0.00 |       0.00 |       0.00 |       0.00 |       0.00
  Cache L1-D                         |            |            |            |            |            |            |            |            |            |            |            |            |            |            |            |           
    num cache accesses               |   46926812 |   45686550 |   44294990 |   44593924 |   44793309 |   41700999 |   43097538 |   46809986 |   44682561 |   43671164 |   46352673 |   46201542 |   43665724 |   45796780 |   42755825 |   42065301
    num cache misses                 |      23583 |      22971 |      22097 |      22271 |      22419 |      20729 |      21491 |      23344 |      22354 |      21859 |      23177 |      23048 |      21553 |      22745 |      21150 |      20774
    miss rate                        |      0.05% |      0.05% |      0.05% |      0.05% |      0.05% |      0.05% |      0.05% |      0.05% |      0.05% |      0.05% |      0.05% |      0.05% |      0.05% |      0.05% |      0.05% |      0.05%
    mpki                             |       0.25 |       0.25 |       0.25 |       0.25 |       0.25 |       0.25 |       0.25 |       0.25 |       0.25 |       0.25 |       0.25 |       0.25 |       0.25 |       0.25 |       0.25 |       0.25
  Cache L2                           |            |            |            |            |            |            |            |            |            |            |            |            |            |            |            |           
    num cache accesses               |      24585 |      23978 |      23081 |      23257 |      23410 |      21736 |      22476 |      24340 |      23383 |      22840 |      24184 |      24060 |      22538 |      23727 |      22142 |      21739
    num cache misses                 |      23598 |      22987 |      22113 |      22288 |      22436 |      20746 |      21507 |      23360 |      22370 |      21875 |      23193 |      23064 |      21569 |      22762 |      21166 |      20790
    miss rate                        |     95.99% |     95.87% |     95.81% |     95.83% |     95.84% |     95.45% |     95.69% |     95.97% |     95.67% |     95.77% |     95.90% |     95.86% |     95.70% |     95.93% |     95.59% |     95.63%
    mpki                             |       0.25 |       0.25 |       0.25 |       0.25 |       0.25 |       0.25 |       0.25 |       0.25 |       0.25 |       0.25 |       0.25 |       0.25 |       0.25 |       0.25 |       0.25 |       0.25
  Cache L3                           |            |            |            |            |            |            |            |            |            |            |            |            |            |            |            |           
    num cache accesses               |      24585 |      23978 |      23081 |      23257 |      23410 |      21736 |      22476 |      24340 |      23383 |      22840 |      24184 |      24060 |      22538 |      23727 |      22142 |      21739
    num cache misses                 |      13227 |      12804 |      11793 |      12001 |      12183 |      10986 |      11267 |      12806 |      12077 |      11711 |      12654 |      12425 |      11098 |      12023 |      10926 |      10661
    miss rate                        |     53.80% |     53.40% |     51.09% |     51.60% |     52.04% |     50.54% |     50.13% |     52.61% |     51.65% |     51.27% |     52.32% |     51.64% |     49.24% |     50.67% |     49.35% |     49.04%
    mpki                             |       0.14 |       0.14 |       0.13 |       0.14 |       0.14 |       0.13 |       0.13 |       0.14 |       0.14 |       0.13 |       0.14 |       0.14 |       0.13 |       0.13 |       0.13 |       0.13
DRAM summary                         |            |            |            |            |            |            |            |            |            |            |            |            |            |            |            |           
  num dram accesses                  |         72 |          0 |          0 |          0 |          0 |          0 |          0 |          0 |          0 |          0 |          0 |          0 |          0 |          0 |          0 |          0
  average dram access latency (ns)   |     120.04 |        inf |        inf |        inf |        inf |        inf |        inf |        inf |        inf |        inf |        inf |        inf |        inf |        inf |        inf |        inf
  average dram queueing delay        |      66.61 |       0.00 |       0.00 |       0.00 |       0.00 |       0.00 |       0.00 |       0.00 |       0.00 |       0.00 |       0.00 |       0.00 |       0.00 |       0.00 |       0.00 |       0.00
  average dram bandwidth utilization |      0.00% |      0.00% |      0.00% |      0.00% |      0.00% |      0.00% |      0.00% |      0.00% |      0.00% |      0.00% |      0.00% |      0.00% |      0.00% |      0.00% |      0.00% |      0.00%
Coherency Traffic                    |            |            |            |            |            |            |            |            |            |            |            |            |            |            |            |           
  num loads from dram                |          5 |          3 |          2 |          3 |          3 |          3 |          2 |          2 |          2 |          2 |          2 |          2 |          2 |          2 |          2 |          2
  num loads from dram cache          |          0 |          0 |          0 |          0 |          0 |          0 |          0 |          0 |          0 |          0 |          0 |          0 |          0 |          0 |          0 |          0
  num loads from remote cache        |       7571 |       7388 |       6869 |       7049 |       7107 |       6390 |       6595 |       7491 |       6828 |       6685 |       7324 |       7251 |       6489 |       7098 |       6482 |       6247
