--------
Total Statistics
--------
Total Instructions: 2151811134
Total Cycles: 8088298278
IPC: 0.26604

--------
Single level Tlb hierarchy
--------
  Data Tlb:
    Entries:          64
    Page Size(B):   4096
    Associativity:      4

Latencies:    0  150
Tlb-Sets:   16 - LRU - assoc:   4

Tlb Stats:
Tlb-Load-Hits:         524057253   93.84%
Tlb-Load-Misses:        34423429    6.16%
Tlb-Load-Accesses:     558480682  100.00%

Tlb-Store-Hits:         106928460   99.99%
Tlb-Store-Misses:           11702    0.01%
Tlb-Store-Accesses:     106940162  100.00%

Tlb-Total-Hits:         630985713   94.83%
Tlb-Total-Misses:        34435131    5.17%
Tlb-Total-Accesses:     665420844  100.00%



--------
Two level Cache hierarchy
--------
  L1-Data Cache:
    Size(KB):          32
    Block Size(B):     64
    Associativity:      8

  L2-Data Cache:
    Size(KB):        1024
    Block Size(B):    128
    Associativity:      8

Latencies:    1   10  250
L1-Sets:   64 - LRU - assoc:   8
L2-Sets: 1024 - LRU - assoc:   8
Store_allocation: Yes
L2_inclusive: Yes
L2_prefetching: Yes (  4)

L1 Cache Stats:
L1-Load-Hits:         555499882   99.47%
L1-Load-Misses:         2980800    0.53%
L1-Load-Accesses:     558480682  100.00%

L1-Store-Hits:         106520122   99.61%
L1-Store-Misses:          420040    0.39%
L1-Store-Accesses:     106940162  100.00%

L1-Total-Hits:         662020004   99.49%
L1-Total-Misses:         3400840    0.51%
L1-Total-Accesses:     665420844  100.00%

L2 Cache Stats:
L2-Load-Hits:           2734655   91.74%
L2-Load-Misses:          246145    8.26%
L2-Load-Accesses:       2980800  100.00%

L2-Store-Hits:            379032   90.24%
L2-Store-Misses:           41008    9.76%
L2-Store-Accesses:        420040  100.00%

L2-Total-Hits:           3113687   91.56%
L2-Total-Misses:          287153    8.44%
L2-Total-Accesses:       3400840  100.00%

