--------
Total Statistics
--------
Total Instructions: 1520711641
Total Cycles: 16533508162
IPC: 0.0919776

--------
Single level Tlb hierarchy
--------
  Data Tlb:
    Entries:          64
    Page Size(B):   4096
    Associativity:      4

Latencies:    0  150
Tlb-Sets:   16 - LRU - assoc:   4

Tlb Stats:
Tlb-Load-Hits:         240137031   85.69%
Tlb-Load-Misses:        40100368   14.31%
Tlb-Load-Accesses:     280237399  100.00%

Tlb-Store-Hits:          73675197   98.81%
Tlb-Store-Misses:          888345    1.19%
Tlb-Store-Accesses:      74563542  100.00%

Tlb-Total-Hits:         313812228   88.45%
Tlb-Total-Misses:        40988713   11.55%
Tlb-Total-Accesses:     354800941  100.00%



--------
Two level Cache hierarchy
--------
  L1-Data Cache:
    Size(KB):          32
    Block Size(B):     64
    Associativity:      8

  L2-Data Cache:
    Size(KB):        1024
    Block Size(B):    128
    Associativity:      8

Latencies:    1   10  250
L1-Sets:   64 - LRU - assoc:   8
L2-Sets: 1024 - LRU - assoc:   8
Store_allocation: Yes
L2_inclusive: Yes
L2_prefetching: Yes ( 32)

L1 Cache Stats:
L1-Load-Hits:         208150113   74.28%
L1-Load-Misses:        72087286   25.72%
L1-Load-Accesses:     280237399  100.00%

L1-Store-Hits:          74481290   99.89%
L1-Store-Misses:           82252    0.11%
L1-Store-Accesses:      74563542  100.00%

L1-Total-Hits:         282631403   79.66%
L1-Total-Misses:        72169538   20.34%
L1-Total-Accesses:     354800941  100.00%

L2 Cache Stats:
L2-Load-Hits:          40963694   56.83%
L2-Load-Misses:        31123592   43.17%
L2-Load-Accesses:      72087286  100.00%

L2-Store-Hits:             53871   65.50%
L2-Store-Misses:           28381   34.50%
L2-Store-Accesses:         82252  100.00%

L2-Total-Hits:          41017565   56.84%
L2-Total-Misses:        31151973   43.16%
L2-Total-Accesses:      72169538  100.00%

