--------
Total Statistics
--------
Total Instructions: 32385411414
Total Cycles: 52231539152
IPC: 0.620036

--------
Single level Tlb hierarchy
--------
  Data Tlb:
    Entries:          64
    Page Size(B):   4096
    Associativity:      4

Latencies:    0  150
Tlb-Sets:   16 - LRU - assoc:   4

Tlb Stats:
Tlb-Load-Hits:        9297136917   99.86%
Tlb-Load-Misses:        12995738    0.14%
Tlb-Load-Accesses:    9310132655  100.00%

Tlb-Store-Hits:        4880485760   99.92%
Tlb-Store-Misses:         4098203    0.08%
Tlb-Store-Accesses:    4884583963  100.00%

Tlb-Total-Hits:       14177622677   99.88%
Tlb-Total-Misses:        17093941    0.12%
Tlb-Total-Accesses:   14194716618  100.00%



--------
Two level Cache hierarchy
--------
  L1-Data Cache:
    Size(KB):          32
    Block Size(B):     64
    Associativity:      8

  L2-Data Cache:
    Size(KB):        1024
    Block Size(B):    128
    Associativity:      8

Latencies:    1   10  250
L1-Sets:   64 - LRU - assoc:   8
L2-Sets: 1024 - LRU - assoc:   8
Store_allocation: Yes
L2_inclusive: Yes
L2_prefetching: Yes ( 32)

L1 Cache Stats:
L1-Load-Hits:        9258041573   99.44%
L1-Load-Misses:        52091082    0.56%
L1-Load-Accesses:    9310132655  100.00%

L1-Store-Hits:        4874132473   99.79%
L1-Store-Misses:        10451490    0.21%
L1-Store-Accesses:    4884583963  100.00%

L1-Total-Hits:       14132174046   99.56%
L1-Total-Misses:        62542572    0.44%
L1-Total-Accesses:   14194716618  100.00%

L2 Cache Stats:
L2-Load-Hits:          44645752   85.71%
L2-Load-Misses:         7445330   14.29%
L2-Load-Accesses:      52091082  100.00%

L2-Store-Hits:           8049243   77.02%
L2-Store-Misses:         2402247   22.98%
L2-Store-Accesses:      10451490  100.00%

L2-Total-Hits:          52694995   84.25%
L2-Total-Misses:         9847577   15.75%
L2-Total-Accesses:      62542572  100.00%

