--------
Total Statistics
--------
Total Instructions: 16205573234
Total Cycles: 51133845650
IPC: 0.316925

--------
Single level Tlb hierarchy
--------
  Data Tlb:
    Entries:          64
    Page Size(B):   4096
    Associativity:      4

Latencies:    0  150
Tlb-Sets:   16 - LRU - assoc:   4

Tlb Stats:
Tlb-Load-Hits:        2883502213   98.85%
Tlb-Load-Misses:        33412846    1.15%
Tlb-Load-Accesses:    2916915059  100.00%

Tlb-Store-Hits:          56416870   99.70%
Tlb-Store-Misses:          168247    0.30%
Tlb-Store-Accesses:      56585117  100.00%

Tlb-Total-Hits:        2939919083   98.87%
Tlb-Total-Misses:        33581093    1.13%
Tlb-Total-Accesses:    2973500176  100.00%



--------
Two level Cache hierarchy
--------
  L1-Data Cache:
    Size(KB):          32
    Block Size(B):     64
    Associativity:      8

  L2-Data Cache:
    Size(KB):        1024
    Block Size(B):    128
    Associativity:      8

Latencies:    1   10  250
L1-Sets:   64 - LRU - assoc:   8
L2-Sets: 1024 - LRU - assoc:   8
Store_allocation: Yes
L2_inclusive: Yes
L2_prefetching: Yes (  1)

L1 Cache Stats:
L1-Load-Hits:        2471183179   84.72%
L1-Load-Misses:       445731880   15.28%
L1-Load-Accesses:    2916915059  100.00%

L1-Store-Hits:          55059018   97.30%
L1-Store-Misses:         1526099    2.70%
L1-Store-Accesses:      56585117  100.00%

L1-Total-Hits:        2526242197   84.96%
L1-Total-Misses:       447257979   15.04%
L1-Total-Accesses:    2973500176  100.00%

L2 Cache Stats:
L2-Load-Hits:         356197460   79.91%
L2-Load-Misses:        89534420   20.09%
L2-Load-Accesses:     445731880  100.00%

L2-Store-Hits:           1280405   83.90%
L2-Store-Misses:          245694   16.10%
L2-Store-Accesses:       1526099  100.00%

L2-Total-Hits:         357477865   79.93%
L2-Total-Misses:        89780114   20.07%
L2-Total-Accesses:     447257979  100.00%

