--------
Total Statistics
--------
Total Instructions: 16205573234
Total Cycles: 34945651450
IPC: 0.463736

--------
Single level Tlb hierarchy
--------
  Data Tlb:
    Entries:          64
    Page Size(B):   4096
    Associativity:      4

Latencies:    0  150
Tlb-Sets:   16 - LRU - assoc:   4

Tlb Stats:
Tlb-Load-Hits:        2883482912   98.85%
Tlb-Load-Misses:        33432147    1.15%
Tlb-Load-Accesses:    2916915059  100.00%

Tlb-Store-Hits:          56450105   99.76%
Tlb-Store-Misses:          135012    0.24%
Tlb-Store-Accesses:      56585117  100.00%

Tlb-Total-Hits:        2939933017   98.87%
Tlb-Total-Misses:        33567159    1.13%
Tlb-Total-Accesses:    2973500176  100.00%



--------
Two level Cache hierarchy
--------
  L1-Data Cache:
    Size(KB):          32
    Block Size(B):     64
    Associativity:      8

  L2-Data Cache:
    Size(KB):        1024
    Block Size(B):    128
    Associativity:      8

Latencies:    1   10  250
L1-Sets:   64 - LRU - assoc:   8
L2-Sets: 1024 - LRU - assoc:   8
Store_allocation: Yes
L2_inclusive: Yes
L2_prefetching: Yes ( 64)

L1 Cache Stats:
L1-Load-Hits:        2543678987   87.20%
L1-Load-Misses:       373236072   12.80%
L1-Load-Accesses:    2916915059  100.00%

L1-Store-Hits:          55330945   97.78%
L1-Store-Misses:         1254172    2.22%
L1-Store-Accesses:      56585117  100.00%

L1-Total-Hits:        2599009932   87.41%
L1-Total-Misses:       374490244   12.59%
L1-Total-Accesses:    2973500176  100.00%

L2 Cache Stats:
L2-Load-Hits:         345432886   92.55%
L2-Load-Misses:        27803186    7.45%
L2-Load-Accesses:     373236072  100.00%

L2-Store-Hits:           1110951   88.58%
L2-Store-Misses:          143221   11.42%
L2-Store-Accesses:       1254172  100.00%

L2-Total-Hits:         346543837   92.54%
L2-Total-Misses:        27946407    7.46%
L2-Total-Accesses:     374490244  100.00%

