--------
Total Statistics
--------
Total Instructions: 16205573234
Total Cycles: 35493530740
IPC: 0.456578

--------
Single level Tlb hierarchy
--------
  Data Tlb:
    Entries:          64
    Page Size(B):   4096
    Associativity:      4

Latencies:    0  150
Tlb-Sets:   16 - LRU - assoc:   4

Tlb Stats:
Tlb-Load-Hits:        2883556701   98.86%
Tlb-Load-Misses:        33358358    1.14%
Tlb-Load-Accesses:    2916915059  100.00%

Tlb-Store-Hits:          56439320   99.74%
Tlb-Store-Misses:          145797    0.26%
Tlb-Store-Accesses:      56585117  100.00%

Tlb-Total-Hits:        2939996021   98.87%
Tlb-Total-Misses:        33504155    1.13%
Tlb-Total-Accesses:    2973500176  100.00%



--------
Two level Cache hierarchy
--------
  L1-Data Cache:
    Size(KB):          32
    Block Size(B):     64
    Associativity:      8

  L2-Data Cache:
    Size(KB):        1024
    Block Size(B):    128
    Associativity:      8

Latencies:    1   10  250
L1-Sets:   64 - LRU - assoc:   8
L2-Sets: 1024 - LRU - assoc:   8
Store_allocation: Yes
L2_inclusive: Yes
L2_prefetching: Yes ( 16)

L1 Cache Stats:
L1-Load-Hits:        2531813407   86.80%
L1-Load-Misses:       385101652   13.20%
L1-Load-Accesses:    2916915059  100.00%

L1-Store-Hits:          55378186   97.87%
L1-Store-Misses:         1206931    2.13%
L1-Store-Accesses:      56585117  100.00%

L1-Total-Hits:        2587191593   87.01%
L1-Total-Misses:       386308583   12.99%
L1-Total-Accesses:    2973500176  100.00%

L2 Cache Stats:
L2-Load-Hits:         355472332   92.31%
L2-Load-Misses:        29629320    7.69%
L2-Load-Accesses:     385101652  100.00%

L2-Store-Hits:           1133258   93.90%
L2-Store-Misses:           73673    6.10%
L2-Store-Accesses:       1206931  100.00%

L2-Total-Hits:         356605590   92.31%
L2-Total-Misses:        29702993    7.69%
L2-Total-Accesses:     386308583  100.00%

