--------
Total Statistics
--------
Total Instructions: 23632511291
Total Cycles: 32718530468
IPC: 0.722297

--------
Single level Tlb hierarchy
--------
  Data Tlb:
    Entries:          64
    Page Size(B):   4096
    Associativity:      4

Latencies:    0  150
Tlb-Sets:   16 - LRU - assoc:   4

Tlb Stats:
Tlb-Load-Hits:        6840360972  100.00%
Tlb-Load-Misses:            5083    0.00%
Tlb-Load-Accesses:    6840366055  100.00%

Tlb-Store-Hits:        1743491449  100.00%
Tlb-Store-Misses:             343    0.00%
Tlb-Store-Accesses:    1743491792  100.00%

Tlb-Total-Hits:        8583852421  100.00%
Tlb-Total-Misses:            5426    0.00%
Tlb-Total-Accesses:    8583857847  100.00%



--------
Two level Cache hierarchy
--------
  L1-Data Cache:
    Size(KB):          32
    Block Size(B):     64
    Associativity:      8

  L2-Data Cache:
    Size(KB):        1024
    Block Size(B):    128
    Associativity:      8

Latencies:    1   10  250
L1-Sets:   64 - LRU - assoc:   8
L2-Sets: 1024 - LRU - assoc:   8
Store_allocation: Yes
L2_inclusive: Yes
L2_prefetching: Yes ( 32)

L1 Cache Stats:
L1-Load-Hits:        6821951639   99.73%
L1-Load-Misses:        18414416    0.27%
L1-Load-Accesses:    6840366055  100.00%

L1-Store-Hits:        1711783365   98.18%
L1-Store-Misses:        31708427    1.82%
L1-Store-Accesses:    1743491792  100.00%

L1-Total-Hits:        8533735004   99.42%
L1-Total-Misses:        50122843    0.58%
L1-Total-Accesses:    8583857847  100.00%

L2 Cache Stats:
L2-Load-Hits:          18414328  100.00%
L2-Load-Misses:              88    0.00%
L2-Load-Accesses:      18414416  100.00%

L2-Store-Hits:          31708039  100.00%
L2-Store-Misses:             388    0.00%
L2-Store-Accesses:      31708427  100.00%

L2-Total-Hits:          50122367  100.00%
L2-Total-Misses:             476    0.00%
L2-Total-Accesses:      50122843  100.00%

