--------
Total Statistics
--------
Total Instructions: 10802935199
Total Cycles: 16762467526
IPC: 0.644472

--------
Single level Tlb hierarchy
--------
  Data Tlb:
    Entries:          64
    Page Size(B):   4096
    Associativity:      4

Latencies:    0  150
Tlb-Sets:   16 - LRU - assoc:   4

Tlb Stats:
Tlb-Load-Hits:        2162538181   99.38%
Tlb-Load-Misses:        13422136    0.62%
Tlb-Load-Accesses:    2175960317  100.00%

Tlb-Store-Hits:         557024273   99.95%
Tlb-Store-Misses:          265697    0.05%
Tlb-Store-Accesses:     557289970  100.00%

Tlb-Total-Hits:        2719562454   99.50%
Tlb-Total-Misses:        13687833    0.50%
Tlb-Total-Accesses:    2733250287  100.00%



--------
Two level Cache hierarchy
--------
  L1-Data Cache:
    Size(KB):          32
    Block Size(B):     64
    Associativity:      8

  L2-Data Cache:
    Size(KB):        1024
    Block Size(B):    128
    Associativity:      8

Latencies:    1   10  250
L1-Sets:   64 - LRU - assoc:   8
L2-Sets: 1024 - LRU - assoc:   8
Store_allocation: Yes
L2_inclusive: Yes
L2_prefetching: Yes ( 64)

L1 Cache Stats:
L1-Load-Hits:        2065306175   94.91%
L1-Load-Misses:       110654142    5.09%
L1-Load-Accesses:    2175960317  100.00%

L1-Store-Hits:         551685878   98.99%
L1-Store-Misses:         5604092    1.01%
L1-Store-Accesses:     557289970  100.00%

L1-Total-Hits:        2616992053   95.75%
L1-Total-Misses:       116258234    4.25%
L1-Total-Accesses:    2733250287  100.00%

L2 Cache Stats:
L2-Load-Hits:         110632299   99.98%
L2-Load-Misses:           21843    0.02%
L2-Load-Accesses:     110654142  100.00%

L2-Store-Hits:           5583836   99.64%
L2-Store-Misses:           20256    0.36%
L2-Store-Accesses:       5604092  100.00%

L2-Total-Hits:         116216135   99.96%
L2-Total-Misses:           42099    0.04%
L2-Total-Accesses:     116258234  100.00%

