--------
Total Statistics
--------
Total Instructions: 10802935199
Total Cycles: 16768568086
IPC: 0.644237

--------
Single level Tlb hierarchy
--------
  Data Tlb:
    Entries:          64
    Page Size(B):   4096
    Associativity:      4

Latencies:    0  150
Tlb-Sets:   16 - LRU - assoc:   4

Tlb Stats:
Tlb-Load-Hits:        2162534911   99.38%
Tlb-Load-Misses:        13425406    0.62%
Tlb-Load-Accesses:    2175960317  100.00%

Tlb-Store-Hits:         557024293   99.95%
Tlb-Store-Misses:          265677    0.05%
Tlb-Store-Accesses:     557289970  100.00%

Tlb-Total-Hits:        2719559204   99.50%
Tlb-Total-Misses:        13691083    0.50%
Tlb-Total-Accesses:    2733250287  100.00%



--------
Two level Cache hierarchy
--------
  L1-Data Cache:
    Size(KB):          32
    Block Size(B):     64
    Associativity:      8

  L2-Data Cache:
    Size(KB):        1024
    Block Size(B):    128
    Associativity:      8

Latencies:    1   10  250
L1-Sets:   64 - LRU - assoc:   8
L2-Sets: 1024 - LRU - assoc:   8
Store_allocation: Yes
L2_inclusive: Yes
L2_prefetching: Yes ( 32)

L1 Cache Stats:
L1-Load-Hits:        2065289264   94.91%
L1-Load-Misses:       110671053    5.09%
L1-Load-Accesses:    2175960317  100.00%

L1-Store-Hits:         551609233   98.98%
L1-Store-Misses:         5680737    1.02%
L1-Store-Accesses:     557289970  100.00%

L1-Total-Hits:        2616898497   95.74%
L1-Total-Misses:       116351790    4.26%
L1-Total-Accesses:    2733250287  100.00%

L2 Cache Stats:
L2-Load-Hits:         110637538   99.97%
L2-Load-Misses:           33515    0.03%
L2-Load-Accesses:     110671053  100.00%

L2-Store-Hits:           5653443   99.52%
L2-Store-Misses:           27294    0.48%
L2-Store-Accesses:       5680737  100.00%

L2-Total-Hits:         116290981   99.95%
L2-Total-Misses:           60809    0.05%
L2-Total-Accesses:     116351790  100.00%

