--------
Total Statistics
--------
Total Instructions: 1520711613
Total Cycles: 16352429094
IPC: 0.0929961

--------
Single level Tlb hierarchy
--------
  Data Tlb:
    Entries:          64
    Page Size(B):   4096
    Associativity:      4

Latencies:    0  150
Tlb-Sets:   16 - LRU - assoc:   4

Tlb Stats:
Tlb-Load-Hits:         240740757   85.91%
Tlb-Load-Misses:        39496633   14.09%
Tlb-Load-Accesses:     280237390  100.00%

Tlb-Store-Hits:          74008089   99.26%
Tlb-Store-Misses:          555452    0.74%
Tlb-Store-Accesses:      74563541  100.00%

Tlb-Total-Hits:         314748846   88.71%
Tlb-Total-Misses:        40052085   11.29%
Tlb-Total-Accesses:     354800931  100.00%



--------
Two level Cache hierarchy
--------
  L1-Data Cache:
    Size(KB):          32
    Block Size(B):     64
    Associativity:      8

  L2-Data Cache:
    Size(KB):        1024
    Block Size(B):    128
    Associativity:      8

Latencies:    1   10  250
L1-Sets:   64 - LRU - assoc:   8
L2-Sets: 1024 - LRU - assoc:   8
Store_allocation: Yes
L2_inclusive: Yes
L2_prefetching: Yes (  2)

L1 Cache Stats:
L1-Load-Hits:         203114026   72.48%
L1-Load-Misses:        77123364   27.52%
L1-Load-Accesses:     280237390  100.00%

L1-Store-Hits:          74216725   99.53%
L1-Store-Misses:          346816    0.47%
L1-Store-Accesses:      74563541  100.00%

L1-Total-Hits:         277330751   78.17%
L1-Total-Misses:        77470180   21.83%
L1-Total-Accesses:     354800931  100.00%

L2 Cache Stats:
L2-Load-Hits:          46345809   60.09%
L2-Load-Misses:        30777555   39.91%
L2-Load-Accesses:      77123364  100.00%

L2-Store-Hits:            346763   99.98%
L2-Store-Misses:              53    0.02%
L2-Store-Accesses:        346816  100.00%

L2-Total-Hits:          46692572   60.27%
L2-Total-Misses:        30777608   39.73%
L2-Total-Accesses:      77470180  100.00%

