--------
Total Statistics
--------
Total Instructions: 1520711641
Total Cycles: 16206707862
IPC: 0.0938322

--------
Single level Tlb hierarchy
--------
  Data Tlb:
    Entries:          64
    Page Size(B):   4096
    Associativity:      4

Latencies:    0  150
Tlb-Sets:   16 - LRU - assoc:   4

Tlb Stats:
Tlb-Load-Hits:         241570134   86.20%
Tlb-Load-Misses:        38667265   13.80%
Tlb-Load-Accesses:     280237399  100.00%

Tlb-Store-Hits:          74010371   99.26%
Tlb-Store-Misses:          553171    0.74%
Tlb-Store-Accesses:      74563542  100.00%

Tlb-Total-Hits:         315580505   88.95%
Tlb-Total-Misses:        39220436   11.05%
Tlb-Total-Accesses:     354800941  100.00%



--------
Two level Cache hierarchy
--------
  L1-Data Cache:
    Size(KB):          32
    Block Size(B):     64
    Associativity:      8

  L2-Data Cache:
    Size(KB):        1024
    Block Size(B):    128
    Associativity:      8

Latencies:    1   10  250
L1-Sets:   64 - LRU - assoc:   8
L2-Sets: 1024 - LRU - assoc:   8
Store_allocation: Yes
L2_inclusive: Yes
L2_prefetching: Yes (  8)

L1 Cache Stats:
L1-Load-Hits:         204656090   73.03%
L1-Load-Misses:        75581309   26.97%
L1-Load-Accesses:     280237399  100.00%

L1-Store-Hits:          74208538   99.52%
L1-Store-Misses:          355004    0.48%
L1-Store-Accesses:      74563542  100.00%

L1-Total-Hits:         278864628   78.60%
L1-Total-Misses:        75936313   21.40%
L1-Total-Accesses:     354800941  100.00%

L2 Cache Stats:
L2-Load-Hits:          44826668   59.31%
L2-Load-Misses:        30754641   40.69%
L2-Load-Accesses:      75581309  100.00%

L2-Store-Hits:            354578   99.88%
L2-Store-Misses:             426    0.12%
L2-Store-Accesses:        355004  100.00%

L2-Total-Hits:          45181246   59.50%
L2-Total-Misses:        30755067   40.50%
L2-Total-Accesses:      75936313  100.00%

