--------
Total Statistics
--------
Total Instructions: 7983656670
Total Cycles: 11236607747
IPC: 0.710504

--------
Single level Tlb hierarchy
--------
  Data Tlb:
    Entries:          64
    Page Size(B):   4096
    Associativity:      4

Latencies:    0  150
Tlb-Sets:   16 - LRU - assoc:   4

Tlb Stats:
Tlb-Load-Hits:        1473170713   99.96%
Tlb-Load-Misses:          566528    0.04%
Tlb-Load-Accesses:    1473737241  100.00%

Tlb-Store-Hits:         153682219   99.82%
Tlb-Store-Misses:          279847    0.18%
Tlb-Store-Accesses:     153962066  100.00%

Tlb-Total-Hits:        1626852932   99.95%
Tlb-Total-Misses:          846375    0.05%
Tlb-Total-Accesses:    1627699307  100.00%



--------
Two level Cache hierarchy
--------
  L1-Data Cache:
    Size(KB):          32
    Block Size(B):     64
    Associativity:      8

  L2-Data Cache:
    Size(KB):        1024
    Block Size(B):    128
    Associativity:      8

Latencies:    1   10  250
L1-Sets:   64 - LRU - assoc:   8
L2-Sets: 1024 - LRU - assoc:   8
Store_allocation: Yes
L2_inclusive: Yes
L2_prefetching: Yes (  4)

L1 Cache Stats:
L1-Load-Hits:        1456479397   98.83%
L1-Load-Misses:        17257844    1.17%
L1-Load-Accesses:    1473737241  100.00%

L1-Store-Hits:         148465783   96.43%
L1-Store-Misses:         5496283    3.57%
L1-Store-Accesses:     153962066  100.00%

L1-Total-Hits:        1604945180   98.60%
L1-Total-Misses:        22754127    1.40%
L1-Total-Accesses:    1627699307  100.00%

L2 Cache Stats:
L2-Load-Hits:          14062411   81.48%
L2-Load-Misses:         3195433   18.52%
L2-Load-Accesses:      17257844  100.00%

L2-Store-Hits:           3608699   65.66%
L2-Store-Misses:         1887584   34.34%
L2-Store-Accesses:       5496283  100.00%

L2-Total-Hits:          17671110   77.66%
L2-Total-Misses:         5083017   22.34%
L2-Total-Accesses:      22754127  100.00%

