--------
Total Statistics
--------
Total Instructions: 7983656670
Total Cycles: 10659556727
IPC: 0.748967

--------
Single level Tlb hierarchy
--------
  Data Tlb:
    Entries:          64
    Page Size(B):   4096
    Associativity:      4

Latencies:    0  150
Tlb-Sets:   16 - LRU - assoc:   4

Tlb Stats:
Tlb-Load-Hits:        1473170272   99.96%
Tlb-Load-Misses:          566969    0.04%
Tlb-Load-Accesses:    1473737241  100.00%

Tlb-Store-Hits:         153682225   99.82%
Tlb-Store-Misses:          279841    0.18%
Tlb-Store-Accesses:     153962066  100.00%

Tlb-Total-Hits:        1626852497   99.95%
Tlb-Total-Misses:          846810    0.05%
Tlb-Total-Accesses:    1627699307  100.00%



--------
Two level Cache hierarchy
--------
  L1-Data Cache:
    Size(KB):          32
    Block Size(B):     64
    Associativity:      8

  L2-Data Cache:
    Size(KB):        1024
    Block Size(B):    128
    Associativity:      8

Latencies:    1   10  250
L1-Sets:   64 - LRU - assoc:   8
L2-Sets: 1024 - LRU - assoc:   8
Store_allocation: Yes
L2_inclusive: Yes
L2_prefetching: Yes (  8)

L1 Cache Stats:
L1-Load-Hits:        1457422015   98.89%
L1-Load-Misses:        16315226    1.11%
L1-Load-Accesses:    1473737241  100.00%

L1-Store-Hits:         150022842   97.44%
L1-Store-Misses:         3939224    2.56%
L1-Store-Accesses:     153962066  100.00%

L1-Total-Hits:        1607444857   98.76%
L1-Total-Misses:        20254450    1.24%
L1-Total-Accesses:    1627699307  100.00%

L2 Cache Stats:
L2-Load-Hits:          14318007   87.76%
L2-Load-Misses:         1997219   12.24%
L2-Load-Accesses:      16315226  100.00%

L2-Store-Hits:           3061904   77.73%
L2-Store-Misses:          877320   22.27%
L2-Store-Accesses:       3939224  100.00%

L2-Total-Hits:          17379911   85.81%
L2-Total-Misses:         2874539   14.19%
L2-Total-Accesses:      20254450  100.00%

