--------
Total Statistics
--------
Total Instructions: 7983656670
Total Cycles: 10067153007
IPC: 0.79304

--------
Single level Tlb hierarchy
--------
  Data Tlb:
    Entries:          64
    Page Size(B):   4096
    Associativity:      4

Latencies:    0  150
Tlb-Sets:   16 - LRU - assoc:   4

Tlb Stats:
Tlb-Load-Hits:        1473163193   99.96%
Tlb-Load-Misses:          574048    0.04%
Tlb-Load-Accesses:    1473737241  100.00%

Tlb-Store-Hits:         153682204   99.82%
Tlb-Store-Misses:          279862    0.18%
Tlb-Store-Accesses:     153962066  100.00%

Tlb-Total-Hits:        1626845397   99.95%
Tlb-Total-Misses:          853910    0.05%
Tlb-Total-Accesses:    1627699307  100.00%



--------
Two level Cache hierarchy
--------
  L1-Data Cache:
    Size(KB):          32
    Block Size(B):     64
    Associativity:      8

  L2-Data Cache:
    Size(KB):        1024
    Block Size(B):    128
    Associativity:      8

Latencies:    1   10  250
L1-Sets:   64 - LRU - assoc:   8
L2-Sets: 1024 - LRU - assoc:   8
Store_allocation: Yes
L2_inclusive: Yes
L2_prefetching: Yes ( 64)

L1 Cache Stats:
L1-Load-Hits:        1459329562   99.02%
L1-Load-Misses:        14407679    0.98%
L1-Load-Accesses:    1473737241  100.00%

L1-Store-Hits:         150710492   97.89%
L1-Store-Misses:         3251574    2.11%
L1-Store-Accesses:     153962066  100.00%

L1-Total-Hits:        1610040054   98.92%
L1-Total-Misses:        17659253    1.08%
L1-Total-Accesses:    1627699307  100.00%

L2 Cache Stats:
L2-Load-Hits:          13969202   96.96%
L2-Load-Misses:          438477    3.04%
L2-Load-Accesses:      14407679  100.00%

L2-Store-Hits:           3085579   94.89%
L2-Store-Misses:          165995    5.11%
L2-Store-Accesses:       3251574  100.00%

L2-Total-Hits:          17054781   96.58%
L2-Total-Misses:          604472    3.42%
L2-Total-Accesses:      17659253  100.00%

