--------
Total Statistics
--------
Total Instructions: 32385411414
Total Cycles: 51167693142
IPC: 0.632927

--------
Single level Tlb hierarchy
--------
  Data Tlb:
    Entries:          64
    Page Size(B):   4096
    Associativity:      4

Latencies:    0  150
Tlb-Sets:   16 - LRU - assoc:   4

Tlb Stats:
Tlb-Load-Hits:        9297680559   99.87%
Tlb-Load-Misses:        12452096    0.13%
Tlb-Load-Accesses:    9310132655  100.00%

Tlb-Store-Hits:        4880965761   99.93%
Tlb-Store-Misses:         3618202    0.07%
Tlb-Store-Accesses:    4884583963  100.00%

Tlb-Total-Hits:       14178646320   99.89%
Tlb-Total-Misses:        16070298    0.11%
Tlb-Total-Accesses:   14194716618  100.00%



--------
Two level Cache hierarchy
--------
  L1-Data Cache:
    Size(KB):          32
    Block Size(B):     64
    Associativity:      8

  L2-Data Cache:
    Size(KB):        1024
    Block Size(B):    128
    Associativity:      8

Latencies:    1   10  250
L1-Sets:   64 - LRU - assoc:   8
L2-Sets: 1024 - LRU - assoc:   8
Store_allocation: Yes
L2_inclusive: Yes
L2_prefetching: Yes (  1)

L1 Cache Stats:
L1-Load-Hits:        9260705448   99.47%
L1-Load-Misses:        49427207    0.53%
L1-Load-Accesses:    9310132655  100.00%

L1-Store-Hits:        4875328504   99.81%
L1-Store-Misses:         9255459    0.19%
L1-Store-Accesses:    4884583963  100.00%

L1-Total-Hits:       14136033952   99.59%
L1-Total-Misses:        58682666    0.41%
L1-Total-Accesses:   14194716618  100.00%

L2 Cache Stats:
L2-Load-Hits:          44386213   89.80%
L2-Load-Misses:         5040994   10.20%
L2-Load-Accesses:      49427207  100.00%

L2-Store-Hits:           7935678   85.74%
L2-Store-Misses:         1319781   14.26%
L2-Store-Accesses:       9255459  100.00%

L2-Total-Hits:          52321891   89.16%
L2-Total-Misses:         6360775   10.84%
L2-Total-Accesses:      58682666  100.00%

