--------
Total Statistics
--------
Total Instructions: 32385411442
Total Cycles: 52149646570
IPC: 0.621009

--------
Single level Tlb hierarchy
--------
  Data Tlb:
    Entries:          64
    Page Size(B):   4096
    Associativity:      4

Latencies:    0  150
Tlb-Sets:   16 - LRU - assoc:   4

Tlb Stats:
Tlb-Load-Hits:        9294542474   99.83%
Tlb-Load-Misses:        15590190    0.17%
Tlb-Load-Accesses:    9310132664  100.00%

Tlb-Store-Hits:        4879309333   99.89%
Tlb-Store-Misses:         5274631    0.11%
Tlb-Store-Accesses:    4884583964  100.00%

Tlb-Total-Hits:       14173851807   99.85%
Tlb-Total-Misses:        20864821    0.15%
Tlb-Total-Accesses:   14194716628  100.00%



--------
Two level Cache hierarchy
--------
  L1-Data Cache:
    Size(KB):          32
    Block Size(B):     64
    Associativity:      8

  L2-Data Cache:
    Size(KB):        1024
    Block Size(B):    128
    Associativity:      8

Latencies:    1   10  250
L1-Sets:   64 - LRU - assoc:   8
L2-Sets: 1024 - LRU - assoc:   8
Store_allocation: Yes
L2_inclusive: Yes
L2_prefetching: Yes (  8)

L1 Cache Stats:
L1-Load-Hits:        9258313427   99.44%
L1-Load-Misses:        51819237    0.56%
L1-Load-Accesses:    9310132664  100.00%

L1-Store-Hits:        4875767191   99.82%
L1-Store-Misses:         8816773    0.18%
L1-Store-Accesses:    4884583964  100.00%

L1-Total-Hits:       14134080618   99.57%
L1-Total-Misses:        60636010    0.43%
L1-Total-Accesses:   14194716628  100.00%

L2 Cache Stats:
L2-Load-Hits:          45338247   87.49%
L2-Load-Misses:         6480990   12.51%
L2-Load-Accesses:      51819237  100.00%

L2-Store-Hits:           7964022   90.33%
L2-Store-Misses:          852751    9.67%
L2-Store-Accesses:       8816773  100.00%

L2-Total-Hits:          53302269   87.91%
L2-Total-Misses:         7333741   12.09%
L2-Total-Accesses:      60636010  100.00%

