--------
Total Statistics
--------
Total Instructions: 3916820473
Total Cycles: 5344564845
IPC: 0.732861

--------
Single level Tlb hierarchy
--------
  Data Tlb:
    Entries:          64
    Page Size(B):   4096
    Associativity:      4

Latencies:    0  150
Tlb-Sets:   16 - LRU - assoc:   4

Tlb Stats:
Tlb-Load-Hits:         996155680   99.95%
Tlb-Load-Misses:          532147    0.05%
Tlb-Load-Accesses:     996687827  100.00%

Tlb-Store-Hits:         218490248   99.98%
Tlb-Store-Misses:           50717    0.02%
Tlb-Store-Accesses:     218540965  100.00%

Tlb-Total-Hits:        1214645928   99.95%
Tlb-Total-Misses:          582864    0.05%
Tlb-Total-Accesses:    1215228792  100.00%



--------
Two level Cache hierarchy
--------
  L1-Data Cache:
    Size(KB):          32
    Block Size(B):     64
    Associativity:      8

  L2-Data Cache:
    Size(KB):        1024
    Block Size(B):    128
    Associativity:      8

Latencies:    1   10  250
L1-Sets:   64 - LRU - assoc:   8
L2-Sets: 1024 - LRU - assoc:   8
Store_allocation: Yes
L2_inclusive: Yes
L2_prefetching: Yes ( 64)

L1 Cache Stats:
L1-Load-Hits:         993603297   99.69%
L1-Load-Misses:         3084530    0.31%
L1-Load-Accesses:     996687827  100.00%

L1-Store-Hits:         218112972   99.80%
L1-Store-Misses:          427993    0.20%
L1-Store-Accesses:     218540965  100.00%

L1-Total-Hits:        1211716269   99.71%
L1-Total-Misses:         3512523    0.29%
L1-Total-Accesses:    1215228792  100.00%

L2 Cache Stats:
L2-Load-Hits:           2735656   88.69%
L2-Load-Misses:          348874   11.31%
L2-Load-Accesses:       3084530  100.00%

L2-Store-Hits:            417024   97.44%
L2-Store-Misses:           10969    2.56%
L2-Store-Accesses:        427993  100.00%

L2-Total-Hits:           3152680   89.76%
L2-Total-Misses:          359843   10.24%
L2-Total-Accesses:       3512523  100.00%

