--------
Total Statistics
--------
Total Instructions: 3916820501
Total Cycles: 5404238353
IPC: 0.724768

--------
Single level Tlb hierarchy
--------
  Data Tlb:
    Entries:          64
    Page Size(B):   4096
    Associativity:      4

Latencies:    0  150
Tlb-Sets:   16 - LRU - assoc:   4

Tlb Stats:
Tlb-Load-Hits:         996042648   99.94%
Tlb-Load-Misses:          645188    0.06%
Tlb-Load-Accesses:     996687836  100.00%

Tlb-Store-Hits:         218447241   99.96%
Tlb-Store-Misses:           93725    0.04%
Tlb-Store-Accesses:     218540966  100.00%

Tlb-Total-Hits:        1214489889   99.94%
Tlb-Total-Misses:          738913    0.06%
Tlb-Total-Accesses:    1215228802  100.00%



--------
Two level Cache hierarchy
--------
  L1-Data Cache:
    Size(KB):          32
    Block Size(B):     64
    Associativity:      8

  L2-Data Cache:
    Size(KB):        1024
    Block Size(B):    128
    Associativity:      8

Latencies:    1   10  250
L1-Sets:   64 - LRU - assoc:   8
L2-Sets: 1024 - LRU - assoc:   8
Store_allocation: Yes
L2_inclusive: Yes
L2_prefetching: Yes (  2)

L1 Cache Stats:
L1-Load-Hits:         993409287   99.67%
L1-Load-Misses:         3278549    0.33%
L1-Load-Accesses:     996687836  100.00%

L1-Store-Hits:         218044955   99.77%
L1-Store-Misses:          496011    0.23%
L1-Store-Accesses:     218540966  100.00%

L1-Total-Hits:        1211454242   99.69%
L1-Total-Misses:         3774560    0.31%
L1-Total-Accesses:    1215228802  100.00%

L2 Cache Stats:
L2-Load-Hits:           2849209   86.90%
L2-Load-Misses:          429340   13.10%
L2-Load-Accesses:       3278549  100.00%

L2-Store-Hits:            430925   86.88%
L2-Store-Misses:           65086   13.12%
L2-Store-Accesses:        496011  100.00%

L2-Total-Hits:           3280134   86.90%
L2-Total-Misses:          494426   13.10%
L2-Total-Accesses:       3774560  100.00%

