--------
Total Statistics
--------
Total Instructions: 3916820501
Total Cycles: 5377528393
IPC: 0.728368

--------
Single level Tlb hierarchy
--------
  Data Tlb:
    Entries:          64
    Page Size(B):   4096
    Associativity:      4

Latencies:    0  150
Tlb-Sets:   16 - LRU - assoc:   4

Tlb Stats:
Tlb-Load-Hits:         996040335   99.94%
Tlb-Load-Misses:          647501    0.06%
Tlb-Load-Accesses:     996687836  100.00%

Tlb-Store-Hits:         218448452   99.96%
Tlb-Store-Misses:           92514    0.04%
Tlb-Store-Accesses:     218540966  100.00%

Tlb-Total-Hits:        1214488787   99.94%
Tlb-Total-Misses:          740015    0.06%
Tlb-Total-Accesses:    1215228802  100.00%



--------
Two level Cache hierarchy
--------
  L1-Data Cache:
    Size(KB):          32
    Block Size(B):     64
    Associativity:      8

  L2-Data Cache:
    Size(KB):        1024
    Block Size(B):    128
    Associativity:      8

Latencies:    1   10  250
L1-Sets:   64 - LRU - assoc:   8
L2-Sets: 1024 - LRU - assoc:   8
Store_allocation: Yes
L2_inclusive: Yes
L2_prefetching: Yes (  4)

L1 Cache Stats:
L1-Load-Hits:         993474140   99.68%
L1-Load-Misses:         3213696    0.32%
L1-Load-Accesses:     996687836  100.00%

L1-Store-Hits:         218072978   99.79%
L1-Store-Misses:          467988    0.21%
L1-Store-Accesses:     218540966  100.00%

L1-Total-Hits:        1211547118   99.70%
L1-Total-Misses:         3681684    0.30%
L1-Total-Accesses:    1215228802  100.00%

L2 Cache Stats:
L2-Load-Hits:           2862265   89.06%
L2-Load-Misses:          351431   10.94%
L2-Load-Accesses:       3213696  100.00%

L2-Store-Hits:            428779   91.62%
L2-Store-Misses:           39209    8.38%
L2-Store-Accesses:        467988  100.00%

L2-Total-Hits:           3291044   89.39%
L2-Total-Misses:          390640   10.61%
L2-Total-Accesses:       3681684  100.00%

