--------
Total Statistics
--------
Total Instructions: 3916820501
Total Cycles: 5339268263
IPC: 0.733588

--------
Single level Tlb hierarchy
--------
  Data Tlb:
    Entries:          64
    Page Size(B):   4096
    Associativity:      4

Latencies:    0  150
Tlb-Sets:   16 - LRU - assoc:   4

Tlb Stats:
Tlb-Load-Hits:         996132107   99.94%
Tlb-Load-Misses:          555729    0.06%
Tlb-Load-Accesses:     996687836  100.00%

Tlb-Store-Hits:         218489128   99.98%
Tlb-Store-Misses:           51838    0.02%
Tlb-Store-Accesses:     218540966  100.00%

Tlb-Total-Hits:        1214621235   99.95%
Tlb-Total-Misses:          607567    0.05%
Tlb-Total-Accesses:    1215228802  100.00%



--------
Two level Cache hierarchy
--------
  L1-Data Cache:
    Size(KB):          32
    Block Size(B):     64
    Associativity:      8

  L2-Data Cache:
    Size(KB):        1024
    Block Size(B):    128
    Associativity:      8

Latencies:    1   10  250
L1-Sets:   64 - LRU - assoc:   8
L2-Sets: 1024 - LRU - assoc:   8
Store_allocation: Yes
L2_inclusive: Yes
L2_prefetching: Yes ( 16)

L1 Cache Stats:
L1-Load-Hits:         993526876   99.68%
L1-Load-Misses:         3160960    0.32%
L1-Load-Accesses:     996687836  100.00%

L1-Store-Hits:         218115435   99.81%
L1-Store-Misses:          425531    0.19%
L1-Store-Accesses:     218540966  100.00%

L1-Total-Hits:        1211642311   99.70%
L1-Total-Misses:         3586491    0.30%
L1-Total-Accesses:    1215228802  100.00%

L2 Cache Stats:
L2-Load-Hits:           2853777   90.28%
L2-Load-Misses:          307183    9.72%
L2-Load-Accesses:       3160960  100.00%

L2-Store-Hits:            411838   96.78%
L2-Store-Misses:           13693    3.22%
L2-Store-Accesses:        425531  100.00%

L2-Total-Hits:           3265615   91.05%
L2-Total-Misses:          320876    8.95%
L2-Total-Accesses:       3586491  100.00%

