--------
Total Statistics
--------
Total Instructions: 16205573206
Total Cycles: 43943307842
IPC: 0.368784

--------
Single level Tlb hierarchy
--------
  Data Tlb:
    Entries:          64
    Page Size(B):   4096
    Associativity:      4

Latencies:    0  150
Tlb-Sets:   16 - LRU - assoc:   4

Tlb Stats:
Tlb-Load-Hits:        2883557732   98.86%
Tlb-Load-Misses:        33357318    1.14%
Tlb-Load-Accesses:    2916915050  100.00%

Tlb-Store-Hits:          56438291   99.74%
Tlb-Store-Misses:          146825    0.26%
Tlb-Store-Accesses:      56585116  100.00%

Tlb-Total-Hits:        2939996023   98.87%
Tlb-Total-Misses:        33504143    1.13%
Tlb-Total-Accesses:    2973500166  100.00%



--------
Two level Cache hierarchy
--------
  L1-Data Cache:
    Size(KB):          32
    Block Size(B):     64
    Associativity:      8

  L2-Data Cache:
    Size(KB):        1024
    Block Size(B):    128
    Associativity:      8

Latencies:    1   10  250
L1-Sets:   64 - LRU - assoc:   8
L2-Sets: 1024 - LRU - assoc:   8
Store_allocation: Yes
L2_inclusive: Yes
L2_prefetching: Yes (  2)

L1 Cache Stats:
L1-Load-Hits:        2496592745   85.59%
L1-Load-Misses:       420322305   14.41%
L1-Load-Accesses:    2916915050  100.00%

L1-Store-Hits:          55137294   97.44%
L1-Store-Misses:         1447822    2.56%
L1-Store-Accesses:      56585116  100.00%

L1-Total-Hits:        2551730039   85.82%
L1-Total-Misses:       421770127   14.18%
L1-Total-Accesses:    2973500166  100.00%

L2 Cache Stats:
L2-Load-Hits:         358405691   85.27%
L2-Load-Misses:        61916614   14.73%
L2-Load-Accesses:     420322305  100.00%

L2-Store-Hits:           1280789   88.46%
L2-Store-Misses:          167033   11.54%
L2-Store-Accesses:       1447822  100.00%

L2-Total-Hits:         359686480   85.28%
L2-Total-Misses:        62083647   14.72%
L2-Total-Accesses:     421770127  100.00%

