--------
Total Statistics
--------
Total Instructions: 23632511291
Total Cycles: 32723909818
IPC: 0.722179

--------
Single level Tlb hierarchy
--------
  Data Tlb:
    Entries:          64
    Page Size(B):   4096
    Associativity:      4

Latencies:    0  150
Tlb-Sets:   16 - LRU - assoc:   4

Tlb Stats:
Tlb-Load-Hits:        6840365993  100.00%
Tlb-Load-Misses:              62    0.00%
Tlb-Load-Accesses:    6840366055  100.00%

Tlb-Store-Hits:        1743491447  100.00%
Tlb-Store-Misses:             345    0.00%
Tlb-Store-Accesses:    1743491792  100.00%

Tlb-Total-Hits:        8583857440  100.00%
Tlb-Total-Misses:             407    0.00%
Tlb-Total-Accesses:    8583857847  100.00%



--------
Two level Cache hierarchy
--------
  L1-Data Cache:
    Size(KB):          32
    Block Size(B):     64
    Associativity:      8

  L2-Data Cache:
    Size(KB):        1024
    Block Size(B):    128
    Associativity:      8

Latencies:    1   10  250
L1-Sets:   64 - LRU - assoc:   8
L2-Sets: 1024 - LRU - assoc:   8
Store_allocation: Yes
L2_inclusive: Yes
L2_prefetching: Yes ( 16)

L1 Cache Stats:
L1-Load-Hits:        6821941165   99.73%
L1-Load-Misses:        18424890    0.27%
L1-Load-Accesses:    6840366055  100.00%

L1-Store-Hits:        1711194069   98.15%
L1-Store-Misses:        32297723    1.85%
L1-Store-Accesses:    1743491792  100.00%

L1-Total-Hits:        8533135234   99.41%
L1-Total-Misses:        50722613    0.59%
L1-Total-Accesses:    8583857847  100.00%

L2 Cache Stats:
L2-Load-Hits:          18424756  100.00%
L2-Load-Misses:             134    0.00%
L2-Load-Accesses:      18424890  100.00%

L2-Store-Hits:          32296843  100.00%
L2-Store-Misses:             880    0.00%
L2-Store-Accesses:      32297723  100.00%

L2-Total-Hits:          50721599  100.00%
L2-Total-Misses:            1014    0.00%
L2-Total-Accesses:      50722613  100.00%

