--------
Total Statistics
--------
Total Instructions: 23632511319
Total Cycles: 32727224716
IPC: 0.722106

--------
Single level Tlb hierarchy
--------
  Data Tlb:
    Entries:          64
    Page Size(B):   4096
    Associativity:      4

Latencies:    0  150
Tlb-Sets:   16 - LRU - assoc:   4

Tlb Stats:
Tlb-Load-Hits:        6840366006  100.00%
Tlb-Load-Misses:              58    0.00%
Tlb-Load-Accesses:    6840366064  100.00%

Tlb-Store-Hits:        1743491451  100.00%
Tlb-Store-Misses:             342    0.00%
Tlb-Store-Accesses:    1743491793  100.00%

Tlb-Total-Hits:        8583857457  100.00%
Tlb-Total-Misses:             400    0.00%
Tlb-Total-Accesses:    8583857857  100.00%



--------
Two level Cache hierarchy
--------
  L1-Data Cache:
    Size(KB):          32
    Block Size(B):     64
    Associativity:      8

  L2-Data Cache:
    Size(KB):        1024
    Block Size(B):    128
    Associativity:      8

Latencies:    1   10  250
L1-Sets:   64 - LRU - assoc:   8
L2-Sets: 1024 - LRU - assoc:   8
Store_allocation: Yes
L2_inclusive: Yes
L2_prefetching: Yes (  2)

L1 Cache Stats:
L1-Load-Hits:        6821951881   99.73%
L1-Load-Misses:        18414183    0.27%
L1-Load-Accesses:    6840366064  100.00%

L1-Store-Hits:        1710930347   98.13%
L1-Store-Misses:        32561446    1.87%
L1-Store-Accesses:    1743491793  100.00%

L1-Total-Hits:        8532882228   99.41%
L1-Total-Misses:        50975629    0.59%
L1-Total-Accesses:    8583857857  100.00%

L2 Cache Stats:
L2-Load-Hits:          18413797  100.00%
L2-Load-Misses:             386    0.00%
L2-Load-Accesses:      18414183  100.00%

L2-Store-Hits:          32557675   99.99%
L2-Store-Misses:            3771    0.01%
L2-Store-Accesses:      32561446  100.00%

L2-Total-Hits:          50971472   99.99%
L2-Total-Misses:            4157    0.01%
L2-Total-Accesses:      50975629  100.00%

