--------
Total Statistics
--------
Total Instructions: 23632511319
Total Cycles: 32713225496
IPC: 0.722415

--------
Single level Tlb hierarchy
--------
  Data Tlb:
    Entries:          64
    Page Size(B):   4096
    Associativity:      4

Latencies:    0  150
Tlb-Sets:   16 - LRU - assoc:   4

Tlb Stats:
Tlb-Load-Hits:        6840365998  100.00%
Tlb-Load-Misses:              66    0.00%
Tlb-Load-Accesses:    6840366064  100.00%

Tlb-Store-Hits:        1743491444  100.00%
Tlb-Store-Misses:             349    0.00%
Tlb-Store-Accesses:    1743491793  100.00%

Tlb-Total-Hits:        8583857442  100.00%
Tlb-Total-Misses:             415    0.00%
Tlb-Total-Accesses:    8583857857  100.00%



--------
Two level Cache hierarchy
--------
  L1-Data Cache:
    Size(KB):          32
    Block Size(B):     64
    Associativity:      8

  L2-Data Cache:
    Size(KB):        1024
    Block Size(B):    128
    Associativity:      8

Latencies:    1   10  250
L1-Sets:   64 - LRU - assoc:   8
L2-Sets: 1024 - LRU - assoc:   8
Store_allocation: Yes
L2_inclusive: Yes
L2_prefetching: Yes (  4)

L1 Cache Stats:
L1-Load-Hits:        6822007113   99.73%
L1-Load-Misses:        18358951    0.27%
L1-Load-Accesses:    6840366064  100.00%

L1-Store-Hits:        1712242262   98.21%
L1-Store-Misses:        31249531    1.79%
L1-Store-Accesses:    1743491793  100.00%

L1-Total-Hits:        8534249375   99.42%
L1-Total-Misses:        49608482    0.58%
L1-Total-Accesses:    8583857857  100.00%

L2 Cache Stats:
L2-Load-Hits:          18358685  100.00%
L2-Load-Misses:             266    0.00%
L2-Load-Accesses:      18358951  100.00%

L2-Store-Hits:          31246960   99.99%
L2-Store-Misses:            2571    0.01%
L2-Store-Accesses:      31249531  100.00%

L2-Total-Hits:          49605645   99.99%
L2-Total-Misses:            2837    0.01%
L2-Total-Accesses:      49608482  100.00%

