--------
Total Statistics
--------
Total Instructions: 23632511291
Total Cycles: 32728038538
IPC: 0.722088

--------
Single level Tlb hierarchy
--------
  Data Tlb:
    Entries:          64
    Page Size(B):   4096
    Associativity:      4

Latencies:    0  150
Tlb-Sets:   16 - LRU - assoc:   4

Tlb Stats:
Tlb-Load-Hits:        6840365991  100.00%
Tlb-Load-Misses:              64    0.00%
Tlb-Load-Accesses:    6840366055  100.00%

Tlb-Store-Hits:        1743491450  100.00%
Tlb-Store-Misses:             342    0.00%
Tlb-Store-Accesses:    1743491792  100.00%

Tlb-Total-Hits:        8583857441  100.00%
Tlb-Total-Misses:             406    0.00%
Tlb-Total-Accesses:    8583857847  100.00%



--------
Two level Cache hierarchy
--------
  L1-Data Cache:
    Size(KB):          32
    Block Size(B):     64
    Associativity:      8

  L2-Data Cache:
    Size(KB):        1024
    Block Size(B):    128
    Associativity:      8

Latencies:    1   10  250
L1-Sets:   64 - LRU - assoc:   8
L2-Sets: 1024 - LRU - assoc:   8
Store_allocation: Yes
L2_inclusive: Yes
L2_prefetching: Yes ( 64)

L1 Cache Stats:
L1-Load-Hits:        6821918107   99.73%
L1-Load-Misses:        18447948    0.27%
L1-Load-Accesses:    6840366055  100.00%

L1-Store-Hits:        1710787140   98.12%
L1-Store-Misses:        32704652    1.88%
L1-Store-Accesses:    1743491792  100.00%

L1-Total-Hits:        8532705247   99.40%
L1-Total-Misses:        51152600    0.60%
L1-Total-Accesses:    8583857847  100.00%

L2 Cache Stats:
L2-Load-Hits:          18447881  100.00%
L2-Load-Misses:              67    0.00%
L2-Load-Accesses:      18447948  100.00%

L2-Store-Hits:          32704389  100.00%
L2-Store-Misses:             263    0.00%
L2-Store-Accesses:      32704652  100.00%

L2-Total-Hits:          51152270  100.00%
L2-Total-Misses:             330    0.00%
L2-Total-Accesses:      51152600  100.00%

