--------
Total Statistics
--------
Total Instructions: 2151811134
Total Cycles: 8728982178
IPC: 0.246513

--------
Single level Tlb hierarchy
--------
  Data Tlb:
    Entries:          64
    Page Size(B):   4096
    Associativity:      4

Latencies:    0  150
Tlb-Sets:   16 - LRU - assoc:   4

Tlb Stats:
Tlb-Load-Hits:         524057253   93.84%
Tlb-Load-Misses:        34423429    6.16%
Tlb-Load-Accesses:     558480682  100.00%

Tlb-Store-Hits:         106928160   99.99%
Tlb-Store-Misses:           12002    0.01%
Tlb-Store-Accesses:     106940162  100.00%

Tlb-Total-Hits:         630985413   94.83%
Tlb-Total-Misses:        34435431    5.17%
Tlb-Total-Accesses:     665420844  100.00%



--------
Two level Cache hierarchy
--------
  L1-Data Cache:
    Size(KB):          32
    Block Size(B):     64
    Associativity:      8

  L2-Data Cache:
    Size(KB):        1024
    Block Size(B):     64
    Associativity:     16

Latencies:    1   10  250
L1-Sets:   64 - LRU - assoc:   8
L2-Sets: 1024 - LRU - assoc:  16
Store_allocation: Yes
L2_inclusive: Yes
L2_prefetching: No

L1 Cache Stats:
L1-Load-Hits:         556014350   99.56%
L1-Load-Misses:         2466332    0.44%
L1-Load-Accesses:     558480682  100.00%

L1-Store-Hits:         106530014   99.62%
L1-Store-Misses:          410148    0.38%
L1-Store-Accesses:     106940162  100.00%

L1-Total-Hits:         662544364   99.57%
L1-Total-Misses:         2876480    0.43%
L1-Total-Accesses:     665420844  100.00%

L2 Cache Stats:
L2-Load-Hits:              5797    0.24%
L2-Load-Misses:         2460535   99.76%
L2-Load-Accesses:       2466332  100.00%

L2-Store-Hits:                 0    0.00%
L2-Store-Misses:          410148  100.00%
L2-Store-Accesses:        410148  100.00%

L2-Total-Hits:              5797    0.20%
L2-Total-Misses:         2870683   99.80%
L2-Total-Accesses:       2876480  100.00%

