--------
Total Statistics
--------
Total Instructions: 10802935199
Total Cycles: 17280025846
IPC: 0.625169

--------
Single level Tlb hierarchy
--------
  Data Tlb:
    Entries:          64
    Page Size(B):   4096
    Associativity:      4

Latencies:    0  150
Tlb-Sets:   16 - LRU - assoc:   4

Tlb Stats:
Tlb-Load-Hits:        2162457623   99.38%
Tlb-Load-Misses:        13502694    0.62%
Tlb-Load-Accesses:    2175960317  100.00%

Tlb-Store-Hits:         557104248   99.97%
Tlb-Store-Misses:          185722    0.03%
Tlb-Store-Accesses:     557289970  100.00%

Tlb-Total-Hits:        2719561871   99.50%
Tlb-Total-Misses:        13688416    0.50%
Tlb-Total-Accesses:    2733250287  100.00%



--------
Two level Cache hierarchy
--------
  L1-Data Cache:
    Size(KB):          32
    Block Size(B):     64
    Associativity:      8

  L2-Data Cache:
    Size(KB):        1024
    Block Size(B):     64
    Associativity:     16

Latencies:    1   10  250
L1-Sets:   64 - LRU - assoc:   8
L2-Sets: 1024 - LRU - assoc:  16
Store_allocation: Yes
L2_inclusive: Yes
L2_prefetching: No

L1 Cache Stats:
L1-Load-Hits:        2065414988   94.92%
L1-Load-Misses:       110545329    5.08%
L1-Load-Accesses:    2175960317  100.00%

L1-Store-Hits:         551660903   98.99%
L1-Store-Misses:         5629067    1.01%
L1-Store-Accesses:     557289970  100.00%

L1-Total-Hits:        2617075891   95.75%
L1-Total-Misses:       116174396    4.25%
L1-Total-Accesses:    2733250287  100.00%

L2 Cache Stats:
L2-Load-Hits:         109426662   98.99%
L2-Load-Misses:         1118667    1.01%
L2-Load-Accesses:     110545329  100.00%

L2-Store-Hits:           4632398   82.29%
L2-Store-Misses:          996669   17.71%
L2-Store-Accesses:       5629067  100.00%

L2-Total-Hits:         114059060   98.18%
L2-Total-Misses:         2115336    1.82%
L2-Total-Accesses:     116174396  100.00%

