--------
Total Statistics
--------
Total Instructions: 1520711613
Total Cycles: 15956392544
IPC: 0.0953042

--------
Single level Tlb hierarchy
--------
  Data Tlb:
    Entries:          64
    Page Size(B):   4096
    Associativity:      4

Latencies:    0  150
Tlb-Sets:   16 - LRU - assoc:   4

Tlb Stats:
Tlb-Load-Hits:         241500447   86.18%
Tlb-Load-Misses:        38736943   13.82%
Tlb-Load-Accesses:     280237390  100.00%

Tlb-Store-Hits:          74008058   99.26%
Tlb-Store-Misses:          555483    0.74%
Tlb-Store-Accesses:      74563541  100.00%

Tlb-Total-Hits:         315508505   88.93%
Tlb-Total-Misses:        39292426   11.07%
Tlb-Total-Accesses:     354800931  100.00%



--------
Two level Cache hierarchy
--------
  L1-Data Cache:
    Size(KB):          32
    Block Size(B):     64
    Associativity:      8

  L2-Data Cache:
    Size(KB):        2048
    Block Size(B):    128
    Associativity:     16

Latencies:    1   10  250
L1-Sets:   64 - LRU - assoc:   8
L2-Sets: 1024 - LRU - assoc:  16
Store_allocation: Yes
L2_inclusive: Yes
L2_prefetching: No

L1 Cache Stats:
L1-Load-Hits:         210227083   75.02%
L1-Load-Misses:        70010307   24.98%
L1-Load-Accesses:     280237390  100.00%

L1-Store-Hits:          74556088   99.99%
L1-Store-Misses:            7453    0.01%
L1-Store-Accesses:      74563541  100.00%

L1-Total-Hits:         284783171   80.27%
L1-Total-Misses:        70017760   19.73%
L1-Total-Accesses:     354800931  100.00%

L2 Cache Stats:
L2-Load-Hits:          40063674   57.23%
L2-Load-Misses:        29946633   42.77%
L2-Load-Accesses:      70010307  100.00%

L2-Store-Hits:              6732   90.33%
L2-Store-Misses:             721    9.67%
L2-Store-Accesses:          7453  100.00%

L2-Total-Hits:          40070406   57.23%
L2-Total-Misses:        29947354   42.77%
L2-Total-Accesses:      70017760  100.00%

