--------
Total Statistics
--------
Total Instructions: 1520711641
Total Cycles: 16258970222
IPC: 0.0935306

--------
Single level Tlb hierarchy
--------
  Data Tlb:
    Entries:          64
    Page Size(B):   4096
    Associativity:      4

Latencies:    0  150
Tlb-Sets:   16 - LRU - assoc:   4

Tlb Stats:
Tlb-Load-Hits:         241113112   86.04%
Tlb-Load-Misses:        39124287   13.96%
Tlb-Load-Accesses:     280237399  100.00%

Tlb-Store-Hits:          74006376   99.25%
Tlb-Store-Misses:          557166    0.75%
Tlb-Store-Accesses:      74563542  100.00%

Tlb-Total-Hits:         315119488   88.82%
Tlb-Total-Misses:        39681453   11.18%
Tlb-Total-Accesses:     354800941  100.00%



--------
Two level Cache hierarchy
--------
  L1-Data Cache:
    Size(KB):          32
    Block Size(B):     64
    Associativity:      8

  L2-Data Cache:
    Size(KB):        1024
    Block Size(B):    256
    Associativity:      8

Latencies:    1   10  250
L1-Sets:   64 - LRU - assoc:   8
L2-Sets:  512 - LRU - assoc:   8
Store_allocation: Yes
L2_inclusive: Yes
L2_prefetching: No

L1 Cache Stats:
L1-Load-Hits:         206947594   73.85%
L1-Load-Misses:        73289805   26.15%
L1-Load-Accesses:     280237399  100.00%

L1-Store-Hits:          74555553   99.99%
L1-Store-Misses:            7989    0.01%
L1-Store-Accesses:      74563542  100.00%

L1-Total-Hits:         281503147   79.34%
L1-Total-Misses:        73297794   20.66%
L1-Total-Accesses:     354800941  100.00%

L2 Cache Stats:
L2-Load-Hits:          42499083   57.99%
L2-Load-Misses:        30790722   42.01%
L2-Load-Accesses:      73289805  100.00%

L2-Store-Hits:              5664   70.90%
L2-Store-Misses:            2325   29.10%
L2-Store-Accesses:          7989  100.00%

L2-Total-Hits:          42504747   57.99%
L2-Total-Misses:        30793047   42.01%
L2-Total-Accesses:      73297794  100.00%

