--------
Total Statistics
--------
Total Instructions: 7983656642
Total Cycles: 12197456369
IPC: 0.654535

--------
Single level Tlb hierarchy
--------
  Data Tlb:
    Entries:          64
    Page Size(B):   4096
    Associativity:      4

Latencies:    0  150
Tlb-Sets:   16 - LRU - assoc:   4

Tlb Stats:
Tlb-Load-Hits:        1473170179   99.96%
Tlb-Load-Misses:          567053    0.04%
Tlb-Load-Accesses:    1473737232  100.00%

Tlb-Store-Hits:         153682224   99.82%
Tlb-Store-Misses:          279841    0.18%
Tlb-Store-Accesses:     153962065  100.00%

Tlb-Total-Hits:        1626852403   99.95%
Tlb-Total-Misses:          846894    0.05%
Tlb-Total-Accesses:    1627699297  100.00%



--------
Two level Cache hierarchy
--------
  L1-Data Cache:
    Size(KB):          32
    Block Size(B):     64
    Associativity:      8

  L2-Data Cache:
    Size(KB):        1024
    Block Size(B):     64
    Associativity:      8

Latencies:    1   10  250
L1-Sets:   64 - LRU - assoc:   8
L2-Sets: 2048 - LRU - assoc:   8
Store_allocation: Yes
L2_inclusive: Yes
L2_prefetching: No

L1 Cache Stats:
L1-Load-Hits:        1459819707   99.06%
L1-Load-Misses:        13917525    0.94%
L1-Load-Accesses:    1473737232  100.00%

L1-Store-Hits:         150873432   97.99%
L1-Store-Misses:         3088633    2.01%
L1-Store-Accesses:     153962065  100.00%

L1-Total-Hits:        1610693139   98.96%
L1-Total-Misses:        17006158    1.04%
L1-Total-Accesses:    1627699297  100.00%

L2 Cache Stats:
L2-Load-Hits:           7842404   56.35%
L2-Load-Misses:         6075121   43.65%
L2-Load-Accesses:      13917525  100.00%

L2-Store-Hits:              7735    0.25%
L2-Store-Misses:         3080898   99.75%
L2-Store-Accesses:       3088633  100.00%

L2-Total-Hits:           7850139   46.16%
L2-Total-Misses:         9156019   53.84%
L2-Total-Accesses:      17006158  100.00%

