--------
Total Statistics
--------
Total Instructions: 7983656642
Total Cycles: 12544563659
IPC: 0.636424

--------
Single level Tlb hierarchy
--------
  Data Tlb:
    Entries:          64
    Page Size(B):   4096
    Associativity:      4

Latencies:    0  150
Tlb-Sets:   16 - LRU - assoc:   4

Tlb Stats:
Tlb-Load-Hits:        1473170303   99.96%
Tlb-Load-Misses:          566929    0.04%
Tlb-Load-Accesses:    1473737232  100.00%

Tlb-Store-Hits:         153682206   99.82%
Tlb-Store-Misses:          279859    0.18%
Tlb-Store-Accesses:     153962065  100.00%

Tlb-Total-Hits:        1626852509   99.95%
Tlb-Total-Misses:          846788    0.05%
Tlb-Total-Accesses:    1627699297  100.00%



--------
Two level Cache hierarchy
--------
  L1-Data Cache:
    Size(KB):          32
    Block Size(B):     64
    Associativity:      8

  L2-Data Cache:
    Size(KB):         512
    Block Size(B):     64
    Associativity:      8

Latencies:    1   10  250
L1-Sets:   64 - LRU - assoc:   8
L2-Sets: 1024 - LRU - assoc:   8
Store_allocation: Yes
L2_inclusive: Yes
L2_prefetching: No

L1 Cache Stats:
L1-Load-Hits:        1459812761   99.06%
L1-Load-Misses:        13924471    0.94%
L1-Load-Accesses:    1473737232  100.00%

L1-Store-Hits:         150873834   97.99%
L1-Store-Misses:         3088231    2.01%
L1-Store-Accesses:     153962065  100.00%

L1-Total-Hits:        1610686595   98.95%
L1-Total-Misses:        17012702    1.05%
L1-Total-Accesses:    1627699297  100.00%

L2 Cache Stats:
L2-Load-Hits:           6461103   46.40%
L2-Load-Misses:         7463368   53.60%
L2-Load-Accesses:      13924471  100.00%

L2-Store-Hits:              7349    0.24%
L2-Store-Misses:         3080882   99.76%
L2-Store-Accesses:       3088231  100.00%

L2-Total-Hits:           6468452   38.02%
L2-Total-Misses:        10544250   61.98%
L2-Total-Accesses:      17012702  100.00%

