--------
Total Statistics
--------
Total Instructions: 7983656670
Total Cycles: 11624734697
IPC: 0.686782

--------
Single level Tlb hierarchy
--------
  Data Tlb:
    Entries:          64
    Page Size(B):   4096
    Associativity:      4

Latencies:    0  150
Tlb-Sets:   16 - LRU - assoc:   4

Tlb Stats:
Tlb-Load-Hits:        1473170398   99.96%
Tlb-Load-Misses:          566843    0.04%
Tlb-Load-Accesses:    1473737241  100.00%

Tlb-Store-Hits:         153682226   99.82%
Tlb-Store-Misses:          279840    0.18%
Tlb-Store-Accesses:     153962066  100.00%

Tlb-Total-Hits:        1626852624   99.95%
Tlb-Total-Misses:          846683    0.05%
Tlb-Total-Accesses:    1627699307  100.00%



--------
Two level Cache hierarchy
--------
  L1-Data Cache:
    Size(KB):          32
    Block Size(B):     64
    Associativity:      8

  L2-Data Cache:
    Size(KB):        1024
    Block Size(B):    256
    Associativity:      8

Latencies:    1   10  250
L1-Sets:   64 - LRU - assoc:   8
L2-Sets:  512 - LRU - assoc:   8
Store_allocation: Yes
L2_inclusive: Yes
L2_prefetching: No

L1 Cache Stats:
L1-Load-Hits:        1454219480   98.68%
L1-Load-Misses:        19517761    1.32%
L1-Load-Accesses:    1473737241  100.00%

L1-Store-Hits:         148682550   96.57%
L1-Store-Misses:         5279516    3.43%
L1-Store-Accesses:     153962066  100.00%

L1-Total-Hits:        1602902030   98.48%
L1-Total-Misses:        24797277    1.52%
L1-Total-Accesses:    1627699307  100.00%

L2 Cache Stats:
L2-Load-Hits:          15146409   77.60%
L2-Load-Misses:         4371352   22.40%
L2-Load-Accesses:      19517761  100.00%

L2-Store-Hits:           3097254   58.67%
L2-Store-Misses:         2182262   41.33%
L2-Store-Accesses:       5279516  100.00%

L2-Total-Hits:          18243663   73.57%
L2-Total-Misses:         6553614   26.43%
L2-Total-Accesses:      24797277  100.00%

