--------
Total Statistics
--------
Total Instructions: 3916820473
Total Cycles: 5382473555
IPC: 0.727699

--------
Single level Tlb hierarchy
--------
  Data Tlb:
    Entries:          64
    Page Size(B):   4096
    Associativity:      4

Latencies:    0  150
Tlb-Sets:   16 - LRU - assoc:   4

Tlb Stats:
Tlb-Load-Hits:         996152484   99.95%
Tlb-Load-Misses:          535343    0.05%
Tlb-Load-Accesses:     996687827  100.00%

Tlb-Store-Hits:         218489504   99.98%
Tlb-Store-Misses:           51461    0.02%
Tlb-Store-Accesses:     218540965  100.00%

Tlb-Total-Hits:        1214641988   99.95%
Tlb-Total-Misses:          586804    0.05%
Tlb-Total-Accesses:    1215228792  100.00%



--------
Two level Cache hierarchy
--------
  L1-Data Cache:
    Size(KB):          32
    Block Size(B):     64
    Associativity:      8

  L2-Data Cache:
    Size(KB):        2048
    Block Size(B):    256
    Associativity:     16

Latencies:    1   10  250
L1-Sets:   64 - LRU - assoc:   8
L2-Sets:  512 - LRU - assoc:  16
Store_allocation: Yes
L2_inclusive: Yes
L2_prefetching: No

L1 Cache Stats:
L1-Load-Hits:         993463102   99.68%
L1-Load-Misses:         3224725    0.32%
L1-Load-Accesses:     996687827  100.00%

L1-Store-Hits:         218004496   99.75%
L1-Store-Misses:          536469    0.25%
L1-Store-Accesses:     218540965  100.00%

L1-Total-Hits:        1211467598   99.69%
L1-Total-Misses:         3761194    0.31%
L1-Total-Accesses:    1215228792  100.00%

L2 Cache Stats:
L2-Load-Hits:           2822891   87.54%
L2-Load-Misses:          401834   12.46%
L2-Load-Accesses:       3224725  100.00%

L2-Store-Hits:            439136   81.86%
L2-Store-Misses:           97333   18.14%
L2-Store-Accesses:        536469  100.00%

L2-Total-Hits:           3262027   86.73%
L2-Total-Misses:          499167   13.27%
L2-Total-Accesses:       3761194  100.00%

