--------
Total Statistics
--------
Total Instructions: 16205573234
Total Cycles: 74256894860
IPC: 0.218237

--------
Single level Tlb hierarchy
--------
  Data Tlb:
    Entries:          64
    Page Size(B):   4096
    Associativity:      4

Latencies:    0  150
Tlb-Sets:   16 - LRU - assoc:   4

Tlb Stats:
Tlb-Load-Hits:        2883568438   98.86%
Tlb-Load-Misses:        33346621    1.14%
Tlb-Load-Accesses:    2916915059  100.00%

Tlb-Store-Hits:          56419130   99.71%
Tlb-Store-Misses:          165987    0.29%
Tlb-Store-Accesses:      56585117  100.00%

Tlb-Total-Hits:        2939987568   98.87%
Tlb-Total-Misses:        33512608    1.13%
Tlb-Total-Accesses:    2973500176  100.00%



--------
Two level Cache hierarchy
--------
  L1-Data Cache:
    Size(KB):          32
    Block Size(B):     64
    Associativity:      8

  L2-Data Cache:
    Size(KB):        1024
    Block Size(B):    128
    Associativity:     16

Latencies:    1   10  250
L1-Sets:   64 - LRU - assoc:   8
L2-Sets:  512 - LRU - assoc:  16
Store_allocation: Yes
L2_inclusive: Yes
L2_prefetching: No

L1 Cache Stats:
L1-Load-Hits:        2403686332   82.41%
L1-Load-Misses:       513228727   17.59%
L1-Load-Accesses:    2916915059  100.00%

L1-Store-Hits:          54560444   96.42%
L1-Store-Misses:         2024673    3.58%
L1-Store-Accesses:      56585117  100.00%

L1-Total-Hits:        2458246776   82.67%
L1-Total-Misses:       515253400   17.33%
L1-Total-Accesses:    2973500176  100.00%

L2 Cache Stats:
L2-Load-Hits:         334103347   65.10%
L2-Load-Misses:       179125380   34.90%
L2-Load-Accesses:     513228727  100.00%

L2-Store-Hits:           1556468   76.88%
L2-Store-Misses:          468205   23.12%
L2-Store-Accesses:       2024673  100.00%

L2-Total-Hits:         335659815   65.14%
L2-Total-Misses:       179593585   34.86%
L2-Total-Accesses:     515253400  100.00%

