--------
Total Statistics
--------
Total Instructions: 23632511291
Total Cycles: 32710095908
IPC: 0.722484

--------
Single level Tlb hierarchy
--------
  Data Tlb:
    Entries:          64
    Page Size(B):   4096
    Associativity:      4

Latencies:    0  150
Tlb-Sets:   16 - LRU - assoc:   4

Tlb Stats:
Tlb-Load-Hits:        6840365990  100.00%
Tlb-Load-Misses:              65    0.00%
Tlb-Load-Accesses:    6840366055  100.00%

Tlb-Store-Hits:        1743491449  100.00%
Tlb-Store-Misses:             343    0.00%
Tlb-Store-Accesses:    1743491792  100.00%

Tlb-Total-Hits:        8583857439  100.00%
Tlb-Total-Misses:             408    0.00%
Tlb-Total-Accesses:    8583857847  100.00%



--------
Two level Cache hierarchy
--------
  L1-Data Cache:
    Size(KB):          32
    Block Size(B):     64
    Associativity:      8

  L2-Data Cache:
    Size(KB):         512
    Block Size(B):    128
    Associativity:      8

Latencies:    1   10  250
L1-Sets:   64 - LRU - assoc:   8
L2-Sets:  512 - LRU - assoc:   8
Store_allocation: Yes
L2_inclusive: Yes
L2_prefetching: No

L1 Cache Stats:
L1-Load-Hits:        6822342628   99.74%
L1-Load-Misses:        18023427    0.26%
L1-Load-Accesses:    6840366055  100.00%

L1-Store-Hits:        1712431087   98.22%
L1-Store-Misses:        31060705    1.78%
L1-Store-Accesses:    1743491792  100.00%

L1-Total-Hits:        8534773715   99.43%
L1-Total-Misses:        49084132    0.57%
L1-Total-Accesses:    8583857847  100.00%

L2 Cache Stats:
L2-Load-Hits:          18022425   99.99%
L2-Load-Misses:            1002    0.01%
L2-Load-Accesses:      18023427  100.00%

L2-Store-Hits:          31050410   99.97%
L2-Store-Misses:           10295    0.03%
L2-Store-Accesses:      31060705  100.00%

L2-Total-Hits:          49072835   99.98%
L2-Total-Misses:           11297    0.02%
L2-Total-Accesses:      49084132  100.00%

