--------
Total Statistics
--------
Total Instructions: 23632511291
Total Cycles: 32713456698
IPC: 0.722409

--------
Single level Tlb hierarchy
--------
  Data Tlb:
    Entries:          64
    Page Size(B):   4096
    Associativity:      4

Latencies:    0  150
Tlb-Sets:   16 - LRU - assoc:   4

Tlb Stats:
Tlb-Load-Hits:        6840365977  100.00%
Tlb-Load-Misses:              78    0.00%
Tlb-Load-Accesses:    6840366055  100.00%

Tlb-Store-Hits:        1743491442  100.00%
Tlb-Store-Misses:             350    0.00%
Tlb-Store-Accesses:    1743491792  100.00%

Tlb-Total-Hits:        8583857419  100.00%
Tlb-Total-Misses:             428    0.00%
Tlb-Total-Accesses:    8583857847  100.00%



--------
Two level Cache hierarchy
--------
  L1-Data Cache:
    Size(KB):          32
    Block Size(B):     64
    Associativity:      8

  L2-Data Cache:
    Size(KB):        1024
    Block Size(B):     64
    Associativity:     16

Latencies:    1   10  250
L1-Sets:   64 - LRU - assoc:   8
L2-Sets: 1024 - LRU - assoc:  16
Store_allocation: Yes
L2_inclusive: Yes
L2_prefetching: No

L1 Cache Stats:
L1-Load-Hits:        6822131191   99.73%
L1-Load-Misses:        18234864    0.27%
L1-Load-Accesses:    6840366055  100.00%

L1-Store-Hits:        1712587545   98.23%
L1-Store-Misses:        30904247    1.77%
L1-Store-Accesses:    1743491792  100.00%

L1-Total-Hits:        8534718736   99.43%
L1-Total-Misses:        49139111    0.57%
L1-Total-Accesses:    8583857847  100.00%

L2 Cache Stats:
L2-Load-Hits:          18232883   99.99%
L2-Load-Misses:            1981    0.01%
L2-Load-Accesses:      18234864  100.00%

L2-Store-Hits:          30883699   99.93%
L2-Store-Misses:           20548    0.07%
L2-Store-Accesses:      30904247  100.00%

L2-Total-Hits:          49116582   99.95%
L2-Total-Misses:           22529    0.05%
L2-Total-Accesses:      49139111  100.00%

