--------
Total Statistics
--------
Total Instructions: 2151811162
Total Cycles: 8384207666
IPC: 0.256651

--------
Single level Tlb hierarchy
--------
  Data Tlb:
    Entries:          64
    Page Size(B):   4096
    Associativity:      4

Latencies:    0  150
Tlb-Sets:   16 - LRU - assoc:   4

Tlb Stats:
Tlb-Load-Hits:         524057262   93.84%
Tlb-Load-Misses:        34423429    6.16%
Tlb-Load-Accesses:     558480691  100.00%

Tlb-Store-Hits:         106928161   99.99%
Tlb-Store-Misses:           12002    0.01%
Tlb-Store-Accesses:     106940163  100.00%

Tlb-Total-Hits:         630985423   94.83%
Tlb-Total-Misses:        34435431    5.17%
Tlb-Total-Accesses:     665420854  100.00%



--------
Two level Cache hierarchy
--------
  L1-Data Cache:
    Size(KB):          32
    Block Size(B):     64
    Associativity:      8

  L2-Data Cache:
    Size(KB):        1024
    Block Size(B):    128
    Associativity:      8

Latencies:    1   10  250
L1-Sets:   64 - LRU - assoc:   8
L2-Sets: 1024 - LRU - assoc:   8
Store_allocation: Yes
L2_inclusive: Yes
L2_prefetching: No

L1 Cache Stats:
L1-Load-Hits:         554779858   99.34%
L1-Load-Misses:         3700833    0.66%
L1-Load-Accesses:     558480691  100.00%

L1-Store-Hits:         106326571   99.43%
L1-Store-Misses:          613592    0.57%
L1-Store-Accesses:     106940163  100.00%

L1-Total-Hits:         661106429   99.35%
L1-Total-Misses:         4314425    0.65%
L1-Total-Accesses:     665420854  100.00%

L2 Cache Stats:
L2-Load-Hits:           2471677   66.79%
L2-Load-Misses:         1229156   33.21%
L2-Load-Accesses:       3700833  100.00%

L2-Store-Hits:            408681   66.60%
L2-Store-Misses:          204911   33.40%
L2-Store-Accesses:        613592  100.00%

L2-Total-Hits:           2880358   66.76%
L2-Total-Misses:         1434067   33.24%
L2-Total-Accesses:       4314425  100.00%

