--------
Total Statistics
--------
Total Instructions: 2151811162
Total Cycles: 3225552446
IPC: 0.667114

--------
Single level Tlb hierarchy
--------
  Data Tlb:
    Entries:          64
    Page Size(B):   4096
    Associativity:     16

Latencies:    0  150
Tlb-Sets:    4 - LRU - assoc:  16

Tlb Stats:
Tlb-Load-Hits:         558441961   99.99%
Tlb-Load-Misses:           38730    0.01%
Tlb-Load-Accesses:     558480691  100.00%

Tlb-Store-Hits:         106933661   99.99%
Tlb-Store-Misses:            6502    0.01%
Tlb-Store-Accesses:     106940163  100.00%

Tlb-Total-Hits:         665375622   99.99%
Tlb-Total-Misses:           45232    0.01%
Tlb-Total-Accesses:     665420854  100.00%



--------
Two level Cache hierarchy
--------
  L1-Data Cache:
    Size(KB):          32
    Block Size(B):     64
    Associativity:      8

  L2-Data Cache:
    Size(KB):        1024
    Block Size(B):    128
    Associativity:      8

Latencies:    1   10  250
L1-Sets:   64 - LRU - assoc:   8
L2-Sets: 1024 - LRU - assoc:   8
Store_allocation: Yes
L2_inclusive: Yes
L2_prefetching: No

L1 Cache Stats:
L1-Load-Hits:         554792397   99.34%
L1-Load-Misses:         3688294    0.66%
L1-Load-Accesses:     558480691  100.00%

L1-Store-Hits:         106326569   99.43%
L1-Store-Misses:          613594    0.57%
L1-Store-Accesses:     106940163  100.00%

L1-Total-Hits:         661118966   99.35%
L1-Total-Misses:         4301888    0.65%
L1-Total-Accesses:     665420854  100.00%

L2 Cache Stats:
L2-Load-Hits:           2459137   66.67%
L2-Load-Misses:         1229157   33.33%
L2-Load-Accesses:       3688294  100.00%

L2-Store-Hits:            408684   66.60%
L2-Store-Misses:          204910   33.40%
L2-Store-Accesses:        613594  100.00%

L2-Total-Hits:           2867821   66.66%
L2-Total-Misses:         1434067   33.34%
L2-Total-Accesses:       4301888  100.00%

