--------
Total Statistics
--------
Total Instructions: 10802935199
Total Cycles: 17030400116
IPC: 0.634332

--------
Single level Tlb hierarchy
--------
  Data Tlb:
    Entries:          64
    Page Size(B):   4096
    Associativity:      4

Latencies:    0  150
Tlb-Sets:   16 - LRU - assoc:   4

Tlb Stats:
Tlb-Load-Hits:        2162485077   99.38%
Tlb-Load-Misses:        13475240    0.62%
Tlb-Load-Accesses:    2175960317  100.00%

Tlb-Store-Hits:         557104204   99.97%
Tlb-Store-Misses:          185766    0.03%
Tlb-Store-Accesses:     557289970  100.00%

Tlb-Total-Hits:        2719589281   99.50%
Tlb-Total-Misses:        13661006    0.50%
Tlb-Total-Accesses:    2733250287  100.00%



--------
Two level Cache hierarchy
--------
  L1-Data Cache:
    Size(KB):          32
    Block Size(B):     64
    Associativity:      8

  L2-Data Cache:
    Size(KB):        1024
    Block Size(B):    128
    Associativity:      8

Latencies:    1   10  250
L1-Sets:   64 - LRU - assoc:   8
L2-Sets: 1024 - LRU - assoc:   8
Store_allocation: Yes
L2_inclusive: Yes
L2_prefetching: No

L1 Cache Stats:
L1-Load-Hits:        2064938745   94.90%
L1-Load-Misses:       111021572    5.10%
L1-Load-Accesses:    2175960317  100.00%

L1-Store-Hits:         550867219   98.85%
L1-Store-Misses:         6422751    1.15%
L1-Store-Accesses:     557289970  100.00%

L1-Total-Hits:        2615805964   95.70%
L1-Total-Misses:       117444323    4.30%
L1-Total-Accesses:    2733250287  100.00%

L2 Cache Stats:
L2-Load-Hits:         110434090   99.47%
L2-Load-Misses:          587482    0.53%
L2-Load-Accesses:     111021572  100.00%

L2-Store-Hits:           5927751   92.29%
L2-Store-Misses:          495000    7.71%
L2-Store-Accesses:       6422751  100.00%

L2-Total-Hits:         116361841   99.08%
L2-Total-Misses:         1082482    0.92%
L2-Total-Accesses:     117444323  100.00%

