--------
Total Statistics
--------
Total Instructions: 10802935227
Total Cycles: 17031862404
IPC: 0.634278

--------
Single level Tlb hierarchy
--------
  Data Tlb:
    Entries:          64
    Page Size(B):   4096
    Associativity:     16

Latencies:    0  150
Tlb-Sets:    4 - LRU - assoc:  16

Tlb Stats:
Tlb-Load-Hits:        2162538528   99.38%
Tlb-Load-Misses:        13421798    0.62%
Tlb-Load-Accesses:    2175960326  100.00%

Tlb-Store-Hits:         557024251   99.95%
Tlb-Store-Misses:          265720    0.05%
Tlb-Store-Accesses:     557289971  100.00%

Tlb-Total-Hits:        2719562779   99.50%
Tlb-Total-Misses:        13687518    0.50%
Tlb-Total-Accesses:    2733250297  100.00%



--------
Two level Cache hierarchy
--------
  L1-Data Cache:
    Size(KB):          32
    Block Size(B):     64
    Associativity:      8

  L2-Data Cache:
    Size(KB):        1024
    Block Size(B):    128
    Associativity:      8

Latencies:    1   10  250
L1-Sets:   64 - LRU - assoc:   8
L2-Sets: 1024 - LRU - assoc:   8
Store_allocation: Yes
L2_inclusive: Yes
L2_prefetching: No

L1 Cache Stats:
L1-Load-Hits:        2065004803   94.90%
L1-Load-Misses:       110955523    5.10%
L1-Load-Accesses:    2175960326  100.00%

L1-Store-Hits:         550997726   98.87%
L1-Store-Misses:         6292245    1.13%
L1-Store-Accesses:     557289971  100.00%

L1-Total-Hits:        2616002529   95.71%
L1-Total-Misses:       117247768    4.29%
L1-Total-Accesses:    2733250297  100.00%

L2 Cache Stats:
L2-Load-Hits:         110370165   99.47%
L2-Load-Misses:          585358    0.53%
L2-Load-Accesses:     110955523  100.00%

L2-Store-Hits:           5797317   92.13%
L2-Store-Misses:          494928    7.87%
L2-Store-Accesses:       6292245  100.00%

L2-Total-Hits:         116167482   99.08%
L2-Total-Misses:         1080286    0.92%
L2-Total-Accesses:     117247768  100.00%

