--------
Total Statistics
--------
Total Instructions: 1520711613
Total Cycles: 17806279924
IPC: 0.0854031

--------
Single level Tlb hierarchy
--------
  Data Tlb:
    Entries:          64
    Page Size(B):   4096
    Associativity:      2

Latencies:    0  150
Tlb-Sets:   32 - LRU - assoc:   2

Tlb Stats:
Tlb-Load-Hits:         233422793   83.29%
Tlb-Load-Misses:        46814597   16.71%
Tlb-Load-Accesses:     280237390  100.00%

Tlb-Store-Hits:          73171390   98.13%
Tlb-Store-Misses:         1392151    1.87%
Tlb-Store-Accesses:      74563541  100.00%

Tlb-Total-Hits:         306594183   86.41%
Tlb-Total-Misses:        48206748   13.59%
Tlb-Total-Accesses:     354800931  100.00%



--------
Two level Cache hierarchy
--------
  L1-Data Cache:
    Size(KB):          32
    Block Size(B):     64
    Associativity:      8

  L2-Data Cache:
    Size(KB):        1024
    Block Size(B):    128
    Associativity:      8

Latencies:    1   10  250
L1-Sets:   64 - LRU - assoc:   8
L2-Sets: 1024 - LRU - assoc:   8
Store_allocation: Yes
L2_inclusive: Yes
L2_prefetching: No

L1 Cache Stats:
L1-Load-Hits:         208142311   74.27%
L1-Load-Misses:        72095079   25.73%
L1-Load-Accesses:     280237390  100.00%

L1-Store-Hits:          74554752   99.99%
L1-Store-Misses:            8789    0.01%
L1-Store-Accesses:      74563541  100.00%

L1-Total-Hits:         282697063   79.68%
L1-Total-Misses:        72103868   20.32%
L1-Total-Accesses:     354800931  100.00%

L2 Cache Stats:
L2-Load-Hits:          40182225   55.74%
L2-Load-Misses:        31912854   44.26%
L2-Load-Accesses:      72095079  100.00%

L2-Store-Hits:              6777   77.11%
L2-Store-Misses:            2012   22.89%
L2-Store-Accesses:          8789  100.00%

L2-Total-Hits:          40189002   55.74%
L2-Total-Misses:        31914866   44.26%
L2-Total-Accesses:      72103868  100.00%

