--------
Total Statistics
--------
Total Instructions: 3916820501
Total Cycles: 5504072963
IPC: 0.711622

--------
Single level Tlb hierarchy
--------
  Data Tlb:
    Entries:          64
    Page Size(B):   4096
    Associativity:      4

Latencies:    0  150
Tlb-Sets:   16 - LRU - assoc:   4

Tlb Stats:
Tlb-Load-Hits:         996148106   99.95%
Tlb-Load-Misses:          539730    0.05%
Tlb-Load-Accesses:     996687836  100.00%

Tlb-Store-Hits:         218489606   99.98%
Tlb-Store-Misses:           51360    0.02%
Tlb-Store-Accesses:     218540966  100.00%

Tlb-Total-Hits:        1214637712   99.95%
Tlb-Total-Misses:          591090    0.05%
Tlb-Total-Accesses:    1215228802  100.00%



--------
Two level Cache hierarchy
--------
  L1-Data Cache:
    Size(KB):          32
    Block Size(B):     64
    Associativity:      8

  L2-Data Cache:
    Size(KB):        1024
    Block Size(B):    128
    Associativity:      8

Latencies:    1   10  250
L1-Sets:   64 - LRU - assoc:   8
L2-Sets: 1024 - LRU - assoc:   8
Store_allocation: Yes
L2_inclusive: Yes
L2_prefetching: No

L1 Cache Stats:
L1-Load-Hits:         993120239   99.64%
L1-Load-Misses:         3567597    0.36%
L1-Load-Accesses:     996687836  100.00%

L1-Store-Hits:         217914322   99.71%
L1-Store-Misses:          626644    0.29%
L1-Store-Accesses:     218540966  100.00%

L1-Total-Hits:        1211034561   99.65%
L1-Total-Misses:         4194241    0.35%
L1-Total-Accesses:    1215228802  100.00%

L2 Cache Stats:
L2-Load-Hits:           2797184   78.41%
L2-Load-Misses:          770413   21.59%
L2-Load-Accesses:       3567597  100.00%

L2-Store-Hits:            431386   68.84%
L2-Store-Misses:          195258   31.16%
L2-Store-Accesses:        626644  100.00%

L2-Total-Hits:           3228570   76.98%
L2-Total-Misses:          965671   23.02%
L2-Total-Accesses:       4194241  100.00%

