--------
Total Statistics
--------
Total Instructions: 16205573206
Total Cycles: 74698782012
IPC: 0.216946

--------
Single level Tlb hierarchy
--------
  Data Tlb:
    Entries:          64
    Page Size(B):   4096
    Associativity:      2

Latencies:    0  150
Tlb-Sets:   32 - LRU - assoc:   2

Tlb Stats:
Tlb-Load-Hits:        2880555518   98.75%
Tlb-Load-Misses:        36359532    1.25%
Tlb-Load-Accesses:    2916915050  100.00%

Tlb-Store-Hits:          56373850   99.63%
Tlb-Store-Misses:          211266    0.37%
Tlb-Store-Accesses:      56585116  100.00%

Tlb-Total-Hits:        2936929368   98.77%
Tlb-Total-Misses:        36570798    1.23%
Tlb-Total-Accesses:    2973500166  100.00%



--------
Two level Cache hierarchy
--------
  L1-Data Cache:
    Size(KB):          32
    Block Size(B):     64
    Associativity:      8

  L2-Data Cache:
    Size(KB):        1024
    Block Size(B):    128
    Associativity:      8

Latencies:    1   10  250
L1-Sets:   64 - LRU - assoc:   8
L2-Sets: 1024 - LRU - assoc:   8
Store_allocation: Yes
L2_inclusive: Yes
L2_prefetching: No

L1 Cache Stats:
L1-Load-Hits:        2403665672   82.40%
L1-Load-Misses:       513249378   17.60%
L1-Load-Accesses:    2916915050  100.00%

L1-Store-Hits:          54555525   96.41%
L1-Store-Misses:         2029591    3.59%
L1-Store-Accesses:      56585116  100.00%

L1-Total-Hits:        2458221197   82.67%
L1-Total-Misses:       515278969   17.33%
L1-Total-Accesses:    2973500166  100.00%

L2 Cache Stats:
L2-Load-Hits:         334202242   65.11%
L2-Load-Misses:       179047136   34.89%
L2-Load-Accesses:     513249378  100.00%

L2-Store-Hits:           1551530   76.45%
L2-Store-Misses:          478061   23.55%
L2-Store-Accesses:       2029591  100.00%

L2-Total-Hits:         335753772   65.16%
L2-Total-Misses:       179525197   34.84%
L2-Total-Accesses:     515278969  100.00%

