--------
Total Statistics
--------
Total Instructions: 16205573206
Total Cycles: 81185539822
IPC: 0.199612

--------
Single level Tlb hierarchy
--------
  Data Tlb:
    Entries:          64
    Page Size(B):   4096
    Associativity:      1

Latencies:    0  150
Tlb-Sets:   64 - LRU - assoc:   1

Tlb Stats:
Tlb-Load-Hits:        2837436598   97.28%
Tlb-Load-Misses:        79478452    2.72%
Tlb-Load-Accesses:    2916915050  100.00%

Tlb-Store-Hits:          55941459   98.86%
Tlb-Store-Misses:          643657    1.14%
Tlb-Store-Accesses:      56585116  100.00%

Tlb-Total-Hits:        2893378057   97.31%
Tlb-Total-Misses:        80122109    2.69%
Tlb-Total-Accesses:    2973500166  100.00%



--------
Two level Cache hierarchy
--------
  L1-Data Cache:
    Size(KB):          32
    Block Size(B):     64
    Associativity:      8

  L2-Data Cache:
    Size(KB):        1024
    Block Size(B):    128
    Associativity:      8

Latencies:    1   10  250
L1-Sets:   64 - LRU - assoc:   8
L2-Sets: 1024 - LRU - assoc:   8
Store_allocation: Yes
L2_inclusive: Yes
L2_prefetching: No

L1 Cache Stats:
L1-Load-Hits:        2407543824   82.54%
L1-Load-Misses:       509371226   17.46%
L1-Load-Accesses:    2916915050  100.00%

L1-Store-Hits:          54563307   96.43%
L1-Store-Misses:         2021809    3.57%
L1-Store-Accesses:      56585116  100.00%

L1-Total-Hits:        2462107131   82.80%
L1-Total-Misses:       511393035   17.20%
L1-Total-Accesses:    2973500166  100.00%

L2 Cache Stats:
L2-Load-Hits:         330345095   64.85%
L2-Load-Misses:       179026131   35.15%
L2-Load-Accesses:     509371226  100.00%

L2-Store-Hits:           1551061   76.72%
L2-Store-Misses:          470748   23.28%
L2-Store-Accesses:       2021809  100.00%

L2-Total-Hits:         331896156   64.90%
L2-Total-Misses:       179496879   35.10%
L2-Total-Accesses:     511393035  100.00%

