--------
Total Statistics
--------
Total Instructions: 23632511291
Total Cycles: 32716868058
IPC: 0.722334

--------
Single level Tlb hierarchy
--------
  Data Tlb:
    Entries:         128
    Page Size(B):   4096
    Associativity:      4

Latencies:    0  150
Tlb-Sets:   32 - LRU - assoc:   4

Tlb Stats:
Tlb-Load-Hits:        6840366012  100.00%
Tlb-Load-Misses:              43    0.00%
Tlb-Load-Accesses:    6840366055  100.00%

Tlb-Store-Hits:        1743491450  100.00%
Tlb-Store-Misses:             342    0.00%
Tlb-Store-Accesses:    1743491792  100.00%

Tlb-Total-Hits:        8583857462  100.00%
Tlb-Total-Misses:             385    0.00%
Tlb-Total-Accesses:    8583857847  100.00%



--------
Two level Cache hierarchy
--------
  L1-Data Cache:
    Size(KB):          32
    Block Size(B):     64
    Associativity:      8

  L2-Data Cache:
    Size(KB):        1024
    Block Size(B):    128
    Associativity:      8

Latencies:    1   10  250
L1-Sets:   64 - LRU - assoc:   8
L2-Sets: 1024 - LRU - assoc:   8
Store_allocation: Yes
L2_inclusive: Yes
L2_prefetching: No

L1 Cache Stats:
L1-Load-Hits:        6822222655   99.73%
L1-Load-Misses:        18143400    0.27%
L1-Load-Accesses:    6840366055  100.00%

L1-Store-Hits:        1711873450   98.19%
L1-Store-Misses:        31618342    1.81%
L1-Store-Accesses:    1743491792  100.00%

L1-Total-Hits:        8534096105   99.42%
L1-Total-Misses:        49761742    0.58%
L1-Total-Accesses:    8583857847  100.00%

L2 Cache Stats:
L2-Load-Hits:          18142397   99.99%
L2-Load-Misses:            1003    0.01%
L2-Load-Accesses:      18143400  100.00%

L2-Store-Hits:          31608050   99.97%
L2-Store-Misses:           10292    0.03%
L2-Store-Accesses:      31618342  100.00%

L2-Total-Hits:          49750447   99.98%
L2-Total-Misses:           11295    0.02%
L2-Total-Accesses:      49761742  100.00%

