--------
Total Statistics
--------
Total Instructions: 23632511319
Total Cycles: 32732217716
IPC: 0.721995

--------
Single level Tlb hierarchy
--------
  Data Tlb:
    Entries:          64
    Page Size(B):   4096
    Associativity:      8

Latencies:    0  150
Tlb-Sets:    8 - LRU - assoc:   8

Tlb Stats:
Tlb-Load-Hits:        6840366013  100.00%
Tlb-Load-Misses:              51    0.00%
Tlb-Load-Accesses:    6840366064  100.00%

Tlb-Store-Hits:        1743491451  100.00%
Tlb-Store-Misses:             342    0.00%
Tlb-Store-Accesses:    1743491793  100.00%

Tlb-Total-Hits:        8583857464  100.00%
Tlb-Total-Misses:             393    0.00%
Tlb-Total-Accesses:    8583857857  100.00%



--------
Two level Cache hierarchy
--------
  L1-Data Cache:
    Size(KB):          32
    Block Size(B):     64
    Associativity:      8

  L2-Data Cache:
    Size(KB):        1024
    Block Size(B):    128
    Associativity:      8

Latencies:    1   10  250
L1-Sets:   64 - LRU - assoc:   8
L2-Sets: 1024 - LRU - assoc:   8
Store_allocation: Yes
L2_inclusive: Yes
L2_prefetching: No

L1 Cache Stats:
L1-Load-Hits:        6821591874   99.73%
L1-Load-Misses:        18774190    0.27%
L1-Load-Accesses:    6840366064  100.00%

L1-Store-Hits:        1710969399   98.13%
L1-Store-Misses:        32522394    1.87%
L1-Store-Accesses:    1743491793  100.00%

L1-Total-Hits:        8532561273   99.40%
L1-Total-Misses:        51296584    0.60%
L1-Total-Accesses:    8583857857  100.00%

L2 Cache Stats:
L2-Load-Hits:          18773188   99.99%
L2-Load-Misses:            1002    0.01%
L2-Load-Accesses:      18774190  100.00%

L2-Store-Hits:          32512101   99.97%
L2-Store-Misses:           10293    0.03%
L2-Store-Accesses:      32522394  100.00%

L2-Total-Hits:          51285289   99.98%
L2-Total-Misses:           11295    0.02%
L2-Total-Accesses:      51296584  100.00%

