--------
Total Statistics
--------
Total Instructions: 2151811162
Total Cycles: 8260017146
IPC: 0.260509

--------
Single level Tlb hierarchy
--------
  Data Tlb:
    Entries:         128
    Page Size(B):   4096
    Associativity:      4

Latencies:    0  150
Tlb-Sets:   32 - LRU - assoc:   4

Tlb Stats:
Tlb-Load-Hits:         524881663   93.98%
Tlb-Load-Misses:        33599028    6.02%
Tlb-Load-Accesses:     558480691  100.00%

Tlb-Store-Hits:         106930861   99.99%
Tlb-Store-Misses:            9302    0.01%
Tlb-Store-Accesses:     106940163  100.00%

Tlb-Total-Hits:         631812524   94.95%
Tlb-Total-Misses:        33608330    5.05%
Tlb-Total-Accesses:     665420854  100.00%



--------
Two level Cache hierarchy
--------
  L1-Data Cache:
    Size(KB):          32
    Block Size(B):     64
    Associativity:      8

  L2-Data Cache:
    Size(KB):        1024
    Block Size(B):    128
    Associativity:      8

Latencies:    1   10  250
L1-Sets:   64 - LRU - assoc:   8
L2-Sets: 1024 - LRU - assoc:   8
Store_allocation: Yes
L2_inclusive: Yes
L2_prefetching: No

L1 Cache Stats:
L1-Load-Hits:         554792396   99.34%
L1-Load-Misses:         3688295    0.66%
L1-Load-Accesses:     558480691  100.00%

L1-Store-Hits:         106326570   99.43%
L1-Store-Misses:          613593    0.57%
L1-Store-Accesses:     106940163  100.00%

L1-Total-Hits:         661118966   99.35%
L1-Total-Misses:         4301888    0.65%
L1-Total-Accesses:     665420854  100.00%

L2 Cache Stats:
L2-Load-Hits:           2459138   66.67%
L2-Load-Misses:         1229157   33.33%
L2-Load-Accesses:       3688295  100.00%

L2-Store-Hits:            408683   66.60%
L2-Store-Misses:          204910   33.40%
L2-Store-Accesses:        613593  100.00%

L2-Total-Hits:           2867821   66.66%
L2-Total-Misses:         1434067   33.34%
L2-Total-Accesses:       4301888  100.00%

