--------
Total Statistics
--------
Total Instructions: 2151811134
Total Cycles: 8553342238
IPC: 0.251575

--------
Single level Tlb hierarchy
--------
  Data Tlb:
    Entries:          64
    Page Size(B):   4096
    Associativity:      1

Latencies:    0  150
Tlb-Sets:   64 - LRU - assoc:   1

Tlb Stats:
Tlb-Load-Hits:         523749954   93.78%
Tlb-Load-Misses:        34730728    6.22%
Tlb-Load-Accesses:     558480682  100.00%

Tlb-Store-Hits:         106107059   99.22%
Tlb-Store-Misses:          833103    0.78%
Tlb-Store-Accesses:     106940162  100.00%

Tlb-Total-Hits:         629857013   94.66%
Tlb-Total-Misses:        35563831    5.34%
Tlb-Total-Accesses:     665420844  100.00%



--------
Two level Cache hierarchy
--------
  L1-Data Cache:
    Size(KB):          32
    Block Size(B):     64
    Associativity:      8

  L2-Data Cache:
    Size(KB):        1024
    Block Size(B):    128
    Associativity:      8

Latencies:    1   10  250
L1-Sets:   64 - LRU - assoc:   8
L2-Sets: 1024 - LRU - assoc:   8
Store_allocation: Yes
L2_inclusive: Yes
L2_prefetching: No

L1 Cache Stats:
L1-Load-Hits:         554792387   99.34%
L1-Load-Misses:         3688295    0.66%
L1-Load-Accesses:     558480682  100.00%

L1-Store-Hits:         106326571   99.43%
L1-Store-Misses:          613591    0.57%
L1-Store-Accesses:     106940162  100.00%

L1-Total-Hits:         661118958   99.35%
L1-Total-Misses:         4301886    0.65%
L1-Total-Accesses:     665420844  100.00%

L2 Cache Stats:
L2-Load-Hits:           2459138   66.67%
L2-Load-Misses:         1229157   33.33%
L2-Load-Accesses:       3688295  100.00%

L2-Store-Hits:            408681   66.60%
L2-Store-Misses:          204910   33.40%
L2-Store-Accesses:        613591  100.00%

L2-Total-Hits:           2867819   66.66%
L2-Total-Misses:         1434067   33.34%
L2-Total-Accesses:       4301886  100.00%

