--------
Total Statistics
--------
Total Instructions: 10802935199
Total Cycles: 17078034776
IPC: 0.632563

--------
Single level Tlb hierarchy
--------
  Data Tlb:
    Entries:          64
    Page Size(B):   4096
    Associativity:      2

Latencies:    0  150
Tlb-Sets:   32 - LRU - assoc:   2

Tlb Stats:
Tlb-Load-Hits:        2162202889   99.37%
Tlb-Load-Misses:        13757428    0.63%
Tlb-Load-Accesses:    2175960317  100.00%

Tlb-Store-Hits:         557068706   99.96%
Tlb-Store-Misses:          221264    0.04%
Tlb-Store-Accesses:     557289970  100.00%

Tlb-Total-Hits:        2719271595   99.49%
Tlb-Total-Misses:        13978692    0.51%
Tlb-Total-Accesses:    2733250287  100.00%



--------
Two level Cache hierarchy
--------
  L1-Data Cache:
    Size(KB):          32
    Block Size(B):     64
    Associativity:      8

  L2-Data Cache:
    Size(KB):        1024
    Block Size(B):    128
    Associativity:      8

Latencies:    1   10  250
L1-Sets:   64 - LRU - assoc:   8
L2-Sets: 1024 - LRU - assoc:   8
Store_allocation: Yes
L2_inclusive: Yes
L2_prefetching: No

L1 Cache Stats:
L1-Load-Hits:        2065009355   94.90%
L1-Load-Misses:       110950962    5.10%
L1-Load-Accesses:    2175960317  100.00%

L1-Store-Hits:         550807358   98.84%
L1-Store-Misses:         6482612    1.16%
L1-Store-Accesses:     557289970  100.00%

L1-Total-Hits:        2615816713   95.70%
L1-Total-Misses:       117433574    4.30%
L1-Total-Accesses:    2733250287  100.00%

L2 Cache Stats:
L2-Load-Hits:         110363160   99.47%
L2-Load-Misses:          587802    0.53%
L2-Load-Accesses:     110950962  100.00%

L2-Store-Hits:           5987575   92.36%
L2-Store-Misses:          495037    7.64%
L2-Store-Accesses:       6482612  100.00%

L2-Total-Hits:         116350735   99.08%
L2-Total-Misses:         1082839    0.92%
L2-Total-Accesses:     117433574  100.00%

