--------
Total Statistics
--------
Total Instructions: 7983656642
Total Cycles: 12183604949
IPC: 0.655279

--------
Single level Tlb hierarchy
--------
  Data Tlb:
    Entries:          64
    Page Size(B):   4096
    Associativity:      4

Latencies:    0  150
Tlb-Sets:   16 - LRU - assoc:   4

Tlb Stats:
Tlb-Load-Hits:        1473170334   99.96%
Tlb-Load-Misses:          566898    0.04%
Tlb-Load-Accesses:    1473737232  100.00%

Tlb-Store-Hits:         153682212   99.82%
Tlb-Store-Misses:          279853    0.18%
Tlb-Store-Accesses:     153962065  100.00%

Tlb-Total-Hits:        1626852546   99.95%
Tlb-Total-Misses:          846751    0.05%
Tlb-Total-Accesses:    1627699297  100.00%



--------
Two level Cache hierarchy
--------
  L1-Data Cache:
    Size(KB):          32
    Block Size(B):     64
    Associativity:      8

  L2-Data Cache:
    Size(KB):        1024
    Block Size(B):    128
    Associativity:      8

Latencies:    1   10  250
L1-Sets:   64 - LRU - assoc:   8
L2-Sets: 1024 - LRU - assoc:   8
Store_allocation: Yes
L2_inclusive: Yes
L2_prefetching: No

L1 Cache Stats:
L1-Load-Hits:        1452734228   98.57%
L1-Load-Misses:        21003004    1.43%
L1-Load-Accesses:    1473737232  100.00%

L1-Store-Hits:         147546258   95.83%
L1-Store-Misses:         6415807    4.17%
L1-Store-Accesses:     153962065  100.00%

L1-Total-Hits:        1600280486   98.32%
L1-Total-Misses:        27418811    1.68%
L1-Total-Accesses:    1627699297  100.00%

L2 Cache Stats:
L2-Load-Hits:          15037791   71.60%
L2-Load-Misses:         5965213   28.40%
L2-Load-Accesses:      21003004  100.00%

L2-Store-Hits:           3696827   57.62%
L2-Store-Misses:         2718980   42.38%
L2-Store-Accesses:       6415807  100.00%

L2-Total-Hits:          18734618   68.33%
L2-Total-Misses:         8684193   31.67%
L2-Total-Accesses:      27418811  100.00%

