--------
Total Statistics
--------
Total Instructions: 32385411414
Total Cycles: 51542137782
IPC: 0.628329

--------
Single level Tlb hierarchy
--------
  Data Tlb:
    Entries:          64
    Page Size(B):   4096
    Associativity:     16

Latencies:    0  150
Tlb-Sets:    4 - LRU - assoc:  16

Tlb Stats:
Tlb-Load-Hits:        9298461134   99.87%
Tlb-Load-Misses:        11671521    0.13%
Tlb-Load-Accesses:    9310132655  100.00%

Tlb-Store-Hits:        4881183619   99.93%
Tlb-Store-Misses:         3400344    0.07%
Tlb-Store-Accesses:    4884583963  100.00%

Tlb-Total-Hits:       14179644753   99.89%
Tlb-Total-Misses:        15071865    0.11%
Tlb-Total-Accesses:   14194716618  100.00%



--------
Two level Cache hierarchy
--------
  L1-Data Cache:
    Size(KB):          32
    Block Size(B):     64
    Associativity:      8

  L2-Data Cache:
    Size(KB):        1024
    Block Size(B):    128
    Associativity:      8

Latencies:    1   10  250
L1-Sets:   64 - LRU - assoc:   8
L2-Sets: 1024 - LRU - assoc:   8
Store_allocation: Yes
L2_inclusive: Yes
L2_prefetching: No

L1 Cache Stats:
L1-Load-Hits:        9259989374   99.46%
L1-Load-Misses:        50143281    0.54%
L1-Load-Accesses:    9310132655  100.00%

L1-Store-Hits:        4874351319   99.79%
L1-Store-Misses:        10232644    0.21%
L1-Store-Accesses:    4884583963  100.00%

L1-Total-Hits:       14134340693   99.57%
L1-Total-Misses:        60375925    0.43%
L1-Total-Accesses:   14194716618  100.00%

L2 Cache Stats:
L2-Load-Hits:          44032486   87.81%
L2-Load-Misses:         6110795   12.19%
L2-Load-Accesses:      50143281  100.00%

L2-Store-Hits:           7953556   77.73%
L2-Store-Misses:         2279088   22.27%
L2-Store-Accesses:      10232644  100.00%

L2-Total-Hits:          51986042   86.10%
L2-Total-Misses:         8389883   13.90%
L2-Total-Accesses:      60375925  100.00%

