--------
Total Statistics
--------
Total Instructions: 3916820473
Total Cycles: 5496634645
IPC: 0.712585

--------
Single level Tlb hierarchy
--------
  Data Tlb:
    Entries:          64
    Page Size(B):   4096
    Associativity:      8

Latencies:    0  150
Tlb-Sets:    8 - LRU - assoc:   8

Tlb Stats:
Tlb-Load-Hits:         996200419   99.95%
Tlb-Load-Misses:          487408    0.05%
Tlb-Load-Accesses:     996687827  100.00%

Tlb-Store-Hits:         218486793   99.98%
Tlb-Store-Misses:           54172    0.02%
Tlb-Store-Accesses:     218540965  100.00%

Tlb-Total-Hits:        1214687212   99.96%
Tlb-Total-Misses:          541580    0.04%
Tlb-Total-Accesses:    1215228792  100.00%



--------
Two level Cache hierarchy
--------
  L1-Data Cache:
    Size(KB):          32
    Block Size(B):     64
    Associativity:      8

  L2-Data Cache:
    Size(KB):        1024
    Block Size(B):    128
    Associativity:      8

Latencies:    1   10  250
L1-Sets:   64 - LRU - assoc:   8
L2-Sets: 1024 - LRU - assoc:   8
Store_allocation: Yes
L2_inclusive: Yes
L2_prefetching: No

L1 Cache Stats:
L1-Load-Hits:         993125160   99.64%
L1-Load-Misses:         3562667    0.36%
L1-Load-Accesses:     996687827  100.00%

L1-Store-Hits:         217918669   99.72%
L1-Store-Misses:          622296    0.28%
L1-Store-Accesses:     218540965  100.00%

L1-Total-Hits:        1211043829   99.66%
L1-Total-Misses:         4184963    0.34%
L1-Total-Accesses:    1215228792  100.00%

L2 Cache Stats:
L2-Load-Hits:           2791959   78.37%
L2-Load-Misses:          770708   21.63%
L2-Load-Accesses:       3562667  100.00%

L2-Store-Hits:            427009   68.62%
L2-Store-Misses:          195287   31.38%
L2-Store-Accesses:        622296  100.00%

L2-Total-Hits:           3218968   76.92%
L2-Total-Misses:          965995   23.08%
L2-Total-Accesses:       4184963  100.00%

