--------
Total Statistics
--------
Total Instructions: 3916820501
Total Cycles: 5444333513
IPC: 0.719431

--------
Single level Tlb hierarchy
--------
  Data Tlb:
    Entries:         256
    Page Size(B):   4096
    Associativity:      4

Latencies:    0  150
Tlb-Sets:   64 - LRU - assoc:   4

Tlb Stats:
Tlb-Load-Hits:         996504618   99.98%
Tlb-Load-Misses:          183218    0.02%
Tlb-Load-Accesses:     996687836  100.00%

Tlb-Store-Hits:         218531006  100.00%
Tlb-Store-Misses:            9960    0.00%
Tlb-Store-Accesses:     218540966  100.00%

Tlb-Total-Hits:        1215035624   99.98%
Tlb-Total-Misses:          193178    0.02%
Tlb-Total-Accesses:    1215228802  100.00%



--------
Two level Cache hierarchy
--------
  L1-Data Cache:
    Size(KB):          32
    Block Size(B):     64
    Associativity:      8

  L2-Data Cache:
    Size(KB):        1024
    Block Size(B):    128
    Associativity:      8

Latencies:    1   10  250
L1-Sets:   64 - LRU - assoc:   8
L2-Sets: 1024 - LRU - assoc:   8
Store_allocation: Yes
L2_inclusive: Yes
L2_prefetching: No

L1 Cache Stats:
L1-Load-Hits:         993094676   99.64%
L1-Load-Misses:         3593160    0.36%
L1-Load-Accesses:     996687836  100.00%

L1-Store-Hits:         217913525   99.71%
L1-Store-Misses:          627441    0.29%
L1-Store-Accesses:     218540966  100.00%

L1-Total-Hits:        1211008201   99.65%
L1-Total-Misses:         4220601    0.35%
L1-Total-Accesses:    1215228802  100.00%

L2 Cache Stats:
L2-Load-Hits:           2823914   78.59%
L2-Load-Misses:          769246   21.41%
L2-Load-Accesses:       3593160  100.00%

L2-Store-Hits:            432281   68.90%
L2-Store-Misses:          195160   31.10%
L2-Store-Accesses:        627441  100.00%

L2-Total-Hits:           3256195   77.15%
L2-Total-Misses:          964406   22.85%
L2-Total-Accesses:       4220601  100.00%

