--------
Total Statistics
--------
Total Instructions: 3916820473
Total Cycles: 5490159305
IPC: 0.713426

--------
Single level Tlb hierarchy
--------
  Data Tlb:
    Entries:          64
    Page Size(B):   4096
    Associativity:     32

Latencies:    0  150
Tlb-Sets:    2 - LRU - assoc:  32

Tlb Stats:
Tlb-Load-Hits:         996245394   99.96%
Tlb-Load-Misses:          442433    0.04%
Tlb-Load-Accesses:     996687827  100.00%

Tlb-Store-Hits:         218484481   99.97%
Tlb-Store-Misses:           56484    0.03%
Tlb-Store-Accesses:     218540965  100.00%

Tlb-Total-Hits:        1214729875   99.96%
Tlb-Total-Misses:          498917    0.04%
Tlb-Total-Accesses:    1215228792  100.00%



--------
Two level Cache hierarchy
--------
  L1-Data Cache:
    Size(KB):          32
    Block Size(B):     64
    Associativity:      8

  L2-Data Cache:
    Size(KB):        1024
    Block Size(B):    128
    Associativity:      8

Latencies:    1   10  250
L1-Sets:   64 - LRU - assoc:   8
L2-Sets: 1024 - LRU - assoc:   8
Store_allocation: Yes
L2_inclusive: Yes
L2_prefetching: No

L1 Cache Stats:
L1-Load-Hits:         993134106   99.64%
L1-Load-Misses:         3553721    0.36%
L1-Load-Accesses:     996687827  100.00%

L1-Store-Hits:         217934262   99.72%
L1-Store-Misses:          606703    0.28%
L1-Store-Accesses:     218540965  100.00%

L1-Total-Hits:        1211068368   99.66%
L1-Total-Misses:         4160424    0.34%
L1-Total-Accesses:    1215228792  100.00%

L2 Cache Stats:
L2-Load-Hits:           2782435   78.30%
L2-Load-Misses:          771286   21.70%
L2-Load-Accesses:       3553721  100.00%

L2-Store-Hits:            411316   67.80%
L2-Store-Misses:          195387   32.20%
L2-Store-Accesses:        606703  100.00%

L2-Total-Hits:           3193751   76.77%
L2-Total-Misses:          966673   23.23%
L2-Total-Accesses:       4160424  100.00%

