--------
Total Statistics
--------
Total Instructions: 16205573231
Total Cycles: 74191627127
IPC: 0.218429

--------
Single level Tlb hierarchy
--------
  Data Tlb:
    Entries:          64
    Page Size(B):   4096
    Associativity:     32

Latencies:    0  150
Tlb-Sets:    2 - LRU - assoc:  32

Tlb Stats:
Tlb-Load-Hits:        2883751728   98.86%
Tlb-Load-Misses:        33163331    1.14%
Tlb-Load-Accesses:    2916915059  100.00%

Tlb-Store-Hits:          56484103   99.82%
Tlb-Store-Misses:          101014    0.18%
Tlb-Store-Accesses:      56585117  100.00%

Tlb-Total-Hits:        2940235831   98.88%
Tlb-Total-Misses:        33264345    1.12%
Tlb-Total-Accesses:    2973500176  100.00%



--------
Two level Cache hierarchy
--------
  L1-Data Cache:
    Size(KB):          32
    Block Size(B):     64
    Associativity:      8

  L2-Data Cache:
    Size(KB):        1024
    Block Size(B):    128
    Associativity:      8

Latencies:    1   10  250
L1-Sets:   64 - LRU - assoc:   8
L2-Sets: 1024 - LRU - assoc:   8
Store_allocation: Yes
L2_inclusive: Yes
L2_prefetching: No

L1 Cache Stats:
L1-Load-Hits:        2407492194   82.54%
L1-Load-Misses:       509422865   17.46%
L1-Load-Accesses:    2916915059  100.00%

L1-Store-Hits:          54564735   96.43%
L1-Store-Misses:         2020382    3.57%
L1-Store-Accesses:      56585117  100.00%

L1-Total-Hits:        2462056929   82.80%
L1-Total-Misses:       511443247   17.20%
L1-Total-Accesses:    2973500176  100.00%

L2 Cache Stats:
L2-Load-Hits:         330257881   64.83%
L2-Load-Misses:       179164984   35.17%
L2-Load-Accesses:     509422865  100.00%

L2-Store-Hits:           1551488   76.79%
L2-Store-Misses:          468894   23.21%
L2-Store-Accesses:       2020382  100.00%

L2-Total-Hits:         331809369   64.88%
L2-Total-Misses:       179633878   35.12%
L2-Total-Accesses:     511443247  100.00%

