--------
Total Statistics
--------
Total Instructions: 16205573206
Total Cycles: 74171003892
IPC: 0.218489

--------
Single level Tlb hierarchy
--------
  Data Tlb:
    Entries:          64
    Page Size(B):   4096
    Associativity:     16

Latencies:    0  150
Tlb-Sets:    4 - LRU - assoc:  16

Tlb Stats:
Tlb-Load-Hits:        2883676395   98.86%
Tlb-Load-Misses:        33238655    1.14%
Tlb-Load-Accesses:    2916915050  100.00%

Tlb-Store-Hits:          56477721   99.81%
Tlb-Store-Misses:          107395    0.19%
Tlb-Store-Accesses:      56585116  100.00%

Tlb-Total-Hits:        2940154116   98.88%
Tlb-Total-Misses:        33346050    1.12%
Tlb-Total-Accesses:    2973500166  100.00%



--------
Two level Cache hierarchy
--------
  L1-Data Cache:
    Size(KB):          32
    Block Size(B):     64
    Associativity:      8

  L2-Data Cache:
    Size(KB):        1024
    Block Size(B):    128
    Associativity:      8

Latencies:    1   10  250
L1-Sets:   64 - LRU - assoc:   8
L2-Sets: 1024 - LRU - assoc:   8
Store_allocation: Yes
L2_inclusive: Yes
L2_prefetching: No

L1 Cache Stats:
L1-Load-Hits:        2407591937   82.54%
L1-Load-Misses:       509323113   17.46%
L1-Load-Accesses:    2916915050  100.00%

L1-Store-Hits:          54563077   96.43%
L1-Store-Misses:         2022039    3.57%
L1-Store-Accesses:      56585116  100.00%

L1-Total-Hits:        2462155014   82.80%
L1-Total-Misses:       511345152   17.20%
L1-Total-Accesses:    2973500166  100.00%

L2 Cache Stats:
L2-Load-Hits:         330283163   64.85%
L2-Load-Misses:       179039950   35.15%
L2-Load-Accesses:     509323113  100.00%

L2-Store-Hits:           1555703   76.94%
L2-Store-Misses:          466336   23.06%
L2-Store-Accesses:       2022039  100.00%

L2-Total-Hits:         331838866   64.90%
L2-Total-Misses:       179506286   35.10%
L2-Total-Accesses:     511345152  100.00%

