--------
Total Statistics
--------
Total Instructions: 23632511291
Total Cycles: 32710325018
IPC: 0.722479

--------
Single level Tlb hierarchy
--------
  Data Tlb:
    Entries:          64
    Page Size(B):   4096
    Associativity:     16

Latencies:    0  150
Tlb-Sets:    4 - LRU - assoc:  16

Tlb Stats:
Tlb-Load-Hits:        6840366010  100.00%
Tlb-Load-Misses:              45    0.00%
Tlb-Load-Accesses:    6840366055  100.00%

Tlb-Store-Hits:        1743491449  100.00%
Tlb-Store-Misses:             343    0.00%
Tlb-Store-Accesses:    1743491792  100.00%

Tlb-Total-Hits:        8583857459  100.00%
Tlb-Total-Misses:             388    0.00%
Tlb-Total-Accesses:    8583857847  100.00%



--------
Two level Cache hierarchy
--------
  L1-Data Cache:
    Size(KB):          32
    Block Size(B):     64
    Associativity:      8

  L2-Data Cache:
    Size(KB):        1024
    Block Size(B):    128
    Associativity:      8

Latencies:    1   10  250
L1-Sets:   64 - LRU - assoc:   8
L2-Sets: 1024 - LRU - assoc:   8
Store_allocation: Yes
L2_inclusive: Yes
L2_prefetching: No

L1 Cache Stats:
L1-Load-Hits:        6822412563   99.74%
L1-Load-Misses:        17953492    0.26%
L1-Load-Accesses:    6840366055  100.00%

L1-Store-Hits:        1712337891   98.21%
L1-Store-Misses:        31153901    1.79%
L1-Store-Accesses:    1743491792  100.00%

L1-Total-Hits:        8534750454   99.43%
L1-Total-Misses:        49107393    0.57%
L1-Total-Accesses:    8583857847  100.00%

L2 Cache Stats:
L2-Load-Hits:          17952491   99.99%
L2-Load-Misses:            1001    0.01%
L2-Load-Accesses:      17953492  100.00%

L2-Store-Hits:          31143607   99.97%
L2-Store-Misses:           10294    0.03%
L2-Store-Accesses:      31153901  100.00%

L2-Total-Hits:          49096098   99.98%
L2-Total-Misses:           11295    0.02%
L2-Total-Accesses:      49107393  100.00%

