--------
Total Statistics
--------
Total Instructions: 23632511319
Total Cycles: 32728333766
IPC: 0.722081

--------
Single level Tlb hierarchy
--------
  Data Tlb:
    Entries:          64
    Page Size(B):   4096
    Associativity:     64

Latencies:    0  150
Tlb-Sets:    1 - LRU - assoc:  64

Tlb Stats:
Tlb-Load-Hits:        6840366019  100.00%
Tlb-Load-Misses:              45    0.00%
Tlb-Load-Accesses:    6840366064  100.00%

Tlb-Store-Hits:        1743491451  100.00%
Tlb-Store-Misses:             342    0.00%
Tlb-Store-Accesses:    1743491793  100.00%

Tlb-Total-Hits:        8583857470  100.00%
Tlb-Total-Misses:             387    0.00%
Tlb-Total-Accesses:    8583857857  100.00%



--------
Two level Cache hierarchy
--------
  L1-Data Cache:
    Size(KB):          32
    Block Size(B):     64
    Associativity:      8

  L2-Data Cache:
    Size(KB):        1024
    Block Size(B):    128
    Associativity:      8

Latencies:    1   10  250
L1-Sets:   64 - LRU - assoc:   8
L2-Sets: 1024 - LRU - assoc:   8
Store_allocation: Yes
L2_inclusive: Yes
L2_prefetching: No

L1 Cache Stats:
L1-Load-Hits:        6821832696   99.73%
L1-Load-Misses:        18533368    0.27%
L1-Load-Accesses:    6840366064  100.00%

L1-Store-Hits:        1711116907   98.14%
L1-Store-Misses:        32374886    1.86%
L1-Store-Accesses:    1743491793  100.00%

L1-Total-Hits:        8532949603   99.41%
L1-Total-Misses:        50908254    0.59%
L1-Total-Accesses:    8583857857  100.00%

L2 Cache Stats:
L2-Load-Hits:          18532366   99.99%
L2-Load-Misses:            1002    0.01%
L2-Load-Accesses:      18533368  100.00%

L2-Store-Hits:          32364592   99.97%
L2-Store-Misses:           10294    0.03%
L2-Store-Accesses:      32374886  100.00%

L2-Total-Hits:          50896958   99.98%
L2-Total-Misses:           11296    0.02%
L2-Total-Accesses:      50908254  100.00%

