--------
Total Statistics
--------
Total Instructions: 10802935199
Total Cycles: 16779456606
IPC: 0.643819

--------
Single level Tlb hierarchy
--------
  Data Tlb:
    Entries:          64
    Page Size(B):   4096
    Associativity:      4

Latencies:    0  150
Tlb-Sets:   16 - LRU - assoc:   4

Tlb Stats:
Tlb-Load-Hits:        2162457232   99.38%
Tlb-Load-Misses:        13503085    0.62%
Tlb-Load-Accesses:    2175960317  100.00%

Tlb-Store-Hits:         557104281   99.97%
Tlb-Store-Misses:          185689    0.03%
Tlb-Store-Accesses:     557289970  100.00%

Tlb-Total-Hits:        2719561513   99.50%
Tlb-Total-Misses:        13688774    0.50%
Tlb-Total-Accesses:    2733250287  100.00%



--------
Two level Cache hierarchy
--------
  L1-Data Cache:
    Size(KB):          32
    Block Size(B):     64
    Associativity:      8

  L2-Data Cache:
    Size(KB):        1024
    Block Size(B):    128
    Associativity:      8

Latencies:    1   10  250
L1-Sets:   64 - LRU - assoc:   8
L2-Sets: 1024 - LRU - assoc:   8
Store_allocation: Yes
L2_inclusive: Yes
L2_prefetching: Yes ( 16)

L1 Cache Stats:
L1-Load-Hits:        2065349845   94.92%
L1-Load-Misses:       110610472    5.08%
L1-Load-Accesses:    2175960317  100.00%

L1-Store-Hits:         551446015   98.95%
L1-Store-Misses:         5843955    1.05%
L1-Store-Accesses:     557289970  100.00%

L1-Total-Hits:        2616795860   95.74%
L1-Total-Misses:       116454427    4.26%
L1-Total-Accesses:    2733250287  100.00%

L2 Cache Stats:
L2-Load-Hits:         110550313   99.95%
L2-Load-Misses:           60159    0.05%
L2-Load-Accesses:     110610472  100.00%

L2-Store-Hits:           5802471   99.29%
L2-Store-Misses:           41484    0.71%
L2-Store-Accesses:       5843955  100.00%

L2-Total-Hits:         116352784   99.91%
L2-Total-Misses:          101643    0.09%
L2-Total-Accesses:     116454427  100.00%

