--------
Total Statistics
--------
Total Instructions: 1520711613
Total Cycles: 16284726834
IPC: 0.0933827

--------
Single level Tlb hierarchy
--------
  Data Tlb:
    Entries:          64
    Page Size(B):   4096
    Associativity:      4

Latencies:    0  150
Tlb-Sets:   16 - LRU - assoc:   4

Tlb Stats:
Tlb-Load-Hits:         241284433   86.10%
Tlb-Load-Misses:        38952957   13.90%
Tlb-Load-Accesses:     280237390  100.00%

Tlb-Store-Hits:          74006869   99.25%
Tlb-Store-Misses:          556672    0.75%
Tlb-Store-Accesses:      74563541  100.00%

Tlb-Total-Hits:         315291302   88.86%
Tlb-Total-Misses:        39509629   11.14%
Tlb-Total-Accesses:     354800931  100.00%



--------
Two level Cache hierarchy
--------
  L1-Data Cache:
    Size(KB):          32
    Block Size(B):     64
    Associativity:      8

  L2-Data Cache:
    Size(KB):        1024
    Block Size(B):    128
    Associativity:      8

Latencies:    1   10  250
L1-Sets:   64 - LRU - assoc:   8
L2-Sets: 1024 - LRU - assoc:   8
Store_allocation: Yes
L2_inclusive: Yes
L2_prefetching: Yes (  1)

L1 Cache Stats:
L1-Load-Hits:         203523902   72.63%
L1-Load-Misses:        76713488   27.37%
L1-Load-Accesses:     280237390  100.00%

L1-Store-Hits:          74209260   99.52%
L1-Store-Misses:          354281    0.48%
L1-Store-Accesses:      74563541  100.00%

L1-Total-Hits:         277733162   78.28%
L1-Total-Misses:        77067769   21.72%
L1-Total-Accesses:     354800931  100.00%

L2 Cache Stats:
L2-Load-Hits:          45865201   59.79%
L2-Load-Misses:        30848287   40.21%
L2-Load-Accesses:      76713488  100.00%

L2-Store-Hits:            354199   99.98%
L2-Store-Misses:              82    0.02%
L2-Store-Accesses:        354281  100.00%

L2-Total-Hits:          46219400   59.97%
L2-Total-Misses:        30848369   40.03%
L2-Total-Accesses:      77067769  100.00%

