--------
Total Statistics
--------
Total Instructions: 32385411442
Total Cycles: 51111812230
IPC: 0.633619

--------
Single level Tlb hierarchy
--------
  Data Tlb:
    Entries:          64
    Page Size(B):   4096
    Associativity:      4

Latencies:    0  150
Tlb-Sets:   16 - LRU - assoc:   4

Tlb Stats:
Tlb-Load-Hits:        9297743167   99.87%
Tlb-Load-Misses:        12389497    0.13%
Tlb-Load-Accesses:    9310132664  100.00%

Tlb-Store-Hits:        4880966878   99.93%
Tlb-Store-Misses:         3617086    0.07%
Tlb-Store-Accesses:    4884583964  100.00%

Tlb-Total-Hits:       14178710045   99.89%
Tlb-Total-Misses:        16006583    0.11%
Tlb-Total-Accesses:   14194716628  100.00%



--------
Two level Cache hierarchy
--------
  L1-Data Cache:
    Size(KB):          32
    Block Size(B):     64
    Associativity:      8

  L2-Data Cache:
    Size(KB):        1024
    Block Size(B):    128
    Associativity:      8

Latencies:    1   10  250
L1-Sets:   64 - LRU - assoc:   8
L2-Sets: 1024 - LRU - assoc:   8
Store_allocation: Yes
L2_inclusive: Yes
L2_prefetching: Yes (  2)

L1 Cache Stats:
L1-Load-Hits:        9260398438   99.47%
L1-Load-Misses:        49734226    0.53%
L1-Load-Accesses:    9310132664  100.00%

L1-Store-Hits:        4875684469   99.82%
L1-Store-Misses:         8899495    0.18%
L1-Store-Accesses:    4884583964  100.00%

L1-Total-Hits:       14136082907   99.59%
L1-Total-Misses:        58633721    0.41%
L1-Total-Accesses:   14194716628  100.00%

L2 Cache Stats:
L2-Load-Hits:          44573275   89.62%
L2-Load-Misses:         5160951   10.38%
L2-Load-Accesses:      49734226  100.00%

L2-Store-Hits:           7883008   88.58%
L2-Store-Misses:         1016487   11.42%
L2-Store-Accesses:       8899495  100.00%

L2-Total-Hits:          52456283   89.46%
L2-Total-Misses:         6177438   10.54%
L2-Total-Accesses:      58633721  100.00%

