--------
Total Statistics
--------
Total Instructions: 3916820501
Total Cycles: 5362229393
IPC: 0.730446

--------
Single level Tlb hierarchy
--------
  Data Tlb:
    Entries:          64
    Page Size(B):   4096
    Associativity:      4

Latencies:    0  150
Tlb-Sets:   16 - LRU - assoc:   4

Tlb Stats:
Tlb-Load-Hits:         996038991   99.93%
Tlb-Load-Misses:          648845    0.07%
Tlb-Load-Accesses:     996687836  100.00%

Tlb-Store-Hits:         218448312   99.96%
Tlb-Store-Misses:           92654    0.04%
Tlb-Store-Accesses:     218540966  100.00%

Tlb-Total-Hits:        1214487303   99.94%
Tlb-Total-Misses:          741499    0.06%
Tlb-Total-Accesses:    1215228802  100.00%



--------
Two level Cache hierarchy
--------
  L1-Data Cache:
    Size(KB):          32
    Block Size(B):     64
    Associativity:      8

  L2-Data Cache:
    Size(KB):        1024
    Block Size(B):    128
    Associativity:      8

Latencies:    1   10  250
L1-Sets:   64 - LRU - assoc:   8
L2-Sets: 1024 - LRU - assoc:   8
Store_allocation: Yes
L2_inclusive: Yes
L2_prefetching: Yes (  8)

L1 Cache Stats:
L1-Load-Hits:         993529954   99.68%
L1-Load-Misses:         3157882    0.32%
L1-Load-Accesses:     996687836  100.00%

L1-Store-Hits:         218087824   99.79%
L1-Store-Misses:          453142    0.21%
L1-Store-Accesses:     218540966  100.00%

L1-Total-Hits:        1211617778   99.70%
L1-Total-Misses:         3611024    0.30%
L1-Total-Accesses:    1215228802  100.00%

L2 Cache Stats:
L2-Load-Hits:           2849572   90.24%
L2-Load-Misses:          308310    9.76%
L2-Load-Accesses:       3157882  100.00%

L2-Store-Hits:            430072   94.91%
L2-Store-Misses:           23070    5.09%
L2-Store-Accesses:        453142  100.00%

L2-Total-Hits:           3279644   90.82%
L2-Total-Misses:          331380    9.18%
L2-Total-Accesses:       3611024  100.00%

