--------
Total Statistics
--------
Total Instructions: 3916820473
Total Cycles: 5343116155
IPC: 0.733059

--------
Single level Tlb hierarchy
--------
  Data Tlb:
    Entries:          64
    Page Size(B):   4096
    Associativity:      4

Latencies:    0  150
Tlb-Sets:   16 - LRU - assoc:   4

Tlb Stats:
Tlb-Load-Hits:         996117977   99.94%
Tlb-Load-Misses:          569850    0.06%
Tlb-Load-Accesses:     996687827  100.00%

Tlb-Store-Hits:         218488920   99.98%
Tlb-Store-Misses:           52045    0.02%
Tlb-Store-Accesses:     218540965  100.00%

Tlb-Total-Hits:        1214606897   99.95%
Tlb-Total-Misses:          621895    0.05%
Tlb-Total-Accesses:    1215228792  100.00%



--------
Two level Cache hierarchy
--------
  L1-Data Cache:
    Size(KB):          32
    Block Size(B):     64
    Associativity:      8

  L2-Data Cache:
    Size(KB):        1024
    Block Size(B):    128
    Associativity:      8

Latencies:    1   10  250
L1-Sets:   64 - LRU - assoc:   8
L2-Sets: 1024 - LRU - assoc:   8
Store_allocation: Yes
L2_inclusive: Yes
L2_prefetching: Yes ( 32)

L1 Cache Stats:
L1-Load-Hits:         993638797   99.69%
L1-Load-Misses:         3049030    0.31%
L1-Load-Accesses:     996687827  100.00%

L1-Store-Hits:         218107631   99.80%
L1-Store-Misses:          433334    0.20%
L1-Store-Accesses:     218540965  100.00%

L1-Total-Hits:        1211746428   99.71%
L1-Total-Misses:         3482364    0.29%
L1-Total-Accesses:    1215228792  100.00%

L2 Cache Stats:
L2-Load-Hits:           2726598   89.43%
L2-Load-Misses:          322432   10.57%
L2-Load-Accesses:       3049030  100.00%

L2-Store-Hits:            423930   97.83%
L2-Store-Misses:            9404    2.17%
L2-Store-Accesses:        433334  100.00%

L2-Total-Hits:           3150528   90.47%
L2-Total-Misses:          331836    9.53%
L2-Total-Accesses:       3482364  100.00%

