--------
Total Statistics
--------
Total Instructions: 16205573206
Total Cycles: 35980162982
IPC: 0.450403

--------
Single level Tlb hierarchy
--------
  Data Tlb:
    Entries:          64
    Page Size(B):   4096
    Associativity:      4

Latencies:    0  150
Tlb-Sets:   16 - LRU - assoc:   4

Tlb Stats:
Tlb-Load-Hits:        2883545979   98.86%
Tlb-Load-Misses:        33369071    1.14%
Tlb-Load-Accesses:    2916915050  100.00%

Tlb-Store-Hits:          56441848   99.75%
Tlb-Store-Misses:          143268    0.25%
Tlb-Store-Accesses:      56585116  100.00%

Tlb-Total-Hits:        2939987827   98.87%
Tlb-Total-Misses:        33512339    1.13%
Tlb-Total-Accesses:    2973500166  100.00%



--------
Two level Cache hierarchy
--------
  L1-Data Cache:
    Size(KB):          32
    Block Size(B):     64
    Associativity:      8

  L2-Data Cache:
    Size(KB):        1024
    Block Size(B):    128
    Associativity:      8

Latencies:    1   10  250
L1-Sets:   64 - LRU - assoc:   8
L2-Sets: 1024 - LRU - assoc:   8
Store_allocation: Yes
L2_inclusive: Yes
L2_prefetching: Yes (  8)

L1 Cache Stats:
L1-Load-Hits:        2532674479   86.83%
L1-Load-Misses:       384240571   13.17%
L1-Load-Accesses:    2916915050  100.00%

L1-Store-Hits:          55373261   97.86%
L1-Store-Misses:         1211855    2.14%
L1-Store-Accesses:      56585116  100.00%

L1-Total-Hits:        2588047740   87.04%
L1-Total-Misses:       385452426   12.96%
L1-Total-Accesses:    2973500166  100.00%

L2 Cache Stats:
L2-Load-Hits:         352630757   91.77%
L2-Load-Misses:        31609814    8.23%
L2-Load-Accesses:     384240571  100.00%

L2-Store-Hits:           1142811   94.30%
L2-Store-Misses:           69044    5.70%
L2-Store-Accesses:       1211855  100.00%

L2-Total-Hits:         353773568   91.78%
L2-Total-Misses:        31678858    8.22%
L2-Total-Accesses:     385452426  100.00%

