                                     | Core 0     | Core 1     | Core 2     | Core 3     | Core 4     | Core 5     | Core 6     | Core 7     | Core 8     | Core 9     | Core 10    | Core 11    | Core 12    | Core 13    | Core 14    | Core 15   
  Instructions                       |     994445 |     978746 |     974340 |     971712 |     951452 |     883425 |    1012866 |    1014928 |     912318 |     878627 |     987464 |    1003070 |     978317 |     730236 |     795273 |    1022300
  Cycles                             |    6214364 |    6214364 |    6214364 |    6214364 |    6214364 |    6214364 |    6214364 |    6214364 |    6214364 |    6214364 |    6214364 |    6214364 |    6214364 |    6214364 |    6214364 |    6214364
  IPC                                |       0.16 |       0.16 |       0.16 |       0.16 |       0.15 |       0.14 |       0.16 |       0.16 |       0.15 |       0.14 |       0.16 |       0.16 |       0.16 |       0.12 |       0.13 |       0.16
  Time (ns)                          |    2336227 |    2336227 |    2336227 |    2336227 |    2336227 |    2336227 |    2336227 |    2336227 |    2336227 |    2336227 |    2336227 |    2336227 |    2336227 |    2336227 |    2336227 |    2336227
  Idle time (ns)                     |     101927 |     232365 |     190032 |     176789 |     230731 |     348169 |     103266 |     103819 |     330060 |     459955 |     224489 |     165522 |     221905 |     695979 |     539079 |     147723
  Idle time (%)                      |       4.4% |       9.9% |       8.1% |       7.6% |       9.9% |      14.9% |       4.4% |       4.4% |      14.1% |      19.7% |       9.6% |       7.1% |       9.5% |      29.8% |      23.1% |       6.3%
Branch predictor stats               |            |            |            |            |            |            |            |            |            |            |            |            |            |            |            |           
  num correct                        |     147909 |     145342 |     144597 |     144164 |     140785 |     129460 |     151024 |     151328 |     134268 |     128641 |     146758 |     149379 |     145273 |     103910 |     114757 |     152567
  num incorrect                      |        173 |        129 |        139 |        134 |        137 |        125 |        134 |        172 |        132 |        144 |        166 |        146 |        127 |        143 |        136 |        163
  misprediction rate                 |      0.12% |      0.09% |      0.10% |      0.09% |      0.10% |      0.10% |      0.09% |      0.11% |      0.10% |      0.11% |      0.11% |      0.10% |      0.09% |      0.14% |      0.12% |      0.11%
  mpki                               |       0.17 |       0.13 |       0.14 |       0.14 |       0.14 |       0.14 |       0.13 |       0.17 |       0.14 |       0.16 |       0.17 |       0.15 |       0.13 |       0.20 |       0.17 |       0.16
TLB Summary                          |            |            |            |            |            |            |            |            |            |            |            |            |            |            |            |           
Cache Summary                        |            |            |            |            |            |            |            |            |            |            |            |            |            |            |            |           
  Cache L1-I                         |            |            |            |            |            |            |            |            |            |            |            |            |            |            |            |           
    num cache accesses               |     302156 |     296943 |     295471 |     294595 |     287845 |     265165 |     308316 |     309000 |     274800 |     263571 |     299849 |     305051 |     296801 |     214106 |     235781 |     311461
    num cache misses                 |         16 |         17 |         18 |         18 |         17 |         17 |         17 |         17 |         17 |         17 |         17 |         17 |         17 |         17 |         17 |         17
    miss rate                        |      0.01% |      0.01% |      0.01% |      0.01% |      0.01% |      0.01% |      0.01% |      0.01% |      0.01% |      0.01% |      0.01% |      0.01% |      0.01% |      0.01% |      0.01% |      0.01%
    mpki                             |       0.02 |       0.02 |       0.02 |       0.02 |       0.02 |       0.02 |       0.02 |       0.02 |       0.02 |       0.02 |       0.02 |       0.02 |       0.02 |       0.02 |       0.02 |       0.02
  Cache L1-D                         |            |            |            |            |            |            |            |            |            |            |            |            |            |            |            |           
    num cache accesses               |     529253 |     521416 |     519210 |     517896 |     507769 |     473752 |     538474 |     539505 |     488200 |     471356 |     525775 |     533578 |     521201 |     397159 |     429676 |     543193
    num cache misses                 |      46309 |      41230 |      41425 |      41039 |      39544 |      36902 |      41100 |      40746 |      41419 |      36913 |      41288 |      41442 |      40057 |      30785 |      33016 |      39899
    miss rate                        |      8.75% |      7.91% |      7.98% |      7.92% |      7.79% |      7.79% |      7.63% |      7.55% |      8.48% |      7.83% |      7.85% |      7.77% |      7.69% |      7.75% |      7.68% |      7.35%
    mpki                             |      46.57 |      42.13 |      42.52 |      42.23 |      41.56 |      41.77 |      40.58 |      40.15 |      45.40 |      42.01 |      41.81 |      41.32 |      40.94 |      42.16 |      41.52 |      39.03
  Cache L2                           |            |            |            |            |            |            |            |            |            |            |            |            |            |            |            |           
    num cache accesses               |      46446 |      41342 |      41550 |      41175 |      39698 |      37029 |      41209 |      40872 |      41539 |      37033 |      41412 |      41552 |      40165 |      30932 |      33149 |      40041
    num cache misses                 |      46325 |      41247 |      41443 |      41057 |      39561 |      36919 |      41117 |      40763 |      41436 |      36930 |      41305 |      41459 |      40074 |      30802 |      33033 |      39916
    miss rate                        |     99.74% |     99.77% |     99.74% |     99.71% |     99.65% |     99.70% |     99.78% |     99.73% |     99.75% |     99.72% |     99.74% |     99.78% |     99.77% |     99.58% |     99.65% |     99.69%
    mpki                             |      46.58 |      42.14 |      42.53 |      42.25 |      41.58 |      41.79 |      40.59 |      40.16 |      45.42 |      42.03 |      41.83 |      41.33 |      40.96 |      42.18 |      41.54 |      39.05
  Cache L3                           |            |            |            |            |            |            |            |            |            |            |            |            |            |            |            |           
    num cache accesses               |      46446 |      41342 |      41550 |      41175 |      39698 |      37029 |      41209 |      40872 |      41539 |      37033 |      41412 |      41552 |      40165 |      30932 |      33149 |      40041
    num cache misses                 |      23868 |      22817 |      23074 |      23156 |      22816 |      21317 |      23634 |      23731 |      21814 |      19735 |      22904 |      23363 |      22695 |      17650 |      19106 |      24099
    miss rate                        |     51.39% |     55.19% |     55.53% |     56.24% |     57.47% |     57.57% |     57.35% |     58.06% |     52.51% |     53.29% |     55.31% |     56.23% |     56.50% |     57.06% |     57.64% |     60.19%
    mpki                             |      24.00 |      23.31 |      23.68 |      23.83 |      23.98 |      24.13 |      23.33 |      23.38 |      23.91 |      22.46 |      23.19 |      23.29 |      23.20 |      24.17 |      24.02 |      23.57
DRAM summary                         |            |            |            |            |            |            |            |            |            |            |            |            |            |            |            |           
  num dram accesses                  |         73 |          0 |          0 |          0 |          0 |          0 |          0 |          0 |          0 |          0 |          0 |          0 |          0 |          0 |          0 |          0
  average dram access latency (ns)   |     129.49 |        inf |        inf |        inf |        inf |        inf |        inf |        inf |        inf |        inf |        inf |        inf |        inf |        inf |        inf |        inf
  average dram queueing delay        |      76.06 |       0.00 |       0.00 |       0.00 |       0.00 |       0.00 |       0.00 |       0.00 |       0.00 |       0.00 |       0.00 |       0.00 |       0.00 |       0.00 |       0.00 |       0.00
  average dram bandwidth utilization |      0.00% |      0.00% |      0.00% |      0.00% |      0.00% |      0.00% |      0.00% |      0.00% |      0.00% |      0.00% |      0.00% |      0.00% |      0.00% |      0.00% |      0.00% |      0.00%
Coherency Traffic                    |            |            |            |            |            |            |            |            |            |            |            |            |            |            |            |           
  num loads from dram                |          3 |          2 |          3 |          3 |          2 |          3 |          4 |          3 |          2 |          2 |          2 |          2 |          2 |          2 |          2 |          2
  num loads from dram cache          |          0 |          0 |          0 |          0 |          0 |          0 |          0 |          0 |          0 |          0 |          0 |          0 |          0 |          0 |          0 |          0
  num loads from remote cache        |      17082 |      16982 |      17429 |      17549 |      17289 |      16181 |      18134 |      18167 |      15549 |      14617 |      16863 |      17133 |      16959 |      13208 |      14438 |      17785
