--------
Total Statistics
--------
Total Instructions: 2151811134
Total Cycles: 8384231968
IPC: 0.25665

--------
Single level Tlb hierarchy
--------
  Data Tlb:
    Entries:          64
    Page Size(B):   4096
    Associativity:      4

Latencies:    0  150
Tlb-Sets:   16 - LRU - assoc:   4

Tlb Stats:
Tlb-Load-Hits:         524057253   93.84%
Tlb-Load-Misses:        34423429    6.16%
Tlb-Load-Accesses:     558480682  100.00%

Tlb-Store-Hits:         106928359   99.99%
Tlb-Store-Misses:           11803    0.01%
Tlb-Store-Accesses:     106940162  100.00%

Tlb-Total-Hits:         630985612   94.83%
Tlb-Total-Misses:        34435232    5.17%
Tlb-Total-Accesses:     665420844  100.00%



--------
Two level Cache hierarchy
--------
  L1-Data Cache:
    Size(KB):         128
    Block Size(B):     64
    Associativity:      8

  L2-Data Cache:
    Size(KB):        1024
    Block Size(B):    128
    Associativity:      8

Latencies:    1   10  250
L1-Sets:  256 - LRU - assoc:   8
L2-Sets: 1024 - LRU - assoc:   8
Store_allocation: Yes
L2_inclusive: Yes
L2_prefetching: No

L1 Cache Stats:
L1-Load-Hits:         554789433   99.34%
L1-Load-Misses:         3691249    0.66%
L1-Load-Accesses:     558480682  100.00%

L1-Store-Hits:         106326567   99.43%
L1-Store-Misses:          613595    0.57%
L1-Store-Accesses:     106940162  100.00%

L1-Total-Hits:         661116000   99.35%
L1-Total-Misses:         4304844    0.65%
L1-Total-Accesses:     665420844  100.00%

L2 Cache Stats:
L2-Load-Hits:           2461494   66.68%
L2-Load-Misses:         1229755   33.32%
L2-Load-Accesses:       3691249  100.00%

L2-Store-Hits:            408683   66.60%
L2-Store-Misses:          204912   33.40%
L2-Store-Accesses:        613595  100.00%

L2-Total-Hits:           2870177   66.67%
L2-Total-Misses:         1434667   33.33%
L2-Total-Accesses:       4304844  100.00%

