--------
Total Statistics
--------
Total Instructions: 2151811134
Total Cycles: 8355818628
IPC: 0.257522

--------
Single level Tlb hierarchy
--------
  Data Tlb:
    Entries:          64
    Page Size(B):   4096
    Associativity:      4

Latencies:    0  150
Tlb-Sets:   16 - LRU - assoc:   4

Tlb Stats:
Tlb-Load-Hits:         524057254   93.84%
Tlb-Load-Misses:        34423428    6.16%
Tlb-Load-Accesses:     558480682  100.00%

Tlb-Store-Hits:         106928260   99.99%
Tlb-Store-Misses:           11902    0.01%
Tlb-Store-Accesses:     106940162  100.00%

Tlb-Total-Hits:         630985514   94.83%
Tlb-Total-Misses:        34435330    5.17%
Tlb-Total-Accesses:     665420844  100.00%



--------
Two level Cache hierarchy
--------
  L1-Data Cache:
    Size(KB):          32
    Block Size(B):    128
    Associativity:      8

  L2-Data Cache:
    Size(KB):        1024
    Block Size(B):    128
    Associativity:      8

Latencies:    1   10  250
L1-Sets:   32 - LRU - assoc:   8
L2-Sets: 1024 - LRU - assoc:   8
Store_allocation: Yes
L2_inclusive: Yes
L2_prefetching: No

L1 Cache Stats:
L1-Load-Hits:         557250009   99.78%
L1-Load-Misses:         1230673    0.22%
L1-Load-Accesses:     558480682  100.00%

L1-Store-Hits:         106735020   99.81%
L1-Store-Misses:          205142    0.19%
L1-Store-Accesses:     106940162  100.00%

L1-Total-Hits:         663985029   99.78%
L1-Total-Misses:         1435815    0.22%
L1-Total-Accesses:     665420844  100.00%

L2 Cache Stats:
L2-Load-Hits:                99    0.01%
L2-Load-Misses:         1230574   99.99%
L2-Load-Accesses:       1230673  100.00%

L2-Store-Hits:                 0    0.00%
L2-Store-Misses:          205142  100.00%
L2-Store-Accesses:        205142  100.00%

L2-Total-Hits:                99    0.01%
L2-Total-Misses:         1435716   99.99%
L2-Total-Accesses:       1435815  100.00%

