--------
Total Statistics
--------
Total Instructions: 2151811162
Total Cycles: 8688618146
IPC: 0.247659

--------
Single level Tlb hierarchy
--------
  Data Tlb:
    Entries:          64
    Page Size(B):   4096
    Associativity:      4

Latencies:    0  150
Tlb-Sets:   16 - LRU - assoc:   4

Tlb Stats:
Tlb-Load-Hits:         524047762   93.83%
Tlb-Load-Misses:        34432929    6.17%
Tlb-Load-Accesses:     558480691  100.00%

Tlb-Store-Hits:         106923761   99.98%
Tlb-Store-Misses:           16402    0.02%
Tlb-Store-Accesses:     106940163  100.00%

Tlb-Total-Hits:         630971523   94.82%
Tlb-Total-Misses:        34449331    5.18%
Tlb-Total-Accesses:     665420854  100.00%



--------
Two level Cache hierarchy
--------
  L1-Data Cache:
    Size(KB):          32
    Block Size(B):     64
    Associativity:      4

  L2-Data Cache:
    Size(KB):        1024
    Block Size(B):    128
    Associativity:      8

Latencies:    1   10  250
L1-Sets:  128 - LRU - assoc:   4
L2-Sets: 1024 - LRU - assoc:   8
Store_allocation: Yes
L2_inclusive: Yes
L2_prefetching: No

L1 Cache Stats:
L1-Load-Hits:         524545986   93.92%
L1-Load-Misses:        33934705    6.08%
L1-Load-Accesses:     558480691  100.00%

L1-Store-Hits:         106322970   99.42%
L1-Store-Misses:          617193    0.58%
L1-Store-Accesses:     106940163  100.00%

L1-Total-Hits:         630868956   94.81%
L1-Total-Misses:        34551898    5.19%
L1-Total-Accesses:     665420854  100.00%

L2 Cache Stats:
L2-Load-Hits:          32705747   96.38%
L2-Load-Misses:         1228958    3.62%
L2-Load-Accesses:      33934705  100.00%

L2-Store-Hits:            412281   66.80%
L2-Store-Misses:          204912   33.20%
L2-Store-Accesses:        617193  100.00%

L2-Total-Hits:          33118028   95.85%
L2-Total-Misses:         1433870    4.15%
L2-Total-Accesses:      34551898  100.00%

