--------
Total Statistics
--------
Total Instructions: 10802935227
Total Cycles: 16035823154
IPC: 0.673675

--------
Single level Tlb hierarchy
--------
  Data Tlb:
    Entries:          64
    Page Size(B):   4096
    Associativity:      4

Latencies:    0  150
Tlb-Sets:   16 - LRU - assoc:   4

Tlb Stats:
Tlb-Load-Hits:        2162528559   99.38%
Tlb-Load-Misses:        13431767    0.62%
Tlb-Load-Accesses:    2175960326  100.00%

Tlb-Store-Hits:         557024213   99.95%
Tlb-Store-Misses:          265758    0.05%
Tlb-Store-Accesses:     557289971  100.00%

Tlb-Total-Hits:        2719552772   99.50%
Tlb-Total-Misses:        13697525    0.50%
Tlb-Total-Accesses:    2733250297  100.00%



--------
Two level Cache hierarchy
--------
  L1-Data Cache:
    Size(KB):         128
    Block Size(B):     32
    Associativity:      8

  L2-Data Cache:
    Size(KB):        1024
    Block Size(B):    128
    Associativity:      8

Latencies:    1   10  250
L1-Sets:  512 - LRU - assoc:   8
L2-Sets: 1024 - LRU - assoc:   8
Store_allocation: Yes
L2_inclusive: Yes
L2_prefetching: No

L1 Cache Stats:
L1-Load-Hits:        2162603683   99.39%
L1-Load-Misses:        13356643    0.61%
L1-Load-Accesses:    2175960326  100.00%

L1-Store-Hits:         553138501   99.26%
L1-Store-Misses:         4151470    0.74%
L1-Store-Accesses:     557289971  100.00%

L1-Total-Hits:        2715742184   99.36%
L1-Total-Misses:        17508113    0.64%
L1-Total-Accesses:    2733250297  100.00%

L2 Cache Stats:
L2-Load-Hits:          12772091   95.62%
L2-Load-Misses:          584552    4.38%
L2-Load-Accesses:      13356643  100.00%

L2-Store-Hits:           3656311   88.07%
L2-Store-Misses:          495159   11.93%
L2-Store-Accesses:       4151470  100.00%

L2-Total-Hits:          16428402   93.83%
L2-Total-Misses:         1079711    6.17%
L2-Total-Accesses:      17508113  100.00%

