--------
Total Statistics
--------
Total Instructions: 10802935199
Total Cycles: 16813745416
IPC: 0.642506

--------
Single level Tlb hierarchy
--------
  Data Tlb:
    Entries:          64
    Page Size(B):   4096
    Associativity:      4

Latencies:    0  150
Tlb-Sets:   16 - LRU - assoc:   4

Tlb Stats:
Tlb-Load-Hits:        2162454259   99.38%
Tlb-Load-Misses:        13506058    0.62%
Tlb-Load-Accesses:    2175960317  100.00%

Tlb-Store-Hits:         557104277   99.97%
Tlb-Store-Misses:          185693    0.03%
Tlb-Store-Accesses:     557289970  100.00%

Tlb-Total-Hits:        2719558536   99.50%
Tlb-Total-Misses:        13691751    0.50%
Tlb-Total-Accesses:    2733250287  100.00%



--------
Two level Cache hierarchy
--------
  L1-Data Cache:
    Size(KB):          32
    Block Size(B):    128
    Associativity:      8

  L2-Data Cache:
    Size(KB):        1024
    Block Size(B):    128
    Associativity:      8

Latencies:    1   10  250
L1-Sets:   32 - LRU - assoc:   8
L2-Sets: 1024 - LRU - assoc:   8
Store_allocation: Yes
L2_inclusive: Yes
L2_prefetching: No

L1 Cache Stats:
L1-Load-Hits:        2084027907   95.78%
L1-Load-Misses:        91932410    4.22%
L1-Load-Accesses:    2175960317  100.00%

L1-Store-Hits:         553864952   99.39%
L1-Store-Misses:         3425018    0.61%
L1-Store-Accesses:     557289970  100.00%

L1-Total-Hits:        2637892859   96.51%
L1-Total-Misses:        95357428    3.49%
L1-Total-Accesses:    2733250287  100.00%

L2 Cache Stats:
L2-Load-Hits:          91346571   99.36%
L2-Load-Misses:          585839    0.64%
L2-Load-Accesses:      91932410  100.00%

L2-Store-Hits:           2929965   85.55%
L2-Store-Misses:          495053   14.45%
L2-Store-Accesses:       3425018  100.00%

L2-Total-Hits:          94276536   98.87%
L2-Total-Misses:         1080892    1.13%
L2-Total-Accesses:      95357428  100.00%

