--------
Total Statistics
--------
Total Instructions: 10802935199
Total Cycles: 16575278756
IPC: 0.65175

--------
Single level Tlb hierarchy
--------
  Data Tlb:
    Entries:          64
    Page Size(B):   4096
    Associativity:      4

Latencies:    0  150
Tlb-Sets:   16 - LRU - assoc:   4

Tlb Stats:
Tlb-Load-Hits:        2162536491   99.38%
Tlb-Load-Misses:        13423826    0.62%
Tlb-Load-Accesses:    2175960317  100.00%

Tlb-Store-Hits:         557024320   99.95%
Tlb-Store-Misses:          265650    0.05%
Tlb-Store-Accesses:     557289970  100.00%

Tlb-Total-Hits:        2719560811   99.50%
Tlb-Total-Misses:        13689476    0.50%
Tlb-Total-Accesses:    2733250287  100.00%



--------
Two level Cache hierarchy
--------
  L1-Data Cache:
    Size(KB):         128
    Block Size(B):    128
    Associativity:      8

  L2-Data Cache:
    Size(KB):        1024
    Block Size(B):    128
    Associativity:      8

Latencies:    1   10  250
L1-Sets:  128 - LRU - assoc:   8
L2-Sets: 1024 - LRU - assoc:   8
Store_allocation: Yes
L2_inclusive: Yes
L2_prefetching: No

L1 Cache Stats:
L1-Load-Hits:        2107008452   96.83%
L1-Load-Misses:        68951865    3.17%
L1-Load-Accesses:    2175960317  100.00%

L1-Store-Hits:         554731448   99.54%
L1-Store-Misses:         2558522    0.46%
L1-Store-Accesses:     557289970  100.00%

L1-Total-Hits:        2661739900   97.38%
L1-Total-Misses:        71510387    2.62%
L1-Total-Accesses:    2733250287  100.00%

L2 Cache Stats:
L2-Load-Hits:          68364596   99.15%
L2-Load-Misses:          587269    0.85%
L2-Load-Accesses:      68951865  100.00%

L2-Store-Hits:           2063519   80.65%
L2-Store-Misses:          495003   19.35%
L2-Store-Accesses:       2558522  100.00%

L2-Total-Hits:          70428115   98.49%
L2-Total-Misses:         1082272    1.51%
L2-Total-Accesses:      71510387  100.00%

