--------
Total Statistics
--------
Total Instructions: 10802935199
Total Cycles: 16864441156
IPC: 0.640575

--------
Single level Tlb hierarchy
--------
  Data Tlb:
    Entries:          64
    Page Size(B):   4096
    Associativity:      4

Latencies:    0  150
Tlb-Sets:   16 - LRU - assoc:   4

Tlb Stats:
Tlb-Load-Hits:        2162538210   99.38%
Tlb-Load-Misses:        13422107    0.62%
Tlb-Load-Accesses:    2175960317  100.00%

Tlb-Store-Hits:         557104218   99.97%
Tlb-Store-Misses:          185752    0.03%
Tlb-Store-Accesses:     557289970  100.00%

Tlb-Total-Hits:        2719642428   99.50%
Tlb-Total-Misses:        13607859    0.50%
Tlb-Total-Accesses:    2733250287  100.00%



--------
Two level Cache hierarchy
--------
  L1-Data Cache:
    Size(KB):          64
    Block Size(B):     64
    Associativity:      4

  L2-Data Cache:
    Size(KB):        1024
    Block Size(B):    128
    Associativity:      8

Latencies:    1   10  250
L1-Sets:  256 - LRU - assoc:   4
L2-Sets: 1024 - LRU - assoc:   8
Store_allocation: Yes
L2_inclusive: Yes
L2_prefetching: No

L1 Cache Stats:
L1-Load-Hits:        2079695104   95.58%
L1-Load-Misses:        96265213    4.42%
L1-Load-Accesses:    2175960317  100.00%

L1-Store-Hits:         551881701   99.03%
L1-Store-Misses:         5408269    0.97%
L1-Store-Accesses:     557289970  100.00%

L1-Total-Hits:        2631576805   96.28%
L1-Total-Misses:       101673482    3.72%
L1-Total-Accesses:    2733250287  100.00%

L2 Cache Stats:
L2-Load-Hits:          95678852   99.39%
L2-Load-Misses:          586361    0.61%
L2-Load-Accesses:      96265213  100.00%

L2-Store-Hits:           4913262   90.85%
L2-Store-Misses:          495007    9.15%
L2-Store-Accesses:       5408269  100.00%

L2-Total-Hits:         100592114   98.94%
L2-Total-Misses:         1081368    1.06%
L2-Total-Accesses:     101673482  100.00%

