--------
Total Statistics
--------
Total Instructions: 1520711613
Total Cycles: 16513242974
IPC: 0.0920904

--------
Single level Tlb hierarchy
--------
  Data Tlb:
    Entries:          64
    Page Size(B):   4096
    Associativity:      4

Latencies:    0  150
Tlb-Sets:   16 - LRU - assoc:   4

Tlb Stats:
Tlb-Load-Hits:         241301979   86.11%
Tlb-Load-Misses:        38935411   13.89%
Tlb-Load-Accesses:     280237390  100.00%

Tlb-Store-Hits:          74006375   99.25%
Tlb-Store-Misses:          557166    0.75%
Tlb-Store-Accesses:      74563541  100.00%

Tlb-Total-Hits:         315308354   88.87%
Tlb-Total-Misses:        39492577   11.13%
Tlb-Total-Accesses:     354800931  100.00%



--------
Two level Cache hierarchy
--------
  L1-Data Cache:
    Size(KB):          64
    Block Size(B):     32
    Associativity:      8

  L2-Data Cache:
    Size(KB):        1024
    Block Size(B):    128
    Associativity:      8

Latencies:    1   10  250
L1-Sets:  256 - LRU - assoc:   8
L2-Sets: 1024 - LRU - assoc:   8
Store_allocation: Yes
L2_inclusive: Yes
L2_prefetching: No

L1 Cache Stats:
L1-Load-Hits:         206542664   73.70%
L1-Load-Misses:        73694726   26.30%
L1-Load-Accesses:     280237390  100.00%

L1-Store-Hits:          74460879   99.86%
L1-Store-Misses:          102662    0.14%
L1-Store-Accesses:      74563541  100.00%

L1-Total-Hits:         281003543   79.20%
L1-Total-Misses:        73797388   20.80%
L1-Total-Accesses:     354800931  100.00%

L2 Cache Stats:
L2-Load-Hits:          41791279   56.71%
L2-Load-Misses:        31903447   43.29%
L2-Load-Accesses:      73694726  100.00%

L2-Store-Hits:            102629   99.97%
L2-Store-Misses:              33    0.03%
L2-Store-Accesses:        102662  100.00%

L2-Total-Hits:          41893908   56.77%
L2-Total-Misses:        31903480   43.23%
L2-Total-Accesses:      73797388  100.00%

