--------
Total Statistics
--------
Total Instructions: 1520711613
Total Cycles: 16242485794
IPC: 0.0936255

--------
Single level Tlb hierarchy
--------
  Data Tlb:
    Entries:          64
    Page Size(B):   4096
    Associativity:      4

Latencies:    0  150
Tlb-Sets:   16 - LRU - assoc:   4

Tlb Stats:
Tlb-Load-Hits:         240599352   85.86%
Tlb-Load-Misses:        39638038   14.14%
Tlb-Load-Accesses:     280237390  100.00%

Tlb-Store-Hits:          73962680   99.19%
Tlb-Store-Misses:          600861    0.81%
Tlb-Store-Accesses:      74563541  100.00%

Tlb-Total-Hits:         314562032   88.66%
Tlb-Total-Misses:        40238899   11.34%
Tlb-Total-Accesses:     354800931  100.00%



--------
Two level Cache hierarchy
--------
  L1-Data Cache:
    Size(KB):         128
    Block Size(B):    128
    Associativity:      8

  L2-Data Cache:
    Size(KB):        1024
    Block Size(B):    128
    Associativity:      8

Latencies:    1   10  250
L1-Sets:  128 - LRU - assoc:   8
L2-Sets: 1024 - LRU - assoc:   8
Store_allocation: Yes
L2_inclusive: Yes
L2_prefetching: No

L1 Cache Stats:
L1-Load-Hits:         245956284   87.77%
L1-Load-Misses:        34281106   12.23%
L1-Load-Accesses:     280237390  100.00%

L1-Store-Hits:          74559557   99.99%
L1-Store-Misses:            3984    0.01%
L1-Store-Accesses:      74563541  100.00%

L1-Total-Hits:         320515841   90.34%
L1-Total-Misses:        34285090    9.66%
L1-Total-Accesses:     354800931  100.00%

L2 Cache Stats:
L2-Load-Hits:           2331822    6.80%
L2-Load-Misses:        31949284   93.20%
L2-Load-Accesses:      34281106  100.00%

L2-Store-Hits:               118    2.96%
L2-Store-Misses:            3866   97.04%
L2-Store-Accesses:          3984  100.00%

L2-Total-Hits:           2331940    6.80%
L2-Total-Misses:        31953150   93.20%
L2-Total-Accesses:      34285090  100.00%

