--------
Total Statistics
--------
Total Instructions: 1520711613
Total Cycles: 16434786214
IPC: 0.0925301

--------
Single level Tlb hierarchy
--------
  Data Tlb:
    Entries:          64
    Page Size(B):   4096
    Associativity:      4

Latencies:    0  150
Tlb-Sets:   16 - LRU - assoc:   4

Tlb Stats:
Tlb-Load-Hits:         241569801   86.20%
Tlb-Load-Misses:        38667589   13.80%
Tlb-Load-Accesses:     280237390  100.00%

Tlb-Store-Hits:          74010369   99.26%
Tlb-Store-Misses:          553172    0.74%
Tlb-Store-Accesses:      74563541  100.00%

Tlb-Total-Hits:         315580170   88.95%
Tlb-Total-Misses:        39220761   11.05%
Tlb-Total-Accesses:     354800931  100.00%



--------
Two level Cache hierarchy
--------
  L1-Data Cache:
    Size(KB):          64
    Block Size(B):     64
    Associativity:      4

  L2-Data Cache:
    Size(KB):        1024
    Block Size(B):    128
    Associativity:      8

Latencies:    1   10  250
L1-Sets:  256 - LRU - assoc:   4
L2-Sets: 1024 - LRU - assoc:   8
Store_allocation: Yes
L2_inclusive: Yes
L2_prefetching: No

L1 Cache Stats:
L1-Load-Hits:         210624938   75.16%
L1-Load-Misses:        69612452   24.84%
L1-Load-Accesses:     280237390  100.00%

L1-Store-Hits:          74554991   99.99%
L1-Store-Misses:            8550    0.01%
L1-Store-Accesses:      74563541  100.00%

L1-Total-Hits:         285179929   80.38%
L1-Total-Misses:        69621002   19.62%
L1-Total-Accesses:     354800931  100.00%

L2 Cache Stats:
L2-Load-Hits:          37694643   54.15%
L2-Load-Misses:        31917809   45.85%
L2-Load-Accesses:      69612452  100.00%

L2-Store-Hits:              6561   76.74%
L2-Store-Misses:            1989   23.26%
L2-Store-Accesses:          8550  100.00%

L2-Total-Hits:          37701204   54.15%
L2-Total-Misses:        31919798   45.85%
L2-Total-Accesses:      69621002  100.00%

