--------
Total Statistics
--------
Total Instructions: 1520711613
Total Cycles: 16510812424
IPC: 0.092104

--------
Single level Tlb hierarchy
--------
  Data Tlb:
    Entries:          64
    Page Size(B):   4096
    Associativity:      4

Latencies:    0  150
Tlb-Sets:   16 - LRU - assoc:   4

Tlb Stats:
Tlb-Load-Hits:         241084514   86.03%
Tlb-Load-Misses:        39152876   13.97%
Tlb-Load-Accesses:     280237390  100.00%

Tlb-Store-Hits:          74008514   99.26%
Tlb-Store-Misses:          555027    0.74%
Tlb-Store-Accesses:      74563541  100.00%

Tlb-Total-Hits:         315093028   88.81%
Tlb-Total-Misses:        39707903   11.19%
Tlb-Total-Accesses:     354800931  100.00%



--------
Two level Cache hierarchy
--------
  L1-Data Cache:
    Size(KB):          64
    Block Size(B):     64
    Associativity:      8

  L2-Data Cache:
    Size(KB):        1024
    Block Size(B):    128
    Associativity:      8

Latencies:    1   10  250
L1-Sets:  128 - LRU - assoc:   8
L2-Sets: 1024 - LRU - assoc:   8
Store_allocation: Yes
L2_inclusive: Yes
L2_prefetching: No

L1 Cache Stats:
L1-Load-Hits:         209921110   74.91%
L1-Load-Misses:        70316280   25.09%
L1-Load-Accesses:     280237390  100.00%

L1-Store-Hits:          74561803  100.00%
L1-Store-Misses:            1738    0.00%
L1-Store-Accesses:      74563541  100.00%

L1-Total-Hits:         284482913   80.18%
L1-Total-Misses:        70318018   19.82%
L1-Total-Accesses:     354800931  100.00%

L2 Cache Stats:
L2-Load-Hits:          38413183   54.63%
L2-Load-Misses:        31903097   45.37%
L2-Load-Accesses:      70316280  100.00%

L2-Store-Hits:              1098   63.18%
L2-Store-Misses:             640   36.82%
L2-Store-Accesses:          1738  100.00%

L2-Total-Hits:          38414281   54.63%
L2-Total-Misses:        31903737   45.37%
L2-Total-Accesses:      70318018  100.00%

