--------
Total Statistics
--------
Total Instructions: 1520711641
Total Cycles: 16098724562
IPC: 0.0944616

--------
Single level Tlb hierarchy
--------
  Data Tlb:
    Entries:          64
    Page Size(B):   4096
    Associativity:      4

Latencies:    0  150
Tlb-Sets:   16 - LRU - assoc:   4

Tlb Stats:
Tlb-Load-Hits:         241521508   86.18%
Tlb-Load-Misses:        38715891   13.82%
Tlb-Load-Accesses:     280237399  100.00%

Tlb-Store-Hits:          74006869   99.25%
Tlb-Store-Misses:          556673    0.75%
Tlb-Store-Accesses:      74563542  100.00%

Tlb-Total-Hits:         315528377   88.93%
Tlb-Total-Misses:        39272564   11.07%
Tlb-Total-Accesses:     354800941  100.00%



--------
Two level Cache hierarchy
--------
  L1-Data Cache:
    Size(KB):          32
    Block Size(B):    128
    Associativity:      8

  L2-Data Cache:
    Size(KB):        1024
    Block Size(B):    128
    Associativity:      8

Latencies:    1   10  250
L1-Sets:   32 - LRU - assoc:   8
L2-Sets: 1024 - LRU - assoc:   8
Store_allocation: Yes
L2_inclusive: Yes
L2_prefetching: No

L1 Cache Stats:
L1-Load-Hits:         245460917   87.59%
L1-Load-Misses:        34776482   12.41%
L1-Load-Accesses:     280237399  100.00%

L1-Store-Hits:          74558386   99.99%
L1-Store-Misses:            5156    0.01%
L1-Store-Accesses:      74563542  100.00%

L1-Total-Hits:         320019303   90.20%
L1-Total-Misses:        34781638    9.80%
L1-Total-Accesses:     354800941  100.00%

L2 Cache Stats:
L2-Load-Hits:           2841992    8.17%
L2-Load-Misses:        31934490   91.83%
L2-Load-Accesses:      34776482  100.00%

L2-Store-Hits:              1602   31.07%
L2-Store-Misses:            3554   68.93%
L2-Store-Accesses:          5156  100.00%

L2-Total-Hits:           2843594    8.18%
L2-Total-Misses:        31938044   91.82%
L2-Total-Accesses:      34781638  100.00%

