--------
Total Statistics
--------
Total Instructions: 1520711613
Total Cycles: 16506140234
IPC: 0.0921301

--------
Single level Tlb hierarchy
--------
  Data Tlb:
    Entries:          64
    Page Size(B):   4096
    Associativity:      4

Latencies:    0  150
Tlb-Sets:   16 - LRU - assoc:   4

Tlb Stats:
Tlb-Load-Hits:         241311515   86.11%
Tlb-Load-Misses:        38925875   13.89%
Tlb-Load-Accesses:     280237390  100.00%

Tlb-Store-Hits:          74008200   99.26%
Tlb-Store-Misses:          555341    0.74%
Tlb-Store-Accesses:      74563541  100.00%

Tlb-Total-Hits:         315319715   88.87%
Tlb-Total-Misses:        39481216   11.13%
Tlb-Total-Accesses:     354800931  100.00%



--------
Two level Cache hierarchy
--------
  L1-Data Cache:
    Size(KB):         128
    Block Size(B):     32
    Associativity:      8

  L2-Data Cache:
    Size(KB):        1024
    Block Size(B):    128
    Associativity:      8

Latencies:    1   10  250
L1-Sets:  512 - LRU - assoc:   8
L2-Sets: 1024 - LRU - assoc:   8
Store_allocation: Yes
L2_inclusive: Yes
L2_prefetching: No

L1 Cache Stats:
L1-Load-Hits:         208384460   74.36%
L1-Load-Misses:        71852930   25.64%
L1-Load-Accesses:     280237390  100.00%

L1-Store-Hits:          74509642   99.93%
L1-Store-Misses:           53899    0.07%
L1-Store-Accesses:      74563541  100.00%

L1-Total-Hits:         282894102   79.73%
L1-Total-Misses:        71906829   20.27%
L1-Total-Accesses:     354800931  100.00%

L2 Cache Stats:
L2-Load-Hits:          39895458   55.52%
L2-Load-Misses:        31957472   44.48%
L2-Load-Accesses:      71852930  100.00%

L2-Store-Hits:             53863   99.93%
L2-Store-Misses:              36    0.07%
L2-Store-Accesses:         53899  100.00%

L2-Total-Hits:          39949321   55.56%
L2-Total-Misses:        31957508   44.44%
L2-Total-Accesses:      71906829  100.00%

