--------
Total Statistics
--------
Total Instructions: 7983656642
Total Cycles: 12247090639
IPC: 0.651882

--------
Single level Tlb hierarchy
--------
  Data Tlb:
    Entries:          64
    Page Size(B):   4096
    Associativity:      4

Latencies:    0  150
Tlb-Sets:   16 - LRU - assoc:   4

Tlb Stats:
Tlb-Load-Hits:        1473170524   99.96%
Tlb-Load-Misses:          566708    0.04%
Tlb-Load-Accesses:    1473737232  100.00%

Tlb-Store-Hits:         153682219   99.82%
Tlb-Store-Misses:          279846    0.18%
Tlb-Store-Accesses:     153962065  100.00%

Tlb-Total-Hits:        1626852743   99.95%
Tlb-Total-Misses:          846554    0.05%
Tlb-Total-Accesses:    1627699297  100.00%



--------
Two level Cache hierarchy
--------
  L1-Data Cache:
    Size(KB):          32
    Block Size(B):     32
    Associativity:      8

  L2-Data Cache:
    Size(KB):        1024
    Block Size(B):    128
    Associativity:      8

Latencies:    1   10  250
L1-Sets:  128 - LRU - assoc:   8
L2-Sets: 1024 - LRU - assoc:   8
Store_allocation: Yes
L2_inclusive: Yes
L2_prefetching: No

L1 Cache Stats:
L1-Load-Hits:        1447741498   98.24%
L1-Load-Misses:        25995734    1.76%
L1-Load-Accesses:    1473737232  100.00%

L1-Store-Hits:         146155464   94.93%
L1-Store-Misses:         7806601    5.07%
L1-Store-Accesses:     153962065  100.00%

L1-Total-Hits:        1593896962   97.92%
L1-Total-Misses:        33802335    2.08%
L1-Total-Accesses:    1627699297  100.00%

L2 Cache Stats:
L2-Load-Hits:          20031592   77.06%
L2-Load-Misses:         5964142   22.94%
L2-Load-Accesses:      25995734  100.00%

L2-Store-Hits:           5087830   65.17%
L2-Store-Misses:         2718771   34.83%
L2-Store-Accesses:       7806601  100.00%

L2-Total-Hits:          25119422   74.31%
L2-Total-Misses:         8682913   25.69%
L2-Total-Accesses:      33802335  100.00%

