--------
Total Statistics
--------
Total Instructions: 7983656642
Total Cycles: 12222412359
IPC: 0.653198

--------
Single level Tlb hierarchy
--------
  Data Tlb:
    Entries:          64
    Page Size(B):   4096
    Associativity:      4

Latencies:    0  150
Tlb-Sets:   16 - LRU - assoc:   4

Tlb Stats:
Tlb-Load-Hits:        1473170012   99.96%
Tlb-Load-Misses:          567220    0.04%
Tlb-Load-Accesses:    1473737232  100.00%

Tlb-Store-Hits:         153682224   99.82%
Tlb-Store-Misses:          279841    0.18%
Tlb-Store-Accesses:     153962065  100.00%

Tlb-Total-Hits:        1626852236   99.95%
Tlb-Total-Misses:          847061    0.05%
Tlb-Total-Accesses:    1627699297  100.00%



--------
Two level Cache hierarchy
--------
  L1-Data Cache:
    Size(KB):          64
    Block Size(B):     32
    Associativity:      8

  L2-Data Cache:
    Size(KB):        1024
    Block Size(B):    128
    Associativity:      8

Latencies:    1   10  250
L1-Sets:  256 - LRU - assoc:   8
L2-Sets: 1024 - LRU - assoc:   8
Store_allocation: Yes
L2_inclusive: Yes
L2_prefetching: No

L1 Cache Stats:
L1-Load-Hits:        1450145855   98.40%
L1-Load-Misses:        23591377    1.60%
L1-Load-Accesses:    1473737232  100.00%

L1-Store-Hits:         146225990   94.98%
L1-Store-Misses:         7736075    5.02%
L1-Store-Accesses:     153962065  100.00%

L1-Total-Hits:        1596371845   98.08%
L1-Total-Misses:        31327452    1.92%
L1-Total-Accesses:    1627699297  100.00%

L2 Cache Stats:
L2-Load-Hits:          17627254   74.72%
L2-Load-Misses:         5964123   25.28%
L2-Load-Accesses:      23591377  100.00%

L2-Store-Hits:           5017307   64.86%
L2-Store-Misses:         2718768   35.14%
L2-Store-Accesses:       7736075  100.00%

L2-Total-Hits:          22644561   72.28%
L2-Total-Misses:         8682891   27.72%
L2-Total-Accesses:      31327452  100.00%

