--------
Total Statistics
--------
Total Instructions: 7983656642
Total Cycles: 12149431459
IPC: 0.657122

--------
Single level Tlb hierarchy
--------
  Data Tlb:
    Entries:          64
    Page Size(B):   4096
    Associativity:      4

Latencies:    0  150
Tlb-Sets:   16 - LRU - assoc:   4

Tlb Stats:
Tlb-Load-Hits:        1473169650   99.96%
Tlb-Load-Misses:          567582    0.04%
Tlb-Load-Accesses:    1473737232  100.00%

Tlb-Store-Hits:         153682225   99.82%
Tlb-Store-Misses:          279840    0.18%
Tlb-Store-Accesses:     153962065  100.00%

Tlb-Total-Hits:        1626851875   99.95%
Tlb-Total-Misses:          847422    0.05%
Tlb-Total-Accesses:    1627699297  100.00%



--------
Two level Cache hierarchy
--------
  L1-Data Cache:
    Size(KB):          64
    Block Size(B):     64
    Associativity:      4

  L2-Data Cache:
    Size(KB):        1024
    Block Size(B):    128
    Associativity:      8

Latencies:    1   10  250
L1-Sets:  256 - LRU - assoc:   4
L2-Sets: 1024 - LRU - assoc:   8
Store_allocation: Yes
L2_inclusive: Yes
L2_prefetching: No

L1 Cache Stats:
L1-Load-Hits:        1456132433   98.81%
L1-Load-Misses:        17604799    1.19%
L1-Load-Accesses:    1473737232  100.00%

L1-Store-Hits:         147570292   95.85%
L1-Store-Misses:         6391773    4.15%
L1-Store-Accesses:     153962065  100.00%

L1-Total-Hits:        1603702725   98.53%
L1-Total-Misses:        23996572    1.47%
L1-Total-Accesses:    1627699297  100.00%

L2 Cache Stats:
L2-Load-Hits:          11639996   66.12%
L2-Load-Misses:         5964803   33.88%
L2-Load-Accesses:      17604799  100.00%

L2-Store-Hits:           3672590   57.46%
L2-Store-Misses:         2719183   42.54%
L2-Store-Accesses:       6391773  100.00%

L2-Total-Hits:          15312586   63.81%
L2-Total-Misses:         8683986   36.19%
L2-Total-Accesses:      23996572  100.00%

