--------
Total Statistics
--------
Total Instructions: 7983656670
Total Cycles: 12059801157
IPC: 0.662006

--------
Single level Tlb hierarchy
--------
  Data Tlb:
    Entries:          64
    Page Size(B):   4096
    Associativity:      4

Latencies:    0  150
Tlb-Sets:   16 - LRU - assoc:   4

Tlb Stats:
Tlb-Load-Hits:        1473157796   99.96%
Tlb-Load-Misses:          579445    0.04%
Tlb-Load-Accesses:    1473737241  100.00%

Tlb-Store-Hits:         153682215   99.82%
Tlb-Store-Misses:          279851    0.18%
Tlb-Store-Accesses:     153962066  100.00%

Tlb-Total-Hits:        1626840011   99.95%
Tlb-Total-Misses:          859296    0.05%
Tlb-Total-Accesses:    1627699307  100.00%



--------
Two level Cache hierarchy
--------
  L1-Data Cache:
    Size(KB):          32
    Block Size(B):    128
    Associativity:      8

  L2-Data Cache:
    Size(KB):        1024
    Block Size(B):    128
    Associativity:      8

Latencies:    1   10  250
L1-Sets:   32 - LRU - assoc:   8
L2-Sets: 1024 - LRU - assoc:   8
Store_allocation: Yes
L2_inclusive: Yes
L2_prefetching: No

L1 Cache Stats:
L1-Load-Hits:        1461676244   99.18%
L1-Load-Misses:        12060997    0.82%
L1-Load-Accesses:    1473737241  100.00%

L1-Store-Hits:         151213860   98.22%
L1-Store-Misses:         2748206    1.78%
L1-Store-Accesses:     153962066  100.00%

L1-Total-Hits:        1612890104   99.09%
L1-Total-Misses:        14809203    0.91%
L1-Total-Accesses:    1627699307  100.00%

L2 Cache Stats:
L2-Load-Hits:           6094437   50.53%
L2-Load-Misses:         5966560   49.47%
L2-Load-Accesses:      12060997  100.00%

L2-Store-Hits:             28931    1.05%
L2-Store-Misses:         2719275   98.95%
L2-Store-Accesses:       2748206  100.00%

L2-Total-Hits:           6123368   41.35%
L2-Total-Misses:         8685835   58.65%
L2-Total-Accesses:      14809203  100.00%

