--------
Total Statistics
--------
Total Instructions: 7983656642
Total Cycles: 12186940889
IPC: 0.655099

--------
Single level Tlb hierarchy
--------
  Data Tlb:
    Entries:          64
    Page Size(B):   4096
    Associativity:      4

Latencies:    0  150
Tlb-Sets:   16 - LRU - assoc:   4

Tlb Stats:
Tlb-Load-Hits:        1473170083   99.96%
Tlb-Load-Misses:          567149    0.04%
Tlb-Load-Accesses:    1473737232  100.00%

Tlb-Store-Hits:         153682225   99.82%
Tlb-Store-Misses:          279840    0.18%
Tlb-Store-Accesses:     153962065  100.00%

Tlb-Total-Hits:        1626852308   99.95%
Tlb-Total-Misses:          846989    0.05%
Tlb-Total-Accesses:    1627699297  100.00%



--------
Two level Cache hierarchy
--------
  L1-Data Cache:
    Size(KB):          32
    Block Size(B):     64
    Associativity:      4

  L2-Data Cache:
    Size(KB):        1024
    Block Size(B):    128
    Associativity:      8

Latencies:    1   10  250
L1-Sets:  128 - LRU - assoc:   4
L2-Sets: 1024 - LRU - assoc:   8
Store_allocation: Yes
L2_inclusive: Yes
L2_prefetching: No

L1 Cache Stats:
L1-Load-Hits:        1452385558   98.55%
L1-Load-Misses:        21351674    1.45%
L1-Load-Accesses:    1473737232  100.00%

L1-Store-Hits:         147545654   95.83%
L1-Store-Misses:         6416411    4.17%
L1-Store-Accesses:     153962065  100.00%

L1-Total-Hits:        1599931212   98.29%
L1-Total-Misses:        27768085    1.71%
L1-Total-Accesses:    1627699297  100.00%

L2 Cache Stats:
L2-Load-Hits:          15387147   72.07%
L2-Load-Misses:         5964527   27.93%
L2-Load-Accesses:      21351674  100.00%

L2-Store-Hits:           3697515   57.63%
L2-Store-Misses:         2718896   42.37%
L2-Store-Accesses:       6416411  100.00%

L2-Total-Hits:          19084662   68.73%
L2-Total-Misses:         8683423   31.27%
L2-Total-Accesses:      27768085  100.00%

