--------
Total Statistics
--------
Total Instructions: 32385411439
Total Cycles: 63017661857
IPC: 0.51391

--------
Single level Tlb hierarchy
--------
  Data Tlb:
    Entries:          64
    Page Size(B):   4096
    Associativity:      4

Latencies:    0  150
Tlb-Sets:   16 - LRU - assoc:   4

Tlb Stats:
Tlb-Load-Hits:        9232787445   99.17%
Tlb-Load-Misses:        77345219    0.83%
Tlb-Load-Accesses:    9310132664  100.00%

Tlb-Store-Hits:        4868889368   99.68%
Tlb-Store-Misses:        15694596    0.32%
Tlb-Store-Accesses:    4884583964  100.00%

Tlb-Total-Hits:       14101676813   99.34%
Tlb-Total-Misses:        93039815    0.66%
Tlb-Total-Accesses:   14194716628  100.00%



--------
Two level Cache hierarchy
--------
  L1-Data Cache:
    Size(KB):         128
    Block Size(B):     64
    Associativity:      8

  L2-Data Cache:
    Size(KB):        1024
    Block Size(B):    128
    Associativity:      8

Latencies:    1   10  250
L1-Sets:  256 - LRU - assoc:   8
L2-Sets: 1024 - LRU - assoc:   8
Store_allocation: Yes
L2_inclusive: Yes
L2_prefetching: No

L1 Cache Stats:
L1-Load-Hits:        9281074716   99.69%
L1-Load-Misses:        29057948    0.31%
L1-Load-Accesses:    9310132664  100.00%

L1-Store-Hits:        4875972833   99.82%
L1-Store-Misses:         8611131    0.18%
L1-Store-Accesses:    4884583964  100.00%

L1-Total-Hits:       14157047549   99.73%
L1-Total-Misses:        37669079    0.27%
L1-Total-Accesses:   14194716628  100.00%

L2 Cache Stats:
L2-Load-Hits:          22923405   78.89%
L2-Load-Misses:         6134543   21.11%
L2-Load-Accesses:      29057948  100.00%

L2-Store-Hits:           6326191   73.47%
L2-Store-Misses:         2284940   26.53%
L2-Store-Accesses:       8611131  100.00%

L2-Total-Hits:          29249596   77.65%
L2-Total-Misses:         8419483   22.35%
L2-Total-Accesses:      37669079  100.00%

