--------
Total Statistics
--------
Total Instructions: 32385411414
Total Cycles: 51703894432
IPC: 0.626363

--------
Single level Tlb hierarchy
--------
  Data Tlb:
    Entries:          64
    Page Size(B):   4096
    Associativity:      4

Latencies:    0  150
Tlb-Sets:   16 - LRU - assoc:   4

Tlb Stats:
Tlb-Load-Hits:        9297712318   99.87%
Tlb-Load-Misses:        12420337    0.13%
Tlb-Load-Accesses:    9310132655  100.00%

Tlb-Store-Hits:        4880909812   99.92%
Tlb-Store-Misses:         3674151    0.08%
Tlb-Store-Accesses:    4884583963  100.00%

Tlb-Total-Hits:       14178622130   99.89%
Tlb-Total-Misses:        16094488    0.11%
Tlb-Total-Accesses:   14194716618  100.00%



--------
Two level Cache hierarchy
--------
  L1-Data Cache:
    Size(KB):          32
    Block Size(B):     64
    Associativity:      4

  L2-Data Cache:
    Size(KB):        1024
    Block Size(B):    128
    Associativity:      8

Latencies:    1   10  250
L1-Sets:  128 - LRU - assoc:   4
L2-Sets: 1024 - LRU - assoc:   8
Store_allocation: Yes
L2_inclusive: Yes
L2_prefetching: No

L1 Cache Stats:
L1-Load-Hits:        9259154386   99.45%
L1-Load-Misses:        50978269    0.55%
L1-Load-Accesses:    9310132655  100.00%

L1-Store-Hits:        4874398112   99.79%
L1-Store-Misses:        10185851    0.21%
L1-Store-Accesses:    4884583963  100.00%

L1-Total-Hits:       14133552498   99.57%
L1-Total-Misses:        61164120    0.43%
L1-Total-Accesses:   14194716618  100.00%

L2 Cache Stats:
L2-Load-Hits:          44866664   88.01%
L2-Load-Misses:         6111605   11.99%
L2-Load-Accesses:      50978269  100.00%

L2-Store-Hits:           7905648   77.61%
L2-Store-Misses:         2280203   22.39%
L2-Store-Accesses:      10185851  100.00%

L2-Total-Hits:          52772312   86.28%
L2-Total-Misses:         8391808   13.72%
L2-Total-Accesses:      61164120  100.00%

