--------
Total Statistics
--------
Total Instructions: 32385411414
Total Cycles: 51768691662
IPC: 0.625579

--------
Single level Tlb hierarchy
--------
  Data Tlb:
    Entries:          64
    Page Size(B):   4096
    Associativity:      4

Latencies:    0  150
Tlb-Sets:   16 - LRU - assoc:   4

Tlb Stats:
Tlb-Load-Hits:        9296770155   99.86%
Tlb-Load-Misses:        13362500    0.14%
Tlb-Load-Accesses:    9310132655  100.00%

Tlb-Store-Hits:        4880450060   99.92%
Tlb-Store-Misses:         4133903    0.08%
Tlb-Store-Accesses:    4884583963  100.00%

Tlb-Total-Hits:       14177220215   99.88%
Tlb-Total-Misses:        17496403    0.12%
Tlb-Total-Accesses:   14194716618  100.00%



--------
Two level Cache hierarchy
--------
  L1-Data Cache:
    Size(KB):          32
    Block Size(B):    128
    Associativity:      8

  L2-Data Cache:
    Size(KB):        1024
    Block Size(B):    128
    Associativity:      8

Latencies:    1   10  250
L1-Sets:   32 - LRU - assoc:   8
L2-Sets: 1024 - LRU - assoc:   8
Store_allocation: Yes
L2_inclusive: Yes
L2_prefetching: No

L1 Cache Stats:
L1-Load-Hits:        9268975150   99.56%
L1-Load-Misses:        41157505    0.44%
L1-Load-Accesses:    9310132655  100.00%

L1-Store-Hits:        4879118725   99.89%
L1-Store-Misses:         5465238    0.11%
L1-Store-Accesses:    4884583963  100.00%

L1-Total-Hits:       14148093875   99.67%
L1-Total-Misses:        46622743    0.33%
L1-Total-Accesses:   14194716618  100.00%

L2 Cache Stats:
L2-Load-Hits:          35048285   85.16%
L2-Load-Misses:         6109220   14.84%
L2-Load-Accesses:      41157505  100.00%

L2-Store-Hits:           3182955   58.24%
L2-Store-Misses:         2282283   41.76%
L2-Store-Accesses:       5465238  100.00%

L2-Total-Hits:          38231240   82.00%
L2-Total-Misses:         8391503   18.00%
L2-Total-Accesses:      46622743  100.00%

