--------
Total Statistics
--------
Total Instructions: 32385411414
Total Cycles: 69115798722
IPC: 0.468567

--------
Single level Tlb hierarchy
--------
  Data Tlb:
    Entries:          64
    Page Size(B):   4096
    Associativity:      4

Latencies:    0  150
Tlb-Sets:   16 - LRU - assoc:   4

Tlb Stats:
Tlb-Load-Hits:        9198356482   98.80%
Tlb-Load-Misses:       111776173    1.20%
Tlb-Load-Accesses:    9310132655  100.00%

Tlb-Store-Hits:        4863599729   99.57%
Tlb-Store-Misses:        20984234    0.43%
Tlb-Store-Accesses:    4884583963  100.00%

Tlb-Total-Hits:       14061956211   99.06%
Tlb-Total-Misses:       132760407    0.94%
Tlb-Total-Accesses:   14194716618  100.00%



--------
Two level Cache hierarchy
--------
  L1-Data Cache:
    Size(KB):         128
    Block Size(B):     32
    Associativity:      8

  L2-Data Cache:
    Size(KB):        1024
    Block Size(B):    128
    Associativity:      8

Latencies:    1   10  250
L1-Sets:  512 - LRU - assoc:   8
L2-Sets: 1024 - LRU - assoc:   8
Store_allocation: Yes
L2_inclusive: Yes
L2_prefetching: No

L1 Cache Stats:
L1-Load-Hits:        9271239445   99.58%
L1-Load-Misses:        38893210    0.42%
L1-Load-Accesses:    9310132655  100.00%

L1-Store-Hits:        4871600059   99.73%
L1-Store-Misses:        12983904    0.27%
L1-Store-Accesses:    4884583963  100.00%

L1-Total-Hits:       14142839504   99.63%
L1-Total-Misses:        51877114    0.37%
L1-Total-Accesses:   14194716618  100.00%

L2 Cache Stats:
L2-Load-Hits:          32765332   84.24%
L2-Load-Misses:         6127878   15.76%
L2-Load-Accesses:      38893210  100.00%

L2-Store-Hits:          10700428   82.41%
L2-Store-Misses:         2283476   17.59%
L2-Store-Accesses:      12983904  100.00%

L2-Total-Hits:          43465760   83.79%
L2-Total-Misses:         8411354   16.21%
L2-Total-Accesses:      51877114  100.00%

