--------
Total Statistics
--------
Total Instructions: 3916820473
Total Cycles: 5519367025
IPC: 0.70965

--------
Single level Tlb hierarchy
--------
  Data Tlb:
    Entries:          64
    Page Size(B):   4096
    Associativity:      4

Latencies:    0  150
Tlb-Sets:   16 - LRU - assoc:   4

Tlb Stats:
Tlb-Load-Hits:         996150197   99.95%
Tlb-Load-Misses:          537630    0.05%
Tlb-Load-Accesses:     996687827  100.00%

Tlb-Store-Hits:         218489584   99.98%
Tlb-Store-Misses:           51381    0.02%
Tlb-Store-Accesses:     218540965  100.00%

Tlb-Total-Hits:        1214639781   99.95%
Tlb-Total-Misses:          589011    0.05%
Tlb-Total-Accesses:    1215228792  100.00%



--------
Two level Cache hierarchy
--------
  L1-Data Cache:
    Size(KB):          32
    Block Size(B):     32
    Associativity:      8

  L2-Data Cache:
    Size(KB):        1024
    Block Size(B):    128
    Associativity:      8

Latencies:    1   10  250
L1-Sets:  128 - LRU - assoc:   8
L2-Sets: 1024 - LRU - assoc:   8
Store_allocation: Yes
L2_inclusive: Yes
L2_prefetching: No

L1 Cache Stats:
L1-Load-Hits:         991957242   99.53%
L1-Load-Misses:         4730585    0.47%
L1-Load-Accesses:     996687827  100.00%

L1-Store-Hits:         217541914   99.54%
L1-Store-Misses:          999051    0.46%
L1-Store-Accesses:     218540965  100.00%

L1-Total-Hits:        1209499156   99.53%
L1-Total-Misses:         5729636    0.47%
L1-Total-Accesses:    1215228792  100.00%

L2 Cache Stats:
L2-Load-Hits:           3959049   83.69%
L2-Load-Misses:          771536   16.31%
L2-Load-Accesses:       4730585  100.00%

L2-Store-Hits:            803908   80.47%
L2-Store-Misses:          195143   19.53%
L2-Store-Accesses:        999051  100.00%

L2-Total-Hits:           4762957   83.13%
L2-Total-Misses:          966679   16.87%
L2-Total-Accesses:       5729636  100.00%

