--------
Total Statistics
--------
Total Instructions: 3916820501
Total Cycles: 5483556603
IPC: 0.714285

--------
Single level Tlb hierarchy
--------
  Data Tlb:
    Entries:          64
    Page Size(B):   4096
    Associativity:      4

Latencies:    0  150
Tlb-Sets:   16 - LRU - assoc:   4

Tlb Stats:
Tlb-Load-Hits:         996151036   99.95%
Tlb-Load-Misses:          536800    0.05%
Tlb-Load-Accesses:     996687836  100.00%

Tlb-Store-Hits:         218489698   99.98%
Tlb-Store-Misses:           51268    0.02%
Tlb-Store-Accesses:     218540966  100.00%

Tlb-Total-Hits:        1214640734   99.95%
Tlb-Total-Misses:          588068    0.05%
Tlb-Total-Accesses:    1215228802  100.00%



--------
Two level Cache hierarchy
--------
  L1-Data Cache:
    Size(KB):          32
    Block Size(B):    128
    Associativity:      8

  L2-Data Cache:
    Size(KB):        1024
    Block Size(B):    128
    Associativity:      8

Latencies:    1   10  250
L1-Sets:   32 - LRU - assoc:   8
L2-Sets: 1024 - LRU - assoc:   8
Store_allocation: Yes
L2_inclusive: Yes
L2_prefetching: No

L1 Cache Stats:
L1-Load-Hits:         994800903   99.81%
L1-Load-Misses:         1886933    0.19%
L1-Load-Accesses:     996687836  100.00%

L1-Store-Hits:         218296139   99.89%
L1-Store-Misses:          244827    0.11%
L1-Store-Accesses:     218540966  100.00%

L1-Total-Hits:        1213097042   99.82%
L1-Total-Misses:         2131760    0.18%
L1-Total-Accesses:    1215228802  100.00%

L2 Cache Stats:
L2-Load-Hits:           1114447   59.06%
L2-Load-Misses:          772486   40.94%
L2-Load-Accesses:       1886933  100.00%

L2-Store-Hits:             49395   20.18%
L2-Store-Misses:          195432   79.82%
L2-Store-Accesses:        244827  100.00%

L2-Total-Hits:           1163842   54.60%
L2-Total-Misses:          967918   45.40%
L2-Total-Accesses:       2131760  100.00%

