--------
Total Statistics
--------
Total Instructions: 3916820473
Total Cycles: 5479154755
IPC: 0.714859

--------
Single level Tlb hierarchy
--------
  Data Tlb:
    Entries:          64
    Page Size(B):   4096
    Associativity:      4

Latencies:    0  150
Tlb-Sets:   16 - LRU - assoc:   4

Tlb Stats:
Tlb-Load-Hits:         996146182   99.95%
Tlb-Load-Misses:          541645    0.05%
Tlb-Load-Accesses:     996687827  100.00%

Tlb-Store-Hits:         218489769   99.98%
Tlb-Store-Misses:           51196    0.02%
Tlb-Store-Accesses:     218540965  100.00%

Tlb-Total-Hits:        1214635951   99.95%
Tlb-Total-Misses:          592841    0.05%
Tlb-Total-Accesses:    1215228792  100.00%



--------
Two level Cache hierarchy
--------
  L1-Data Cache:
    Size(KB):          64
    Block Size(B):    128
    Associativity:      8

  L2-Data Cache:
    Size(KB):        1024
    Block Size(B):    128
    Associativity:      8

Latencies:    1   10  250
L1-Sets:   64 - LRU - assoc:   8
L2-Sets: 1024 - LRU - assoc:   8
Store_allocation: Yes
L2_inclusive: Yes
L2_prefetching: No

L1 Cache Stats:
L1-Load-Hits:         995274494   99.86%
L1-Load-Misses:         1413333    0.14%
L1-Load-Accesses:     996687827  100.00%

L1-Store-Hits:         218335639   99.91%
L1-Store-Misses:          205326    0.09%
L1-Store-Accesses:     218540965  100.00%

L1-Total-Hits:        1213610133   99.87%
L1-Total-Misses:         1618659    0.13%
L1-Total-Accesses:    1215228792  100.00%

L2 Cache Stats:
L2-Load-Hits:            641266   45.37%
L2-Load-Misses:          772067   54.63%
L2-Load-Accesses:       1413333  100.00%

L2-Store-Hits:              9422    4.59%
L2-Store-Misses:          195904   95.41%
L2-Store-Accesses:        205326  100.00%

L2-Total-Hits:            650688   40.20%
L2-Total-Misses:          967971   59.80%
L2-Total-Accesses:       1618659  100.00%

