--------
Total Statistics
--------
Total Instructions: 3916820473
Total Cycles: 5505371685
IPC: 0.711454

--------
Single level Tlb hierarchy
--------
  Data Tlb:
    Entries:          64
    Page Size(B):   4096
    Associativity:      4

Latencies:    0  150
Tlb-Sets:   16 - LRU - assoc:   4

Tlb Stats:
Tlb-Load-Hits:         996139563   99.94%
Tlb-Load-Misses:          548264    0.06%
Tlb-Load-Accesses:     996687827  100.00%

Tlb-Store-Hits:         218489466   99.98%
Tlb-Store-Misses:           51499    0.02%
Tlb-Store-Accesses:     218540965  100.00%

Tlb-Total-Hits:        1214629029   99.95%
Tlb-Total-Misses:          599763    0.05%
Tlb-Total-Accesses:    1215228792  100.00%



--------
Two level Cache hierarchy
--------
  L1-Data Cache:
    Size(KB):          32
    Block Size(B):     64
    Associativity:      8

  L2-Data Cache:
    Size(KB):        1024
    Block Size(B):    128
    Associativity:      8

Latencies:    1   10  250
L1-Sets:   64 - LRU - assoc:   8
L2-Sets: 1024 - LRU - assoc:   8
Store_allocation: Yes
L2_inclusive: Yes
L2_prefetching: No

L1 Cache Stats:
L1-Load-Hits:         993112859   99.64%
L1-Load-Misses:         3574968    0.36%
L1-Load-Accesses:     996687827  100.00%

L1-Store-Hits:         217917586   99.71%
L1-Store-Misses:          623379    0.29%
L1-Store-Accesses:     218540965  100.00%

L1-Total-Hits:        1211030445   99.65%
L1-Total-Misses:         4198347    0.35%
L1-Total-Accesses:    1215228792  100.00%

L2 Cache Stats:
L2-Load-Hits:           2804784   78.46%
L2-Load-Misses:          770184   21.54%
L2-Load-Accesses:       3574968  100.00%

L2-Store-Hits:            428065   68.67%
L2-Store-Misses:          195314   31.33%
L2-Store-Accesses:        623379  100.00%

L2-Total-Hits:           3232849   77.00%
L2-Total-Misses:          965498   23.00%
L2-Total-Accesses:       4198347  100.00%

