--------
Total Statistics
--------
Total Instructions: 3916820501
Total Cycles: 5516596973
IPC: 0.710007

--------
Single level Tlb hierarchy
--------
  Data Tlb:
    Entries:          64
    Page Size(B):   4096
    Associativity:      4

Latencies:    0  150
Tlb-Sets:   16 - LRU - assoc:   4

Tlb Stats:
Tlb-Load-Hits:         996141661   99.95%
Tlb-Load-Misses:          546175    0.05%
Tlb-Load-Accesses:     996687836  100.00%

Tlb-Store-Hits:         218488800   99.98%
Tlb-Store-Misses:           52166    0.02%
Tlb-Store-Accesses:     218540966  100.00%

Tlb-Total-Hits:        1214630461   99.95%
Tlb-Total-Misses:          598341    0.05%
Tlb-Total-Accesses:    1215228802  100.00%



--------
Two level Cache hierarchy
--------
  L1-Data Cache:
    Size(KB):          64
    Block Size(B):     32
    Associativity:      8

  L2-Data Cache:
    Size(KB):        1024
    Block Size(B):    128
    Associativity:      8

Latencies:    1   10  250
L1-Sets:  256 - LRU - assoc:   8
L2-Sets: 1024 - LRU - assoc:   8
Store_allocation: Yes
L2_inclusive: Yes
L2_prefetching: No

L1 Cache Stats:
L1-Load-Hits:         992347513   99.56%
L1-Load-Misses:         4340323    0.44%
L1-Load-Accesses:     996687836  100.00%

L1-Store-Hits:         217574362   99.56%
L1-Store-Misses:          966604    0.44%
L1-Store-Accesses:     218540966  100.00%

L1-Total-Hits:        1209921875   99.56%
L1-Total-Misses:         5306927    0.44%
L1-Total-Accesses:    1215228802  100.00%

L2 Cache Stats:
L2-Load-Hits:           3568745   82.22%
L2-Load-Misses:          771578   17.78%
L2-Load-Accesses:       4340323  100.00%

L2-Store-Hits:            771273   79.79%
L2-Store-Misses:          195331   20.21%
L2-Store-Accesses:        966604  100.00%

L2-Total-Hits:           4340018   81.78%
L2-Total-Misses:          966909   18.22%
L2-Total-Accesses:       5306927  100.00%

