--------
Total Statistics
--------
Total Instructions: 16205573206
Total Cycles: 74082657952
IPC: 0.21875

--------
Single level Tlb hierarchy
--------
  Data Tlb:
    Entries:          64
    Page Size(B):   4096
    Associativity:      4

Latencies:    0  150
Tlb-Sets:   16 - LRU - assoc:   4

Tlb Stats:
Tlb-Load-Hits:        2883518134   98.86%
Tlb-Load-Misses:        33396916    1.14%
Tlb-Load-Accesses:    2916915050  100.00%

Tlb-Store-Hits:          56425533   99.72%
Tlb-Store-Misses:          159583    0.28%
Tlb-Store-Accesses:      56585116  100.00%

Tlb-Total-Hits:        2939943667   98.87%
Tlb-Total-Misses:        33556499    1.13%
Tlb-Total-Accesses:    2973500166  100.00%



--------
Two level Cache hierarchy
--------
  L1-Data Cache:
    Size(KB):         128
    Block Size(B):     64
    Associativity:      8

  L2-Data Cache:
    Size(KB):        1024
    Block Size(B):    128
    Associativity:      8

Latencies:    1   10  250
L1-Sets:  256 - LRU - assoc:   8
L2-Sets: 1024 - LRU - assoc:   8
Store_allocation: Yes
L2_inclusive: Yes
L2_prefetching: No

L1 Cache Stats:
L1-Load-Hits:        2419129728   82.93%
L1-Load-Misses:       497785322   17.07%
L1-Load-Accesses:    2916915050  100.00%

L1-Store-Hits:          54977740   97.16%
L1-Store-Misses:         1607376    2.84%
L1-Store-Accesses:      56585116  100.00%

L1-Total-Hits:        2474107468   83.21%
L1-Total-Misses:       499392698   16.79%
L1-Total-Accesses:    2973500166  100.00%

L2 Cache Stats:
L2-Load-Hits:         318745924   64.03%
L2-Load-Misses:       179039398   35.97%
L2-Load-Accesses:     497785322  100.00%

L2-Store-Hits:           1142043   71.05%
L2-Store-Misses:          465333   28.95%
L2-Store-Accesses:       1607376  100.00%

L2-Total-Hits:         319887967   64.06%
L2-Total-Misses:       179504731   35.94%
L2-Total-Accesses:     499392698  100.00%

