--------
Total Statistics
--------
Total Instructions: 23632511291
Total Cycles: 32220515528
IPC: 0.733462

--------
Single level Tlb hierarchy
--------
  Data Tlb:
    Entries:          64
    Page Size(B):   4096
    Associativity:      4

Latencies:    0  150
Tlb-Sets:   16 - LRU - assoc:   4

Tlb Stats:
Tlb-Load-Hits:        6840358482  100.00%
Tlb-Load-Misses:            7573    0.00%
Tlb-Load-Accesses:    6840366055  100.00%

Tlb-Store-Hits:        1743491450  100.00%
Tlb-Store-Misses:             342    0.00%
Tlb-Store-Accesses:    1743491792  100.00%

Tlb-Total-Hits:        8583849932  100.00%
Tlb-Total-Misses:            7915    0.00%
Tlb-Total-Accesses:    8583857847  100.00%



--------
Two level Cache hierarchy
--------
  L1-Data Cache:
    Size(KB):         128
    Block Size(B):    128
    Associativity:      8

  L2-Data Cache:
    Size(KB):        1024
    Block Size(B):    128
    Associativity:      8

Latencies:    1   10  250
L1-Sets:  128 - LRU - assoc:   8
L2-Sets: 1024 - LRU - assoc:   8
Store_allocation: Yes
L2_inclusive: Yes
L2_prefetching: No

L1 Cache Stats:
L1-Load-Hits:        6840364889  100.00%
L1-Load-Misses:            1166    0.00%
L1-Load-Accesses:    6840366055  100.00%

L1-Store-Hits:        1743481444  100.00%
L1-Store-Misses:           10348    0.00%
L1-Store-Accesses:    1743491792  100.00%

L1-Total-Hits:        8583846333  100.00%
L1-Total-Misses:           11514    0.00%
L1-Total-Accesses:    8583857847  100.00%

L2 Cache Stats:
L2-Load-Hits:                88    7.55%
L2-Load-Misses:            1078   92.45%
L2-Load-Accesses:          1166  100.00%

L2-Store-Hits:                50    0.48%
L2-Store-Misses:           10298   99.52%
L2-Store-Accesses:         10348  100.00%

L2-Total-Hits:               138    1.20%
L2-Total-Misses:           11376   98.80%
L2-Total-Accesses:         11514  100.00%

