--------
Total Statistics
--------
Total Instructions: 23632511319
Total Cycles: 32533384426
IPC: 0.726408

--------
Single level Tlb hierarchy
--------
  Data Tlb:
    Entries:          64
    Page Size(B):   4096
    Associativity:      4

Latencies:    0  150
Tlb-Sets:   16 - LRU - assoc:   4

Tlb Stats:
Tlb-Load-Hits:        6840365999  100.00%
Tlb-Load-Misses:              65    0.00%
Tlb-Load-Accesses:    6840366064  100.00%

Tlb-Store-Hits:        1743491448  100.00%
Tlb-Store-Misses:             345    0.00%
Tlb-Store-Accesses:    1743491793  100.00%

Tlb-Total-Hits:        8583857447  100.00%
Tlb-Total-Misses:             410    0.00%
Tlb-Total-Accesses:    8583857857  100.00%



--------
Two level Cache hierarchy
--------
  L1-Data Cache:
    Size(KB):          32
    Block Size(B):    128
    Associativity:      8

  L2-Data Cache:
    Size(KB):        1024
    Block Size(B):    128
    Associativity:      8

Latencies:    1   10  250
L1-Sets:   32 - LRU - assoc:   8
L2-Sets: 1024 - LRU - assoc:   8
Store_allocation: Yes
L2_inclusive: Yes
L2_prefetching: No

L1 Cache Stats:
L1-Load-Hits:        6828485727   99.83%
L1-Load-Misses:        11880337    0.17%
L1-Load-Accesses:    6840366064  100.00%

L1-Store-Hits:        1723959180   98.88%
L1-Store-Misses:        19532613    1.12%
L1-Store-Accesses:    1743491793  100.00%

L1-Total-Hits:        8552444907   99.63%
L1-Total-Misses:        31412950    0.37%
L1-Total-Accesses:    8583857857  100.00%

L2 Cache Stats:
L2-Load-Hits:          11879334   99.99%
L2-Load-Misses:            1003    0.01%
L2-Load-Accesses:      11880337  100.00%

L2-Store-Hits:          19522319   99.95%
L2-Store-Misses:           10294    0.05%
L2-Store-Accesses:      19532613  100.00%

L2-Total-Hits:          31401653   99.96%
L2-Total-Misses:           11297    0.04%
L2-Total-Accesses:      31412950  100.00%

