--------
Total Statistics
--------
Total Instructions: 23632511291
Total Cycles: 32223083118
IPC: 0.733403

--------
Single level Tlb hierarchy
--------
  Data Tlb:
    Entries:          64
    Page Size(B):   4096
    Associativity:      4

Latencies:    0  150
Tlb-Sets:   16 - LRU - assoc:   4

Tlb Stats:
Tlb-Load-Hits:        6840355986  100.00%
Tlb-Load-Misses:           10069    0.00%
Tlb-Load-Accesses:    6840366055  100.00%

Tlb-Store-Hits:        1743491447  100.00%
Tlb-Store-Misses:             345    0.00%
Tlb-Store-Accesses:    1743491792  100.00%

Tlb-Total-Hits:        8583847433  100.00%
Tlb-Total-Misses:           10414    0.00%
Tlb-Total-Accesses:    8583857847  100.00%



--------
Two level Cache hierarchy
--------
  L1-Data Cache:
    Size(KB):          64
    Block Size(B):     64
    Associativity:      4

  L2-Data Cache:
    Size(KB):        1024
    Block Size(B):    128
    Associativity:      8

Latencies:    1   10  250
L1-Sets:  256 - LRU - assoc:   4
L2-Sets: 1024 - LRU - assoc:   8
Store_allocation: Yes
L2_inclusive: Yes
L2_prefetching: No

L1 Cache Stats:
L1-Load-Hits:        6840234816  100.00%
L1-Load-Misses:          131239    0.00%
L1-Load-Accesses:    6840366055  100.00%

L1-Store-Hits:        1743390668   99.99%
L1-Store-Misses:          101124    0.01%
L1-Store-Accesses:    1743491792  100.00%

L1-Total-Hits:        8583625484  100.00%
L1-Total-Misses:          232363    0.00%
L1-Total-Accesses:    8583857847  100.00%

L2 Cache Stats:
L2-Load-Hits:            130222   99.23%
L2-Load-Misses:            1017    0.77%
L2-Load-Accesses:        131239  100.00%

L2-Store-Hits:             90828   89.82%
L2-Store-Misses:           10296   10.18%
L2-Store-Accesses:        101124  100.00%

L2-Total-Hits:            221050   95.13%
L2-Total-Misses:           11313    4.87%
L2-Total-Accesses:        232363  100.00%

