--------
Total Statistics
--------
Total Instructions: 23632511291
Total Cycles: 33051651238
IPC: 0.715018

--------
Single level Tlb hierarchy
--------
  Data Tlb:
    Entries:          64
    Page Size(B):   4096
    Associativity:      4

Latencies:    0  150
Tlb-Sets:   16 - LRU - assoc:   4

Tlb Stats:
Tlb-Load-Hits:        6840365997  100.00%
Tlb-Load-Misses:              58    0.00%
Tlb-Load-Accesses:    6840366055  100.00%

Tlb-Store-Hits:        1743491450  100.00%
Tlb-Store-Misses:             342    0.00%
Tlb-Store-Accesses:    1743491792  100.00%

Tlb-Total-Hits:        8583857447  100.00%
Tlb-Total-Misses:             400    0.00%
Tlb-Total-Accesses:    8583857847  100.00%



--------
Two level Cache hierarchy
--------
  L1-Data Cache:
    Size(KB):          32
    Block Size(B):     32
    Associativity:      8

  L2-Data Cache:
    Size(KB):        1024
    Block Size(B):    128
    Associativity:      8

Latencies:    1   10  250
L1-Sets:  128 - LRU - assoc:   8
L2-Sets: 1024 - LRU - assoc:   8
Store_allocation: Yes
L2_inclusive: Yes
L2_prefetching: No

L1 Cache Stats:
L1-Load-Hits:        6814901969   99.63%
L1-Load-Misses:        25464086    0.37%
L1-Load-Accesses:    6840366055  100.00%

L1-Store-Hits:        1685716043   96.69%
L1-Store-Misses:        57775749    3.31%
L1-Store-Accesses:    1743491792  100.00%

L1-Total-Hits:        8500618012   99.03%
L1-Total-Misses:        83239835    0.97%
L1-Total-Accesses:    8583857847  100.00%

L2 Cache Stats:
L2-Load-Hits:          25463083  100.00%
L2-Load-Misses:            1003    0.00%
L2-Load-Accesses:      25464086  100.00%

L2-Store-Hits:          57765457   99.98%
L2-Store-Misses:           10292    0.02%
L2-Store-Accesses:      57775749  100.00%

L2-Total-Hits:          83228540   99.99%
L2-Total-Misses:           11295    0.01%
L2-Total-Accesses:      83239835  100.00%

