--------
Total Statistics
--------
Total Instructions: 23632511291
Total Cycles: 32241125718
IPC: 0.732993

--------
Single level Tlb hierarchy
--------
  Data Tlb:
    Entries:          64
    Page Size(B):   4096
    Associativity:      4

Latencies:    0  150
Tlb-Sets:   16 - LRU - assoc:   4

Tlb Stats:
Tlb-Load-Hits:        6840223536  100.00%
Tlb-Load-Misses:          142519    0.00%
Tlb-Load-Accesses:    6840366055  100.00%

Tlb-Store-Hits:        1743491449  100.00%
Tlb-Store-Misses:             343    0.00%
Tlb-Store-Accesses:    1743491792  100.00%

Tlb-Total-Hits:        8583714985  100.00%
Tlb-Total-Misses:          142862    0.00%
Tlb-Total-Accesses:    8583857847  100.00%



--------
Two level Cache hierarchy
--------
  L1-Data Cache:
    Size(KB):         128
    Block Size(B):     32
    Associativity:      8

  L2-Data Cache:
    Size(KB):        1024
    Block Size(B):    128
    Associativity:      8

Latencies:    1   10  250
L1-Sets:  512 - LRU - assoc:   8
L2-Sets: 1024 - LRU - assoc:   8
Store_allocation: Yes
L2_inclusive: Yes
L2_prefetching: No

L1 Cache Stats:
L1-Load-Hits:        6840362622  100.00%
L1-Load-Misses:            3433    0.00%
L1-Load-Accesses:    6840366055  100.00%

L1-Store-Hits:        1743446397  100.00%
L1-Store-Misses:           45395    0.00%
L1-Store-Accesses:    1743491792  100.00%

L1-Total-Hits:        8583809019  100.00%
L1-Total-Misses:           48828    0.00%
L1-Total-Accesses:    8583857847  100.00%

L2 Cache Stats:
L2-Load-Hits:              2374   69.15%
L2-Load-Misses:            1059   30.85%
L2-Load-Accesses:          3433  100.00%

L2-Store-Hits:             35098   77.32%
L2-Store-Misses:           10297   22.68%
L2-Store-Accesses:         45395  100.00%

L2-Total-Hits:             37472   76.74%
L2-Total-Misses:           11356   23.26%
L2-Total-Accesses:         48828  100.00%

