--------
Total Statistics
--------
Total Instructions: 7983656670
Total Cycles: 12183129197
IPC: 0.655304

--------
Single level Tlb hierarchy
--------
  Data Tlb:
    Entries:          64
    Page Size(B):   4096
    Associativity:      8

Latencies:    0  150
Tlb-Sets:    8 - LRU - assoc:   8

Tlb Stats:
Tlb-Load-Hits:        1473174439   99.96%
Tlb-Load-Misses:          562802    0.04%
Tlb-Load-Accesses:    1473737241  100.00%

Tlb-Store-Hits:         153682225   99.82%
Tlb-Store-Misses:          279841    0.18%
Tlb-Store-Accesses:     153962066  100.00%

Tlb-Total-Hits:        1626856664   99.95%
Tlb-Total-Misses:          842643    0.05%
Tlb-Total-Accesses:    1627699307  100.00%



--------
Two level Cache hierarchy
--------
  L1-Data Cache:
    Size(KB):          32
    Block Size(B):     64
    Associativity:      8

  L2-Data Cache:
    Size(KB):        1024
    Block Size(B):    128
    Associativity:      8

Latencies:    1   10  250
L1-Sets:   64 - LRU - assoc:   8
L2-Sets: 1024 - LRU - assoc:   8
Store_allocation: Yes
L2_inclusive: Yes
L2_prefetching: No

L1 Cache Stats:
L1-Load-Hits:        1452711447   98.57%
L1-Load-Misses:        21025794    1.43%
L1-Load-Accesses:    1473737241  100.00%

L1-Store-Hits:         147545958   95.83%
L1-Store-Misses:         6416108    4.17%
L1-Store-Accesses:     153962066  100.00%

L1-Total-Hits:        1600257405   98.31%
L1-Total-Misses:        27441902    1.69%
L1-Total-Accesses:    1627699307  100.00%

L2 Cache Stats:
L2-Load-Hits:          15060855   71.63%
L2-Load-Misses:         5964939   28.37%
L2-Load-Accesses:      21025794  100.00%

L2-Store-Hits:           3697216   57.62%
L2-Store-Misses:         2718892   42.38%
L2-Store-Accesses:       6416108  100.00%

L2-Total-Hits:          18758071   68.36%
L2-Total-Misses:         8683831   31.64%
L2-Total-Accesses:      27441902  100.00%

