--------
Total Statistics
--------
Total Instructions: 7983656670
Total Cycles: 14073890207
IPC: 0.567267

--------
Single level Tlb hierarchy
--------
  Data Tlb:
    Entries:          64
    Page Size(B):   4096
    Associativity:      1

Latencies:    0  150
Tlb-Sets:   64 - LRU - assoc:   1

Tlb Stats:
Tlb-Load-Hits:        1460731139   99.12%
Tlb-Load-Misses:        13006102    0.88%
Tlb-Load-Accesses:    1473737241  100.00%

Tlb-Store-Hits:         153519543   99.71%
Tlb-Store-Misses:          442523    0.29%
Tlb-Store-Accesses:     153962066  100.00%

Tlb-Total-Hits:        1614250682   99.17%
Tlb-Total-Misses:        13448625    0.83%
Tlb-Total-Accesses:    1627699307  100.00%



--------
Two level Cache hierarchy
--------
  L1-Data Cache:
    Size(KB):          32
    Block Size(B):     64
    Associativity:      8

  L2-Data Cache:
    Size(KB):        1024
    Block Size(B):    128
    Associativity:      8

Latencies:    1   10  250
L1-Sets:   64 - LRU - assoc:   8
L2-Sets: 1024 - LRU - assoc:   8
Store_allocation: Yes
L2_inclusive: Yes
L2_prefetching: No

L1 Cache Stats:
L1-Load-Hits:        1452734902   98.57%
L1-Load-Misses:        21002339    1.43%
L1-Load-Accesses:    1473737241  100.00%

L1-Store-Hits:         147546632   95.83%
L1-Store-Misses:         6415434    4.17%
L1-Store-Accesses:     153962066  100.00%

L1-Total-Hits:        1600281534   98.32%
L1-Total-Misses:        27417773    1.68%
L1-Total-Accesses:    1627699307  100.00%

L2 Cache Stats:
L2-Load-Hits:          15036914   71.60%
L2-Load-Misses:         5965425   28.40%
L2-Load-Accesses:      21002339  100.00%

L2-Store-Hits:           3696608   57.62%
L2-Store-Misses:         2718826   42.38%
L2-Store-Accesses:       6415434  100.00%

L2-Total-Hits:          18733522   68.33%
L2-Total-Misses:         8684251   31.67%
L2-Total-Accesses:      27417773  100.00%

