--------
Total Statistics
--------
Total Instructions: 32385411414
Total Cycles: 51556260792
IPC: 0.628157

--------
Single level Tlb hierarchy
--------
  Data Tlb:
    Entries:          64
    Page Size(B):   4096
    Associativity:      8

Latencies:    0  150
Tlb-Sets:    8 - LRU - assoc:   8

Tlb Stats:
Tlb-Load-Hits:        9298411543   99.87%
Tlb-Load-Misses:        11721112    0.13%
Tlb-Load-Accesses:    9310132655  100.00%

Tlb-Store-Hits:        4881135064   99.93%
Tlb-Store-Misses:         3448899    0.07%
Tlb-Store-Accesses:    4884583963  100.00%

Tlb-Total-Hits:       14179546607   99.89%
Tlb-Total-Misses:        15170011    0.11%
Tlb-Total-Accesses:   14194716618  100.00%



--------
Two level Cache hierarchy
--------
  L1-Data Cache:
    Size(KB):          32
    Block Size(B):     64
    Associativity:      8

  L2-Data Cache:
    Size(KB):        1024
    Block Size(B):    128
    Associativity:      8

Latencies:    1   10  250
L1-Sets:   64 - LRU - assoc:   8
L2-Sets: 1024 - LRU - assoc:   8
Store_allocation: Yes
L2_inclusive: Yes
L2_prefetching: No

L1 Cache Stats:
L1-Load-Hits:        9260051168   99.46%
L1-Load-Misses:        50081487    0.54%
L1-Load-Accesses:    9310132655  100.00%

L1-Store-Hits:        4874333139   99.79%
L1-Store-Misses:        10250824    0.21%
L1-Store-Accesses:    4884583963  100.00%

L1-Total-Hits:       14134384307   99.57%
L1-Total-Misses:        60332311    0.43%
L1-Total-Accesses:   14194716618  100.00%

L2 Cache Stats:
L2-Load-Hits:          43972278   87.80%
L2-Load-Misses:         6109209   12.20%
L2-Load-Accesses:      50081487  100.00%

L2-Store-Hits:           7970801   77.76%
L2-Store-Misses:         2280023   22.24%
L2-Store-Accesses:      10250824  100.00%

L2-Total-Hits:          51943079   86.09%
L2-Total-Misses:         8389232   13.91%
L2-Total-Accesses:      60332311  100.00%

