--------
Total Statistics
--------
Total Instructions: 32385411448
Total Cycles: 50274107256
IPC: 0.644177

--------
Single level Tlb hierarchy
--------
  Data Tlb:
    Entries:         256
    Page Size(B):   4096
    Associativity:      4

Latencies:    0  150
Tlb-Sets:   64 - LRU - assoc:   4

Tlb Stats:
Tlb-Load-Hits:        9305946377   99.96%
Tlb-Load-Misses:         4186287    0.04%
Tlb-Load-Accesses:    9310132664  100.00%

Tlb-Store-Hits:        4882161491   99.95%
Tlb-Store-Misses:         2422473    0.05%
Tlb-Store-Accesses:    4884583964  100.00%

Tlb-Total-Hits:       14188107868   99.95%
Tlb-Total-Misses:         6608760    0.05%
Tlb-Total-Accesses:   14194716628  100.00%



--------
Two level Cache hierarchy
--------
  L1-Data Cache:
    Size(KB):          32
    Block Size(B):     64
    Associativity:      8

  L2-Data Cache:
    Size(KB):        1024
    Block Size(B):    128
    Associativity:      8

Latencies:    1   10  250
L1-Sets:   64 - LRU - assoc:   8
L2-Sets: 1024 - LRU - assoc:   8
Store_allocation: Yes
L2_inclusive: Yes
L2_prefetching: No

L1 Cache Stats:
L1-Load-Hits:        9260019368   99.46%
L1-Load-Misses:        50113296    0.54%
L1-Load-Accesses:    9310132664  100.00%

L1-Store-Hits:        4874316792   99.79%
L1-Store-Misses:        10267172    0.21%
L1-Store-Accesses:    4884583964  100.00%

L1-Total-Hits:       14134336160   99.57%
L1-Total-Misses:        60380468    0.43%
L1-Total-Accesses:   14194716628  100.00%

L2 Cache Stats:
L2-Load-Hits:          43999718   87.80%
L2-Load-Misses:         6113578   12.20%
L2-Load-Accesses:      50113296  100.00%

L2-Store-Hits:           7985308   77.78%
L2-Store-Misses:         2281864   22.22%
L2-Store-Accesses:      10267172  100.00%

L2-Total-Hits:          51985026   86.10%
L2-Total-Misses:         8395442   13.90%
L2-Total-Accesses:      60380468  100.00%

