--------
Total Statistics
--------
Total Instructions: 3916820473
Total Cycles: 5462536115
IPC: 0.717033

--------
Single level Tlb hierarchy
--------
  Data Tlb:
    Entries:         128
    Page Size(B):   4096
    Associativity:      4

Latencies:    0  150
Tlb-Sets:   32 - LRU - assoc:   4

Tlb Stats:
Tlb-Load-Hits:         996393533   99.97%
Tlb-Load-Misses:          294294    0.03%
Tlb-Load-Accesses:     996687827  100.00%

Tlb-Store-Hits:         218519991   99.99%
Tlb-Store-Misses:           20974    0.01%
Tlb-Store-Accesses:     218540965  100.00%

Tlb-Total-Hits:        1214913524   99.97%
Tlb-Total-Misses:          315268    0.03%
Tlb-Total-Accesses:    1215228792  100.00%



--------
Two level Cache hierarchy
--------
  L1-Data Cache:
    Size(KB):          32
    Block Size(B):     64
    Associativity:      8

  L2-Data Cache:
    Size(KB):        1024
    Block Size(B):    128
    Associativity:      8

Latencies:    1   10  250
L1-Sets:   64 - LRU - assoc:   8
L2-Sets: 1024 - LRU - assoc:   8
Store_allocation: Yes
L2_inclusive: Yes
L2_prefetching: No

L1 Cache Stats:
L1-Load-Hits:         993110239   99.64%
L1-Load-Misses:         3577588    0.36%
L1-Load-Accesses:     996687827  100.00%

L1-Store-Hits:         217932538   99.72%
L1-Store-Misses:          608427    0.28%
L1-Store-Accesses:     218540965  100.00%

L1-Total-Hits:        1211042777   99.66%
L1-Total-Misses:         4186015    0.34%
L1-Total-Accesses:    1215228792  100.00%

L2 Cache Stats:
L2-Load-Hits:           2807600   78.48%
L2-Load-Misses:          769988   21.52%
L2-Load-Accesses:       3577588  100.00%

L2-Store-Hits:            413069   67.89%
L2-Store-Misses:          195358   32.11%
L2-Store-Accesses:        608427  100.00%

L2-Total-Hits:           3220669   76.94%
L2-Total-Misses:          965346   23.06%
L2-Total-Accesses:       4186015  100.00%

