--------
Total Statistics
--------
Total Instructions: 16205573234
Total Cycles: 73991238380
IPC: 0.21902

--------
Single level Tlb hierarchy
--------
  Data Tlb:
    Entries:         128
    Page Size(B):   4096
    Associativity:      4

Latencies:    0  150
Tlb-Sets:   32 - LRU - assoc:   4

Tlb Stats:
Tlb-Load-Hits:        2884847836   98.90%
Tlb-Load-Misses:        32067223    1.10%
Tlb-Load-Accesses:    2916915059  100.00%

Tlb-Store-Hits:          56516851   99.88%
Tlb-Store-Misses:           68266    0.12%
Tlb-Store-Accesses:      56585117  100.00%

Tlb-Total-Hits:        2941364687   98.92%
Tlb-Total-Misses:        32135489    1.08%
Tlb-Total-Accesses:    2973500176  100.00%



--------
Two level Cache hierarchy
--------
  L1-Data Cache:
    Size(KB):          32
    Block Size(B):     64
    Associativity:      8

  L2-Data Cache:
    Size(KB):        1024
    Block Size(B):    128
    Associativity:      8

Latencies:    1   10  250
L1-Sets:   64 - LRU - assoc:   8
L2-Sets: 1024 - LRU - assoc:   8
Store_allocation: Yes
L2_inclusive: Yes
L2_prefetching: No

L1 Cache Stats:
L1-Load-Hits:        2407566654   82.54%
L1-Load-Misses:       509348405   17.46%
L1-Load-Accesses:    2916915059  100.00%

L1-Store-Hits:          54561060   96.42%
L1-Store-Misses:         2024057    3.58%
L1-Store-Accesses:      56585117  100.00%

L1-Total-Hits:        2462127714   82.80%
L1-Total-Misses:       511372462   17.20%
L1-Total-Accesses:    2973500176  100.00%

L2 Cache Stats:
L2-Load-Hits:         330313880   64.85%
L2-Load-Misses:       179034525   35.15%
L2-Load-Accesses:     509348405  100.00%

L2-Store-Hits:           1546114   76.39%
L2-Store-Misses:          477943   23.61%
L2-Store-Accesses:       2024057  100.00%

L2-Total-Hits:         331859994   64.90%
L2-Total-Misses:       179512468   35.10%
L2-Total-Accesses:     511372462  100.00%

