--------
Total Statistics
--------
Total Instructions: 23632511319
Total Cycles: 33420200776
IPC: 0.707133

--------
Single level Tlb hierarchy
--------
  Data Tlb:
    Entries:          64
    Page Size(B):   4096
    Associativity:      2

Latencies:    0  150
Tlb-Sets:   32 - LRU - assoc:   2

Tlb Stats:
Tlb-Load-Hits:        6837209752   99.95%
Tlb-Load-Misses:         3156312    0.05%
Tlb-Load-Accesses:    6840366064  100.00%

Tlb-Store-Hits:        1741944420   99.91%
Tlb-Store-Misses:         1547373    0.09%
Tlb-Store-Accesses:    1743491793  100.00%

Tlb-Total-Hits:        8579154172   99.95%
Tlb-Total-Misses:         4703685    0.05%
Tlb-Total-Accesses:    8583857857  100.00%



--------
Two level Cache hierarchy
--------
  L1-Data Cache:
    Size(KB):          32
    Block Size(B):     64
    Associativity:      8

  L2-Data Cache:
    Size(KB):        1024
    Block Size(B):    128
    Associativity:      8

Latencies:    1   10  250
L1-Sets:   64 - LRU - assoc:   8
L2-Sets: 1024 - LRU - assoc:   8
Store_allocation: Yes
L2_inclusive: Yes
L2_prefetching: No

L1 Cache Stats:
L1-Load-Hits:        6822192709   99.73%
L1-Load-Misses:        18173355    0.27%
L1-Load-Accesses:    6840366064  100.00%

L1-Store-Hits:        1712119638   98.20%
L1-Store-Misses:        31372155    1.80%
L1-Store-Accesses:    1743491793  100.00%

L1-Total-Hits:        8534312347   99.42%
L1-Total-Misses:        49545510    0.58%
L1-Total-Accesses:    8583857857  100.00%

L2 Cache Stats:
L2-Load-Hits:          18172352   99.99%
L2-Load-Misses:            1003    0.01%
L2-Load-Accesses:      18173355  100.00%

L2-Store-Hits:          31361863   99.97%
L2-Store-Misses:           10292    0.03%
L2-Store-Accesses:      31372155  100.00%

L2-Total-Hits:          49534215   99.98%
L2-Total-Misses:           11295    0.02%
L2-Total-Accesses:      49545510  100.00%

