                                     | Core 0     | Core 1     | Core 2     | Core 3     | Core 4     | Core 5     | Core 6     | Core 7     | Core 8     | Core 9     | Core 10    | Core 11    | Core 12    | Core 13    | Core 14    | Core 15   
  Instructions                       |     218075 |     219117 |     218539 |     218218 |     217648 |     217393 |     218097 |     218522 |     218237 |     219240 |     219188 |     218665 |     218548 |     217958 |     218922 |     217819
  Cycles                             |   13513262 |   13513262 |   13513262 |   13513262 |   13513262 |   13513262 |   13513262 |   13513262 |   13513262 |   13513262 |   13513262 |   13513262 |   13513262 |   13513262 |   13513262 |   13513262
  IPC                                |       0.02 |       0.02 |       0.02 |       0.02 |       0.02 |       0.02 |       0.02 |       0.02 |       0.02 |       0.02 |       0.02 |       0.02 |       0.02 |       0.02 |       0.02 |       0.02
  Time (ns)                          |    5080174 |    5080174 |    5080174 |    5080174 |    5080174 |    5080174 |    5080174 |    5080174 |    5080174 |    5080174 |    5080174 |    5080174 |    5080174 |    5080174 |    5080174 |    5080174
  Idle time (ns)                     |    4933100 |    4930927 |    4931625 |    4934666 |    4935594 |    4935955 |    4935226 |    4933636 |    4936639 |    4932976 |    4933375 |    4934324 |    4934346 |    4936478 |    4934313 |    4938463
  Idle time (%)                      |      97.1% |      97.1% |      97.1% |      97.1% |      97.2% |      97.2% |      97.1% |      97.1% |      97.2% |      97.1% |      97.1% |      97.1% |      97.1% |      97.2% |      97.1% |      97.2%
Branch predictor stats               |            |            |            |            |            |            |            |            |            |            |            |            |            |            |            |           
  num correct                        |      19815 |      19897 |      19840 |      19836 |      19843 |      19824 |      19920 |      19891 |      19862 |      19849 |      19890 |      19791 |      19857 |      19774 |      19929 |      19894
  num incorrect                      |        554 |        574 |        570 |        552 |        501 |        501 |        461 |        522 |        522 |        620 |        578 |        628 |        562 |        598 |        517 |        467
  misprediction rate                 |      2.72% |      2.80% |      2.79% |      2.71% |      2.46% |      2.46% |      2.26% |      2.56% |      2.56% |      3.03% |      2.82% |      3.08% |      2.75% |      2.94% |      2.53% |      2.29%
  mpki                               |       2.54 |       2.62 |       2.61 |       2.53 |       2.30 |       2.30 |       2.11 |       2.39 |       2.39 |       2.83 |       2.64 |       2.87 |       2.57 |       2.74 |       2.36 |       2.14
TLB Summary                          |            |            |            |            |            |            |            |            |            |            |            |            |            |            |            |           
Cache Summary                        |            |            |            |            |            |            |            |            |            |            |            |            |            |            |            |           
  Cache L1-I                         |            |            |            |            |            |            |            |            |            |            |            |            |            |            |            |           
    num cache accesses               |      15867 |      15893 |      15873 |      15815 |      15800 |      15797 |      15821 |      15915 |      15885 |      15977 |      15884 |      15929 |      15889 |      15867 |      15870 |      15799
    num cache misses                 |         23 |         23 |         24 |         24 |         23 |         23 |         23 |         23 |         23 |         23 |         23 |         24 |         24 |         24 |         24 |         23
    miss rate                        |      0.14% |      0.14% |      0.15% |      0.15% |      0.15% |      0.15% |      0.15% |      0.14% |      0.14% |      0.14% |      0.14% |      0.15% |      0.15% |      0.15% |      0.15% |      0.15%
    mpki                             |       0.11 |       0.10 |       0.11 |       0.11 |       0.11 |       0.11 |       0.11 |       0.11 |       0.11 |       0.10 |       0.10 |       0.11 |       0.11 |       0.11 |       0.11 |       0.11
  Cache L1-D                         |            |            |            |            |            |            |            |            |            |            |            |            |            |            |            |           
    num cache accesses               |     134066 |     134304 |     134157 |     134069 |     133975 |     133940 |     134060 |     134204 |     134114 |     134344 |     134282 |     134215 |     134199 |     134081 |     134233 |     134016
    num cache misses                 |       1048 |       1189 |       1117 |       1046 |        944 |        928 |       1015 |       1099 |       1017 |       1160 |       1074 |       1088 |       1066 |       1002 |       1075 |        890
    miss rate                        |      0.78% |      0.89% |      0.83% |      0.78% |      0.70% |      0.69% |      0.76% |      0.82% |      0.76% |      0.86% |      0.80% |      0.81% |      0.79% |      0.75% |      0.80% |      0.66%
    mpki                             |       4.81 |       5.43 |       5.11 |       4.79 |       4.34 |       4.27 |       4.65 |       5.03 |       4.66 |       5.29 |       4.90 |       4.98 |       4.88 |       4.60 |       4.91 |       4.09
  Cache L2                           |            |            |            |            |            |            |            |            |            |            |            |            |            |            |            |           
    num cache accesses               |       1440 |       1625 |       1548 |       1430 |       1300 |       1302 |       1393 |       1489 |       1442 |       1599 |       1458 |       1543 |       1536 |       1444 |       1489 |       1263
    num cache misses                 |       1071 |       1212 |       1141 |       1070 |        967 |        951 |       1038 |       1122 |       1040 |       1183 |       1097 |       1113 |       1090 |       1026 |       1099 |        913
    miss rate                        |     74.38% |     74.58% |     73.71% |     74.83% |     74.38% |     73.04% |     74.52% |     75.35% |     72.12% |     73.98% |     75.24% |     72.13% |     70.96% |     71.05% |     73.81% |     72.29%
    mpki                             |       4.91 |       5.53 |       5.22 |       4.90 |       4.44 |       4.37 |       4.76 |       5.13 |       4.77 |       5.40 |       5.00 |       5.09 |       4.99 |       4.71 |       5.02 |       4.19
  Cache L3                           |            |            |            |            |            |            |            |            |            |            |            |            |            |            |            |           
    num cache accesses               |       1440 |       1625 |       1548 |       1430 |       1300 |       1302 |       1393 |       1489 |       1442 |       1599 |       1458 |       1543 |       1536 |       1444 |       1489 |       1263
    num cache misses                 |        652 |        800 |        669 |        617 |        585 |        549 |        638 |        626 |        637 |        673 |        649 |        613 |        624 |        574 |        577 |        527
    miss rate                        |     45.28% |     49.23% |     43.22% |     43.15% |     45.00% |     42.17% |     45.80% |     42.04% |     44.17% |     42.09% |     44.51% |     39.73% |     40.62% |     39.75% |     38.75% |     41.73%
    mpki                             |       2.99 |       3.65 |       3.06 |       2.83 |       2.69 |       2.53 |       2.93 |       2.86 |       2.92 |       3.07 |       2.96 |       2.80 |       2.86 |       2.63 |       2.64 |       2.42
DRAM summary                         |            |            |            |            |            |            |            |            |            |            |            |            |            |            |            |           
  num dram accesses                  |         97 |          0 |          0 |          0 |          0 |          0 |          0 |          0 |          0 |          0 |          0 |          0 |          0 |          0 |          0 |          0
  average dram access latency (ns)   |     130.53 |        inf |        inf |        inf |        inf |        inf |        inf |        inf |        inf |        inf |        inf |        inf |        inf |        inf |        inf |        inf
  average dram queueing delay        |      77.10 |       0.00 |       0.00 |       0.00 |       0.00 |       0.00 |       0.00 |       0.00 |       0.00 |       0.00 |       0.00 |       0.00 |       0.00 |       0.00 |       0.00 |       0.00
  average dram bandwidth utilization |      0.00% |      0.00% |      0.00% |      0.00% |      0.00% |      0.00% |      0.00% |      0.00% |      0.00% |      0.00% |      0.00% |      0.00% |      0.00% |      0.00% |      0.00% |      0.00%
Coherency Traffic                    |            |            |            |            |            |            |            |            |            |            |            |            |            |            |            |           
  num loads from dram                |          7 |          4 |          4 |          4 |          3 |          3 |          3 |          5 |          3 |          4 |          4 |          4 |          4 |          4 |          4 |          3
  num loads from dram cache          |          0 |          0 |          0 |          0 |          0 |          0 |          0 |          0 |          0 |          0 |          0 |          0 |          0 |          0 |          0 |          0
  num loads from remote cache        |        414 |        501 |        449 |        416 |        385 |        375 |        429 |        411 |        460 |        461 |        423 |        436 |        444 |        406 |        395 |        361
