--------
Total Statistics
--------
Total Instructions: 1520711613
Total Cycles: 16615083114
IPC: 0.091526

--------
Single level Tlb hierarchy
--------
  Data Tlb:
    Entries:          64
    Page Size(B):   4096
    Associativity:      4

Latencies:    0  150
Tlb-Sets:   16 - LRU - assoc:   4

Tlb Stats:
Tlb-Load-Hits:         241131694   86.05%
Tlb-Load-Misses:        39105696   13.95%
Tlb-Load-Accesses:     280237390  100.00%

Tlb-Store-Hits:          73675644   98.81%
Tlb-Store-Misses:          887897    1.19%
Tlb-Store-Accesses:      74563541  100.00%

Tlb-Total-Hits:         314807338   88.73%
Tlb-Total-Misses:        39993593   11.27%
Tlb-Total-Accesses:     354800931  100.00%



--------
Two level Cache hierarchy
--------
  L1-Data Cache:
    Size(KB):          32
    Block Size(B):     32
    Associativity:      8

  L2-Data Cache:
    Size(KB):        1024
    Block Size(B):    128
    Associativity:      8

Latencies:    1   10  250
L1-Sets:  128 - LRU - assoc:   8
L2-Sets: 1024 - LRU - assoc:   8
Store_allocation: Yes
L2_inclusive: Yes
L2_prefetching: No

L1 Cache Stats:
L1-Load-Hits:         203903357   72.76%
L1-Load-Misses:        76334033   27.24%
L1-Load-Accesses:     280237390  100.00%

L1-Store-Hits:          74369537   99.74%
L1-Store-Misses:          194004    0.26%
L1-Store-Accesses:      74563541  100.00%

L1-Total-Hits:         278272894   78.43%
L1-Total-Misses:        76528037   21.57%
L1-Total-Accesses:     354800931  100.00%

L2 Cache Stats:
L2-Load-Hits:          44433060   58.21%
L2-Load-Misses:        31900973   41.79%
L2-Load-Accesses:      76334033  100.00%

L2-Store-Hits:            193972   99.98%
L2-Store-Misses:              32    0.02%
L2-Store-Accesses:        194004  100.00%

L2-Total-Hits:          44627032   58.31%
L2-Total-Misses:        31901005   41.69%
L2-Total-Accesses:      76528037  100.00%

