--------
Total Statistics
--------
Total Instructions: 1520711613
Total Cycles: 16432335294
IPC: 0.0925439

--------
Single level Tlb hierarchy
--------
  Data Tlb:
    Entries:          64
    Page Size(B):   4096
    Associativity:      4

Latencies:    0  150
Tlb-Sets:   16 - LRU - assoc:   4

Tlb Stats:
Tlb-Load-Hits:         241289220   86.10%
Tlb-Load-Misses:        38948170   13.90%
Tlb-Load-Accesses:     280237390  100.00%

Tlb-Store-Hits:          74255243   99.59%
Tlb-Store-Misses:          308298    0.41%
Tlb-Store-Accesses:      74563541  100.00%

Tlb-Total-Hits:         315544463   88.94%
Tlb-Total-Misses:        39256468   11.06%
Tlb-Total-Accesses:     354800931  100.00%



--------
Two level Cache hierarchy
--------
  L1-Data Cache:
    Size(KB):         128
    Block Size(B):     64
    Associativity:      8

  L2-Data Cache:
    Size(KB):        1024
    Block Size(B):    128
    Associativity:      8

Latencies:    1   10  250
L1-Sets:  256 - LRU - assoc:   8
L2-Sets: 1024 - LRU - assoc:   8
Store_allocation: Yes
L2_inclusive: Yes
L2_prefetching: No

L1 Cache Stats:
L1-Load-Hits:         211232717   75.38%
L1-Load-Misses:        69004673   24.62%
L1-Load-Accesses:     280237390  100.00%

L1-Store-Hits:          74563034  100.00%
L1-Store-Misses:             507    0.00%
L1-Store-Accesses:      74563541  100.00%

L1-Total-Hits:         285795751   80.55%
L1-Total-Misses:        69005180   19.45%
L1-Total-Accesses:     354800931  100.00%

L2 Cache Stats:
L2-Load-Hits:          37091648   53.75%
L2-Load-Misses:        31913025   46.25%
L2-Load-Accesses:      69004673  100.00%

L2-Store-Hits:               329   64.89%
L2-Store-Misses:             178   35.11%
L2-Store-Accesses:           507  100.00%

L2-Total-Hits:          37091977   53.75%
L2-Total-Misses:        31913203   46.25%
L2-Total-Accesses:      69005180  100.00%

