--------
Total Statistics
--------
Total Instructions: 7983656642
Total Cycles: 12201968529
IPC: 0.654293

--------
Single level Tlb hierarchy
--------
  Data Tlb:
    Entries:          64
    Page Size(B):   4096
    Associativity:      4

Latencies:    0  150
Tlb-Sets:   16 - LRU - assoc:   4

Tlb Stats:
Tlb-Load-Hits:        1473170211   99.96%
Tlb-Load-Misses:          567021    0.04%
Tlb-Load-Accesses:    1473737232  100.00%

Tlb-Store-Hits:         153682225   99.82%
Tlb-Store-Misses:          279840    0.18%
Tlb-Store-Accesses:     153962065  100.00%

Tlb-Total-Hits:        1626852436   99.95%
Tlb-Total-Misses:          846861    0.05%
Tlb-Total-Accesses:    1627699297  100.00%



--------
Two level Cache hierarchy
--------
  L1-Data Cache:
    Size(KB):         128
    Block Size(B):     32
    Associativity:      8

  L2-Data Cache:
    Size(KB):        1024
    Block Size(B):    128
    Associativity:      8

Latencies:    1   10  250
L1-Sets:  512 - LRU - assoc:   8
L2-Sets: 1024 - LRU - assoc:   8
Store_allocation: Yes
L2_inclusive: Yes
L2_prefetching: No

L1 Cache Stats:
L1-Load-Hits:        1452205634   98.54%
L1-Load-Misses:        21531598    1.46%
L1-Load-Accesses:    1473737232  100.00%

L1-Store-Hits:         146230044   94.98%
L1-Store-Misses:         7732021    5.02%
L1-Store-Accesses:     153962065  100.00%

L1-Total-Hits:        1598435678   98.20%
L1-Total-Misses:        29263619    1.80%
L1-Total-Accesses:    1627699297  100.00%

L2 Cache Stats:
L2-Load-Hits:          15566986   72.30%
L2-Load-Misses:         5964612   27.70%
L2-Load-Accesses:      21531598  100.00%

L2-Store-Hits:           5012844   64.83%
L2-Store-Misses:         2719177   35.17%
L2-Store-Accesses:       7732021  100.00%

L2-Total-Hits:          20579830   70.33%
L2-Total-Misses:         8683789   29.67%
L2-Total-Accesses:      29263619  100.00%

