--------
Total Statistics
--------
Total Instructions: 7983656642
Total Cycles: 12183908129
IPC: 0.655262

--------
Single level Tlb hierarchy
--------
  Data Tlb:
    Entries:          64
    Page Size(B):   4096
    Associativity:      4

Latencies:    0  150
Tlb-Sets:   16 - LRU - assoc:   4

Tlb Stats:
Tlb-Load-Hits:        1473170545   99.96%
Tlb-Load-Misses:          566687    0.04%
Tlb-Load-Accesses:    1473737232  100.00%

Tlb-Store-Hits:         153682219   99.82%
Tlb-Store-Misses:          279846    0.18%
Tlb-Store-Accesses:     153962065  100.00%

Tlb-Total-Hits:        1626852764   99.95%
Tlb-Total-Misses:          846533    0.05%
Tlb-Total-Accesses:    1627699297  100.00%



--------
Two level Cache hierarchy
--------
  L1-Data Cache:
    Size(KB):          32
    Block Size(B):     64
    Associativity:      8

  L2-Data Cache:
    Size(KB):        1024
    Block Size(B):    128
    Associativity:      8

Latencies:    1   10  250
L1-Sets:   64 - LRU - assoc:   8
L2-Sets: 1024 - LRU - assoc:   8
Store_allocation: Yes
L2_inclusive: Yes
L2_prefetching: No

L1 Cache Stats:
L1-Load-Hits:        1452681166   98.57%
L1-Load-Misses:        21056066    1.43%
L1-Load-Accesses:    1473737232  100.00%

L1-Store-Hits:         147545707   95.83%
L1-Store-Misses:         6416358    4.17%
L1-Store-Accesses:     153962065  100.00%

L1-Total-Hits:        1600226873   98.31%
L1-Total-Misses:        27472424    1.69%
L1-Total-Accesses:    1627699297  100.00%

L2 Cache Stats:
L2-Load-Hits:          15091582   71.67%
L2-Load-Misses:         5964484   28.33%
L2-Load-Accesses:      21056066  100.00%

L2-Store-Hits:           3697450   57.63%
L2-Store-Misses:         2718908   42.37%
L2-Store-Accesses:       6416358  100.00%

L2-Total-Hits:          18789032   68.39%
L2-Total-Misses:         8683392   31.61%
L2-Total-Accesses:      27472424  100.00%

