--------
Total Statistics
--------
Total Instructions: 3916820501
Total Cycles: 5501938383
IPC: 0.711898

--------
Single level Tlb hierarchy
--------
  Data Tlb:
    Entries:          64
    Page Size(B):   4096
    Associativity:      4

Latencies:    0  150
Tlb-Sets:   16 - LRU - assoc:   4

Tlb Stats:
Tlb-Load-Hits:         996133186   99.94%
Tlb-Load-Misses:          554650    0.06%
Tlb-Load-Accesses:     996687836  100.00%

Tlb-Store-Hits:         218486573   99.98%
Tlb-Store-Misses:           54393    0.02%
Tlb-Store-Accesses:     218540966  100.00%

Tlb-Total-Hits:        1214619759   99.95%
Tlb-Total-Misses:          609043    0.05%
Tlb-Total-Accesses:    1215228802  100.00%



--------
Two level Cache hierarchy
--------
  L1-Data Cache:
    Size(KB):          64
    Block Size(B):     64
    Associativity:      8

  L2-Data Cache:
    Size(KB):        1024
    Block Size(B):    128
    Associativity:      8

Latencies:    1   10  250
L1-Sets:  128 - LRU - assoc:   8
L2-Sets: 1024 - LRU - assoc:   8
Store_allocation: Yes
L2_inclusive: Yes
L2_prefetching: No

L1 Cache Stats:
L1-Load-Hits:         993599186   99.69%
L1-Load-Misses:         3088650    0.31%
L1-Load-Accesses:     996687836  100.00%

L1-Store-Hits:         217952278   99.73%
L1-Store-Misses:          588688    0.27%
L1-Store-Accesses:     218540966  100.00%

L1-Total-Hits:        1211551464   99.70%
L1-Total-Misses:         3677338    0.30%
L1-Total-Accesses:    1215228802  100.00%

L2 Cache Stats:
L2-Load-Hits:           2317197   75.02%
L2-Load-Misses:          771453   24.98%
L2-Load-Accesses:       3088650  100.00%

L2-Store-Hits:            393104   66.78%
L2-Store-Misses:          195584   33.22%
L2-Store-Accesses:        588688  100.00%

L2-Total-Hits:           2710301   73.70%
L2-Total-Misses:          967037   26.30%
L2-Total-Accesses:       3677338  100.00%

