--------
Total Statistics
--------
Total Instructions: 16205573206
Total Cycles: 74126961092
IPC: 0.218619

--------
Single level Tlb hierarchy
--------
  Data Tlb:
    Entries:          64
    Page Size(B):   4096
    Associativity:      4

Latencies:    0  150
Tlb-Sets:   16 - LRU - assoc:   4

Tlb Stats:
Tlb-Load-Hits:        2883534464   98.86%
Tlb-Load-Misses:        33380586    1.14%
Tlb-Load-Accesses:    2916915050  100.00%

Tlb-Store-Hits:          56438292   99.74%
Tlb-Store-Misses:          146824    0.26%
Tlb-Store-Accesses:      56585116  100.00%

Tlb-Total-Hits:        2939972756   98.87%
Tlb-Total-Misses:        33527410    1.13%
Tlb-Total-Accesses:    2973500166  100.00%



--------
Two level Cache hierarchy
--------
  L1-Data Cache:
    Size(KB):          64
    Block Size(B):     64
    Associativity:      8

  L2-Data Cache:
    Size(KB):        1024
    Block Size(B):    128
    Associativity:      8

Latencies:    1   10  250
L1-Sets:  128 - LRU - assoc:   8
L2-Sets: 1024 - LRU - assoc:   8
Store_allocation: Yes
L2_inclusive: Yes
L2_prefetching: No

L1 Cache Stats:
L1-Load-Hits:        2414687571   82.78%
L1-Load-Misses:       502227479   17.22%
L1-Load-Accesses:    2916915050  100.00%

L1-Store-Hits:          54786598   96.82%
L1-Store-Misses:         1798518    3.18%
L1-Store-Accesses:      56585116  100.00%

L1-Total-Hits:        2469474169   83.05%
L1-Total-Misses:       504025997   16.95%
L1-Total-Accesses:    2973500166  100.00%

L2 Cache Stats:
L2-Load-Hits:         323185880   64.35%
L2-Load-Misses:       179041599   35.65%
L2-Load-Accesses:     502227479  100.00%

L2-Store-Hits:           1326052   73.73%
L2-Store-Misses:          472466   26.27%
L2-Store-Accesses:       1798518  100.00%

L2-Total-Hits:         324511932   64.38%
L2-Total-Misses:       179514065   35.62%
L2-Total-Accesses:     504025997  100.00%

