--------
Total Statistics
--------
Total Instructions: 23632511291
Total Cycles: 32710847988
IPC: 0.722467

--------
Single level Tlb hierarchy
--------
  Data Tlb:
    Entries:          64
    Page Size(B):   4096
    Associativity:      4

Latencies:    0  150
Tlb-Sets:   16 - LRU - assoc:   4

Tlb Stats:
Tlb-Load-Hits:        6840365979  100.00%
Tlb-Load-Misses:              76    0.00%
Tlb-Load-Accesses:    6840366055  100.00%

Tlb-Store-Hits:        1743491449  100.00%
Tlb-Store-Misses:             343    0.00%
Tlb-Store-Accesses:    1743491792  100.00%

Tlb-Total-Hits:        8583857428  100.00%
Tlb-Total-Misses:             419    0.00%
Tlb-Total-Accesses:    8583857847  100.00%



--------
Two level Cache hierarchy
--------
  L1-Data Cache:
    Size(KB):          32
    Block Size(B):     64
    Associativity:      8

  L2-Data Cache:
    Size(KB):        1024
    Block Size(B):    128
    Associativity:      8

Latencies:    1   10  250
L1-Sets:   64 - LRU - assoc:   8
L2-Sets: 1024 - LRU - assoc:   8
Store_allocation: Yes
L2_inclusive: Yes
L2_prefetching: No

L1 Cache Stats:
L1-Load-Hits:        6822381948   99.74%
L1-Load-Misses:        17984107    0.26%
L1-Load-Accesses:    6840366055  100.00%

L1-Store-Hits:        1712316674   98.21%
L1-Store-Misses:        31175118    1.79%
L1-Store-Accesses:    1743491792  100.00%

L1-Total-Hits:        8534698622   99.43%
L1-Total-Misses:        49159225    0.57%
L1-Total-Accesses:    8583857847  100.00%

L2 Cache Stats:
L2-Load-Hits:          17983106   99.99%
L2-Load-Misses:            1001    0.01%
L2-Load-Accesses:      17984107  100.00%

L2-Store-Hits:          31164824   99.97%
L2-Store-Misses:           10294    0.03%
L2-Store-Accesses:      31175118  100.00%

L2-Total-Hits:          49147930   99.98%
L2-Total-Misses:           11295    0.02%
L2-Total-Accesses:      49159225  100.00%

