--------
Total Statistics
--------
Total Instructions: 2151811134
Total Cycles: 8729626078
IPC: 0.246495

--------
Single level Tlb hierarchy
--------
  Data Tlb:
    Entries:          64
    Page Size(B):   4096
    Associativity:      4

Latencies:    0  150
Tlb-Sets:   16 - LRU - assoc:   4

Tlb Stats:
Tlb-Load-Hits:         524057252   93.84%
Tlb-Load-Misses:        34423430    6.16%
Tlb-Load-Accesses:     558480682  100.00%

Tlb-Store-Hits:         106928260   99.99%
Tlb-Store-Misses:           11902    0.01%
Tlb-Store-Accesses:     106940162  100.00%

Tlb-Total-Hits:         630985512   94.83%
Tlb-Total-Misses:        34435332    5.17%
Tlb-Total-Accesses:     665420844  100.00%



--------
Two level Cache hierarchy
--------
  L1-Data Cache:
    Size(KB):          32
    Block Size(B):     64
    Associativity:      8

  L2-Data Cache:
    Size(KB):         512
    Block Size(B):     64
    Associativity:      8

Latencies:    1   10  250
L1-Sets:   64 - LRU - assoc:   8
L2-Sets: 1024 - LRU - assoc:   8
Store_allocation: Yes
L2_inclusive: Yes
L2_prefetching: No

L1 Cache Stats:
L1-Load-Hits:         556017547   99.56%
L1-Load-Misses:         2463135    0.44%
L1-Load-Accesses:     558480682  100.00%

L1-Store-Hits:         106529667   99.62%
L1-Store-Misses:          410495    0.38%
L1-Store-Accesses:     106940162  100.00%

L1-Total-Hits:         662547214   99.57%
L1-Total-Misses:         2873630    0.43%
L1-Total-Accesses:     665420844  100.00%

L2 Cache Stats:
L2-Load-Hits:               198    0.01%
L2-Load-Misses:         2462937   99.99%
L2-Load-Accesses:       2463135  100.00%

L2-Store-Hits:                 0    0.00%
L2-Store-Misses:          410495  100.00%
L2-Store-Accesses:        410495  100.00%

L2-Total-Hits:               198    0.01%
L2-Total-Misses:         2873432   99.99%
L2-Total-Accesses:       2873630  100.00%

