--------
Total Statistics
--------
Total Instructions: 2151811134
Total Cycles: 8018465878
IPC: 0.268357

--------
Single level Tlb hierarchy
--------
  Data Tlb:
    Entries:          64
    Page Size(B):   4096
    Associativity:      4

Latencies:    0  150
Tlb-Sets:   16 - LRU - assoc:   4

Tlb Stats:
Tlb-Load-Hits:         524057254   93.84%
Tlb-Load-Misses:        34423428    6.16%
Tlb-Load-Accesses:     558480682  100.00%

Tlb-Store-Hits:         106928160   99.99%
Tlb-Store-Misses:           12002    0.01%
Tlb-Store-Accesses:     106940162  100.00%

Tlb-Total-Hits:         630985414   94.83%
Tlb-Total-Misses:        34435430    5.17%
Tlb-Total-Accesses:     665420844  100.00%



--------
Two level Cache hierarchy
--------
  L1-Data Cache:
    Size(KB):          32
    Block Size(B):     64
    Associativity:      8

  L2-Data Cache:
    Size(KB):        2048
    Block Size(B):     64
    Associativity:     16

Latencies:    1   10  250
L1-Sets:   64 - LRU - assoc:   8
L2-Sets: 2048 - LRU - assoc:  16
Store_allocation: Yes
L2_inclusive: Yes
L2_prefetching: No

L1 Cache Stats:
L1-Load-Hits:         556017606   99.56%
L1-Load-Misses:         2463076    0.44%
L1-Load-Accesses:     558480682  100.00%

L1-Store-Hits:         106530448   99.62%
L1-Store-Misses:          409714    0.38%
L1-Store-Accesses:     106940162  100.00%

L1-Total-Hits:         662548054   99.57%
L1-Total-Misses:         2872790    0.43%
L1-Total-Accesses:     665420844  100.00%

L2 Cache Stats:
L2-Load-Hits:           2438421   99.00%
L2-Load-Misses:           24655    1.00%
L2-Load-Accesses:       2463076  100.00%

L2-Store-Hits:            405603   99.00%
L2-Store-Misses:            4111    1.00%
L2-Store-Accesses:        409714  100.00%

L2-Total-Hits:           2844024   99.00%
L2-Total-Misses:           28766    1.00%
L2-Total-Accesses:       2872790  100.00%

