--------
Total Statistics
--------
Total Instructions: 10802935199
Total Cycles: 17207936606
IPC: 0.627788

--------
Single level Tlb hierarchy
--------
  Data Tlb:
    Entries:          64
    Page Size(B):   4096
    Associativity:      4

Latencies:    0  150
Tlb-Sets:   16 - LRU - assoc:   4

Tlb Stats:
Tlb-Load-Hits:        2162449179   99.38%
Tlb-Load-Misses:        13511138    0.62%
Tlb-Load-Accesses:    2175960317  100.00%

Tlb-Store-Hits:         557104197   99.97%
Tlb-Store-Misses:          185773    0.03%
Tlb-Store-Accesses:     557289970  100.00%

Tlb-Total-Hits:        2719553376   99.50%
Tlb-Total-Misses:        13696911    0.50%
Tlb-Total-Accesses:    2733250287  100.00%



--------
Two level Cache hierarchy
--------
  L1-Data Cache:
    Size(KB):          32
    Block Size(B):     64
    Associativity:      8

  L2-Data Cache:
    Size(KB):         512
    Block Size(B):    256
    Associativity:      8

Latencies:    1   10  250
L1-Sets:   64 - LRU - assoc:   8
L2-Sets:  256 - LRU - assoc:   8
Store_allocation: Yes
L2_inclusive: Yes
L2_prefetching: No

L1 Cache Stats:
L1-Load-Hits:        2064645458   94.88%
L1-Load-Misses:       111314859    5.12%
L1-Load-Accesses:    2175960317  100.00%

L1-Store-Hits:         551108007   98.89%
L1-Store-Misses:         6181963    1.11%
L1-Store-Accesses:     557289970  100.00%

L1-Total-Hits:        2615753465   95.70%
L1-Total-Misses:       117496822    4.30%
L1-Total-Accesses:    2733250287  100.00%

L2 Cache Stats:
L2-Load-Hits:         109884197   98.71%
L2-Load-Misses:         1430662    1.29%
L2-Load-Accesses:     111314859  100.00%

L2-Store-Hits:           5843640   94.53%
L2-Store-Misses:          338323    5.47%
L2-Store-Accesses:       6181963  100.00%

L2-Total-Hits:         115727837   98.49%
L2-Total-Misses:         1768985    1.51%
L2-Total-Accesses:     117496822  100.00%

