--------
Total Statistics
--------
Total Instructions: 10802935199
Total Cycles: 17019139576
IPC: 0.634752

--------
Single level Tlb hierarchy
--------
  Data Tlb:
    Entries:          64
    Page Size(B):   4096
    Associativity:      4

Latencies:    0  150
Tlb-Sets:   16 - LRU - assoc:   4

Tlb Stats:
Tlb-Load-Hits:        2162453254   99.38%
Tlb-Load-Misses:        13507063    0.62%
Tlb-Load-Accesses:    2175960317  100.00%

Tlb-Store-Hits:         557104275   99.97%
Tlb-Store-Misses:          185695    0.03%
Tlb-Store-Accesses:     557289970  100.00%

Tlb-Total-Hits:        2719557529   99.50%
Tlb-Total-Misses:        13692758    0.50%
Tlb-Total-Accesses:    2733250287  100.00%



--------
Two level Cache hierarchy
--------
  L1-Data Cache:
    Size(KB):          32
    Block Size(B):     64
    Associativity:      8

  L2-Data Cache:
    Size(KB):        2048
    Block Size(B):     64
    Associativity:     16

Latencies:    1   10  250
L1-Sets:   64 - LRU - assoc:   8
L2-Sets: 2048 - LRU - assoc:  16
Store_allocation: Yes
L2_inclusive: Yes
L2_prefetching: No

L1 Cache Stats:
L1-Load-Hits:        2065287188   94.91%
L1-Load-Misses:       110673129    5.09%
L1-Load-Accesses:    2175960317  100.00%

L1-Store-Hits:         551459935   98.95%
L1-Store-Misses:         5830035    1.05%
L1-Store-Accesses:     557289970  100.00%

L1-Total-Hits:        2616747123   95.74%
L1-Total-Misses:       116503164    4.26%
L1-Total-Accesses:    2733250287  100.00%

L2 Cache Stats:
L2-Load-Hits:         110080380   99.46%
L2-Load-Misses:          592749    0.54%
L2-Load-Accesses:     110673129  100.00%

L2-Store-Hits:           5366749   92.05%
L2-Store-Misses:          463286    7.95%
L2-Store-Accesses:       5830035  100.00%

L2-Total-Hits:         115447129   99.09%
L2-Total-Misses:         1056035    0.91%
L2-Total-Accesses:     116503164  100.00%

