--------
Total Statistics
--------
Total Instructions: 7983656667
Total Cycles: 11628659114
IPC: 0.68655

--------
Single level Tlb hierarchy
--------
  Data Tlb:
    Entries:          64
    Page Size(B):   4096
    Associativity:      4

Latencies:    0  150
Tlb-Sets:   16 - LRU - assoc:   4

Tlb Stats:
Tlb-Load-Hits:        1473073045   99.95%
Tlb-Load-Misses:          664196    0.05%
Tlb-Load-Accesses:    1473737241  100.00%

Tlb-Store-Hits:         153682129   99.82%
Tlb-Store-Misses:          279937    0.18%
Tlb-Store-Accesses:     153962066  100.00%

Tlb-Total-Hits:        1626755174   99.94%
Tlb-Total-Misses:          944133    0.06%
Tlb-Total-Accesses:    1627699307  100.00%



--------
Two level Cache hierarchy
--------
  L1-Data Cache:
    Size(KB):          32
    Block Size(B):     64
    Associativity:      8

  L2-Data Cache:
    Size(KB):        1024
    Block Size(B):    256
    Associativity:     16

Latencies:    1   10  250
L1-Sets:   64 - LRU - assoc:   8
L2-Sets:  256 - LRU - assoc:  16
Store_allocation: Yes
L2_inclusive: Yes
L2_prefetching: No

L1 Cache Stats:
L1-Load-Hits:        1454149727   98.67%
L1-Load-Misses:        19587514    1.33%
L1-Load-Accesses:    1473737241  100.00%

L1-Store-Hits:         148713561   96.59%
L1-Store-Misses:         5248505    3.41%
L1-Store-Accesses:     153962066  100.00%

L1-Total-Hits:        1602863288   98.47%
L1-Total-Misses:        24836019    1.53%
L1-Total-Accesses:    1627699307  100.00%

L2 Cache Stats:
L2-Load-Hits:          15260128   77.91%
L2-Load-Misses:         4327386   22.09%
L2-Load-Accesses:      19587514  100.00%

L2-Store-Hits:           3066599   58.43%
L2-Store-Misses:         2181906   41.57%
L2-Store-Accesses:       5248505  100.00%

L2-Total-Hits:          18326727   73.79%
L2-Total-Misses:         6509292   26.21%
L2-Total-Accesses:      24836019  100.00%

