--------
Total Statistics
--------
Total Instructions: 32385411414
Total Cycles: 50640281072
IPC: 0.639519

--------
Single level Tlb hierarchy
--------
  Data Tlb:
    Entries:          64
    Page Size(B):   4096
    Associativity:      4

Latencies:    0  150
Tlb-Sets:   16 - LRU - assoc:   4

Tlb Stats:
Tlb-Load-Hits:        9297951823   99.87%
Tlb-Load-Misses:        12180832    0.13%
Tlb-Load-Accesses:    9310132655  100.00%

Tlb-Store-Hits:        4880905285   99.92%
Tlb-Store-Misses:         3678678    0.08%
Tlb-Store-Accesses:    4884583963  100.00%

Tlb-Total-Hits:       14178857108   99.89%
Tlb-Total-Misses:        15859510    0.11%
Tlb-Total-Accesses:   14194716618  100.00%



--------
Two level Cache hierarchy
--------
  L1-Data Cache:
    Size(KB):          32
    Block Size(B):     64
    Associativity:      8

  L2-Data Cache:
    Size(KB):        2048
    Block Size(B):    256
    Associativity:     16

Latencies:    1   10  250
L1-Sets:   64 - LRU - assoc:   8
L2-Sets:  512 - LRU - assoc:  16
Store_allocation: Yes
L2_inclusive: Yes
L2_prefetching: No

L1 Cache Stats:
L1-Load-Hits:        9263003548   99.49%
L1-Load-Misses:        47129107    0.51%
L1-Load-Accesses:    9310132655  100.00%

L1-Store-Hits:        4875805191   99.82%
L1-Store-Misses:         8778772    0.18%
L1-Store-Accesses:    4884583963  100.00%

L1-Total-Hits:       14138808739   99.61%
L1-Total-Misses:        55907879    0.39%
L1-Total-Accesses:   14194716618  100.00%

L2 Cache Stats:
L2-Load-Hits:          43685229   92.69%
L2-Load-Misses:         3443878    7.31%
L2-Load-Accesses:      47129107  100.00%

L2-Store-Hits:           7734059   88.10%
L2-Store-Misses:         1044713   11.90%
L2-Store-Accesses:       8778772  100.00%

L2-Total-Hits:          51419288   91.97%
L2-Total-Misses:         4488591    8.03%
L2-Total-Accesses:      55907879  100.00%

