--------
Total Statistics
--------
Total Instructions: 3916820473
Total Cycles: 5701365245
IPC: 0.686997

--------
Single level Tlb hierarchy
--------
  Data Tlb:
    Entries:          64
    Page Size(B):   4096
    Associativity:      4

Latencies:    0  150
Tlb-Sets:   16 - LRU - assoc:   4

Tlb Stats:
Tlb-Load-Hits:         996145579   99.95%
Tlb-Load-Misses:          542248    0.05%
Tlb-Load-Accesses:     996687827  100.00%

Tlb-Store-Hits:         218489759   99.98%
Tlb-Store-Misses:           51206    0.02%
Tlb-Store-Accesses:     218540965  100.00%

Tlb-Total-Hits:        1214635338   99.95%
Tlb-Total-Misses:          593454    0.05%
Tlb-Total-Accesses:    1215228792  100.00%



--------
Two level Cache hierarchy
--------
  L1-Data Cache:
    Size(KB):          32
    Block Size(B):     64
    Associativity:      8

  L2-Data Cache:
    Size(KB):        1024
    Block Size(B):     64
    Associativity:      8

Latencies:    1   10  250
L1-Sets:   64 - LRU - assoc:   8
L2-Sets: 2048 - LRU - assoc:   8
Store_allocation: Yes
L2_inclusive: Yes
L2_prefetching: No

L1 Cache Stats:
L1-Load-Hits:         994096179   99.74%
L1-Load-Misses:         2591648    0.26%
L1-Load-Accesses:     996687827  100.00%

L1-Store-Hits:         218127325   99.81%
L1-Store-Misses:          413640    0.19%
L1-Store-Accesses:     218540965  100.00%

L1-Total-Hits:        1212223504   99.75%
L1-Total-Misses:         3005288    0.25%
L1-Total-Accesses:    1215228792  100.00%

L2 Cache Stats:
L2-Load-Hits:           1181451   45.59%
L2-Load-Misses:         1410197   54.41%
L2-Load-Accesses:       2591648  100.00%

L2-Store-Hits:             22857    5.53%
L2-Store-Misses:          390783   94.47%
L2-Store-Accesses:        413640  100.00%

L2-Total-Hits:           1204308   40.07%
L2-Total-Misses:         1800980   59.93%
L2-Total-Accesses:       3005288  100.00%

