--------
Total Statistics
--------
Total Instructions: 16205573206
Total Cycles: 110960110222
IPC: 0.146049

--------
Single level Tlb hierarchy
--------
  Data Tlb:
    Entries:          64
    Page Size(B):   4096
    Associativity:      4

Latencies:    0  150
Tlb-Sets:   16 - LRU - assoc:   4

Tlb Stats:
Tlb-Load-Hits:        2883469086   98.85%
Tlb-Load-Misses:        33445964    1.15%
Tlb-Load-Accesses:    2916915050  100.00%

Tlb-Store-Hits:          56429565   99.73%
Tlb-Store-Misses:          155551    0.27%
Tlb-Store-Accesses:      56585116  100.00%

Tlb-Total-Hits:        2939898651   98.87%
Tlb-Total-Misses:        33601515    1.13%
Tlb-Total-Accesses:    2973500166  100.00%



--------
Two level Cache hierarchy
--------
  L1-Data Cache:
    Size(KB):          32
    Block Size(B):     64
    Associativity:      8

  L2-Data Cache:
    Size(KB):        1024
    Block Size(B):     64
    Associativity:     16

Latencies:    1   10  250
L1-Sets:   64 - LRU - assoc:   8
L2-Sets: 1024 - LRU - assoc:  16
Store_allocation: Yes
L2_inclusive: Yes
L2_prefetching: No

L1 Cache Stats:
L1-Load-Hits:        2572774996   88.20%
L1-Load-Misses:       344140054   11.80%
L1-Load-Accesses:    2916915050  100.00%

L1-Store-Hits:          55567735   98.20%
L1-Store-Misses:         1017381    1.80%
L1-Store-Accesses:      56585116  100.00%

L1-Total-Hits:        2628342731   88.39%
L1-Total-Misses:       345157435   11.61%
L1-Total-Accesses:    2973500166  100.00%

L2 Cache Stats:
L2-Load-Hits:          11890795    3.46%
L2-Load-Misses:       332249259   96.54%
L2-Load-Accesses:     344140054  100.00%

L2-Store-Hits:            109699   10.78%
L2-Store-Misses:          907682   89.22%
L2-Store-Accesses:       1017381  100.00%

L2-Total-Hits:          12000494    3.48%
L2-Total-Misses:       333156941   96.52%
L2-Total-Accesses:     345157435  100.00%

