--------
Total Statistics
--------
Total Instructions: 2151811162
Total Cycles: 8197840596
IPC: 0.262485

--------
Single level Tlb hierarchy
--------
  Data Tlb:
    Entries:          64
    Page Size(B):   4096
    Associativity:      4

Latencies:    0  150
Tlb-Sets:   16 - LRU - assoc:   4

Tlb Stats:
Tlb-Load-Hits:         524057262   93.84%
Tlb-Load-Misses:        34423429    6.16%
Tlb-Load-Accesses:     558480691  100.00%

Tlb-Store-Hits:         106928261   99.99%
Tlb-Store-Misses:           11902    0.01%
Tlb-Store-Accesses:     106940163  100.00%

Tlb-Total-Hits:         630985523   94.83%
Tlb-Total-Misses:        34435331    5.17%
Tlb-Total-Accesses:     665420854  100.00%



--------
Two level Cache hierarchy
--------
  L1-Data Cache:
    Size(KB):          32
    Block Size(B):     64
    Associativity:      8

  L2-Data Cache:
    Size(KB):        1024
    Block Size(B):    256
    Associativity:      8

Latencies:    1   10  250
L1-Sets:   64 - LRU - assoc:   8
L2-Sets:  512 - LRU - assoc:   8
Store_allocation: Yes
L2_inclusive: Yes
L2_prefetching: No

L1 Cache Stats:
L1-Load-Hits:         555398352   99.45%
L1-Load-Misses:         3082339    0.55%
L1-Load-Accesses:     558480691  100.00%

L1-Store-Hits:         106422959   99.52%
L1-Store-Misses:          517204    0.48%
L1-Store-Accesses:     106940163  100.00%

L1-Total-Hits:         661821311   99.46%
L1-Total-Misses:         3599543    0.54%
L1-Total-Accesses:     665420854  100.00%

L2 Cache Stats:
L2-Load-Hits:           2467591   80.06%
L2-Load-Misses:          614748   19.94%
L2-Load-Accesses:       3082339  100.00%

L2-Store-Hits:            414698   80.18%
L2-Store-Misses:          102506   19.82%
L2-Store-Accesses:        517204  100.00%

L2-Total-Hits:           2882289   80.07%
L2-Total-Misses:          717254   19.93%
L2-Total-Accesses:       3599543  100.00%

