--------
Total Statistics
--------
Total Instructions: 10802935199
Total Cycles: 17171720486
IPC: 0.629112

--------
Single level Tlb hierarchy
--------
  Data Tlb:
    Entries:          64
    Page Size(B):   4096
    Associativity:      4

Latencies:    0  150
Tlb-Sets:   16 - LRU - assoc:   4

Tlb Stats:
Tlb-Load-Hits:        2162470740   99.38%
Tlb-Load-Misses:        13489577    0.62%
Tlb-Load-Accesses:    2175960317  100.00%

Tlb-Store-Hits:         557024321   99.95%
Tlb-Store-Misses:          265649    0.05%
Tlb-Store-Accesses:     557289970  100.00%

Tlb-Total-Hits:        2719495061   99.50%
Tlb-Total-Misses:        13755226    0.50%
Tlb-Total-Accesses:    2733250287  100.00%



--------
Two level Cache hierarchy
--------
  L1-Data Cache:
    Size(KB):          32
    Block Size(B):     64
    Associativity:      8

  L2-Data Cache:
    Size(KB):         512
    Block Size(B):    128
    Associativity:      8

Latencies:    1   10  250
L1-Sets:   64 - LRU - assoc:   8
L2-Sets:  512 - LRU - assoc:   8
Store_allocation: Yes
L2_inclusive: Yes
L2_prefetching: No

L1 Cache Stats:
L1-Load-Hits:        2064622118   94.88%
L1-Load-Misses:       111338199    5.12%
L1-Load-Accesses:    2175960317  100.00%

L1-Store-Hits:         550837934   98.84%
L1-Store-Misses:         6452036    1.16%
L1-Store-Accesses:     557289970  100.00%

L1-Total-Hits:        2615460052   95.69%
L1-Total-Misses:       117790235    4.31%
L1-Total-Accesses:    2733250287  100.00%

L2 Cache Stats:
L2-Load-Hits:         110436121   99.19%
L2-Load-Misses:          902078    0.81%
L2-Load-Accesses:     111338199  100.00%

L2-Store-Hits:           5776719   89.53%
L2-Store-Misses:          675317   10.47%
L2-Store-Accesses:       6452036  100.00%

L2-Total-Hits:         116212840   98.66%
L2-Total-Misses:         1577395    1.34%
L2-Total-Accesses:     117790235  100.00%

