--------
Total Statistics
--------
Total Instructions: 1520711613
Total Cycles: 16889131344
IPC: 0.0900408

--------
Single level Tlb hierarchy
--------
  Data Tlb:
    Entries:          64
    Page Size(B):   4096
    Associativity:      4

Latencies:    0  150
Tlb-Sets:   16 - LRU - assoc:   4

Tlb Stats:
Tlb-Load-Hits:         240667035   85.88%
Tlb-Load-Misses:        39570355   14.12%
Tlb-Load-Accesses:     280237390  100.00%

Tlb-Store-Hits:          74006374   99.25%
Tlb-Store-Misses:          557167    0.75%
Tlb-Store-Accesses:      74563541  100.00%

Tlb-Total-Hits:         314673409   88.69%
Tlb-Total-Misses:        40127522   11.31%
Tlb-Total-Accesses:     354800931  100.00%



--------
Two level Cache hierarchy
--------
  L1-Data Cache:
    Size(KB):          32
    Block Size(B):     64
    Associativity:      8

  L2-Data Cache:
    Size(KB):         512
    Block Size(B):    128
    Associativity:      8

Latencies:    1   10  250
L1-Sets:   64 - LRU - assoc:   8
L2-Sets:  512 - LRU - assoc:   8
Store_allocation: Yes
L2_inclusive: Yes
L2_prefetching: No

L1 Cache Stats:
L1-Load-Hits:         206929033   73.84%
L1-Load-Misses:        73308357   26.16%
L1-Load-Accesses:     280237390  100.00%

L1-Store-Hits:          74552223   99.98%
L1-Store-Misses:           11318    0.02%
L1-Store-Accesses:      74563541  100.00%

L1-Total-Hits:         281481256   79.33%
L1-Total-Misses:        73319675   20.67%
L1-Total-Accesses:     354800931  100.00%

L2 Cache Stats:
L2-Load-Hits:          40266713   54.93%
L2-Load-Misses:        33041644   45.07%
L2-Load-Accesses:      73308357  100.00%

L2-Store-Hits:              7787   68.80%
L2-Store-Misses:            3531   31.20%
L2-Store-Accesses:         11318  100.00%

L2-Total-Hits:          40274500   54.93%
L2-Total-Misses:        33045175   45.07%
L2-Total-Accesses:      73319675  100.00%

