--------
Total Statistics
--------
Total Instructions: 1520711613
Total Cycles: 16664224394
IPC: 0.0912561

--------
Single level Tlb hierarchy
--------
  Data Tlb:
    Entries:          64
    Page Size(B):   4096
    Associativity:      4

Latencies:    0  150
Tlb-Sets:   16 - LRU - assoc:   4

Tlb Stats:
Tlb-Load-Hits:         240532503   85.83%
Tlb-Load-Misses:        39704887   14.17%
Tlb-Load-Accesses:     280237390  100.00%

Tlb-Store-Hits:          73674461   98.81%
Tlb-Store-Misses:          889080    1.19%
Tlb-Store-Accesses:      74563541  100.00%

Tlb-Total-Hits:         314206964   88.56%
Tlb-Total-Misses:        40593967   11.44%
Tlb-Total-Accesses:     354800931  100.00%



--------
Two level Cache hierarchy
--------
  L1-Data Cache:
    Size(KB):          32
    Block Size(B):     64
    Associativity:      8

  L2-Data Cache:
    Size(KB):        1024
    Block Size(B):    128
    Associativity:      8

Latencies:    1   10  250
L1-Sets:   64 - LRU - assoc:   8
L2-Sets: 1024 - LRU - assoc:   8
Store_allocation: Yes
L2_inclusive: Yes
L2_prefetching: No

L1 Cache Stats:
L1-Load-Hits:         208135665   74.27%
L1-Load-Misses:        72101725   25.73%
L1-Load-Accesses:     280237390  100.00%

L1-Store-Hits:          74554411   99.99%
L1-Store-Misses:            9130    0.01%
L1-Store-Accesses:      74563541  100.00%

L1-Total-Hits:         282690076   79.68%
L1-Total-Misses:        72110855   20.32%
L1-Total-Accesses:     354800931  100.00%

L2 Cache Stats:
L2-Load-Hits:          40189671   55.74%
L2-Load-Misses:        31912054   44.26%
L2-Load-Accesses:      72101725  100.00%

L2-Store-Hits:              7151   78.32%
L2-Store-Misses:            1979   21.68%
L2-Store-Accesses:          9130  100.00%

L2-Total-Hits:          40196822   55.74%
L2-Total-Misses:        31914033   44.26%
L2-Total-Accesses:      72110855  100.00%

