--------
Total Statistics
--------
Total Instructions: 1520711613
Total Cycles: 16075401484
IPC: 0.0945987

--------
Single level Tlb hierarchy
--------
  Data Tlb:
    Entries:          64
    Page Size(B):   4096
    Associativity:      4

Latencies:    0  150
Tlb-Sets:   16 - LRU - assoc:   4

Tlb Stats:
Tlb-Load-Hits:         241429325   86.15%
Tlb-Load-Misses:        38808065   13.85%
Tlb-Load-Accesses:     280237390  100.00%

Tlb-Store-Hits:          74006869   99.25%
Tlb-Store-Misses:          556672    0.75%
Tlb-Store-Accesses:      74563541  100.00%

Tlb-Total-Hits:         315436194   88.91%
Tlb-Total-Misses:        39364737   11.09%
Tlb-Total-Accesses:     354800931  100.00%



--------
Two level Cache hierarchy
--------
  L1-Data Cache:
    Size(KB):          32
    Block Size(B):     64
    Associativity:      8

  L2-Data Cache:
    Size(KB):        2048
    Block Size(B):     64
    Associativity:     16

Latencies:    1   10  250
L1-Sets:   64 - LRU - assoc:   8
L2-Sets: 2048 - LRU - assoc:  16
Store_allocation: Yes
L2_inclusive: Yes
L2_prefetching: No

L1 Cache Stats:
L1-Load-Hits:         243216041   86.79%
L1-Load-Misses:        37021349   13.21%
L1-Load-Accesses:     280237390  100.00%

L1-Store-Hits:          74562051  100.00%
L1-Store-Misses:            1490    0.00%
L1-Store-Accesses:      74563541  100.00%

L1-Total-Hits:         317778092   89.57%
L1-Total-Misses:        37022839   10.43%
L1-Total-Accesses:     354800931  100.00%

L2 Cache Stats:
L2-Load-Hits:           5322601   14.38%
L2-Load-Misses:        31698748   85.62%
L2-Load-Accesses:      37021349  100.00%

L2-Store-Hits:               438   29.40%
L2-Store-Misses:            1052   70.60%
L2-Store-Accesses:          1490  100.00%

L2-Total-Hits:           5323039   14.38%
L2-Total-Misses:        31699800   85.62%
L2-Total-Accesses:      37022839  100.00%

