--------
Total Statistics
--------
Total Instructions: 32385411414
Total Cycles: 53825940902
IPC: 0.601669

--------
Single level Tlb hierarchy
--------
  Data Tlb:
    Entries:          64
    Page Size(B):   4096
    Associativity:      4

Latencies:    0  150
Tlb-Sets:   16 - LRU - assoc:   4

Tlb Stats:
Tlb-Load-Hits:        9283083871   99.71%
Tlb-Load-Misses:        27048784    0.29%
Tlb-Load-Accesses:    9310132655  100.00%

Tlb-Store-Hits:        4877457778   99.85%
Tlb-Store-Misses:         7126185    0.15%
Tlb-Store-Accesses:    4884583963  100.00%

Tlb-Total-Hits:       14160541649   99.76%
Tlb-Total-Misses:        34174969    0.24%
Tlb-Total-Accesses:   14194716618  100.00%



--------
Two level Cache hierarchy
--------
  L1-Data Cache:
    Size(KB):          32
    Block Size(B):     64
    Associativity:      8

  L2-Data Cache:
    Size(KB):        2048
    Block Size(B):    128
    Associativity:     16

Latencies:    1   10  250
L1-Sets:   64 - LRU - assoc:   8
L2-Sets: 1024 - LRU - assoc:  16
Store_allocation: Yes
L2_inclusive: Yes
L2_prefetching: No

L1 Cache Stats:
L1-Load-Hits:        9262101690   99.48%
L1-Load-Misses:        48030965    0.52%
L1-Load-Accesses:    9310132655  100.00%

L1-Store-Hits:        4874935726   99.80%
L1-Store-Misses:         9648237    0.20%
L1-Store-Accesses:    4884583963  100.00%

L1-Total-Hits:       14137037416   99.59%
L1-Total-Misses:        57679202    0.41%
L1-Total-Accesses:   14194716618  100.00%

L2 Cache Stats:
L2-Load-Hits:          43667460   90.92%
L2-Load-Misses:         4363505    9.08%
L2-Load-Accesses:      48030965  100.00%

L2-Store-Hits:           7840640   81.27%
L2-Store-Misses:         1807597   18.73%
L2-Store-Accesses:       9648237  100.00%

L2-Total-Hits:          51508100   89.30%
L2-Total-Misses:         6171102   10.70%
L2-Total-Accesses:      57679202  100.00%

