--------
Total Statistics
--------
Total Instructions: 32385411414
Total Cycles: 54055588132
IPC: 0.599113

--------
Single level Tlb hierarchy
--------
  Data Tlb:
    Entries:          64
    Page Size(B):   4096
    Associativity:      4

Latencies:    0  150
Tlb-Sets:   16 - LRU - assoc:   4

Tlb Stats:
Tlb-Load-Hits:        9288572219   99.77%
Tlb-Load-Misses:        21560436    0.23%
Tlb-Load-Accesses:    9310132655  100.00%

Tlb-Store-Hits:        4879860293   99.90%
Tlb-Store-Misses:         4723670    0.10%
Tlb-Store-Accesses:    4884583963  100.00%

Tlb-Total-Hits:       14168432512   99.81%
Tlb-Total-Misses:        26284106    0.19%
Tlb-Total-Accesses:   14194716618  100.00%



--------
Two level Cache hierarchy
--------
  L1-Data Cache:
    Size(KB):          32
    Block Size(B):     64
    Associativity:      8

  L2-Data Cache:
    Size(KB):         512
    Block Size(B):    128
    Associativity:      8

Latencies:    1   10  250
L1-Sets:   64 - LRU - assoc:   8
L2-Sets:  512 - LRU - assoc:   8
Store_allocation: Yes
L2_inclusive: Yes
L2_prefetching: No

L1 Cache Stats:
L1-Load-Hits:        9257097885   99.43%
L1-Load-Misses:        53034770    0.57%
L1-Load-Accesses:    9310132655  100.00%

L1-Store-Hits:        4873914588   99.78%
L1-Store-Misses:        10669375    0.22%
L1-Store-Accesses:    4884583963  100.00%

L1-Total-Hits:       14131012473   99.55%
L1-Total-Misses:        63704145    0.45%
L1-Total-Accesses:   14194716618  100.00%

L2 Cache Stats:
L2-Load-Hits:          44010124   82.98%
L2-Load-Misses:         9024646   17.02%
L2-Load-Accesses:      53034770  100.00%

L2-Store-Hits:           8110810   76.02%
L2-Store-Misses:         2558565   23.98%
L2-Store-Accesses:      10669375  100.00%

L2-Total-Hits:          52120934   81.82%
L2-Total-Misses:        11583211   18.18%
L2-Total-Accesses:      63704145  100.00%

