--------
Total Statistics
--------
Total Instructions: 3916820473
Total Cycles: 5390356855
IPC: 0.726635

--------
Single level Tlb hierarchy
--------
  Data Tlb:
    Entries:          64
    Page Size(B):   4096
    Associativity:      4

Latencies:    0  150
Tlb-Sets:   16 - LRU - assoc:   4

Tlb Stats:
Tlb-Load-Hits:         996145435   99.95%
Tlb-Load-Misses:          542392    0.05%
Tlb-Load-Accesses:     996687827  100.00%

Tlb-Store-Hits:         218489762   99.98%
Tlb-Store-Misses:           51203    0.02%
Tlb-Store-Accesses:     218540965  100.00%

Tlb-Total-Hits:        1214635197   99.95%
Tlb-Total-Misses:          593595    0.05%
Tlb-Total-Accesses:    1215228792  100.00%



--------
Two level Cache hierarchy
--------
  L1-Data Cache:
    Size(KB):          32
    Block Size(B):     64
    Associativity:      8

  L2-Data Cache:
    Size(KB):        1024
    Block Size(B):    256
    Associativity:      8

Latencies:    1   10  250
L1-Sets:   64 - LRU - assoc:   8
L2-Sets:  512 - LRU - assoc:   8
Store_allocation: Yes
L2_inclusive: Yes
L2_prefetching: No

L1 Cache Stats:
L1-Load-Hits:         993451603   99.68%
L1-Load-Misses:         3236224    0.32%
L1-Load-Accesses:     996687827  100.00%

L1-Store-Hits:         218006305   99.76%
L1-Store-Misses:          534660    0.24%
L1-Store-Accesses:     218540965  100.00%

L1-Total-Hits:        1211457908   99.69%
L1-Total-Misses:         3770884    0.31%
L1-Total-Accesses:    1215228792  100.00%

L2 Cache Stats:
L2-Load-Hits:           2807747   86.76%
L2-Load-Misses:          428477   13.24%
L2-Load-Accesses:       3236224  100.00%

L2-Store-Hits:            436899   81.72%
L2-Store-Misses:           97761   18.28%
L2-Store-Accesses:        534660  100.00%

L2-Total-Hits:           3244646   86.04%
L2-Total-Misses:          526238   13.96%
L2-Total-Accesses:       3770884  100.00%

