--------
Total Statistics
--------
Total Instructions: 3916820473
Total Cycles: 5438593735
IPC: 0.72019

--------
Single level Tlb hierarchy
--------
  Data Tlb:
    Entries:          64
    Page Size(B):   4096
    Associativity:      4

Latencies:    0  150
Tlb-Sets:   16 - LRU - assoc:   4

Tlb Stats:
Tlb-Load-Hits:         996140199   99.95%
Tlb-Load-Misses:          547628    0.05%
Tlb-Load-Accesses:     996687827  100.00%

Tlb-Store-Hits:         218482351   99.97%
Tlb-Store-Misses:           58614    0.03%
Tlb-Store-Accesses:     218540965  100.00%

Tlb-Total-Hits:        1214622550   99.95%
Tlb-Total-Misses:          606242    0.05%
Tlb-Total-Accesses:    1215228792  100.00%



--------
Two level Cache hierarchy
--------
  L1-Data Cache:
    Size(KB):          32
    Block Size(B):     64
    Associativity:      8

  L2-Data Cache:
    Size(KB):         512
    Block Size(B):    256
    Associativity:      8

Latencies:    1   10  250
L1-Sets:   64 - LRU - assoc:   8
L2-Sets:  256 - LRU - assoc:   8
Store_allocation: Yes
L2_inclusive: Yes
L2_prefetching: No

L1 Cache Stats:
L1-Load-Hits:         993217142   99.65%
L1-Load-Misses:         3470685    0.35%
L1-Load-Accesses:     996687827  100.00%

L1-Store-Hits:         218000608   99.75%
L1-Store-Misses:          540357    0.25%
L1-Store-Accesses:     218540965  100.00%

L1-Total-Hits:        1211217750   99.67%
L1-Total-Misses:         4011042    0.33%
L1-Total-Accesses:    1215228792  100.00%

L2 Cache Stats:
L2-Load-Hits:           2868131   82.64%
L2-Load-Misses:          602554   17.36%
L2-Load-Accesses:       3470685  100.00%

L2-Store-Hits:            440920   81.60%
L2-Store-Misses:           99437   18.40%
L2-Store-Accesses:        540357  100.00%

L2-Total-Hits:           3309051   82.50%
L2-Total-Misses:          701991   17.50%
L2-Total-Accesses:       4011042  100.00%

