--------
Total Statistics
--------
Total Instructions: 3916820473
Total Cycles: 5388773115
IPC: 0.726848

--------
Single level Tlb hierarchy
--------
  Data Tlb:
    Entries:          64
    Page Size(B):   4096
    Associativity:      4

Latencies:    0  150
Tlb-Sets:   16 - LRU - assoc:   4

Tlb Stats:
Tlb-Load-Hits:         996132475   99.94%
Tlb-Load-Misses:          555352    0.06%
Tlb-Load-Accesses:     996687827  100.00%

Tlb-Store-Hits:         218484512   99.97%
Tlb-Store-Misses:           56453    0.03%
Tlb-Store-Accesses:     218540965  100.00%

Tlb-Total-Hits:        1214616987   99.95%
Tlb-Total-Misses:          611805    0.05%
Tlb-Total-Accesses:    1215228792  100.00%



--------
Two level Cache hierarchy
--------
  L1-Data Cache:
    Size(KB):          32
    Block Size(B):     64
    Associativity:      8

  L2-Data Cache:
    Size(KB):        1024
    Block Size(B):    256
    Associativity:     16

Latencies:    1   10  250
L1-Sets:   64 - LRU - assoc:   8
L2-Sets:  256 - LRU - assoc:  16
Store_allocation: Yes
L2_inclusive: Yes
L2_prefetching: No

L1 Cache Stats:
L1-Load-Hits:         993482457   99.68%
L1-Load-Misses:         3205370    0.32%
L1-Load-Accesses:     996687827  100.00%

L1-Store-Hits:         218002300   99.75%
L1-Store-Misses:          538665    0.25%
L1-Store-Accesses:     218540965  100.00%

L1-Total-Hits:        1211484757   99.69%
L1-Total-Misses:         3744035    0.31%
L1-Total-Accesses:    1215228792  100.00%

L2 Cache Stats:
L2-Load-Hits:           2793015   87.14%
L2-Load-Misses:          412355   12.86%
L2-Load-Accesses:       3205370  100.00%

L2-Store-Hits:            440969   81.86%
L2-Store-Misses:           97696   18.14%
L2-Store-Accesses:        538665  100.00%

L2-Total-Hits:           3233984   86.38%
L2-Total-Misses:          510051   13.62%
L2-Total-Accesses:       3744035  100.00%

