--------
Total Statistics
--------
Total Instructions: 16205573234
Total Cycles: 75239505840
IPC: 0.215386

--------
Single level Tlb hierarchy
--------
  Data Tlb:
    Entries:          64
    Page Size(B):   4096
    Associativity:      4

Latencies:    0  150
Tlb-Sets:   16 - LRU - assoc:   4

Tlb Stats:
Tlb-Load-Hits:        2883522707   98.86%
Tlb-Load-Misses:        33392352    1.14%
Tlb-Load-Accesses:    2916915059  100.00%

Tlb-Store-Hits:          56442064   99.75%
Tlb-Store-Misses:          143053    0.25%
Tlb-Store-Accesses:      56585117  100.00%

Tlb-Total-Hits:        2939964771   98.87%
Tlb-Total-Misses:        33535405    1.13%
Tlb-Total-Accesses:    2973500176  100.00%



--------
Two level Cache hierarchy
--------
  L1-Data Cache:
    Size(KB):          32
    Block Size(B):     64
    Associativity:      8

  L2-Data Cache:
    Size(KB):         512
    Block Size(B):    128
    Associativity:      8

Latencies:    1   10  250
L1-Sets:   64 - LRU - assoc:   8
L2-Sets:  512 - LRU - assoc:   8
Store_allocation: Yes
L2_inclusive: Yes
L2_prefetching: No

L1 Cache Stats:
L1-Load-Hits:        2404261338   82.42%
L1-Load-Misses:       512653721   17.58%
L1-Load-Accesses:    2916915059  100.00%

L1-Store-Hits:          54538520   96.38%
L1-Store-Misses:         2046597    3.62%
L1-Store-Accesses:      56585117  100.00%

L1-Total-Hits:        2458799858   82.69%
L1-Total-Misses:       514700318   17.31%
L1-Total-Accesses:    2973500176  100.00%

L2 Cache Stats:
L2-Load-Hits:         329612382   64.30%
L2-Load-Misses:       183041339   35.70%
L2-Load-Accesses:     512653721  100.00%

L2-Store-Hits:           1555462   76.00%
L2-Store-Misses:          491135   24.00%
L2-Store-Accesses:       2046597  100.00%

L2-Total-Hits:         331167844   64.34%
L2-Total-Misses:       183532474   35.66%
L2-Total-Accesses:     514700318  100.00%

