--------
Total Statistics
--------
Total Instructions: 16205573206
Total Cycles: 112470297402
IPC: 0.144088

--------
Single level Tlb hierarchy
--------
  Data Tlb:
    Entries:          64
    Page Size(B):   4096
    Associativity:      4

Latencies:    0  150
Tlb-Sets:   16 - LRU - assoc:   4

Tlb Stats:
Tlb-Load-Hits:        2883543217   98.86%
Tlb-Load-Misses:        33371833    1.14%
Tlb-Load-Accesses:    2916915050  100.00%

Tlb-Store-Hits:          56439321   99.74%
Tlb-Store-Misses:          145795    0.26%
Tlb-Store-Accesses:      56585116  100.00%

Tlb-Total-Hits:        2939982538   98.87%
Tlb-Total-Misses:        33517628    1.13%
Tlb-Total-Accesses:    2973500166  100.00%



--------
Two level Cache hierarchy
--------
  L1-Data Cache:
    Size(KB):          32
    Block Size(B):     64
    Associativity:      8

  L2-Data Cache:
    Size(KB):         512
    Block Size(B):     64
    Associativity:      8

Latencies:    1   10  250
L1-Sets:   64 - LRU - assoc:   8
L2-Sets: 1024 - LRU - assoc:   8
Store_allocation: Yes
L2_inclusive: Yes
L2_prefetching: No

L1 Cache Stats:
L1-Load-Hits:        2572436616   88.19%
L1-Load-Misses:       344478434   11.81%
L1-Load-Accesses:    2916915050  100.00%

L1-Store-Hits:          55567892   98.20%
L1-Store-Misses:         1017224    1.80%
L1-Store-Accesses:      56585116  100.00%

L1-Total-Hits:        2628004508   88.38%
L1-Total-Misses:       345495658   11.62%
L1-Total-Accesses:    2973500166  100.00%

L2 Cache Stats:
L2-Load-Hits:           6194204    1.80%
L2-Load-Misses:       338284230   98.20%
L2-Load-Accesses:     344478434  100.00%

L2-Store-Hits:             66961    6.58%
L2-Store-Misses:          950263   93.42%
L2-Store-Accesses:       1017224  100.00%

L2-Total-Hits:           6261165    1.81%
L2-Total-Misses:       339234493   98.19%
L2-Total-Accesses:     345495658  100.00%

